[8.836s] Invoking command in '/home/pi2/ros2_ws/src/joystick_publisher': PYTHONPATH=/home/pi2/ros2_ws/build/joystick_publisher/prefix_override:/usr/lib/python3/dist-packages/colcon_core/task/python/colcon_distutils_commands:/home/pi2/ros2_ws/install/joystick_publisher/lib/python3.10/site-packages:${PYTHONPATH} /usr/bin/python3 -W ignore:setup.py install is deprecated setup.py egg_info --egg-base ../../build/joystick_publisher build --build-base /home/pi2/ros2_ws/build/joystick_publisher/build install --record /home/pi2/ros2_ws/build/joystick_publisher/install.log --single-version-externally-managed install_data
[10.674s] running egg_info
[10.678s] writing ../../build/joystick_publisher/joystick_publisher.egg-info/PKG-INFO
[10.682s] writing dependency_links to ../../build/joystick_publisher/joystick_publisher.egg-info/dependency_links.txt
[10.684s] writing entry points to ../../build/joystick_publisher/joystick_publisher.egg-info/entry_points.txt
[10.687s] writing requirements to ../../build/joystick_publisher/joystick_publisher.egg-info/requires.txt
[10.687s] writing top-level names to ../../build/joystick_publisher/joystick_publisher.egg-info/top_level.txt
[10.702s] reading manifest file '../../build/joystick_publisher/joystick_publisher.egg-info/SOURCES.txt'
[10.707s] writing manifest file '../../build/joystick_publisher/joystick_publisher.egg-info/SOURCES.txt'
[10.709s] running build
[10.711s] running build_py
[10.712s] copying joystick_publisher/joystick_publisher.py -> /home/pi2/ros2_ws/build/joystick_publisher/build/lib/joystick_publisher
[10.714s] running install
[10.715s] running install_lib
[10.718s] copying /home/pi2/ros2_ws/build/joystick_publisher/build/lib/joystick_publisher/joystick_publisher.py -> /home/pi2/ros2_ws/install/joystick_publisher/lib/python3.10/site-packages/joystick_publisher
[10.722s] byte-compiling /home/pi2/ros2_ws/install/joystick_publisher/lib/python3.10/site-packages/joystick_publisher/joystick_publisher.py to joystick_publisher.cpython-310.pyc
[10.727s] running install_data
[10.730s] running install_egg_info
[10.738s] removing '/home/pi2/ros2_ws/install/joystick_publisher/lib/python3.10/site-packages/joystick_publisher-0.0.0-py3.10.egg-info' (and everything under it)
[10.745s] Copying ../../build/joystick_publisher/joystick_publisher.egg-info to /home/pi2/ros2_ws/install/joystick_publisher/lib/python3.10/site-packages/joystick_publisher-0.0.0-py3.10.egg-info
[10.751s] running install_scripts
[10.978s] Installing joystick_publisher script to /home/pi2/ros2_ws/install/joystick_publisher/lib/joystick_publisher
[10.981s] writing list of installed files to '/home/pi2/ros2_ws/build/joystick_publisher/install.log'
[11.563s] Invoked command in '/home/pi2/ros2_ws/src/joystick_publisher' returned '0': PYTHONPATH=/home/pi2/ros2_ws/build/joystick_publisher/prefix_override:/usr/lib/python3/dist-packages/colcon_core/task/python/colcon_distutils_commands:/home/pi2/ros2_ws/install/joystick_publisher/lib/python3.10/site-packages:${PYTHONPATH} /usr/bin/python3 -W ignore:setup.py install is deprecated setup.py egg_info --egg-base ../../build/joystick_publisher build --build-base /home/pi2/ros2_ws/build/joystick_publisher/build install --record /home/pi2/ros2_ws/build/joystick_publisher/install.log --single-version-externally-managed install_data
