[0.051s] Invoking command in '/home/pi2/ros2_ws/build/my_parameters': /usr/bin/cmake /home/pi2/ros2_ws/src/my_parameters -DCMAKE_INSTALL_PREFIX=/home/pi2/ros2_ws/install/my_parameters
[0.444s] -- The C compiler identification is GNU 11.4.0
[0.753s] -- The CXX compiler identification is GNU 11.4.0
[0.787s] -- Detecting C compiler ABI info
[1.152s] -- Detecting C compiler ABI info - done
[1.183s] -- Check for working C compiler: /usr/bin/cc - skipped
[1.185s] -- Detecting C compile features
[1.186s] -- Detecting C compile features - done
[1.200s] -- Detecting CXX compiler ABI info
[1.595s] -- Detecting CXX compiler ABI info - done
[1.627s] -- Check for working CXX compiler: /usr/bin/c++ - skipped
[1.629s] -- Detecting CXX compile features
[1.630s] -- Detecting CXX compile features - done
[1.669s] -- Found ament_cmake: 1.3.10 (/opt/ros/humble/share/ament_cmake/cmake)
[2.635s] -- Found Python3: /usr/bin/python3 (found version "3.10.12") found components: Interpreter 
[3.309s] -- Found ament_lint_auto: 0.12.11 (/opt/ros/humble/share/ament_lint_auto/cmake)
[3.812s] -- Found geometry_msgs: 4.2.4 (/opt/ros/humble/share/geometry_msgs/cmake)
[4.186s] -- Found rosidl_generator_c: 3.1.5 (/opt/ros/humble/share/rosidl_generator_c/cmake)
[4.241s] -- Found rosidl_adapter: 3.1.5 (/opt/ros/humble/share/rosidl_adapter/cmake)
[4.314s] -- Found rosidl_generator_cpp: 3.1.5 (/opt/ros/humble/share/rosidl_generator_cpp/cmake)
[4.409s] [31mCMake Error at /opt/ros/humble/share/rosidl_typesupport_c/cmake/get_used_typesupports.cmake:35 (message):
[4.410s]   No 'rosidl_typesupport_c' found
[4.410s] Call Stack (most recent call first):
[4.411s]   /opt/ros/humble/share/rosidl_typesupport_c/cmake/rosidl_typesupport_c-extras.cmake:8 (get_used_typesupports)
[4.411s]   /opt/ros/humble/share/rosidl_typesupport_c/cmake/rosidl_typesupport_cConfig.cmake:41 (include)
[4.412s]   /opt/ros/humble/share/builtin_interfaces/cmake/ament_cmake_export_dependencies-extras.cmake:21 (find_package)
[4.412s]   /opt/ros/humble/share/builtin_interfaces/cmake/builtin_interfacesConfig.cmake:41 (include)
[4.412s]   /opt/ros/humble/share/std_msgs/cmake/ament_cmake_export_dependencies-extras.cmake:21 (find_package)
[4.413s]   /opt/ros/humble/share/std_msgs/cmake/std_msgsConfig.cmake:41 (include)
[4.413s]   /opt/ros/humble/share/geometry_msgs/cmake/ament_cmake_export_dependencies-extras.cmake:21 (find_package)
[4.414s]   /opt/ros/humble/share/geometry_msgs/cmake/geometry_msgsConfig.cmake:41 (include)
[4.414s]   CMakeLists.txt:26 (find_package)
[4.415s] 
[4.415s] [0m
[4.416s] -- Configuring incomplete, errors occurred!
[4.417s] See also "/home/pi2/ros2_ws/build/my_parameters/CMakeFiles/CMakeOutput.log".
[4.428s] Invoked command in '/home/pi2/ros2_ws/build/my_parameters' returned '1': /usr/bin/cmake /home/pi2/ros2_ws/src/my_parameters -DCMAKE_INSTALL_PREFIX=/home/pi2/ros2_ws/install/my_parameters
