[9.076s] Invoking command in '/home/pi2/ros2_ws/src/motor_serial': PYTHONPATH=/home/pi2/ros2_ws/build/motor_serial/prefix_override:/usr/lib/python3/dist-packages/colcon_core/task/python/colcon_distutils_commands:/home/pi2/ros2_ws/install/motor_serial/lib/python3.10/site-packages:${PYTHONPATH} /usr/bin/python3 -W ignore:setup.py install is deprecated setup.py egg_info --egg-base ../../build/motor_serial build --build-base /home/pi2/ros2_ws/build/motor_serial/build install --record /home/pi2/ros2_ws/build/motor_serial/install.log --single-version-externally-managed install_data
[10.983s] running egg_info
[10.987s] writing ../../build/motor_serial/motor_serial.egg-info/PKG-INFO
[10.989s] writing dependency_links to ../../build/motor_serial/motor_serial.egg-info/dependency_links.txt
[10.991s] writing entry points to ../../build/motor_serial/motor_serial.egg-info/entry_points.txt
[10.993s] writing requirements to ../../build/motor_serial/motor_serial.egg-info/requires.txt
[10.994s] writing top-level names to ../../build/motor_serial/motor_serial.egg-info/top_level.txt
[11.009s] reading manifest file '../../build/motor_serial/motor_serial.egg-info/SOURCES.txt'
[11.014s] writing manifest file '../../build/motor_serial/motor_serial.egg-info/SOURCES.txt'
[11.016s] running build
[11.017s] running build_py
[11.018s] copying motor_serial/motor_serial.py -> /home/pi2/ros2_ws/build/motor_serial/build/lib/motor_serial
[11.020s] running install
[11.021s] running install_lib
[11.024s] copying /home/pi2/ros2_ws/build/motor_serial/build/lib/motor_serial/motor_serial.py -> /home/pi2/ros2_ws/install/motor_serial/lib/python3.10/site-packages/motor_serial
[11.027s] byte-compiling /home/pi2/ros2_ws/install/motor_serial/lib/python3.10/site-packages/motor_serial/motor_serial.py to motor_serial.cpython-310.pyc
[11.032s] running install_data
[11.033s] running install_egg_info
[11.043s] removing '/home/pi2/ros2_ws/install/motor_serial/lib/python3.10/site-packages/motor_serial-0.0.0-py3.10.egg-info' (and everything under it)
[11.050s] Copying ../../build/motor_serial/motor_serial.egg-info to /home/pi2/ros2_ws/install/motor_serial/lib/python3.10/site-packages/motor_serial-0.0.0-py3.10.egg-info
[11.055s] running install_scripts
[11.187s] Installing motor_serial script to /home/pi2/ros2_ws/install/motor_serial/lib/motor_serial
[11.191s] writing list of installed files to '/home/pi2/ros2_ws/build/motor_serial/install.log'
[11.444s] Invoked command in '/home/pi2/ros2_ws/src/motor_serial' returned '0': PYTHONPATH=/home/pi2/ros2_ws/build/motor_serial/prefix_override:/usr/lib/python3/dist-packages/colcon_core/task/python/colcon_distutils_commands:/home/pi2/ros2_ws/install/motor_serial/lib/python3.10/site-packages:${PYTHONPATH} /usr/bin/python3 -W ignore:setup.py install is deprecated setup.py egg_info --egg-base ../../build/motor_serial build --build-base /home/pi2/ros2_ws/build/motor_serial/build install --record /home/pi2/ros2_ws/build/motor_serial/install.log --single-version-externally-managed install_data
