[4.889s] Invoking command in '/home/pi2/ros2_ws/src/joystick_publisher': PYTHONPATH=/home/pi2/ros2_ws/build/joystick_publisher/prefix_override:/usr/lib/python3/dist-packages/colcon_core/task/python/colcon_distutils_commands:/home/pi2/ros2_ws/install/joystick_publisher/lib/python3.10/site-packages:${PYTHONPATH} /usr/bin/python3 -W ignore:setup.py install is deprecated setup.py egg_info --egg-base ../../build/joystick_publisher build --build-base /home/pi2/ros2_ws/build/joystick_publisher/build install --record /home/pi2/ros2_ws/build/joystick_publisher/install.log --single-version-externally-managed install_data
[6.360s] running egg_info
[6.363s] writing ../../build/joystick_publisher/joystick_publisher.egg-info/PKG-INFO
[6.364s] writing dependency_links to ../../build/joystick_publisher/joystick_publisher.egg-info/dependency_links.txt
[6.366s] writing entry points to ../../build/joystick_publisher/joystick_publisher.egg-info/entry_points.txt
[6.367s] writing requirements to ../../build/joystick_publisher/joystick_publisher.egg-info/requires.txt
[6.369s] writing top-level names to ../../build/joystick_publisher/joystick_publisher.egg-info/top_level.txt
[6.384s] reading manifest file '../../build/joystick_publisher/joystick_publisher.egg-info/SOURCES.txt'
[6.390s] writing manifest file '../../build/joystick_publisher/joystick_publisher.egg-info/SOURCES.txt'
[6.393s] running build
[6.395s] running build_py
[6.397s] running install
[6.397s] running install_lib
[6.406s] running install_data
[6.407s] running install_egg_info
[6.411s] removing '/home/pi2/ros2_ws/install/joystick_publisher/lib/python3.10/site-packages/joystick_publisher-0.0.0-py3.10.egg-info' (and everything under it)
[6.413s] Copying ../../build/joystick_publisher/joystick_publisher.egg-info to /home/pi2/ros2_ws/install/joystick_publisher/lib/python3.10/site-packages/joystick_publisher-0.0.0-py3.10.egg-info
[6.422s] running install_scripts
[6.515s] Installing joystick_publisher script to /home/pi2/ros2_ws/install/joystick_publisher/lib/joystick_publisher
[6.516s] writing list of installed files to '/home/pi2/ros2_ws/build/joystick_publisher/install.log'
[6.709s] Invoked command in '/home/pi2/ros2_ws/src/joystick_publisher' returned '0': PYTHONPATH=/home/pi2/ros2_ws/build/joystick_publisher/prefix_override:/usr/lib/python3/dist-packages/colcon_core/task/python/colcon_distutils_commands:/home/pi2/ros2_ws/install/joystick_publisher/lib/python3.10/site-packages:${PYTHONPATH} /usr/bin/python3 -W ignore:setup.py install is deprecated setup.py egg_info --egg-base ../../build/joystick_publisher build --build-base /home/pi2/ros2_ws/build/joystick_publisher/build install --record /home/pi2/ros2_ws/build/joystick_publisher/install.log --single-version-externally-managed install_data
