[8.671s] Invoking command in '/home/pi2/ros2_ws/src/motor_commands': PYTHONPATH=/home/pi2/ros2_ws/build/motor_commands/prefix_override:/usr/lib/python3/dist-packages/colcon_core/task/python/colcon_distutils_commands:/home/pi2/ros2_ws/install/motor_commands/lib/python3.10/site-packages:${PYTHONPATH} /usr/bin/python3 -W ignore:setup.py install is deprecated setup.py egg_info --egg-base ../../build/motor_commands build --build-base /home/pi2/ros2_ws/build/motor_commands/build install --record /home/pi2/ros2_ws/build/motor_commands/install.log --single-version-externally-managed install_data
[10.991s] running egg_info
[11.009s] writing ../../build/motor_commands/motor_commands.egg-info/PKG-INFO
[11.021s] writing dependency_links to ../../build/motor_commands/motor_commands.egg-info/dependency_links.txt
[11.044s] writing entry points to ../../build/motor_commands/motor_commands.egg-info/entry_points.txt
[11.045s] writing requirements to ../../build/motor_commands/motor_commands.egg-info/requires.txt
[11.046s] writing top-level names to ../../build/motor_commands/motor_commands.egg-info/top_level.txt
[11.095s] reading manifest file '../../build/motor_commands/motor_commands.egg-info/SOURCES.txt'
[11.105s] writing manifest file '../../build/motor_commands/motor_commands.egg-info/SOURCES.txt'
[11.113s] running build
[11.113s] running build_py
[11.116s] copying motor_commands/transmit_command.py -> /home/pi2/ros2_ws/build/motor_commands/build/lib/motor_commands
[11.119s] running install
[11.123s] running install_lib
[11.137s] copying /home/pi2/ros2_ws/build/motor_commands/build/lib/motor_commands/transmit_command.py -> /home/pi2/ros2_ws/install/motor_commands/lib/python3.10/site-packages/motor_commands
[11.175s] byte-compiling /home/pi2/ros2_ws/install/motor_commands/lib/python3.10/site-packages/motor_commands/transmit_command.py to transmit_command.cpython-310.pyc
[11.206s] running install_data
[11.213s] running install_egg_info
[11.250s] removing '/home/pi2/ros2_ws/install/motor_commands/lib/python3.10/site-packages/motor_commands-0.0.0-py3.10.egg-info' (and everything under it)
[11.264s] Copying ../../build/motor_commands/motor_commands.egg-info to /home/pi2/ros2_ws/install/motor_commands/lib/python3.10/site-packages/motor_commands-0.0.0-py3.10.egg-info
[11.312s] running install_scripts
[11.438s] Installing motor_commands script to /home/pi2/ros2_ws/install/motor_commands/lib/motor_commands
[11.440s] Installing transmit_command script to /home/pi2/ros2_ws/install/motor_commands/lib/motor_commands
[11.443s] writing list of installed files to '/home/pi2/ros2_ws/build/motor_commands/install.log'
[11.571s] Invoked command in '/home/pi2/ros2_ws/src/motor_commands' returned '0': PYTHONPATH=/home/pi2/ros2_ws/build/motor_commands/prefix_override:/usr/lib/python3/dist-packages/colcon_core/task/python/colcon_distutils_commands:/home/pi2/ros2_ws/install/motor_commands/lib/python3.10/site-packages:${PYTHONPATH} /usr/bin/python3 -W ignore:setup.py install is deprecated setup.py egg_info --egg-base ../../build/motor_commands build --build-base /home/pi2/ros2_ws/build/motor_commands/build install --record /home/pi2/ros2_ws/build/motor_commands/install.log --single-version-externally-managed install_data
