[3.970s] Invoking command in '/home/pi2/ros2_ws/src/motor_commands': PYTHONPATH=/home/pi2/ros2_ws/build/motor_commands/prefix_override:/usr/lib/python3/dist-packages/colcon_core/task/python/colcon_distutils_commands:/home/pi2/ros2_ws/install/motor_commands/lib/python3.10/site-packages:${PYTHONPATH} /usr/bin/python3 -W ignore:setup.py install is deprecated setup.py egg_info --egg-base ../../build/motor_commands build --build-base /home/pi2/ros2_ws/build/motor_commands/build install --record /home/pi2/ros2_ws/build/motor_commands/install.log --single-version-externally-managed install_data
[5.437s] running egg_info
[5.446s] writing ../../build/motor_commands/motor_commands.egg-info/PKG-INFO
[5.447s] writing dependency_links to ../../build/motor_commands/motor_commands.egg-info/dependency_links.txt
[5.448s] writing entry points to ../../build/motor_commands/motor_commands.egg-info/entry_points.txt
[5.449s] writing requirements to ../../build/motor_commands/motor_commands.egg-info/requires.txt
[5.450s] writing top-level names to ../../build/motor_commands/motor_commands.egg-info/top_level.txt
[5.459s] reading manifest file '../../build/motor_commands/motor_commands.egg-info/SOURCES.txt'
[5.463s] writing manifest file '../../build/motor_commands/motor_commands.egg-info/SOURCES.txt'
[5.464s] running build
[5.465s] running build_py
[5.466s] copying motor_commands/transmit_command.py -> /home/pi2/ros2_ws/build/motor_commands/build/lib/motor_commands
[5.468s] running install
[5.469s] running install_lib
[5.474s] copying /home/pi2/ros2_ws/build/motor_commands/build/lib/motor_commands/transmit_command.py -> /home/pi2/ros2_ws/install/motor_commands/lib/python3.10/site-packages/motor_commands
[5.478s] byte-compiling /home/pi2/ros2_ws/install/motor_commands/lib/python3.10/site-packages/motor_commands/transmit_command.py to transmit_command.cpython-310.pyc
[5.482s] running install_data
[5.483s] running install_egg_info
[5.492s] removing '/home/pi2/ros2_ws/install/motor_commands/lib/python3.10/site-packages/motor_commands-0.0.0-py3.10.egg-info' (and everything under it)
[5.495s] Copying ../../build/motor_commands/motor_commands.egg-info to /home/pi2/ros2_ws/install/motor_commands/lib/python3.10/site-packages/motor_commands-0.0.0-py3.10.egg-info
[5.503s] running install_scripts
[5.594s] Installing motor_commands script to /home/pi2/ros2_ws/install/motor_commands/lib/motor_commands
[5.595s] Installing transmit_command script to /home/pi2/ros2_ws/install/motor_commands/lib/motor_commands
[5.597s] writing list of installed files to '/home/pi2/ros2_ws/build/motor_commands/install.log'
[5.725s] Invoked command in '/home/pi2/ros2_ws/src/motor_commands' returned '0': PYTHONPATH=/home/pi2/ros2_ws/build/motor_commands/prefix_override:/usr/lib/python3/dist-packages/colcon_core/task/python/colcon_distutils_commands:/home/pi2/ros2_ws/install/motor_commands/lib/python3.10/site-packages:${PYTHONPATH} /usr/bin/python3 -W ignore:setup.py install is deprecated setup.py egg_info --egg-base ../../build/motor_commands build --build-base /home/pi2/ros2_ws/build/motor_commands/build install --record /home/pi2/ros2_ws/build/motor_commands/install.log --single-version-externally-managed install_data
