[8.529s] Invoking command in '/home/pi2/ros2_ws/src/motor_serial': PYTHONPATH=/home/pi2/ros2_ws/build/motor_serial/prefix_override:/usr/lib/python3/dist-packages/colcon_core/task/python/colcon_distutils_commands:/home/pi2/ros2_ws/install/motor_serial/lib/python3.10/site-packages:${PYTHONPATH} /usr/bin/python3 -W ignore:setup.py install is deprecated setup.py egg_info --egg-base ../../build/motor_serial build --build-base /home/pi2/ros2_ws/build/motor_serial/build install --record /home/pi2/ros2_ws/build/motor_serial/install.log --single-version-externally-managed install_data
[10.951s] running egg_info
[10.957s] writing ../../build/motor_serial/motor_serial.egg-info/PKG-INFO
[10.961s] writing dependency_links to ../../build/motor_serial/motor_serial.egg-info/dependency_links.txt
[10.962s] writing entry points to ../../build/motor_serial/motor_serial.egg-info/entry_points.txt
[10.978s] writing requirements to ../../build/motor_serial/motor_serial.egg-info/requires.txt
[10.980s] writing top-level names to ../../build/motor_serial/motor_serial.egg-info/top_level.txt
[10.987s] reading manifest file '../../build/motor_serial/motor_serial.egg-info/SOURCES.txt'
[10.994s] writing manifest file '../../build/motor_serial/motor_serial.egg-info/SOURCES.txt'
[10.995s] running build
[10.996s] running build_py
[10.996s] running install
[10.997s] running install_lib
[11.006s] running install_data
[11.008s] running install_egg_info
[11.022s] removing '/home/pi2/ros2_ws/install/motor_serial/lib/python3.10/site-packages/motor_serial-0.0.0-py3.10.egg-info' (and everything under it)
[11.025s] Copying ../../build/motor_serial/motor_serial.egg-info to /home/pi2/ros2_ws/install/motor_serial/lib/python3.10/site-packages/motor_serial-0.0.0-py3.10.egg-info
[11.038s] running install_scripts
[11.188s] Installing motor_serial script to /home/pi2/ros2_ws/install/motor_serial/lib/motor_serial
[11.195s] writing list of installed files to '/home/pi2/ros2_ws/build/motor_serial/install.log'
[11.336s] Invoked command in '/home/pi2/ros2_ws/src/motor_serial' returned '0': PYTHONPATH=/home/pi2/ros2_ws/build/motor_serial/prefix_override:/usr/lib/python3/dist-packages/colcon_core/task/python/colcon_distutils_commands:/home/pi2/ros2_ws/install/motor_serial/lib/python3.10/site-packages:${PYTHONPATH} /usr/bin/python3 -W ignore:setup.py install is deprecated setup.py egg_info --egg-base ../../build/motor_serial build --build-base /home/pi2/ros2_ws/build/motor_serial/build install --record /home/pi2/ros2_ws/build/motor_serial/install.log --single-version-externally-managed install_data
