[3.267s] Invoking command in '/home/pi2/ros2_ws/src/motor_serial': PYTHONPATH=/home/pi2/ros2_ws/build/motor_serial/prefix_override:/usr/lib/python3/dist-packages/colcon_core/task/python/colcon_distutils_commands:/home/pi2/ros2_ws/install/motor_serial/lib/python3.10/site-packages:${PYTHONPATH} /usr/bin/python3 -W ignore:setup.py install is deprecated setup.py egg_info --egg-base ../../build/motor_serial build --build-base /home/pi2/ros2_ws/build/motor_serial/build install --record /home/pi2/ros2_ws/build/motor_serial/install.log --single-version-externally-managed install_data
[4.584s] running egg_info
[4.586s] writing ../../build/motor_serial/motor_serial.egg-info/PKG-INFO
[4.588s] writing dependency_links to ../../build/motor_serial/motor_serial.egg-info/dependency_links.txt
[4.589s] writing entry points to ../../build/motor_serial/motor_serial.egg-info/entry_points.txt
[4.590s] writing requirements to ../../build/motor_serial/motor_serial.egg-info/requires.txt
[4.590s] writing top-level names to ../../build/motor_serial/motor_serial.egg-info/top_level.txt
[4.603s] reading manifest file '../../build/motor_serial/motor_serial.egg-info/SOURCES.txt'
[4.607s] writing manifest file '../../build/motor_serial/motor_serial.egg-info/SOURCES.txt'
[4.607s] running build
[4.608s] running build_py
[4.609s] copying motor_serial/motor_serial.py -> /home/pi2/ros2_ws/build/motor_serial/build/lib/motor_serial
[4.610s] running install
[4.611s] running install_lib
[4.615s] copying /home/pi2/ros2_ws/build/motor_serial/build/lib/motor_serial/motor_serial.py -> /home/pi2/ros2_ws/install/motor_serial/lib/python3.10/site-packages/motor_serial
[4.618s] byte-compiling /home/pi2/ros2_ws/install/motor_serial/lib/python3.10/site-packages/motor_serial/motor_serial.py to motor_serial.cpython-310.pyc
[4.622s] running install_data
[4.623s] running install_egg_info
[4.631s] removing '/home/pi2/ros2_ws/install/motor_serial/lib/python3.10/site-packages/motor_serial-0.0.0-py3.10.egg-info' (and everything under it)
[4.633s] Copying ../../build/motor_serial/motor_serial.egg-info to /home/pi2/ros2_ws/install/motor_serial/lib/python3.10/site-packages/motor_serial-0.0.0-py3.10.egg-info
[4.640s] running install_scripts
[4.722s] Installing motor_serial script to /home/pi2/ros2_ws/install/motor_serial/lib/motor_serial
[4.724s] writing list of installed files to '/home/pi2/ros2_ws/build/motor_serial/install.log'
[4.851s] Invoked command in '/home/pi2/ros2_ws/src/motor_serial' returned '0': PYTHONPATH=/home/pi2/ros2_ws/build/motor_serial/prefix_override:/usr/lib/python3/dist-packages/colcon_core/task/python/colcon_distutils_commands:/home/pi2/ros2_ws/install/motor_serial/lib/python3.10/site-packages:${PYTHONPATH} /usr/bin/python3 -W ignore:setup.py install is deprecated setup.py egg_info --egg-base ../../build/motor_serial build --build-base /home/pi2/ros2_ws/build/motor_serial/build install --record /home/pi2/ros2_ws/build/motor_serial/install.log --single-version-externally-managed install_data
