[22.191s] Invoking command in '/home/pi2/ros2_ws/src/motor_serial': PYTHONPATH=/home/pi2/ros2_ws/build/motor_serial/prefix_override:/usr/lib/python3/dist-packages/colcon_core/task/python/colcon_distutils_commands:/home/pi2/ros2_ws/install/motor_serial/lib/python3.10/site-packages:${PYTHONPATH} /usr/bin/python3 -W ignore:setup.py install is deprecated setup.py egg_info --egg-base ../../build/motor_serial build --build-base /home/pi2/ros2_ws/build/motor_serial/build install --record /home/pi2/ros2_ws/build/motor_serial/install.log --single-version-externally-managed install_data
[27.119s] running egg_info
[27.126s] writing ../../build/motor_serial/motor_serial.egg-info/PKG-INFO
[27.128s] writing dependency_links to ../../build/motor_serial/motor_serial.egg-info/dependency_links.txt
[27.130s] writing entry points to ../../build/motor_serial/motor_serial.egg-info/entry_points.txt
[27.133s] writing requirements to ../../build/motor_serial/motor_serial.egg-info/requires.txt
[27.142s] writing top-level names to ../../build/motor_serial/motor_serial.egg-info/top_level.txt
[27.167s] reading manifest file '../../build/motor_serial/motor_serial.egg-info/SOURCES.txt'
[27.180s] writing manifest file '../../build/motor_serial/motor_serial.egg-info/SOURCES.txt'
[27.181s] running build
[27.182s] running build_py
[27.184s] copying motor_serial/motor_serial.py -> /home/pi2/ros2_ws/build/motor_serial/build/lib/motor_serial
[27.188s] running install
[27.191s] running install_lib
[27.204s] copying /home/pi2/ros2_ws/build/motor_serial/build/lib/motor_serial/motor_serial.py -> /home/pi2/ros2_ws/install/motor_serial/lib/python3.10/site-packages/motor_serial
[27.213s] byte-compiling /home/pi2/ros2_ws/install/motor_serial/lib/python3.10/site-packages/motor_serial/motor_serial.py to motor_serial.cpython-310.pyc
[27.236s] running install_data
[27.239s] running install_egg_info
[27.256s] removing '/home/pi2/ros2_ws/install/motor_serial/lib/python3.10/site-packages/motor_serial-0.0.0-py3.10.egg-info' (and everything under it)
[27.273s] Copying ../../build/motor_serial/motor_serial.egg-info to /home/pi2/ros2_ws/install/motor_serial/lib/python3.10/site-packages/motor_serial-0.0.0-py3.10.egg-info
[27.287s] running install_scripts
[27.534s] Installing motor_serial script to /home/pi2/ros2_ws/install/motor_serial/lib/motor_serial
[27.539s] writing list of installed files to '/home/pi2/ros2_ws/build/motor_serial/install.log'
[28.462s] Invoked command in '/home/pi2/ros2_ws/src/motor_serial' returned '0': PYTHONPATH=/home/pi2/ros2_ws/build/motor_serial/prefix_override:/usr/lib/python3/dist-packages/colcon_core/task/python/colcon_distutils_commands:/home/pi2/ros2_ws/install/motor_serial/lib/python3.10/site-packages:${PYTHONPATH} /usr/bin/python3 -W ignore:setup.py install is deprecated setup.py egg_info --egg-base ../../build/motor_serial build --build-base /home/pi2/ros2_ws/build/motor_serial/build install --record /home/pi2/ros2_ws/build/motor_serial/install.log --single-version-externally-managed install_data
