[0.749s] DEBUG:colcon:Command line arguments: ['/usr/bin/colcon', 'build', '--packages-select', 'cmd_vel_to_joystick']
[0.749s] DEBUG:colcon:Parsed command line arguments: Namespace(log_base=None, log_level=None, verb_name='build', build_base='build', install_base='install', merge_install=False, symlink_install=False, test_result_base=None, continue_on_error=False, executor='parallel', parallel_workers=4, event_handlers=None, ignore_user_meta=False, metas=['./colcon.meta'], base_paths=['.'], packages_ignore=None, packages_ignore_regex=None, paths=None, packages_up_to=None, packages_up_to_regex=None, packages_above=None, packages_above_and_dependencies=None, packages_above_depth=None, packages_select_by_dep=None, packages_skip_by_dep=None, packages_skip_up_to=None, packages_select_build_failed=False, packages_skip_build_finished=False, packages_select_test_failures=False, packages_skip_test_passed=False, packages_select=['cmd_vel_to_joystick'], packages_skip=None, packages_select_regex=None, packages_skip_regex=None, packages_start=None, packages_end=None, allow_overriding=[], cmake_args=None, cmake_target=None, cmake_target_skip_unavailable=False, cmake_clean_cache=False, cmake_clean_first=False, cmake_force_configure=False, ament_cmake_args=None, catkin_cmake_args=None, catkin_skip_building_tests=False, verb_parser=<colcon_defaults.argument_parser.defaults.DefaultArgumentsDecorator object at 0xffffb70a4fd0>, verb_extension=<colcon_core.verb.build.BuildVerb object at 0xffffb7269ba0>, main=<bound method BuildVerb.main of <colcon_core.verb.build.BuildVerb object at 0xffffb7269ba0>>)
[1.876s] Level 1:colcon.colcon_core.package_discovery:discover_packages(colcon_meta) check parameters
[1.876s] Level 1:colcon.colcon_core.package_discovery:discover_packages(recursive) check parameters
[1.877s] Level 1:colcon.colcon_core.package_discovery:discover_packages(ignore) check parameters
[1.877s] Level 1:colcon.colcon_core.package_discovery:discover_packages(path) check parameters
[1.877s] Level 1:colcon.colcon_core.package_discovery:discover_packages(colcon_meta) discover
[1.878s] Level 1:colcon.colcon_core.package_discovery:discover_packages(recursive) discover
[1.878s] INFO:colcon.colcon_core.package_discovery:Crawling recursively for packages in '/home/pi2/ros2_ws'
[1.879s] Level 1:colcon.colcon_core.package_identification:_identify(.) by extensions ['ignore', 'ignore_ament_install']
[1.879s] Level 1:colcon.colcon_core.package_identification:_identify(.) by extension 'ignore'
[1.880s] Level 1:colcon.colcon_core.package_identification:_identify(.) by extension 'ignore_ament_install'
[1.880s] Level 1:colcon.colcon_core.package_identification:_identify(.) by extensions ['colcon_pkg']
[1.880s] Level 1:colcon.colcon_core.package_identification:_identify(.) by extension 'colcon_pkg'
[1.881s] Level 1:colcon.colcon_core.package_identification:_identify(.) by extensions ['colcon_meta']
[1.881s] Level 1:colcon.colcon_core.package_identification:_identify(.) by extension 'colcon_meta'
[1.881s] Level 1:colcon.colcon_core.package_identification:_identify(.) by extensions ['ros']
[1.881s] Level 1:colcon.colcon_core.package_identification:_identify(.) by extension 'ros'
[1.933s] Level 1:colcon.colcon_core.package_identification:_identify(.) by extensions ['cmake', 'python']
[1.934s] Level 1:colcon.colcon_core.package_identification:_identify(.) by extension 'cmake'
[1.934s] Level 1:colcon.colcon_core.package_identification:_identify(.) by extension 'python'
[1.934s] Level 1:colcon.colcon_core.package_identification:_identify(.) by extensions ['python_setup_py']
[1.934s] Level 1:colcon.colcon_core.package_identification:_identify(.) by extension 'python_setup_py'
[1.935s] Level 1:colcon.colcon_core.package_identification:_identify(build) by extensions ['ignore', 'ignore_ament_install']
[1.936s] Level 1:colcon.colcon_core.package_identification:_identify(build) by extension 'ignore'
[1.936s] Level 1:colcon.colcon_core.package_identification:_identify(build) ignored
[1.937s] Level 1:colcon.colcon_core.package_identification:_identify(install) by extensions ['ignore', 'ignore_ament_install']
[1.937s] Level 1:colcon.colcon_core.package_identification:_identify(install) by extension 'ignore'
[1.938s] Level 1:colcon.colcon_core.package_identification:_identify(install) ignored
[1.938s] Level 1:colcon.colcon_core.package_identification:_identify(joy2twist.yaml) by extensions ['ignore', 'ignore_ament_install']
[1.938s] Level 1:colcon.colcon_core.package_identification:_identify(joy2twist.yaml) by extension 'ignore'
[1.939s] Level 1:colcon.colcon_core.package_identification:_identify(joy2twist.yaml) by extension 'ignore_ament_install'
[1.939s] Level 1:colcon.colcon_core.package_identification:_identify(joy2twist.yaml) by extensions ['colcon_pkg']
[1.939s] Level 1:colcon.colcon_core.package_identification:_identify(joy2twist.yaml) by extension 'colcon_pkg'
[1.939s] Level 1:colcon.colcon_core.package_identification:_identify(joy2twist.yaml) by extensions ['colcon_meta']
[1.940s] Level 1:colcon.colcon_core.package_identification:_identify(joy2twist.yaml) by extension 'colcon_meta'
[1.940s] Level 1:colcon.colcon_core.package_identification:_identify(joy2twist.yaml) by extensions ['ros']
[1.940s] Level 1:colcon.colcon_core.package_identification:_identify(joy2twist.yaml) by extension 'ros'
[1.940s] Level 1:colcon.colcon_core.package_identification:_identify(joy2twist.yaml) by extensions ['cmake', 'python']
[1.941s] Level 1:colcon.colcon_core.package_identification:_identify(joy2twist.yaml) by extension 'cmake'
[1.941s] Level 1:colcon.colcon_core.package_identification:_identify(joy2twist.yaml) by extension 'python'
[1.941s] Level 1:colcon.colcon_core.package_identification:_identify(joy2twist.yaml) by extensions ['python_setup_py']
[1.941s] Level 1:colcon.colcon_core.package_identification:_identify(joy2twist.yaml) by extension 'python_setup_py'
[1.948s] Level 1:colcon.colcon_core.package_identification:_identify(log) by extensions ['ignore', 'ignore_ament_install']
[1.949s] Level 1:colcon.colcon_core.package_identification:_identify(log) by extension 'ignore'
[1.949s] Level 1:colcon.colcon_core.package_identification:_identify(log) ignored
[1.950s] Level 1:colcon.colcon_core.package_identification:_identify(src) by extensions ['ignore', 'ignore_ament_install']
[1.950s] Level 1:colcon.colcon_core.package_identification:_identify(src) by extension 'ignore'
[1.951s] Level 1:colcon.colcon_core.package_identification:_identify(src) by extension 'ignore_ament_install'
[1.951s] Level 1:colcon.colcon_core.package_identification:_identify(src) by extensions ['colcon_pkg']
[1.951s] Level 1:colcon.colcon_core.package_identification:_identify(src) by extension 'colcon_pkg'
[1.952s] Level 1:colcon.colcon_core.package_identification:_identify(src) by extensions ['colcon_meta']
[1.952s] Level 1:colcon.colcon_core.package_identification:_identify(src) by extension 'colcon_meta'
[1.953s] Level 1:colcon.colcon_core.package_identification:_identify(src) by extensions ['ros']
[1.953s] Level 1:colcon.colcon_core.package_identification:_identify(src) by extension 'ros'
[1.954s] Level 1:colcon.colcon_core.package_identification:_identify(src) by extensions ['cmake', 'python']
[1.954s] Level 1:colcon.colcon_core.package_identification:_identify(src) by extension 'cmake'
[1.955s] Level 1:colcon.colcon_core.package_identification:_identify(src) by extension 'python'
[1.955s] Level 1:colcon.colcon_core.package_identification:_identify(src) by extensions ['python_setup_py']
[1.956s] Level 1:colcon.colcon_core.package_identification:_identify(src) by extension 'python_setup_py'
[1.957s] Level 1:colcon.colcon_core.package_identification:_identify(src/Simple-2D-LiDAR-Odometry) by extensions ['ignore', 'ignore_ament_install']
[1.957s] Level 1:colcon.colcon_core.package_identification:_identify(src/Simple-2D-LiDAR-Odometry) by extension 'ignore'
[1.957s] Level 1:colcon.colcon_core.package_identification:_identify(src/Simple-2D-LiDAR-Odometry) by extension 'ignore_ament_install'
[1.958s] Level 1:colcon.colcon_core.package_identification:_identify(src/Simple-2D-LiDAR-Odometry) by extensions ['colcon_pkg']
[1.958s] Level 1:colcon.colcon_core.package_identification:_identify(src/Simple-2D-LiDAR-Odometry) by extension 'colcon_pkg'
[1.958s] Level 1:colcon.colcon_core.package_identification:_identify(src/Simple-2D-LiDAR-Odometry) by extensions ['colcon_meta']
[1.959s] Level 1:colcon.colcon_core.package_identification:_identify(src/Simple-2D-LiDAR-Odometry) by extension 'colcon_meta'
[1.959s] Level 1:colcon.colcon_core.package_identification:_identify(src/Simple-2D-LiDAR-Odometry) by extensions ['ros']
[1.959s] Level 1:colcon.colcon_core.package_identification:_identify(src/Simple-2D-LiDAR-Odometry) by extension 'ros'
[1.979s] DEBUG:colcon.colcon_core.package_identification:Package 'src/Simple-2D-LiDAR-Odometry' with type 'ros.ament_cmake' and name 'lidar_odometry'
[1.980s] Level 1:colcon.colcon_core.package_identification:_identify(src/bno055) by extensions ['ignore', 'ignore_ament_install']
[1.980s] Level 1:colcon.colcon_core.package_identification:_identify(src/bno055) by extension 'ignore'
[1.981s] Level 1:colcon.colcon_core.package_identification:_identify(src/bno055) by extension 'ignore_ament_install'
[1.981s] Level 1:colcon.colcon_core.package_identification:_identify(src/bno055) by extensions ['colcon_pkg']
[1.981s] Level 1:colcon.colcon_core.package_identification:_identify(src/bno055) by extension 'colcon_pkg'
[1.982s] Level 1:colcon.colcon_core.package_identification:_identify(src/bno055) by extensions ['colcon_meta']
[1.982s] Level 1:colcon.colcon_core.package_identification:_identify(src/bno055) by extension 'colcon_meta'
[1.982s] Level 1:colcon.colcon_core.package_identification:_identify(src/bno055) by extensions ['ros']
[1.983s] Level 1:colcon.colcon_core.package_identification:_identify(src/bno055) by extension 'ros'
[1.987s] DEBUG:colcon.colcon_core.package_identification:Package 'src/bno055' with type 'ros.ament_python' and name 'bno055'
[1.988s] Level 1:colcon.colcon_core.package_identification:_identify(src/cmd_vel_to_joystick) by extensions ['ignore', 'ignore_ament_install']
[1.988s] Level 1:colcon.colcon_core.package_identification:_identify(src/cmd_vel_to_joystick) by extension 'ignore'
[1.989s] Level 1:colcon.colcon_core.package_identification:_identify(src/cmd_vel_to_joystick) by extension 'ignore_ament_install'
[1.989s] Level 1:colcon.colcon_core.package_identification:_identify(src/cmd_vel_to_joystick) by extensions ['colcon_pkg']
[1.989s] Level 1:colcon.colcon_core.package_identification:_identify(src/cmd_vel_to_joystick) by extension 'colcon_pkg'
[1.989s] Level 1:colcon.colcon_core.package_identification:_identify(src/cmd_vel_to_joystick) by extensions ['colcon_meta']
[1.990s] Level 1:colcon.colcon_core.package_identification:_identify(src/cmd_vel_to_joystick) by extension 'colcon_meta'
[1.990s] Level 1:colcon.colcon_core.package_identification:_identify(src/cmd_vel_to_joystick) by extensions ['ros']
[1.990s] Level 1:colcon.colcon_core.package_identification:_identify(src/cmd_vel_to_joystick) by extension 'ros'
[1.993s] DEBUG:colcon.colcon_core.package_identification:Package 'src/cmd_vel_to_joystick' with type 'ros.ament_python' and name 'cmd_vel_to_joystick'
[1.994s] Level 1:colcon.colcon_core.package_identification:_identify(src/csm) by extensions ['ignore', 'ignore_ament_install']
[1.994s] Level 1:colcon.colcon_core.package_identification:_identify(src/csm) by extension 'ignore'
[1.994s] Level 1:colcon.colcon_core.package_identification:_identify(src/csm) by extension 'ignore_ament_install'
[1.995s] Level 1:colcon.colcon_core.package_identification:_identify(src/csm) by extensions ['colcon_pkg']
[1.995s] Level 1:colcon.colcon_core.package_identification:_identify(src/csm) by extension 'colcon_pkg'
[1.995s] Level 1:colcon.colcon_core.package_identification:_identify(src/csm) by extensions ['colcon_meta']
[1.995s] Level 1:colcon.colcon_core.package_identification:_identify(src/csm) by extension 'colcon_meta'
[1.996s] Level 1:colcon.colcon_core.package_identification:_identify(src/csm) by extensions ['ros']
[1.996s] Level 1:colcon.colcon_core.package_identification:_identify(src/csm) by extension 'ros'
[2.000s] DEBUG:colcon.colcon_core.package_identification:Package 'src/csm' with type 'ros.ament_cmake' and name 'csm'
[2.001s] Level 1:colcon.colcon_core.package_identification:_identify(src/joystick_publisher) by extensions ['ignore', 'ignore_ament_install']
[2.001s] Level 1:colcon.colcon_core.package_identification:_identify(src/joystick_publisher) by extension 'ignore'
[2.001s] Level 1:colcon.colcon_core.package_identification:_identify(src/joystick_publisher) by extension 'ignore_ament_install'
[2.002s] Level 1:colcon.colcon_core.package_identification:_identify(src/joystick_publisher) by extensions ['colcon_pkg']
[2.002s] Level 1:colcon.colcon_core.package_identification:_identify(src/joystick_publisher) by extension 'colcon_pkg'
[2.002s] Level 1:colcon.colcon_core.package_identification:_identify(src/joystick_publisher) by extensions ['colcon_meta']
[2.002s] Level 1:colcon.colcon_core.package_identification:_identify(src/joystick_publisher) by extension 'colcon_meta'
[2.003s] Level 1:colcon.colcon_core.package_identification:_identify(src/joystick_publisher) by extensions ['ros']
[2.003s] Level 1:colcon.colcon_core.package_identification:_identify(src/joystick_publisher) by extension 'ros'
[2.006s] DEBUG:colcon.colcon_core.package_identification:Package 'src/joystick_publisher' with type 'ros.ament_python' and name 'joystick_publisher'
[2.007s] Level 1:colcon.colcon_core.package_identification:_identify(src/motor_commands) by extensions ['ignore', 'ignore_ament_install']
[2.007s] Level 1:colcon.colcon_core.package_identification:_identify(src/motor_commands) by extension 'ignore'
[2.007s] Level 1:colcon.colcon_core.package_identification:_identify(src/motor_commands) by extension 'ignore_ament_install'
[2.008s] Level 1:colcon.colcon_core.package_identification:_identify(src/motor_commands) by extensions ['colcon_pkg']
[2.008s] Level 1:colcon.colcon_core.package_identification:_identify(src/motor_commands) by extension 'colcon_pkg'
[2.008s] Level 1:colcon.colcon_core.package_identification:_identify(src/motor_commands) by extensions ['colcon_meta']
[2.008s] Level 1:colcon.colcon_core.package_identification:_identify(src/motor_commands) by extension 'colcon_meta'
[2.009s] Level 1:colcon.colcon_core.package_identification:_identify(src/motor_commands) by extensions ['ros']
[2.009s] Level 1:colcon.colcon_core.package_identification:_identify(src/motor_commands) by extension 'ros'
[2.012s] DEBUG:colcon.colcon_core.package_identification:Package 'src/motor_commands' with type 'ros.ament_python' and name 'motor_commands'
[2.013s] Level 1:colcon.colcon_core.package_identification:_identify(src/motor_serial) by extensions ['ignore', 'ignore_ament_install']
[2.014s] Level 1:colcon.colcon_core.package_identification:_identify(src/motor_serial) by extension 'ignore'
[2.014s] Level 1:colcon.colcon_core.package_identification:_identify(src/motor_serial) by extension 'ignore_ament_install'
[2.014s] Level 1:colcon.colcon_core.package_identification:_identify(src/motor_serial) by extensions ['colcon_pkg']
[2.014s] Level 1:colcon.colcon_core.package_identification:_identify(src/motor_serial) by extension 'colcon_pkg'
[2.015s] Level 1:colcon.colcon_core.package_identification:_identify(src/motor_serial) by extensions ['colcon_meta']
[2.015s] Level 1:colcon.colcon_core.package_identification:_identify(src/motor_serial) by extension 'colcon_meta'
[2.015s] Level 1:colcon.colcon_core.package_identification:_identify(src/motor_serial) by extensions ['ros']
[2.015s] Level 1:colcon.colcon_core.package_identification:_identify(src/motor_serial) by extension 'ros'
[2.018s] DEBUG:colcon.colcon_core.package_identification:Package 'src/motor_serial' with type 'ros.ament_python' and name 'motor_serial'
[2.019s] Level 1:colcon.colcon_core.package_identification:_identify(src/my_map) by extensions ['ignore', 'ignore_ament_install']
[2.020s] Level 1:colcon.colcon_core.package_identification:_identify(src/my_map) by extension 'ignore'
[2.020s] Level 1:colcon.colcon_core.package_identification:_identify(src/my_map) by extension 'ignore_ament_install'
[2.021s] Level 1:colcon.colcon_core.package_identification:_identify(src/my_map) by extensions ['colcon_pkg']
[2.021s] Level 1:colcon.colcon_core.package_identification:_identify(src/my_map) by extension 'colcon_pkg'
[2.021s] Level 1:colcon.colcon_core.package_identification:_identify(src/my_map) by extensions ['colcon_meta']
[2.022s] Level 1:colcon.colcon_core.package_identification:_identify(src/my_map) by extension 'colcon_meta'
[2.022s] Level 1:colcon.colcon_core.package_identification:_identify(src/my_map) by extensions ['ros']
[2.022s] Level 1:colcon.colcon_core.package_identification:_identify(src/my_map) by extension 'ros'
[2.022s] Level 1:colcon.colcon_core.package_identification:_identify(src/my_map) by extensions ['cmake', 'python']
[2.023s] Level 1:colcon.colcon_core.package_identification:_identify(src/my_map) by extension 'cmake'
[2.023s] Level 1:colcon.colcon_core.package_identification:_identify(src/my_map) by extension 'python'
[2.023s] Level 1:colcon.colcon_core.package_identification:_identify(src/my_map) by extensions ['python_setup_py']
[2.023s] Level 1:colcon.colcon_core.package_identification:_identify(src/my_map) by extension 'python_setup_py'
[2.024s] Level 1:colcon.colcon_core.package_identification:_identify(src/my_parameters) by extensions ['ignore', 'ignore_ament_install']
[2.024s] Level 1:colcon.colcon_core.package_identification:_identify(src/my_parameters) by extension 'ignore'
[2.025s] Level 1:colcon.colcon_core.package_identification:_identify(src/my_parameters) by extension 'ignore_ament_install'
[2.025s] Level 1:colcon.colcon_core.package_identification:_identify(src/my_parameters) by extensions ['colcon_pkg']
[2.025s] Level 1:colcon.colcon_core.package_identification:_identify(src/my_parameters) by extension 'colcon_pkg'
[2.025s] Level 1:colcon.colcon_core.package_identification:_identify(src/my_parameters) by extensions ['colcon_meta']
[2.026s] Level 1:colcon.colcon_core.package_identification:_identify(src/my_parameters) by extension 'colcon_meta'
[2.026s] Level 1:colcon.colcon_core.package_identification:_identify(src/my_parameters) by extensions ['ros']
[2.026s] Level 1:colcon.colcon_core.package_identification:_identify(src/my_parameters) by extension 'ros'
[2.030s] DEBUG:colcon.colcon_core.package_identification:Package 'src/my_parameters' with type 'ros.ament_cmake' and name 'my_parameters'
[2.031s] Level 1:colcon.colcon_core.package_identification:_identify(src/my_slam_package) by extensions ['ignore', 'ignore_ament_install']
[2.031s] Level 1:colcon.colcon_core.package_identification:_identify(src/my_slam_package) by extension 'ignore'
[2.032s] Level 1:colcon.colcon_core.package_identification:_identify(src/my_slam_package) by extension 'ignore_ament_install'
[2.032s] Level 1:colcon.colcon_core.package_identification:_identify(src/my_slam_package) by extensions ['colcon_pkg']
[2.032s] Level 1:colcon.colcon_core.package_identification:_identify(src/my_slam_package) by extension 'colcon_pkg'
[2.033s] Level 1:colcon.colcon_core.package_identification:_identify(src/my_slam_package) by extensions ['colcon_meta']
[2.033s] Level 1:colcon.colcon_core.package_identification:_identify(src/my_slam_package) by extension 'colcon_meta'
[2.033s] Level 1:colcon.colcon_core.package_identification:_identify(src/my_slam_package) by extensions ['ros']
[2.033s] Level 1:colcon.colcon_core.package_identification:_identify(src/my_slam_package) by extension 'ros'
[2.038s] DEBUG:colcon.colcon_core.package_identification:Package 'src/my_slam_package' with type 'ros.ament_python' and name 'my_slam_package'
[2.039s] Level 1:colcon.colcon_core.package_identification:_identify(src/ros2_laser_scan_matcher) by extensions ['ignore', 'ignore_ament_install']
[2.039s] Level 1:colcon.colcon_core.package_identification:_identify(src/ros2_laser_scan_matcher) by extension 'ignore'
[2.040s] Level 1:colcon.colcon_core.package_identification:_identify(src/ros2_laser_scan_matcher) by extension 'ignore_ament_install'
[2.040s] Level 1:colcon.colcon_core.package_identification:_identify(src/ros2_laser_scan_matcher) by extensions ['colcon_pkg']
[2.040s] Level 1:colcon.colcon_core.package_identification:_identify(src/ros2_laser_scan_matcher) by extension 'colcon_pkg'
[2.040s] Level 1:colcon.colcon_core.package_identification:_identify(src/ros2_laser_scan_matcher) by extensions ['colcon_meta']
[2.041s] Level 1:colcon.colcon_core.package_identification:_identify(src/ros2_laser_scan_matcher) by extension 'colcon_meta'
[2.041s] Level 1:colcon.colcon_core.package_identification:_identify(src/ros2_laser_scan_matcher) by extensions ['ros']
[2.041s] Level 1:colcon.colcon_core.package_identification:_identify(src/ros2_laser_scan_matcher) by extension 'ros'
[2.045s] DEBUG:colcon.colcon_core.package_identification:Package 'src/ros2_laser_scan_matcher' with type 'ros.ament_cmake' and name 'ros2_laser_scan_matcher'
[2.046s] Level 1:colcon.colcon_core.package_identification:_identify(src/sllidar_ros2) by extensions ['ignore', 'ignore_ament_install']
[2.047s] Level 1:colcon.colcon_core.package_identification:_identify(src/sllidar_ros2) by extension 'ignore'
[2.047s] Level 1:colcon.colcon_core.package_identification:_identify(src/sllidar_ros2) by extension 'ignore_ament_install'
[2.047s] Level 1:colcon.colcon_core.package_identification:_identify(src/sllidar_ros2) by extensions ['colcon_pkg']
[2.048s] Level 1:colcon.colcon_core.package_identification:_identify(src/sllidar_ros2) by extension 'colcon_pkg'
[2.048s] Level 1:colcon.colcon_core.package_identification:_identify(src/sllidar_ros2) by extensions ['colcon_meta']
[2.048s] Level 1:colcon.colcon_core.package_identification:_identify(src/sllidar_ros2) by extension 'colcon_meta'
[2.048s] Level 1:colcon.colcon_core.package_identification:_identify(src/sllidar_ros2) by extensions ['ros']
[2.048s] Level 1:colcon.colcon_core.package_identification:_identify(src/sllidar_ros2) by extension 'ros'
[2.052s] DEBUG:colcon.colcon_core.package_identification:Package 'src/sllidar_ros2' with type 'ros.ament_cmake' and name 'sllidar_ros2'
[2.053s] Level 1:colcon.colcon_core.package_identification:_identify(src/soft_robot_bringub) by extensions ['ignore', 'ignore_ament_install']
[2.054s] Level 1:colcon.colcon_core.package_identification:_identify(src/soft_robot_bringub) by extension 'ignore'
[2.054s] Level 1:colcon.colcon_core.package_identification:_identify(src/soft_robot_bringub) by extension 'ignore_ament_install'
[2.055s] Level 1:colcon.colcon_core.package_identification:_identify(src/soft_robot_bringub) by extensions ['colcon_pkg']
[2.055s] Level 1:colcon.colcon_core.package_identification:_identify(src/soft_robot_bringub) by extension 'colcon_pkg'
[2.055s] Level 1:colcon.colcon_core.package_identification:_identify(src/soft_robot_bringub) by extensions ['colcon_meta']
[2.056s] Level 1:colcon.colcon_core.package_identification:_identify(src/soft_robot_bringub) by extension 'colcon_meta'
[2.056s] Level 1:colcon.colcon_core.package_identification:_identify(src/soft_robot_bringub) by extensions ['ros']
[2.056s] Level 1:colcon.colcon_core.package_identification:_identify(src/soft_robot_bringub) by extension 'ros'
[2.063s] DEBUG:colcon.colcon_core.package_identification:Package 'src/soft_robot_bringub' with type 'ros.ament_cmake' and name 'soft_robot_bringub'
[2.064s] Level 1:colcon.colcon_core.package_discovery:discover_packages(recursive) using defaults
[2.064s] Level 1:colcon.colcon_core.package_discovery:discover_packages(ignore) discover
[2.064s] Level 1:colcon.colcon_core.package_discovery:discover_packages(ignore) using defaults
[2.064s] Level 1:colcon.colcon_core.package_discovery:discover_packages(path) discover
[2.064s] Level 1:colcon.colcon_core.package_discovery:discover_packages(path) using defaults
[2.217s] INFO:colcon.colcon_core.package_selection:Skipping not selected package 'bno055' in 'src/bno055'
[2.217s] INFO:colcon.colcon_core.package_selection:Skipping not selected package 'csm' in 'src/csm'
[2.217s] INFO:colcon.colcon_core.package_selection:Skipping not selected package 'joystick_publisher' in 'src/joystick_publisher'
[2.217s] INFO:colcon.colcon_core.package_selection:Skipping not selected package 'lidar_odometry' in 'src/Simple-2D-LiDAR-Odometry'
[2.217s] INFO:colcon.colcon_core.package_selection:Skipping not selected package 'motor_commands' in 'src/motor_commands'
[2.217s] INFO:colcon.colcon_core.package_selection:Skipping not selected package 'motor_serial' in 'src/motor_serial'
[2.218s] INFO:colcon.colcon_core.package_selection:Skipping not selected package 'my_parameters' in 'src/my_parameters'
[2.218s] INFO:colcon.colcon_core.package_selection:Skipping not selected package 'my_slam_package' in 'src/my_slam_package'
[2.218s] INFO:colcon.colcon_core.package_selection:Skipping not selected package 'sllidar_ros2' in 'src/sllidar_ros2'
[2.218s] INFO:colcon.colcon_core.package_selection:Skipping not selected package 'ros2_laser_scan_matcher' in 'src/ros2_laser_scan_matcher'
[2.218s] INFO:colcon.colcon_core.package_selection:Skipping not selected package 'soft_robot_bringub' in 'src/soft_robot_bringub'
[2.220s] Level 1:colcon.colcon_core.package_discovery:discover_packages(prefix_path) check parameters
[2.220s] Level 1:colcon.colcon_core.package_discovery:discover_packages(prefix_path) discover
[2.236s] DEBUG:colcon.colcon_installed_package_information.package_discovery:Found 13 installed packages in /home/pi2/ros2_ws/install
[2.248s] DEBUG:colcon.colcon_installed_package_information.package_discovery:Found 310 installed packages in /opt/ros/humble
[2.257s] Level 1:colcon.colcon_core.package_discovery:discover_packages(prefix_path) using defaults
[2.489s] Level 5:colcon.colcon_core.verb:set package 'cmd_vel_to_joystick' build argument 'cmake_args' from command line to 'None'
[2.489s] Level 5:colcon.colcon_core.verb:set package 'cmd_vel_to_joystick' build argument 'cmake_target' from command line to 'None'
[2.489s] Level 5:colcon.colcon_core.verb:set package 'cmd_vel_to_joystick' build argument 'cmake_target_skip_unavailable' from command line to 'False'
[2.489s] Level 5:colcon.colcon_core.verb:set package 'cmd_vel_to_joystick' build argument 'cmake_clean_cache' from command line to 'False'
[2.489s] Level 5:colcon.colcon_core.verb:set package 'cmd_vel_to_joystick' build argument 'cmake_clean_first' from command line to 'False'
[2.490s] Level 5:colcon.colcon_core.verb:set package 'cmd_vel_to_joystick' build argument 'cmake_force_configure' from command line to 'False'
[2.490s] Level 5:colcon.colcon_core.verb:set package 'cmd_vel_to_joystick' build argument 'ament_cmake_args' from command line to 'None'
[2.490s] Level 5:colcon.colcon_core.verb:set package 'cmd_vel_to_joystick' build argument 'catkin_cmake_args' from command line to 'None'
[2.490s] Level 5:colcon.colcon_core.verb:set package 'cmd_vel_to_joystick' build argument 'catkin_skip_building_tests' from command line to 'False'
[2.490s] DEBUG:colcon.colcon_core.verb:Building package 'cmd_vel_to_joystick' with the following arguments: {'ament_cmake_args': None, 'build_base': '/home/pi2/ros2_ws/build/cmd_vel_to_joystick', 'catkin_cmake_args': None, 'catkin_skip_building_tests': False, 'cmake_args': None, 'cmake_clean_cache': False, 'cmake_clean_first': False, 'cmake_force_configure': False, 'cmake_target': None, 'cmake_target_skip_unavailable': False, 'install_base': '/home/pi2/ros2_ws/install/cmd_vel_to_joystick', 'merge_install': False, 'path': '/home/pi2/ros2_ws/src/cmd_vel_to_joystick', 'symlink_install': False, 'test_result_base': None}
[2.491s] INFO:colcon.colcon_core.executor:Executing jobs using 'parallel' executor
[2.495s] DEBUG:colcon.colcon_parallel_executor.executor.parallel:run_until_complete
[2.496s] INFO:colcon.colcon_ros.task.ament_python.build:Building ROS package in '/home/pi2/ros2_ws/src/cmd_vel_to_joystick' with build type 'ament_python'
[2.497s] Level 1:colcon.colcon_core.shell:create_environment_hook('cmd_vel_to_joystick', 'ament_prefix_path')
[2.509s] INFO:colcon.colcon_core.plugin_system:Skipping extension 'colcon_core.shell.bat': Not used on non-Windows systems
[2.510s] INFO:colcon.colcon_core.shell:Creating environment hook '/home/pi2/ros2_ws/install/cmd_vel_to_joystick/share/cmd_vel_to_joystick/hook/ament_prefix_path.ps1'
[2.513s] INFO:colcon.colcon_core.shell:Creating environment descriptor '/home/pi2/ros2_ws/install/cmd_vel_to_joystick/share/cmd_vel_to_joystick/hook/ament_prefix_path.dsv'
[2.516s] INFO:colcon.colcon_core.shell:Creating environment hook '/home/pi2/ros2_ws/install/cmd_vel_to_joystick/share/cmd_vel_to_joystick/hook/ament_prefix_path.sh'
[2.521s] INFO:colcon.colcon_core.shell:Skip shell extension 'powershell' for command environment: Not usable outside of PowerShell
[2.521s] DEBUG:colcon.colcon_core.shell:Skip shell extension 'dsv' for command environment
[4.146s] INFO:colcon.colcon_core.task.python.build:Building Python package in '/home/pi2/ros2_ws/src/cmd_vel_to_joystick'
[4.148s] INFO:colcon.colcon_core.shell:Skip shell extension 'powershell' for command environment: Not usable outside of PowerShell
[4.148s] DEBUG:colcon.colcon_core.shell:Skip shell extension 'dsv' for command environment
[6.281s] DEBUG:colcon.colcon_core.event_handler.log_command:Invoking command in '/home/pi2/ros2_ws/src/cmd_vel_to_joystick': PYTHONPATH=/home/pi2/ros2_ws/build/cmd_vel_to_joystick/prefix_override:/usr/lib/python3/dist-packages/colcon_core/task/python/colcon_distutils_commands:/home/pi2/ros2_ws/install/cmd_vel_to_joystick/lib/python3.10/site-packages:${PYTHONPATH} /usr/bin/python3 -W ignore:setup.py install is deprecated setup.py egg_info --egg-base ../../build/cmd_vel_to_joystick build --build-base /home/pi2/ros2_ws/build/cmd_vel_to_joystick/build install --record /home/pi2/ros2_ws/build/cmd_vel_to_joystick/install.log --single-version-externally-managed install_data
[8.143s] DEBUG:colcon.colcon_core.event_handler.log_command:Invoked command in '/home/pi2/ros2_ws/src/cmd_vel_to_joystick' returned '0': PYTHONPATH=/home/pi2/ros2_ws/build/cmd_vel_to_joystick/prefix_override:/usr/lib/python3/dist-packages/colcon_core/task/python/colcon_distutils_commands:/home/pi2/ros2_ws/install/cmd_vel_to_joystick/lib/python3.10/site-packages:${PYTHONPATH} /usr/bin/python3 -W ignore:setup.py install is deprecated setup.py egg_info --egg-base ../../build/cmd_vel_to_joystick build --build-base /home/pi2/ros2_ws/build/cmd_vel_to_joystick/build install --record /home/pi2/ros2_ws/build/cmd_vel_to_joystick/install.log --single-version-externally-managed install_data
[8.158s] Level 1:colcon.colcon_core.environment:checking '/home/pi2/ros2_ws/install/cmd_vel_to_joystick' for CMake module files
[8.161s] Level 1:colcon.colcon_core.environment:checking '/home/pi2/ros2_ws/install/cmd_vel_to_joystick' for CMake config files
[8.167s] Level 1:colcon.colcon_core.environment:checking '/home/pi2/ros2_ws/install/cmd_vel_to_joystick/lib'
[8.168s] Level 1:colcon.colcon_core.environment:checking '/home/pi2/ros2_ws/install/cmd_vel_to_joystick/bin'
[8.169s] Level 1:colcon.colcon_core.environment:checking '/home/pi2/ros2_ws/install/cmd_vel_to_joystick/lib/pkgconfig/cmd_vel_to_joystick.pc'
[8.170s] Level 1:colcon.colcon_core.environment:checking '/home/pi2/ros2_ws/install/cmd_vel_to_joystick/lib/python3.10/site-packages'
[8.171s] Level 1:colcon.colcon_core.shell:create_environment_hook('cmd_vel_to_joystick', 'pythonpath')
[8.172s] INFO:colcon.colcon_core.shell:Creating environment hook '/home/pi2/ros2_ws/install/cmd_vel_to_joystick/share/cmd_vel_to_joystick/hook/pythonpath.ps1'
[8.175s] INFO:colcon.colcon_core.shell:Creating environment descriptor '/home/pi2/ros2_ws/install/cmd_vel_to_joystick/share/cmd_vel_to_joystick/hook/pythonpath.dsv'
[8.177s] INFO:colcon.colcon_core.shell:Creating environment hook '/home/pi2/ros2_ws/install/cmd_vel_to_joystick/share/cmd_vel_to_joystick/hook/pythonpath.sh'
[8.181s] Level 1:colcon.colcon_core.environment:checking '/home/pi2/ros2_ws/install/cmd_vel_to_joystick/bin'
[8.181s] Level 1:colcon.colcon_core.environment:create_environment_scripts_only(cmd_vel_to_joystick)
[8.183s] INFO:colcon.colcon_core.shell:Creating package script '/home/pi2/ros2_ws/install/cmd_vel_to_joystick/share/cmd_vel_to_joystick/package.ps1'
[8.187s] INFO:colcon.colcon_core.shell:Creating package descriptor '/home/pi2/ros2_ws/install/cmd_vel_to_joystick/share/cmd_vel_to_joystick/package.dsv'
[8.190s] INFO:colcon.colcon_core.shell:Creating package script '/home/pi2/ros2_ws/install/cmd_vel_to_joystick/share/cmd_vel_to_joystick/package.sh'
[8.195s] INFO:colcon.colcon_core.shell:Creating package script '/home/pi2/ros2_ws/install/cmd_vel_to_joystick/share/cmd_vel_to_joystick/package.bash'
[8.199s] INFO:colcon.colcon_core.shell:Creating package script '/home/pi2/ros2_ws/install/cmd_vel_to_joystick/share/cmd_vel_to_joystick/package.zsh'
[8.202s] Level 1:colcon.colcon_core.environment:create_file_with_runtime_dependencies(/home/pi2/ros2_ws/install/cmd_vel_to_joystick/share/colcon-core/packages/cmd_vel_to_joystick)
[8.204s] DEBUG:colcon.colcon_parallel_executor.executor.parallel:closing loop
[8.206s] DEBUG:colcon.colcon_parallel_executor.executor.parallel:loop closed
[8.206s] DEBUG:colcon.colcon_parallel_executor.executor.parallel:run_until_complete finished with '0'
[8.206s] DEBUG:colcon.colcon_core.event_reactor:joining thread
[8.231s] INFO:colcon.colcon_core.plugin_system:Skipping extension 'colcon_notification.desktop_notification.notify_send': Could not find 'notify-send'
[8.231s] INFO:colcon.colcon_core.plugin_system:Skipping extension 'colcon_notification.desktop_notification.terminal_notifier': Not used on non-Darwin systems
[8.232s] INFO:colcon.colcon_core.plugin_system:Skipping extension 'colcon_notification.desktop_notification.win32': Not used on non-Windows systems
[8.232s] INFO:colcon.colcon_notification.desktop_notification:Sending desktop notification using 'notify2'
[8.235s] DEBUG:colcon.colcon_notification.desktop_notification.notify2:Failed to initialize notify2: org.freedesktop.DBus.Error.ServiceUnknown: The name org.freedesktop.Notifications was not provided by any .service files
[8.236s] DEBUG:colcon.colcon_core.event_reactor:joined thread
[8.237s] INFO:colcon.colcon_core.shell:Creating prefix script '/home/pi2/ros2_ws/install/local_setup.ps1'
[8.242s] INFO:colcon.colcon_core.shell:Creating prefix util module '/home/pi2/ros2_ws/install/_local_setup_util_ps1.py'
[8.249s] INFO:colcon.colcon_core.shell:Creating prefix chain script '/home/pi2/ros2_ws/install/setup.ps1'
[8.260s] INFO:colcon.colcon_core.shell:Creating prefix script '/home/pi2/ros2_ws/install/local_setup.sh'
[8.264s] INFO:colcon.colcon_core.shell:Creating prefix util module '/home/pi2/ros2_ws/install/_local_setup_util_sh.py'
[8.267s] INFO:colcon.colcon_core.shell:Creating prefix chain script '/home/pi2/ros2_ws/install/setup.sh'
[8.277s] INFO:colcon.colcon_core.shell:Creating prefix script '/home/pi2/ros2_ws/install/local_setup.bash'
[8.280s] INFO:colcon.colcon_core.shell:Creating prefix chain script '/home/pi2/ros2_ws/install/setup.bash'
[8.289s] INFO:colcon.colcon_core.shell:Creating prefix script '/home/pi2/ros2_ws/install/local_setup.zsh'
[8.292s] INFO:colcon.colcon_core.shell:Creating prefix chain script '/home/pi2/ros2_ws/install/setup.zsh'
