[8.847s] Invoking command in '/home/pi2/ros2_ws/src/motor_commands': PYTHONPATH=/home/pi2/ros2_ws/build/motor_commands/prefix_override:/usr/lib/python3/dist-packages/colcon_core/task/python/colcon_distutils_commands:/home/pi2/ros2_ws/install/motor_commands/lib/python3.10/site-packages:${PYTHONPATH} /usr/bin/python3 -W ignore:setup.py install is deprecated setup.py egg_info --egg-base ../../build/motor_commands build --build-base /home/pi2/ros2_ws/build/motor_commands/build install --record /home/pi2/ros2_ws/build/motor_commands/install.log --single-version-externally-managed install_data
[10.946s] running egg_info
[10.951s] writing ../../build/motor_commands/motor_commands.egg-info/PKG-INFO
[10.954s] writing dependency_links to ../../build/motor_commands/motor_commands.egg-info/dependency_links.txt
[10.967s] writing entry points to ../../build/motor_commands/motor_commands.egg-info/entry_points.txt
[10.970s] writing requirements to ../../build/motor_commands/motor_commands.egg-info/requires.txt
[10.972s] writing top-level names to ../../build/motor_commands/motor_commands.egg-info/top_level.txt
[11.007s] reading manifest file '../../build/motor_commands/motor_commands.egg-info/SOURCES.txt'
[11.017s] writing manifest file '../../build/motor_commands/motor_commands.egg-info/SOURCES.txt'
[11.018s] running build
[11.018s] running build_py
[11.025s] running install
[11.027s] running install_lib
[11.036s] running install_data
[11.043s] running install_egg_info
[11.082s] removing '/home/pi2/ros2_ws/install/motor_commands/lib/python3.10/site-packages/motor_commands-0.0.0-py3.10.egg-info' (and everything under it)
[11.101s] Copying ../../build/motor_commands/motor_commands.egg-info to /home/pi2/ros2_ws/install/motor_commands/lib/python3.10/site-packages/motor_commands-0.0.0-py3.10.egg-info
[11.140s] running install_scripts
[11.331s] Installing motor_commands script to /home/pi2/ros2_ws/install/motor_commands/lib/motor_commands
[11.336s] Installing transmit_command script to /home/pi2/ros2_ws/install/motor_commands/lib/motor_commands
[11.357s] writing list of installed files to '/home/pi2/ros2_ws/build/motor_commands/install.log'
[11.640s] Invoked command in '/home/pi2/ros2_ws/src/motor_commands' returned '0': PYTHONPATH=/home/pi2/ros2_ws/build/motor_commands/prefix_override:/usr/lib/python3/dist-packages/colcon_core/task/python/colcon_distutils_commands:/home/pi2/ros2_ws/install/motor_commands/lib/python3.10/site-packages:${PYTHONPATH} /usr/bin/python3 -W ignore:setup.py install is deprecated setup.py egg_info --egg-base ../../build/motor_commands build --build-base /home/pi2/ros2_ws/build/motor_commands/build install --record /home/pi2/ros2_ws/build/motor_commands/install.log --single-version-externally-managed install_data
