[0.563s] DEBUG:colcon:Command line arguments: ['/usr/bin/colcon', 'build', '--packages-select', 'soft_robot_bringub']
[0.563s] DEBUG:colcon:Parsed command line arguments: Namespace(log_base=None, log_level=None, verb_name='build', build_base='build', install_base='install', merge_install=False, symlink_install=False, test_result_base=None, continue_on_error=False, executor='parallel', parallel_workers=4, event_handlers=None, ignore_user_meta=False, metas=['./colcon.meta'], base_paths=['.'], packages_ignore=None, packages_ignore_regex=None, paths=None, packages_up_to=None, packages_up_to_regex=None, packages_above=None, packages_above_and_dependencies=None, packages_above_depth=None, packages_select_by_dep=None, packages_skip_by_dep=None, packages_skip_up_to=None, packages_select_build_failed=False, packages_skip_build_finished=False, packages_select_test_failures=False, packages_skip_test_passed=False, packages_select=['soft_robot_bringub'], packages_skip=None, packages_select_regex=None, packages_skip_regex=None, packages_start=None, packages_end=None, allow_overriding=[], cmake_args=None, cmake_target=None, cmake_target_skip_unavailable=False, cmake_clean_cache=False, cmake_clean_first=False, cmake_force_configure=False, ament_cmake_args=None, catkin_cmake_args=None, catkin_skip_building_tests=False, verb_parser=<colcon_defaults.argument_parser.defaults.DefaultArgumentsDecorator object at 0xffffa9a88be0>, verb_extension=<colcon_core.verb.build.BuildVerb object at 0xffffa9c497b0>, main=<bound method BuildVerb.main of <colcon_core.verb.build.BuildVerb object at 0xffffa9c497b0>>)
[1.903s] Level 1:colcon.colcon_core.package_discovery:discover_packages(colcon_meta) check parameters
[1.904s] Level 1:colcon.colcon_core.package_discovery:discover_packages(recursive) check parameters
[1.904s] Level 1:colcon.colcon_core.package_discovery:discover_packages(ignore) check parameters
[1.904s] Level 1:colcon.colcon_core.package_discovery:discover_packages(path) check parameters
[1.904s] Level 1:colcon.colcon_core.package_discovery:discover_packages(colcon_meta) discover
[1.905s] Level 1:colcon.colcon_core.package_discovery:discover_packages(recursive) discover
[1.905s] INFO:colcon.colcon_core.package_discovery:Crawling recursively for packages in '/home/pi2/ros2_ws'
[1.905s] Level 1:colcon.colcon_core.package_identification:_identify(.) by extensions ['ignore', 'ignore_ament_install']
[1.906s] Level 1:colcon.colcon_core.package_identification:_identify(.) by extension 'ignore'
[1.906s] Level 1:colcon.colcon_core.package_identification:_identify(.) by extension 'ignore_ament_install'
[1.907s] Level 1:colcon.colcon_core.package_identification:_identify(.) by extensions ['colcon_pkg']
[1.907s] Level 1:colcon.colcon_core.package_identification:_identify(.) by extension 'colcon_pkg'
[1.907s] Level 1:colcon.colcon_core.package_identification:_identify(.) by extensions ['colcon_meta']
[1.907s] Level 1:colcon.colcon_core.package_identification:_identify(.) by extension 'colcon_meta'
[1.907s] Level 1:colcon.colcon_core.package_identification:_identify(.) by extensions ['ros']
[1.907s] Level 1:colcon.colcon_core.package_identification:_identify(.) by extension 'ros'
[1.970s] Level 1:colcon.colcon_core.package_identification:_identify(.) by extensions ['cmake', 'python']
[1.970s] Level 1:colcon.colcon_core.package_identification:_identify(.) by extension 'cmake'
[1.971s] Level 1:colcon.colcon_core.package_identification:_identify(.) by extension 'python'
[1.971s] Level 1:colcon.colcon_core.package_identification:_identify(.) by extensions ['python_setup_py']
[1.971s] Level 1:colcon.colcon_core.package_identification:_identify(.) by extension 'python_setup_py'
[1.972s] Level 1:colcon.colcon_core.package_identification:_identify(build) by extensions ['ignore', 'ignore_ament_install']
[1.972s] Level 1:colcon.colcon_core.package_identification:_identify(build) by extension 'ignore'
[1.973s] Level 1:colcon.colcon_core.package_identification:_identify(build) ignored
[1.973s] Level 1:colcon.colcon_core.package_identification:_identify(install) by extensions ['ignore', 'ignore_ament_install']
[1.974s] Level 1:colcon.colcon_core.package_identification:_identify(install) by extension 'ignore'
[1.974s] Level 1:colcon.colcon_core.package_identification:_identify(install) ignored
[1.975s] Level 1:colcon.colcon_core.package_identification:_identify(joy2twist.yaml) by extensions ['ignore', 'ignore_ament_install']
[1.975s] Level 1:colcon.colcon_core.package_identification:_identify(joy2twist.yaml) by extension 'ignore'
[1.975s] Level 1:colcon.colcon_core.package_identification:_identify(joy2twist.yaml) by extension 'ignore_ament_install'
[1.976s] Level 1:colcon.colcon_core.package_identification:_identify(joy2twist.yaml) by extensions ['colcon_pkg']
[1.976s] Level 1:colcon.colcon_core.package_identification:_identify(joy2twist.yaml) by extension 'colcon_pkg'
[1.976s] Level 1:colcon.colcon_core.package_identification:_identify(joy2twist.yaml) by extensions ['colcon_meta']
[1.976s] Level 1:colcon.colcon_core.package_identification:_identify(joy2twist.yaml) by extension 'colcon_meta'
[1.976s] Level 1:colcon.colcon_core.package_identification:_identify(joy2twist.yaml) by extensions ['ros']
[1.977s] Level 1:colcon.colcon_core.package_identification:_identify(joy2twist.yaml) by extension 'ros'
[1.977s] Level 1:colcon.colcon_core.package_identification:_identify(joy2twist.yaml) by extensions ['cmake', 'python']
[1.977s] Level 1:colcon.colcon_core.package_identification:_identify(joy2twist.yaml) by extension 'cmake'
[1.977s] Level 1:colcon.colcon_core.package_identification:_identify(joy2twist.yaml) by extension 'python'
[1.978s] Level 1:colcon.colcon_core.package_identification:_identify(joy2twist.yaml) by extensions ['python_setup_py']
[1.978s] Level 1:colcon.colcon_core.package_identification:_identify(joy2twist.yaml) by extension 'python_setup_py'
[1.981s] Level 1:colcon.colcon_core.package_identification:_identify(log) by extensions ['ignore', 'ignore_ament_install']
[1.981s] Level 1:colcon.colcon_core.package_identification:_identify(log) by extension 'ignore'
[1.982s] Level 1:colcon.colcon_core.package_identification:_identify(log) ignored
[1.983s] Level 1:colcon.colcon_core.package_identification:_identify(src) by extensions ['ignore', 'ignore_ament_install']
[1.983s] Level 1:colcon.colcon_core.package_identification:_identify(src) by extension 'ignore'
[1.983s] Level 1:colcon.colcon_core.package_identification:_identify(src) by extension 'ignore_ament_install'
[1.984s] Level 1:colcon.colcon_core.package_identification:_identify(src) by extensions ['colcon_pkg']
[1.984s] Level 1:colcon.colcon_core.package_identification:_identify(src) by extension 'colcon_pkg'
[1.984s] Level 1:colcon.colcon_core.package_identification:_identify(src) by extensions ['colcon_meta']
[1.984s] Level 1:colcon.colcon_core.package_identification:_identify(src) by extension 'colcon_meta'
[1.985s] Level 1:colcon.colcon_core.package_identification:_identify(src) by extensions ['ros']
[1.985s] Level 1:colcon.colcon_core.package_identification:_identify(src) by extension 'ros'
[1.985s] Level 1:colcon.colcon_core.package_identification:_identify(src) by extensions ['cmake', 'python']
[1.985s] Level 1:colcon.colcon_core.package_identification:_identify(src) by extension 'cmake'
[1.986s] Level 1:colcon.colcon_core.package_identification:_identify(src) by extension 'python'
[1.986s] Level 1:colcon.colcon_core.package_identification:_identify(src) by extensions ['python_setup_py']
[1.986s] Level 1:colcon.colcon_core.package_identification:_identify(src) by extension 'python_setup_py'
[1.988s] Level 1:colcon.colcon_core.package_identification:_identify(src/bno055) by extensions ['ignore', 'ignore_ament_install']
[1.988s] Level 1:colcon.colcon_core.package_identification:_identify(src/bno055) by extension 'ignore'
[1.989s] Level 1:colcon.colcon_core.package_identification:_identify(src/bno055) by extension 'ignore_ament_install'
[1.989s] Level 1:colcon.colcon_core.package_identification:_identify(src/bno055) by extensions ['colcon_pkg']
[1.989s] Level 1:colcon.colcon_core.package_identification:_identify(src/bno055) by extension 'colcon_pkg'
[1.990s] Level 1:colcon.colcon_core.package_identification:_identify(src/bno055) by extensions ['colcon_meta']
[1.990s] Level 1:colcon.colcon_core.package_identification:_identify(src/bno055) by extension 'colcon_meta'
[1.990s] Level 1:colcon.colcon_core.package_identification:_identify(src/bno055) by extensions ['ros']
[1.991s] Level 1:colcon.colcon_core.package_identification:_identify(src/bno055) by extension 'ros'
[2.002s] DEBUG:colcon.colcon_core.package_identification:Package 'src/bno055' with type 'ros.ament_python' and name 'bno055'
[2.003s] Level 1:colcon.colcon_core.package_identification:_identify(src/joystick_publisher) by extensions ['ignore', 'ignore_ament_install']
[2.003s] Level 1:colcon.colcon_core.package_identification:_identify(src/joystick_publisher) by extension 'ignore'
[2.004s] Level 1:colcon.colcon_core.package_identification:_identify(src/joystick_publisher) by extension 'ignore_ament_install'
[2.004s] Level 1:colcon.colcon_core.package_identification:_identify(src/joystick_publisher) by extensions ['colcon_pkg']
[2.004s] Level 1:colcon.colcon_core.package_identification:_identify(src/joystick_publisher) by extension 'colcon_pkg'
[2.004s] Level 1:colcon.colcon_core.package_identification:_identify(src/joystick_publisher) by extensions ['colcon_meta']
[2.005s] Level 1:colcon.colcon_core.package_identification:_identify(src/joystick_publisher) by extension 'colcon_meta'
[2.005s] Level 1:colcon.colcon_core.package_identification:_identify(src/joystick_publisher) by extensions ['ros']
[2.005s] Level 1:colcon.colcon_core.package_identification:_identify(src/joystick_publisher) by extension 'ros'
[2.007s] DEBUG:colcon.colcon_core.package_identification:Package 'src/joystick_publisher' with type 'ros.ament_python' and name 'joystick_publisher'
[2.008s] Level 1:colcon.colcon_core.package_identification:_identify(src/motor_commands) by extensions ['ignore', 'ignore_ament_install']
[2.009s] Level 1:colcon.colcon_core.package_identification:_identify(src/motor_commands) by extension 'ignore'
[2.009s] Level 1:colcon.colcon_core.package_identification:_identify(src/motor_commands) by extension 'ignore_ament_install'
[2.010s] Level 1:colcon.colcon_core.package_identification:_identify(src/motor_commands) by extensions ['colcon_pkg']
[2.010s] Level 1:colcon.colcon_core.package_identification:_identify(src/motor_commands) by extension 'colcon_pkg'
[2.010s] Level 1:colcon.colcon_core.package_identification:_identify(src/motor_commands) by extensions ['colcon_meta']
[2.010s] Level 1:colcon.colcon_core.package_identification:_identify(src/motor_commands) by extension 'colcon_meta'
[2.011s] Level 1:colcon.colcon_core.package_identification:_identify(src/motor_commands) by extensions ['ros']
[2.011s] Level 1:colcon.colcon_core.package_identification:_identify(src/motor_commands) by extension 'ros'
[2.013s] DEBUG:colcon.colcon_core.package_identification:Package 'src/motor_commands' with type 'ros.ament_python' and name 'motor_commands'
[2.014s] Level 1:colcon.colcon_core.package_identification:_identify(src/motor_serial) by extensions ['ignore', 'ignore_ament_install']
[2.015s] Level 1:colcon.colcon_core.package_identification:_identify(src/motor_serial) by extension 'ignore'
[2.015s] Level 1:colcon.colcon_core.package_identification:_identify(src/motor_serial) by extension 'ignore_ament_install'
[2.015s] Level 1:colcon.colcon_core.package_identification:_identify(src/motor_serial) by extensions ['colcon_pkg']
[2.015s] Level 1:colcon.colcon_core.package_identification:_identify(src/motor_serial) by extension 'colcon_pkg'
[2.016s] Level 1:colcon.colcon_core.package_identification:_identify(src/motor_serial) by extensions ['colcon_meta']
[2.016s] Level 1:colcon.colcon_core.package_identification:_identify(src/motor_serial) by extension 'colcon_meta'
[2.016s] Level 1:colcon.colcon_core.package_identification:_identify(src/motor_serial) by extensions ['ros']
[2.016s] Level 1:colcon.colcon_core.package_identification:_identify(src/motor_serial) by extension 'ros'
[2.019s] DEBUG:colcon.colcon_core.package_identification:Package 'src/motor_serial' with type 'ros.ament_python' and name 'motor_serial'
[2.019s] Level 1:colcon.colcon_core.package_identification:_identify(src/my_parameters) by extensions ['ignore', 'ignore_ament_install']
[2.020s] Level 1:colcon.colcon_core.package_identification:_identify(src/my_parameters) by extension 'ignore'
[2.020s] Level 1:colcon.colcon_core.package_identification:_identify(src/my_parameters) by extension 'ignore_ament_install'
[2.021s] Level 1:colcon.colcon_core.package_identification:_identify(src/my_parameters) by extensions ['colcon_pkg']
[2.021s] Level 1:colcon.colcon_core.package_identification:_identify(src/my_parameters) by extension 'colcon_pkg'
[2.021s] Level 1:colcon.colcon_core.package_identification:_identify(src/my_parameters) by extensions ['colcon_meta']
[2.021s] Level 1:colcon.colcon_core.package_identification:_identify(src/my_parameters) by extension 'colcon_meta'
[2.021s] Level 1:colcon.colcon_core.package_identification:_identify(src/my_parameters) by extensions ['ros']
[2.022s] Level 1:colcon.colcon_core.package_identification:_identify(src/my_parameters) by extension 'ros'
[2.024s] DEBUG:colcon.colcon_core.package_identification:Package 'src/my_parameters' with type 'ros.ament_cmake' and name 'my_parameters'
[2.025s] Level 1:colcon.colcon_core.package_identification:_identify(src/my_slam_package) by extensions ['ignore', 'ignore_ament_install']
[2.026s] Level 1:colcon.colcon_core.package_identification:_identify(src/my_slam_package) by extension 'ignore'
[2.026s] Level 1:colcon.colcon_core.package_identification:_identify(src/my_slam_package) by extension 'ignore_ament_install'
[2.026s] Level 1:colcon.colcon_core.package_identification:_identify(src/my_slam_package) by extensions ['colcon_pkg']
[2.026s] Level 1:colcon.colcon_core.package_identification:_identify(src/my_slam_package) by extension 'colcon_pkg'
[2.027s] Level 1:colcon.colcon_core.package_identification:_identify(src/my_slam_package) by extensions ['colcon_meta']
[2.027s] Level 1:colcon.colcon_core.package_identification:_identify(src/my_slam_package) by extension 'colcon_meta'
[2.027s] Level 1:colcon.colcon_core.package_identification:_identify(src/my_slam_package) by extensions ['ros']
[2.027s] Level 1:colcon.colcon_core.package_identification:_identify(src/my_slam_package) by extension 'ros'
[2.030s] DEBUG:colcon.colcon_core.package_identification:Package 'src/my_slam_package' with type 'ros.ament_python' and name 'my_slam_package'
[2.032s] Level 1:colcon.colcon_core.package_identification:_identify(src/sllidar_ros2) by extensions ['ignore', 'ignore_ament_install']
[2.032s] Level 1:colcon.colcon_core.package_identification:_identify(src/sllidar_ros2) by extension 'ignore'
[2.033s] Level 1:colcon.colcon_core.package_identification:_identify(src/sllidar_ros2) by extension 'ignore_ament_install'
[2.033s] Level 1:colcon.colcon_core.package_identification:_identify(src/sllidar_ros2) by extensions ['colcon_pkg']
[2.033s] Level 1:colcon.colcon_core.package_identification:_identify(src/sllidar_ros2) by extension 'colcon_pkg'
[2.034s] Level 1:colcon.colcon_core.package_identification:_identify(src/sllidar_ros2) by extensions ['colcon_meta']
[2.034s] Level 1:colcon.colcon_core.package_identification:_identify(src/sllidar_ros2) by extension 'colcon_meta'
[2.034s] Level 1:colcon.colcon_core.package_identification:_identify(src/sllidar_ros2) by extensions ['ros']
[2.034s] Level 1:colcon.colcon_core.package_identification:_identify(src/sllidar_ros2) by extension 'ros'
[2.037s] DEBUG:colcon.colcon_core.package_identification:Package 'src/sllidar_ros2' with type 'ros.ament_cmake' and name 'sllidar_ros2'
[2.038s] Level 1:colcon.colcon_core.package_identification:_identify(src/soft_robot_bringub) by extensions ['ignore', 'ignore_ament_install']
[2.039s] Level 1:colcon.colcon_core.package_identification:_identify(src/soft_robot_bringub) by extension 'ignore'
[2.039s] Level 1:colcon.colcon_core.package_identification:_identify(src/soft_robot_bringub) by extension 'ignore_ament_install'
[2.039s] Level 1:colcon.colcon_core.package_identification:_identify(src/soft_robot_bringub) by extensions ['colcon_pkg']
[2.040s] Level 1:colcon.colcon_core.package_identification:_identify(src/soft_robot_bringub) by extension 'colcon_pkg'
[2.040s] Level 1:colcon.colcon_core.package_identification:_identify(src/soft_robot_bringub) by extensions ['colcon_meta']
[2.040s] Level 1:colcon.colcon_core.package_identification:_identify(src/soft_robot_bringub) by extension 'colcon_meta'
[2.040s] Level 1:colcon.colcon_core.package_identification:_identify(src/soft_robot_bringub) by extensions ['ros']
[2.041s] Level 1:colcon.colcon_core.package_identification:_identify(src/soft_robot_bringub) by extension 'ros'
[2.044s] DEBUG:colcon.colcon_core.package_identification:Package 'src/soft_robot_bringub' with type 'ros.ament_cmake' and name 'soft_robot_bringub'
[2.045s] Level 1:colcon.colcon_core.package_discovery:discover_packages(recursive) using defaults
[2.045s] Level 1:colcon.colcon_core.package_discovery:discover_packages(ignore) discover
[2.045s] Level 1:colcon.colcon_core.package_discovery:discover_packages(ignore) using defaults
[2.045s] Level 1:colcon.colcon_core.package_discovery:discover_packages(path) discover
[2.046s] Level 1:colcon.colcon_core.package_discovery:discover_packages(path) using defaults
[2.187s] INFO:colcon.colcon_core.package_selection:Skipping not selected package 'bno055' in 'src/bno055'
[2.187s] INFO:colcon.colcon_core.package_selection:Skipping not selected package 'joystick_publisher' in 'src/joystick_publisher'
[2.187s] INFO:colcon.colcon_core.package_selection:Skipping not selected package 'motor_commands' in 'src/motor_commands'
[2.187s] INFO:colcon.colcon_core.package_selection:Skipping not selected package 'motor_serial' in 'src/motor_serial'
[2.187s] INFO:colcon.colcon_core.package_selection:Skipping not selected package 'my_parameters' in 'src/my_parameters'
[2.187s] INFO:colcon.colcon_core.package_selection:Skipping not selected package 'my_slam_package' in 'src/my_slam_package'
[2.188s] INFO:colcon.colcon_core.package_selection:Skipping not selected package 'sllidar_ros2' in 'src/sllidar_ros2'
[2.190s] Level 1:colcon.colcon_core.package_discovery:discover_packages(prefix_path) check parameters
[2.190s] Level 1:colcon.colcon_core.package_discovery:discover_packages(prefix_path) discover
[2.203s] DEBUG:colcon.colcon_installed_package_information.package_discovery:Found 9 installed packages in /home/pi2/ros2_ws/install
[2.214s] DEBUG:colcon.colcon_installed_package_information.package_discovery:Found 285 installed packages in /opt/ros/humble
[2.222s] Level 1:colcon.colcon_core.package_discovery:discover_packages(prefix_path) using defaults
[2.434s] Level 5:colcon.colcon_core.verb:set package 'soft_robot_bringub' build argument 'cmake_args' from command line to 'None'
[2.435s] Level 5:colcon.colcon_core.verb:set package 'soft_robot_bringub' build argument 'cmake_target' from command line to 'None'
[2.435s] Level 5:colcon.colcon_core.verb:set package 'soft_robot_bringub' build argument 'cmake_target_skip_unavailable' from command line to 'False'
[2.435s] Level 5:colcon.colcon_core.verb:set package 'soft_robot_bringub' build argument 'cmake_clean_cache' from command line to 'False'
[2.435s] Level 5:colcon.colcon_core.verb:set package 'soft_robot_bringub' build argument 'cmake_clean_first' from command line to 'False'
[2.435s] Level 5:colcon.colcon_core.verb:set package 'soft_robot_bringub' build argument 'cmake_force_configure' from command line to 'False'
[2.435s] Level 5:colcon.colcon_core.verb:set package 'soft_robot_bringub' build argument 'ament_cmake_args' from command line to 'None'
[2.436s] Level 5:colcon.colcon_core.verb:set package 'soft_robot_bringub' build argument 'catkin_cmake_args' from command line to 'None'
[2.436s] Level 5:colcon.colcon_core.verb:set package 'soft_robot_bringub' build argument 'catkin_skip_building_tests' from command line to 'False'
[2.436s] DEBUG:colcon.colcon_core.verb:Building package 'soft_robot_bringub' with the following arguments: {'ament_cmake_args': None, 'build_base': '/home/pi2/ros2_ws/build/soft_robot_bringub', 'catkin_cmake_args': None, 'catkin_skip_building_tests': False, 'cmake_args': None, 'cmake_clean_cache': False, 'cmake_clean_first': False, 'cmake_force_configure': False, 'cmake_target': None, 'cmake_target_skip_unavailable': False, 'install_base': '/home/pi2/ros2_ws/install/soft_robot_bringub', 'merge_install': False, 'path': '/home/pi2/ros2_ws/src/soft_robot_bringub', 'symlink_install': False, 'test_result_base': None}
[2.437s] INFO:colcon.colcon_core.executor:Executing jobs using 'parallel' executor
[2.440s] DEBUG:colcon.colcon_parallel_executor.executor.parallel:run_until_complete
[2.442s] INFO:colcon.colcon_ros.task.ament_cmake.build:Building ROS package in '/home/pi2/ros2_ws/src/soft_robot_bringub' with build type 'ament_cmake'
[2.442s] INFO:colcon.colcon_cmake.task.cmake.build:Building CMake package in '/home/pi2/ros2_ws/src/soft_robot_bringub'
[2.454s] INFO:colcon.colcon_core.plugin_system:Skipping extension 'colcon_core.shell.bat': Not used on non-Windows systems
[2.456s] INFO:colcon.colcon_core.shell:Skip shell extension 'powershell' for command environment: Not usable outside of PowerShell
[2.456s] DEBUG:colcon.colcon_core.shell:Skip shell extension 'dsv' for command environment
[2.533s] DEBUG:colcon.colcon_core.event_handler.log_command:Invoking command in '/home/pi2/ros2_ws/build/soft_robot_bringub': AMENT_PREFIX_PATH=/home/pi2/ros2_ws/install/my_slam_package:/home/pi2/ros2_ws/install/motor_serial:/home/pi2/ros2_ws/install/motor_commands:/home/pi2/ros2_ws/install/joystick_publisher:/home/pi2/ros2_ws/install/bno055:/home/pi2/ros2_ws/install/soft_robot_bringub:/home/pi2/ros2_ws/install/sllidar_ros2:/home/pi2/ros2_ws/install/my_parameters:/home/pi2/ros2_ws/install/locolization:/opt/ros/humble:/home/pi2/ros2_ws/install CMAKE_PREFIX_PATH=${CMAKE_PREFIX_PATH}:/home/pi2/ros2_ws/install/my_slam_package:/home/pi2/ros2_ws/install/motor_serial:/home/pi2/ros2_ws/install/motor_commands:/home/pi2/ros2_ws/install/locolization:/home/pi2/ros2_ws/install/joystick_publisher:/home/pi2/ros2_ws/install/bno055:/opt/ros/humble PYTHONPATH=/home/pi2/ros2_ws/install/my_slam_package/lib/python3.10/site-packages:/home/pi2/ros2_ws/install/motor_serial/lib/python3.10/site-packages:/home/pi2/ros2_ws/install/motor_commands/lib/python3.10/site-packages:/home/pi2/ros2_ws/install/joystick_publisher/lib/python3.10/site-packages:/home/pi2/ros2_ws/install/bno055/lib/python3.10/site-packages:/home/pi2/ros2_ws/install/my_parameters/local/lib/python3.10/dist-packages:/home/pi2/ros2_ws/install/locolization/lib/python3.10/site-packages:/opt/ros/humble/lib/python3.10/site-packages:/opt/ros/humble/local/lib/python3.10/dist-packages /usr/bin/cmake --build /home/pi2/ros2_ws/build/soft_robot_bringub -- -j4 -l4
[2.792s] DEBUG:colcon.colcon_core.event_handler.log_command:Invoked command in '/home/pi2/ros2_ws/build/soft_robot_bringub' returned '0': AMENT_PREFIX_PATH=/home/pi2/ros2_ws/install/my_slam_package:/home/pi2/ros2_ws/install/motor_serial:/home/pi2/ros2_ws/install/motor_commands:/home/pi2/ros2_ws/install/joystick_publisher:/home/pi2/ros2_ws/install/bno055:/home/pi2/ros2_ws/install/soft_robot_bringub:/home/pi2/ros2_ws/install/sllidar_ros2:/home/pi2/ros2_ws/install/my_parameters:/home/pi2/ros2_ws/install/locolization:/opt/ros/humble:/home/pi2/ros2_ws/install CMAKE_PREFIX_PATH=${CMAKE_PREFIX_PATH}:/home/pi2/ros2_ws/install/my_slam_package:/home/pi2/ros2_ws/install/motor_serial:/home/pi2/ros2_ws/install/motor_commands:/home/pi2/ros2_ws/install/locolization:/home/pi2/ros2_ws/install/joystick_publisher:/home/pi2/ros2_ws/install/bno055:/opt/ros/humble PYTHONPATH=/home/pi2/ros2_ws/install/my_slam_package/lib/python3.10/site-packages:/home/pi2/ros2_ws/install/motor_serial/lib/python3.10/site-packages:/home/pi2/ros2_ws/install/motor_commands/lib/python3.10/site-packages:/home/pi2/ros2_ws/install/joystick_publisher/lib/python3.10/site-packages:/home/pi2/ros2_ws/install/bno055/lib/python3.10/site-packages:/home/pi2/ros2_ws/install/my_parameters/local/lib/python3.10/dist-packages:/home/pi2/ros2_ws/install/locolization/lib/python3.10/site-packages:/opt/ros/humble/lib/python3.10/site-packages:/opt/ros/humble/local/lib/python3.10/dist-packages /usr/bin/cmake --build /home/pi2/ros2_ws/build/soft_robot_bringub -- -j4 -l4
[2.982s] DEBUG:colcon.colcon_core.event_handler.log_command:Invoking command in '/home/pi2/ros2_ws/build/soft_robot_bringub': AMENT_PREFIX_PATH=/home/pi2/ros2_ws/install/my_slam_package:/home/pi2/ros2_ws/install/motor_serial:/home/pi2/ros2_ws/install/motor_commands:/home/pi2/ros2_ws/install/joystick_publisher:/home/pi2/ros2_ws/install/bno055:/home/pi2/ros2_ws/install/soft_robot_bringub:/home/pi2/ros2_ws/install/sllidar_ros2:/home/pi2/ros2_ws/install/my_parameters:/home/pi2/ros2_ws/install/locolization:/opt/ros/humble:/home/pi2/ros2_ws/install CMAKE_PREFIX_PATH=${CMAKE_PREFIX_PATH}:/home/pi2/ros2_ws/install/my_slam_package:/home/pi2/ros2_ws/install/motor_serial:/home/pi2/ros2_ws/install/motor_commands:/home/pi2/ros2_ws/install/locolization:/home/pi2/ros2_ws/install/joystick_publisher:/home/pi2/ros2_ws/install/bno055:/opt/ros/humble PYTHONPATH=/home/pi2/ros2_ws/install/my_slam_package/lib/python3.10/site-packages:/home/pi2/ros2_ws/install/motor_serial/lib/python3.10/site-packages:/home/pi2/ros2_ws/install/motor_commands/lib/python3.10/site-packages:/home/pi2/ros2_ws/install/joystick_publisher/lib/python3.10/site-packages:/home/pi2/ros2_ws/install/bno055/lib/python3.10/site-packages:/home/pi2/ros2_ws/install/my_parameters/local/lib/python3.10/dist-packages:/home/pi2/ros2_ws/install/locolization/lib/python3.10/site-packages:/opt/ros/humble/lib/python3.10/site-packages:/opt/ros/humble/local/lib/python3.10/dist-packages /usr/bin/cmake --install /home/pi2/ros2_ws/build/soft_robot_bringub
[3.041s] Level 1:colcon.colcon_core.environment:create_environment_scripts_only(soft_robot_bringub)
[3.054s] DEBUG:colcon.colcon_core.event_handler.log_command:Invoked command in '/home/pi2/ros2_ws/build/soft_robot_bringub' returned '0': AMENT_PREFIX_PATH=/home/pi2/ros2_ws/install/my_slam_package:/home/pi2/ros2_ws/install/motor_serial:/home/pi2/ros2_ws/install/motor_commands:/home/pi2/ros2_ws/install/joystick_publisher:/home/pi2/ros2_ws/install/bno055:/home/pi2/ros2_ws/install/soft_robot_bringub:/home/pi2/ros2_ws/install/sllidar_ros2:/home/pi2/ros2_ws/install/my_parameters:/home/pi2/ros2_ws/install/locolization:/opt/ros/humble:/home/pi2/ros2_ws/install CMAKE_PREFIX_PATH=${CMAKE_PREFIX_PATH}:/home/pi2/ros2_ws/install/my_slam_package:/home/pi2/ros2_ws/install/motor_serial:/home/pi2/ros2_ws/install/motor_commands:/home/pi2/ros2_ws/install/locolization:/home/pi2/ros2_ws/install/joystick_publisher:/home/pi2/ros2_ws/install/bno055:/opt/ros/humble PYTHONPATH=/home/pi2/ros2_ws/install/my_slam_package/lib/python3.10/site-packages:/home/pi2/ros2_ws/install/motor_serial/lib/python3.10/site-packages:/home/pi2/ros2_ws/install/motor_commands/lib/python3.10/site-packages:/home/pi2/ros2_ws/install/joystick_publisher/lib/python3.10/site-packages:/home/pi2/ros2_ws/install/bno055/lib/python3.10/site-packages:/home/pi2/ros2_ws/install/my_parameters/local/lib/python3.10/dist-packages:/home/pi2/ros2_ws/install/locolization/lib/python3.10/site-packages:/opt/ros/humble/lib/python3.10/site-packages:/opt/ros/humble/local/lib/python3.10/dist-packages /usr/bin/cmake --install /home/pi2/ros2_ws/build/soft_robot_bringub
[3.070s] Level 1:colcon.colcon_core.environment:checking '/home/pi2/ros2_ws/install/soft_robot_bringub' for CMake module files
[3.074s] Level 1:colcon.colcon_core.environment:checking '/home/pi2/ros2_ws/install/soft_robot_bringub' for CMake config files
[3.076s] Level 1:colcon.colcon_core.shell:create_environment_hook('soft_robot_bringub', 'cmake_prefix_path')
[3.077s] INFO:colcon.colcon_core.shell:Creating environment hook '/home/pi2/ros2_ws/install/soft_robot_bringub/share/soft_robot_bringub/hook/cmake_prefix_path.ps1'
[3.080s] INFO:colcon.colcon_core.shell:Creating environment descriptor '/home/pi2/ros2_ws/install/soft_robot_bringub/share/soft_robot_bringub/hook/cmake_prefix_path.dsv'
[3.082s] INFO:colcon.colcon_core.shell:Creating environment hook '/home/pi2/ros2_ws/install/soft_robot_bringub/share/soft_robot_bringub/hook/cmake_prefix_path.sh'
[3.087s] Level 1:colcon.colcon_core.environment:checking '/home/pi2/ros2_ws/install/soft_robot_bringub/bin'
[3.088s] Level 1:colcon.colcon_core.environment:checking '/home/pi2/ros2_ws/install/soft_robot_bringub/lib/pkgconfig/soft_robot_bringub.pc'
[3.089s] Level 1:colcon.colcon_core.environment:checking '/home/pi2/ros2_ws/install/soft_robot_bringub/lib/python3.10/site-packages'
[3.090s] Level 1:colcon.colcon_core.environment:checking '/home/pi2/ros2_ws/install/soft_robot_bringub/bin'
[3.092s] INFO:colcon.colcon_core.shell:Creating package script '/home/pi2/ros2_ws/install/soft_robot_bringub/share/soft_robot_bringub/package.ps1'
[3.096s] INFO:colcon.colcon_core.shell:Creating package descriptor '/home/pi2/ros2_ws/install/soft_robot_bringub/share/soft_robot_bringub/package.dsv'
[3.099s] INFO:colcon.colcon_core.shell:Creating package script '/home/pi2/ros2_ws/install/soft_robot_bringub/share/soft_robot_bringub/package.sh'
[3.103s] INFO:colcon.colcon_core.shell:Creating package script '/home/pi2/ros2_ws/install/soft_robot_bringub/share/soft_robot_bringub/package.bash'
[3.107s] INFO:colcon.colcon_core.shell:Creating package script '/home/pi2/ros2_ws/install/soft_robot_bringub/share/soft_robot_bringub/package.zsh'
[3.110s] Level 1:colcon.colcon_core.environment:create_file_with_runtime_dependencies(/home/pi2/ros2_ws/install/soft_robot_bringub/share/colcon-core/packages/soft_robot_bringub)
[3.239s] Level 1:colcon.colcon_core.environment:create_environment_scripts_only(soft_robot_bringub)
[3.241s] Level 1:colcon.colcon_core.environment:checking '/home/pi2/ros2_ws/install/soft_robot_bringub' for CMake module files
[3.245s] Level 1:colcon.colcon_core.environment:checking '/home/pi2/ros2_ws/install/soft_robot_bringub' for CMake config files
[3.246s] Level 1:colcon.colcon_core.shell:create_environment_hook('soft_robot_bringub', 'cmake_prefix_path')
[3.247s] INFO:colcon.colcon_core.shell:Creating environment hook '/home/pi2/ros2_ws/install/soft_robot_bringub/share/soft_robot_bringub/hook/cmake_prefix_path.ps1'
[3.251s] INFO:colcon.colcon_core.shell:Creating environment descriptor '/home/pi2/ros2_ws/install/soft_robot_bringub/share/soft_robot_bringub/hook/cmake_prefix_path.dsv'
[3.254s] INFO:colcon.colcon_core.shell:Creating environment hook '/home/pi2/ros2_ws/install/soft_robot_bringub/share/soft_robot_bringub/hook/cmake_prefix_path.sh'
[3.257s] Level 1:colcon.colcon_core.environment:checking '/home/pi2/ros2_ws/install/soft_robot_bringub/bin'
[3.258s] Level 1:colcon.colcon_core.environment:checking '/home/pi2/ros2_ws/install/soft_robot_bringub/lib/pkgconfig/soft_robot_bringub.pc'
[3.259s] Level 1:colcon.colcon_core.environment:checking '/home/pi2/ros2_ws/install/soft_robot_bringub/lib/python3.10/site-packages'
[3.260s] Level 1:colcon.colcon_core.environment:checking '/home/pi2/ros2_ws/install/soft_robot_bringub/bin'
[3.262s] INFO:colcon.colcon_core.shell:Creating package script '/home/pi2/ros2_ws/install/soft_robot_bringub/share/soft_robot_bringub/package.ps1'
[3.264s] INFO:colcon.colcon_core.shell:Creating package descriptor '/home/pi2/ros2_ws/install/soft_robot_bringub/share/soft_robot_bringub/package.dsv'
[3.267s] INFO:colcon.colcon_core.shell:Creating package script '/home/pi2/ros2_ws/install/soft_robot_bringub/share/soft_robot_bringub/package.sh'
[3.270s] INFO:colcon.colcon_core.shell:Creating package script '/home/pi2/ros2_ws/install/soft_robot_bringub/share/soft_robot_bringub/package.bash'
[3.272s] INFO:colcon.colcon_core.shell:Creating package script '/home/pi2/ros2_ws/install/soft_robot_bringub/share/soft_robot_bringub/package.zsh'
[3.275s] Level 1:colcon.colcon_core.environment:create_file_with_runtime_dependencies(/home/pi2/ros2_ws/install/soft_robot_bringub/share/colcon-core/packages/soft_robot_bringub)
[3.277s] DEBUG:colcon.colcon_parallel_executor.executor.parallel:closing loop
[3.279s] DEBUG:colcon.colcon_parallel_executor.executor.parallel:loop closed
[3.279s] DEBUG:colcon.colcon_parallel_executor.executor.parallel:run_until_complete finished with '0'
[3.280s] DEBUG:colcon.colcon_core.event_reactor:joining thread
[3.319s] INFO:colcon.colcon_core.plugin_system:Skipping extension 'colcon_notification.desktop_notification.notify_send': Could not find 'notify-send'
[3.319s] INFO:colcon.colcon_core.plugin_system:Skipping extension 'colcon_notification.desktop_notification.terminal_notifier': Not used on non-Darwin systems
[3.320s] INFO:colcon.colcon_core.plugin_system:Skipping extension 'colcon_notification.desktop_notification.win32': Not used on non-Windows systems
[3.320s] INFO:colcon.colcon_notification.desktop_notification:Sending desktop notification using 'notify2'
[3.324s] DEBUG:colcon.colcon_notification.desktop_notification.notify2:Failed to initialize notify2: org.freedesktop.DBus.Error.ServiceUnknown: The name org.freedesktop.Notifications was not provided by any .service files
[3.324s] DEBUG:colcon.colcon_core.event_reactor:joined thread
[3.326s] INFO:colcon.colcon_core.shell:Creating prefix script '/home/pi2/ros2_ws/install/local_setup.ps1'
[3.331s] INFO:colcon.colcon_core.shell:Creating prefix util module '/home/pi2/ros2_ws/install/_local_setup_util_ps1.py'
[3.339s] INFO:colcon.colcon_core.shell:Creating prefix chain script '/home/pi2/ros2_ws/install/setup.ps1'
[3.347s] INFO:colcon.colcon_core.shell:Creating prefix script '/home/pi2/ros2_ws/install/local_setup.sh'
[3.350s] INFO:colcon.colcon_core.shell:Creating prefix util module '/home/pi2/ros2_ws/install/_local_setup_util_sh.py'
[3.353s] INFO:colcon.colcon_core.shell:Creating prefix chain script '/home/pi2/ros2_ws/install/setup.sh'
[3.361s] INFO:colcon.colcon_core.shell:Creating prefix script '/home/pi2/ros2_ws/install/local_setup.bash'
[3.365s] INFO:colcon.colcon_core.shell:Creating prefix chain script '/home/pi2/ros2_ws/install/setup.bash'
[3.373s] INFO:colcon.colcon_core.shell:Creating prefix script '/home/pi2/ros2_ws/install/local_setup.zsh'
[3.375s] INFO:colcon.colcon_core.shell:Creating prefix chain script '/home/pi2/ros2_ws/install/setup.zsh'
