[5.166s] Invoking command in '/home/pi2/ros2_ws/src/joystick_publisher': PYTHONPATH=/home/pi2/ros2_ws/build/joystick_publisher/prefix_override:/usr/lib/python3/dist-packages/colcon_core/task/python/colcon_distutils_commands:/home/pi2/ros2_ws/install/joystick_publisher/lib/python3.10/site-packages:${PYTHONPATH} /usr/bin/python3 -W ignore:setup.py install is deprecated setup.py egg_info --egg-base ../../build/joystick_publisher build --build-base /home/pi2/ros2_ws/build/joystick_publisher/build install --record /home/pi2/ros2_ws/build/joystick_publisher/install.log --single-version-externally-managed install_data
[6.621s] running egg_info
[6.624s] writing ../../build/joystick_publisher/joystick_publisher.egg-info/PKG-INFO
[6.625s] writing dependency_links to ../../build/joystick_publisher/joystick_publisher.egg-info/dependency_links.txt
[6.627s] writing entry points to ../../build/joystick_publisher/joystick_publisher.egg-info/entry_points.txt
[6.628s] writing requirements to ../../build/joystick_publisher/joystick_publisher.egg-info/requires.txt
[6.629s] writing top-level names to ../../build/joystick_publisher/joystick_publisher.egg-info/top_level.txt
[6.643s] reading manifest file '../../build/joystick_publisher/joystick_publisher.egg-info/SOURCES.txt'
[6.648s] writing manifest file '../../build/joystick_publisher/joystick_publisher.egg-info/SOURCES.txt'
[6.649s] running build
[6.650s] running build_py
[6.652s] running install
[6.654s] running install_lib
[6.662s] running install_data
[6.663s] running install_egg_info
[6.673s] removing '/home/pi2/ros2_ws/install/joystick_publisher/lib/python3.10/site-packages/joystick_publisher-0.0.0-py3.10.egg-info' (and everything under it)
[6.675s] Copying ../../build/joystick_publisher/joystick_publisher.egg-info to /home/pi2/ros2_ws/install/joystick_publisher/lib/python3.10/site-packages/joystick_publisher-0.0.0-py3.10.egg-info
[6.684s] running install_scripts
[6.779s] Installing joystick_publisher script to /home/pi2/ros2_ws/install/joystick_publisher/lib/joystick_publisher
[6.781s] writing list of installed files to '/home/pi2/ros2_ws/build/joystick_publisher/install.log'
[6.958s] Invoked command in '/home/pi2/ros2_ws/src/joystick_publisher' returned '0': PYTHONPATH=/home/pi2/ros2_ws/build/joystick_publisher/prefix_override:/usr/lib/python3/dist-packages/colcon_core/task/python/colcon_distutils_commands:/home/pi2/ros2_ws/install/joystick_publisher/lib/python3.10/site-packages:${PYTHONPATH} /usr/bin/python3 -W ignore:setup.py install is deprecated setup.py egg_info --egg-base ../../build/joystick_publisher build --build-base /home/pi2/ros2_ws/build/joystick_publisher/build install --record /home/pi2/ros2_ws/build/joystick_publisher/install.log --single-version-externally-managed install_data
