[3.658s] Invoking command in '/home/pi2/ros2_ws/src/motor_commands': PYTHONPATH=/home/pi2/ros2_ws/build/motor_commands/prefix_override:/usr/lib/python3/dist-packages/colcon_core/task/python/colcon_distutils_commands:/home/pi2/ros2_ws/install/motor_commands/lib/python3.10/site-packages:${PYTHONPATH} /usr/bin/python3 -W ignore:setup.py install is deprecated setup.py egg_info --egg-base ../../build/motor_commands build --build-base /home/pi2/ros2_ws/build/motor_commands/build install --record /home/pi2/ros2_ws/build/motor_commands/install.log --single-version-externally-managed install_data
[5.074s] running egg_info
[5.077s] writing ../../build/motor_commands/motor_commands.egg-info/PKG-INFO
[5.079s] writing dependency_links to ../../build/motor_commands/motor_commands.egg-info/dependency_links.txt
[5.080s] writing entry points to ../../build/motor_commands/motor_commands.egg-info/entry_points.txt
[5.081s] writing requirements to ../../build/motor_commands/motor_commands.egg-info/requires.txt
[5.081s] writing top-level names to ../../build/motor_commands/motor_commands.egg-info/top_level.txt
[5.091s] reading manifest file '../../build/motor_commands/motor_commands.egg-info/SOURCES.txt'
[5.095s] writing manifest file '../../build/motor_commands/motor_commands.egg-info/SOURCES.txt'
[5.096s] running build
[5.096s] running build_py
[5.097s] copying motor_commands/motor_commands.py -> /home/pi2/ros2_ws/build/motor_commands/build/lib/motor_commands
[5.099s] running install
[5.100s] running install_lib
[5.104s] copying /home/pi2/ros2_ws/build/motor_commands/build/lib/motor_commands/motor_commands.py -> /home/pi2/ros2_ws/install/motor_commands/lib/python3.10/site-packages/motor_commands
[5.108s] byte-compiling /home/pi2/ros2_ws/install/motor_commands/lib/python3.10/site-packages/motor_commands/motor_commands.py to motor_commands.cpython-310.pyc
[5.114s] running install_data
[5.114s] running install_egg_info
[5.127s] removing '/home/pi2/ros2_ws/install/motor_commands/lib/python3.10/site-packages/motor_commands-0.0.0-py3.10.egg-info' (and everything under it)
[5.129s] Copying ../../build/motor_commands/motor_commands.egg-info to /home/pi2/ros2_ws/install/motor_commands/lib/python3.10/site-packages/motor_commands-0.0.0-py3.10.egg-info
[5.136s] running install_scripts
[5.225s] Installing motor_commands script to /home/pi2/ros2_ws/install/motor_commands/lib/motor_commands
[5.226s] Installing transmit_command script to /home/pi2/ros2_ws/install/motor_commands/lib/motor_commands
[5.229s] writing list of installed files to '/home/pi2/ros2_ws/build/motor_commands/install.log'
[5.356s] Invoked command in '/home/pi2/ros2_ws/src/motor_commands' returned '0': PYTHONPATH=/home/pi2/ros2_ws/build/motor_commands/prefix_override:/usr/lib/python3/dist-packages/colcon_core/task/python/colcon_distutils_commands:/home/pi2/ros2_ws/install/motor_commands/lib/python3.10/site-packages:${PYTHONPATH} /usr/bin/python3 -W ignore:setup.py install is deprecated setup.py egg_info --egg-base ../../build/motor_commands build --build-base /home/pi2/ros2_ws/build/motor_commands/build install --record /home/pi2/ros2_ws/build/motor_commands/install.log --single-version-externally-managed install_data
