[8.727s] Invoking command in '/home/pi2/ros2_ws/src/motor_serial': PYTHONPATH=/home/pi2/ros2_ws/build/motor_serial/prefix_override:/usr/lib/python3/dist-packages/colcon_core/task/python/colcon_distutils_commands:/home/pi2/ros2_ws/install/motor_serial/lib/python3.10/site-packages:${PYTHONPATH} /usr/bin/python3 -W ignore:setup.py install is deprecated setup.py egg_info --egg-base ../../build/motor_serial build --build-base /home/pi2/ros2_ws/build/motor_serial/build install --record /home/pi2/ros2_ws/build/motor_serial/install.log --single-version-externally-managed install_data
[12.466s] running egg_info
[12.473s] writing ../../build/motor_serial/motor_serial.egg-info/PKG-INFO
[12.476s] writing dependency_links to ../../build/motor_serial/motor_serial.egg-info/dependency_links.txt
[12.478s] writing entry points to ../../build/motor_serial/motor_serial.egg-info/entry_points.txt
[12.480s] writing requirements to ../../build/motor_serial/motor_serial.egg-info/requires.txt
[12.482s] writing top-level names to ../../build/motor_serial/motor_serial.egg-info/top_level.txt
[12.509s] reading manifest file '../../build/motor_serial/motor_serial.egg-info/SOURCES.txt'
[12.519s] writing manifest file '../../build/motor_serial/motor_serial.egg-info/SOURCES.txt'
[12.521s] running build
[12.523s] running build_py
[12.524s] copying motor_serial/motor_serial.py -> /home/pi2/ros2_ws/build/motor_serial/build/lib/motor_serial
[12.527s] running install
[12.530s] running install_lib
[12.539s] copying /home/pi2/ros2_ws/build/motor_serial/build/lib/motor_serial/motor_serial.py -> /home/pi2/ros2_ws/install/motor_serial/lib/python3.10/site-packages/motor_serial
[12.547s] byte-compiling /home/pi2/ros2_ws/install/motor_serial/lib/python3.10/site-packages/motor_serial/motor_serial.py to motor_serial.cpython-310.pyc
[12.558s] running install_data
[12.560s] running install_egg_info
[12.579s] removing '/home/pi2/ros2_ws/install/motor_serial/lib/python3.10/site-packages/motor_serial-0.0.0-py3.10.egg-info' (and everything under it)
[12.585s] Copying ../../build/motor_serial/motor_serial.egg-info to /home/pi2/ros2_ws/install/motor_serial/lib/python3.10/site-packages/motor_serial-0.0.0-py3.10.egg-info
[12.604s] running install_scripts
[12.836s] Installing motor_serial script to /home/pi2/ros2_ws/install/motor_serial/lib/motor_serial
[12.852s] writing list of installed files to '/home/pi2/ros2_ws/build/motor_serial/install.log'
[13.216s] Invoked command in '/home/pi2/ros2_ws/src/motor_serial' returned '0': PYTHONPATH=/home/pi2/ros2_ws/build/motor_serial/prefix_override:/usr/lib/python3/dist-packages/colcon_core/task/python/colcon_distutils_commands:/home/pi2/ros2_ws/install/motor_serial/lib/python3.10/site-packages:${PYTHONPATH} /usr/bin/python3 -W ignore:setup.py install is deprecated setup.py egg_info --egg-base ../../build/motor_serial build --build-base /home/pi2/ros2_ws/build/motor_serial/build install --record /home/pi2/ros2_ws/build/motor_serial/install.log --single-version-externally-managed install_data
