[4.840s] Invoking command in '/home/pi2/ros2_ws/src/motor_serial': PYTHONPATH=/home/pi2/ros2_ws/build/motor_serial/prefix_override:/usr/lib/python3/dist-packages/colcon_core/task/python/colcon_distutils_commands:/home/pi2/ros2_ws/install/motor_serial/lib/python3.10/site-packages:${PYTHONPATH} /usr/bin/python3 -W ignore:setup.py install is deprecated setup.py egg_info --egg-base ../../build/motor_serial build --build-base /home/pi2/ros2_ws/build/motor_serial/build install --record /home/pi2/ros2_ws/build/motor_serial/install.log --single-version-externally-managed install_data
[6.289s] running egg_info
[6.294s] writing ../../build/motor_serial/motor_serial.egg-info/PKG-INFO
[6.298s] writing dependency_links to ../../build/motor_serial/motor_serial.egg-info/dependency_links.txt
[6.301s] writing entry points to ../../build/motor_serial/motor_serial.egg-info/entry_points.txt
[6.304s] writing requirements to ../../build/motor_serial/motor_serial.egg-info/requires.txt
[6.306s] writing top-level names to ../../build/motor_serial/motor_serial.egg-info/top_level.txt
[6.311s] reading manifest file '../../build/motor_serial/motor_serial.egg-info/SOURCES.txt'
[6.317s] writing manifest file '../../build/motor_serial/motor_serial.egg-info/SOURCES.txt'
[6.319s] running build
[6.319s] running build_py
[6.321s] copying motor_serial/motor_serial.py -> /home/pi2/ros2_ws/build/motor_serial/build/lib/motor_serial
[6.322s] running install
[6.322s] running install_lib
[6.326s] copying /home/pi2/ros2_ws/build/motor_serial/build/lib/motor_serial/motor_serial.py -> /home/pi2/ros2_ws/install/motor_serial/lib/python3.10/site-packages/motor_serial
[6.329s] byte-compiling /home/pi2/ros2_ws/install/motor_serial/lib/python3.10/site-packages/motor_serial/motor_serial.py to motor_serial.cpython-310.pyc
[6.336s] running install_data
[6.337s] running install_egg_info
[6.345s] removing '/home/pi2/ros2_ws/install/motor_serial/lib/python3.10/site-packages/motor_serial-0.0.0-py3.10.egg-info' (and everything under it)
[6.346s] Copying ../../build/motor_serial/motor_serial.egg-info to /home/pi2/ros2_ws/install/motor_serial/lib/python3.10/site-packages/motor_serial-0.0.0-py3.10.egg-info
[6.356s] running install_scripts
[6.449s] Installing motor_serial script to /home/pi2/ros2_ws/install/motor_serial/lib/motor_serial
[6.451s] writing list of installed files to '/home/pi2/ros2_ws/build/motor_serial/install.log'
[6.628s] Invoked command in '/home/pi2/ros2_ws/src/motor_serial' returned '0': PYTHONPATH=/home/pi2/ros2_ws/build/motor_serial/prefix_override:/usr/lib/python3/dist-packages/colcon_core/task/python/colcon_distutils_commands:/home/pi2/ros2_ws/install/motor_serial/lib/python3.10/site-packages:${PYTHONPATH} /usr/bin/python3 -W ignore:setup.py install is deprecated setup.py egg_info --egg-base ../../build/motor_serial build --build-base /home/pi2/ros2_ws/build/motor_serial/build install --record /home/pi2/ros2_ws/build/motor_serial/install.log --single-version-externally-managed install_data
