[6.760s] Invoking command in '/home/pi2/ros2_ws/src/motor_commands': PYTHONPATH=/home/pi2/ros2_ws/build/motor_commands/prefix_override:/usr/lib/python3/dist-packages/colcon_core/task/python/colcon_distutils_commands:/home/pi2/ros2_ws/install/motor_commands/lib/python3.10/site-packages:${PYTHONPATH} /usr/bin/python3 -W ignore:setup.py install is deprecated setup.py egg_info --egg-base ../../build/motor_commands build --build-base /home/pi2/ros2_ws/build/motor_commands/build install --record /home/pi2/ros2_ws/build/motor_commands/install.log --single-version-externally-managed install_data
[8.432s] running egg_info
[8.442s] writing ../../build/motor_commands/motor_commands.egg-info/PKG-INFO
[8.448s] writing dependency_links to ../../build/motor_commands/motor_commands.egg-info/dependency_links.txt
[8.449s] writing entry points to ../../build/motor_commands/motor_commands.egg-info/entry_points.txt
[8.450s] writing requirements to ../../build/motor_commands/motor_commands.egg-info/requires.txt
[8.451s] writing top-level names to ../../build/motor_commands/motor_commands.egg-info/top_level.txt
[8.486s] reading manifest file '../../build/motor_commands/motor_commands.egg-info/SOURCES.txt'
[8.500s] writing manifest file '../../build/motor_commands/motor_commands.egg-info/SOURCES.txt'
[8.501s] running build
[8.502s] running build_py
[8.503s] running install
[8.506s] running install_lib
[8.521s] running install_data
[8.522s] running install_egg_info
[8.527s] removing '/home/pi2/ros2_ws/install/motor_commands/lib/python3.10/site-packages/motor_commands-0.0.0-py3.10.egg-info' (and everything under it)
[8.528s] Copying ../../build/motor_commands/motor_commands.egg-info to /home/pi2/ros2_ws/install/motor_commands/lib/python3.10/site-packages/motor_commands-0.0.0-py3.10.egg-info
[8.530s] running install_scripts
[8.637s] Installing motor_commands script to /home/pi2/ros2_ws/install/motor_commands/lib/motor_commands
[8.647s] Installing transmit_command script to /home/pi2/ros2_ws/install/motor_commands/lib/motor_commands
[8.655s] writing list of installed files to '/home/pi2/ros2_ws/build/motor_commands/install.log'
[8.920s] Invoked command in '/home/pi2/ros2_ws/src/motor_commands' returned '0': PYTHONPATH=/home/pi2/ros2_ws/build/motor_commands/prefix_override:/usr/lib/python3/dist-packages/colcon_core/task/python/colcon_distutils_commands:/home/pi2/ros2_ws/install/motor_commands/lib/python3.10/site-packages:${PYTHONPATH} /usr/bin/python3 -W ignore:setup.py install is deprecated setup.py egg_info --egg-base ../../build/motor_commands build --build-base /home/pi2/ros2_ws/build/motor_commands/build install --record /home/pi2/ros2_ws/build/motor_commands/install.log --single-version-externally-managed install_data
