[0.588s] DEBUG:colcon:Command line arguments: ['/usr/bin/colcon', 'build', '--packages-select', 'locolization']
[0.588s] DEBUG:colcon:Parsed command line arguments: Namespace(log_base=None, log_level=None, verb_name='build', build_base='build', install_base='install', merge_install=False, symlink_install=False, test_result_base=None, continue_on_error=False, executor='parallel', parallel_workers=4, event_handlers=None, ignore_user_meta=False, metas=['./colcon.meta'], base_paths=['.'], packages_ignore=None, packages_ignore_regex=None, paths=None, packages_up_to=None, packages_up_to_regex=None, packages_above=None, packages_above_and_dependencies=None, packages_above_depth=None, packages_select_by_dep=None, packages_skip_by_dep=None, packages_skip_up_to=None, packages_select_build_failed=False, packages_skip_build_finished=False, packages_select_test_failures=False, packages_skip_test_passed=False, packages_select=['locolization'], packages_skip=None, packages_select_regex=None, packages_skip_regex=None, packages_start=None, packages_end=None, allow_overriding=[], cmake_args=None, cmake_target=None, cmake_target_skip_unavailable=False, cmake_clean_cache=False, cmake_clean_first=False, cmake_force_configure=False, ament_cmake_args=None, catkin_cmake_args=None, catkin_skip_building_tests=False, verb_parser=<colcon_defaults.argument_parser.defaults.DefaultArgumentsDecorator object at 0xffffb7c60220>, verb_extension=<colcon_core.verb.build.BuildVerb object at 0xffffb7d90cd0>, main=<bound method BuildVerb.main of <colcon_core.verb.build.BuildVerb object at 0xffffb7d90cd0>>)
[1.626s] Level 1:colcon.colcon_core.package_discovery:discover_packages(colcon_meta) check parameters
[1.627s] Level 1:colcon.colcon_core.package_discovery:discover_packages(recursive) check parameters
[1.627s] Level 1:colcon.colcon_core.package_discovery:discover_packages(ignore) check parameters
[1.627s] Level 1:colcon.colcon_core.package_discovery:discover_packages(path) check parameters
[1.627s] Level 1:colcon.colcon_core.package_discovery:discover_packages(colcon_meta) discover
[1.628s] Level 1:colcon.colcon_core.package_discovery:discover_packages(recursive) discover
[1.628s] INFO:colcon.colcon_core.package_discovery:Crawling recursively for packages in '/home/pi2/ros2_ws'
[1.628s] Level 1:colcon.colcon_core.package_identification:_identify(.) by extensions ['ignore', 'ignore_ament_install']
[1.629s] Level 1:colcon.colcon_core.package_identification:_identify(.) by extension 'ignore'
[1.629s] Level 1:colcon.colcon_core.package_identification:_identify(.) by extension 'ignore_ament_install'
[1.629s] Level 1:colcon.colcon_core.package_identification:_identify(.) by extensions ['colcon_pkg']
[1.630s] Level 1:colcon.colcon_core.package_identification:_identify(.) by extension 'colcon_pkg'
[1.630s] Level 1:colcon.colcon_core.package_identification:_identify(.) by extensions ['colcon_meta']
[1.630s] Level 1:colcon.colcon_core.package_identification:_identify(.) by extension 'colcon_meta'
[1.630s] Level 1:colcon.colcon_core.package_identification:_identify(.) by extensions ['ros']
[1.631s] Level 1:colcon.colcon_core.package_identification:_identify(.) by extension 'ros'
[1.686s] Level 1:colcon.colcon_core.package_identification:_identify(.) by extensions ['cmake', 'python']
[1.686s] Level 1:colcon.colcon_core.package_identification:_identify(.) by extension 'cmake'
[1.686s] Level 1:colcon.colcon_core.package_identification:_identify(.) by extension 'python'
[1.687s] Level 1:colcon.colcon_core.package_identification:_identify(.) by extensions ['python_setup_py']
[1.687s] Level 1:colcon.colcon_core.package_identification:_identify(.) by extension 'python_setup_py'
[1.688s] Level 1:colcon.colcon_core.package_identification:_identify(build) by extensions ['ignore', 'ignore_ament_install']
[1.688s] Level 1:colcon.colcon_core.package_identification:_identify(build) by extension 'ignore'
[1.688s] Level 1:colcon.colcon_core.package_identification:_identify(build) ignored
[1.689s] Level 1:colcon.colcon_core.package_identification:_identify(install) by extensions ['ignore', 'ignore_ament_install']
[1.690s] Level 1:colcon.colcon_core.package_identification:_identify(install) by extension 'ignore'
[1.690s] Level 1:colcon.colcon_core.package_identification:_identify(install) ignored
[1.690s] Level 1:colcon.colcon_core.package_identification:_identify(joy2twist.yaml) by extensions ['ignore', 'ignore_ament_install']
[1.691s] Level 1:colcon.colcon_core.package_identification:_identify(joy2twist.yaml) by extension 'ignore'
[1.691s] Level 1:colcon.colcon_core.package_identification:_identify(joy2twist.yaml) by extension 'ignore_ament_install'
[1.691s] Level 1:colcon.colcon_core.package_identification:_identify(joy2twist.yaml) by extensions ['colcon_pkg']
[1.691s] Level 1:colcon.colcon_core.package_identification:_identify(joy2twist.yaml) by extension 'colcon_pkg'
[1.692s] Level 1:colcon.colcon_core.package_identification:_identify(joy2twist.yaml) by extensions ['colcon_meta']
[1.692s] Level 1:colcon.colcon_core.package_identification:_identify(joy2twist.yaml) by extension 'colcon_meta'
[1.692s] Level 1:colcon.colcon_core.package_identification:_identify(joy2twist.yaml) by extensions ['ros']
[1.692s] Level 1:colcon.colcon_core.package_identification:_identify(joy2twist.yaml) by extension 'ros'
[1.693s] Level 1:colcon.colcon_core.package_identification:_identify(joy2twist.yaml) by extensions ['cmake', 'python']
[1.693s] Level 1:colcon.colcon_core.package_identification:_identify(joy2twist.yaml) by extension 'cmake'
[1.693s] Level 1:colcon.colcon_core.package_identification:_identify(joy2twist.yaml) by extension 'python'
[1.693s] Level 1:colcon.colcon_core.package_identification:_identify(joy2twist.yaml) by extensions ['python_setup_py']
[1.694s] Level 1:colcon.colcon_core.package_identification:_identify(joy2twist.yaml) by extension 'python_setup_py'
[1.694s] Level 1:colcon.colcon_core.package_identification:_identify(log) by extensions ['ignore', 'ignore_ament_install']
[1.695s] Level 1:colcon.colcon_core.package_identification:_identify(log) by extension 'ignore'
[1.695s] Level 1:colcon.colcon_core.package_identification:_identify(log) ignored
[1.695s] Level 1:colcon.colcon_core.package_identification:_identify(src) by extensions ['ignore', 'ignore_ament_install']
[1.696s] Level 1:colcon.colcon_core.package_identification:_identify(src) by extension 'ignore'
[1.696s] Level 1:colcon.colcon_core.package_identification:_identify(src) by extension 'ignore_ament_install'
[1.696s] Level 1:colcon.colcon_core.package_identification:_identify(src) by extensions ['colcon_pkg']
[1.697s] Level 1:colcon.colcon_core.package_identification:_identify(src) by extension 'colcon_pkg'
[1.697s] Level 1:colcon.colcon_core.package_identification:_identify(src) by extensions ['colcon_meta']
[1.697s] Level 1:colcon.colcon_core.package_identification:_identify(src) by extension 'colcon_meta'
[1.697s] Level 1:colcon.colcon_core.package_identification:_identify(src) by extensions ['ros']
[1.697s] Level 1:colcon.colcon_core.package_identification:_identify(src) by extension 'ros'
[1.698s] Level 1:colcon.colcon_core.package_identification:_identify(src) by extensions ['cmake', 'python']
[1.698s] Level 1:colcon.colcon_core.package_identification:_identify(src) by extension 'cmake'
[1.698s] Level 1:colcon.colcon_core.package_identification:_identify(src) by extension 'python'
[1.699s] Level 1:colcon.colcon_core.package_identification:_identify(src) by extensions ['python_setup_py']
[1.699s] Level 1:colcon.colcon_core.package_identification:_identify(src) by extension 'python_setup_py'
[1.699s] Level 1:colcon.colcon_core.package_identification:_identify(src/bno055) by extensions ['ignore', 'ignore_ament_install']
[1.700s] Level 1:colcon.colcon_core.package_identification:_identify(src/bno055) by extension 'ignore'
[1.700s] Level 1:colcon.colcon_core.package_identification:_identify(src/bno055) by extension 'ignore_ament_install'
[1.700s] Level 1:colcon.colcon_core.package_identification:_identify(src/bno055) by extensions ['colcon_pkg']
[1.701s] Level 1:colcon.colcon_core.package_identification:_identify(src/bno055) by extension 'colcon_pkg'
[1.701s] Level 1:colcon.colcon_core.package_identification:_identify(src/bno055) by extensions ['colcon_meta']
[1.701s] Level 1:colcon.colcon_core.package_identification:_identify(src/bno055) by extension 'colcon_meta'
[1.701s] Level 1:colcon.colcon_core.package_identification:_identify(src/bno055) by extensions ['ros']
[1.702s] Level 1:colcon.colcon_core.package_identification:_identify(src/bno055) by extension 'ros'
[1.718s] DEBUG:colcon.colcon_core.package_identification:Package 'src/bno055' with type 'ros.ament_python' and name 'bno055'
[1.719s] Level 1:colcon.colcon_core.package_identification:_identify(src/joystick_publisher) by extensions ['ignore', 'ignore_ament_install']
[1.719s] Level 1:colcon.colcon_core.package_identification:_identify(src/joystick_publisher) by extension 'ignore'
[1.719s] Level 1:colcon.colcon_core.package_identification:_identify(src/joystick_publisher) by extension 'ignore_ament_install'
[1.720s] Level 1:colcon.colcon_core.package_identification:_identify(src/joystick_publisher) by extensions ['colcon_pkg']
[1.720s] Level 1:colcon.colcon_core.package_identification:_identify(src/joystick_publisher) by extension 'colcon_pkg'
[1.720s] Level 1:colcon.colcon_core.package_identification:_identify(src/joystick_publisher) by extensions ['colcon_meta']
[1.720s] Level 1:colcon.colcon_core.package_identification:_identify(src/joystick_publisher) by extension 'colcon_meta'
[1.721s] Level 1:colcon.colcon_core.package_identification:_identify(src/joystick_publisher) by extensions ['ros']
[1.721s] Level 1:colcon.colcon_core.package_identification:_identify(src/joystick_publisher) by extension 'ros'
[1.724s] DEBUG:colcon.colcon_core.package_identification:Package 'src/joystick_publisher' with type 'ros.ament_python' and name 'joystick_publisher'
[1.725s] Level 1:colcon.colcon_core.package_identification:_identify(src/locolization) by extensions ['ignore', 'ignore_ament_install']
[1.726s] Level 1:colcon.colcon_core.package_identification:_identify(src/locolization) by extension 'ignore'
[1.726s] Level 1:colcon.colcon_core.package_identification:_identify(src/locolization) by extension 'ignore_ament_install'
[1.727s] Level 1:colcon.colcon_core.package_identification:_identify(src/locolization) by extensions ['colcon_pkg']
[1.727s] Level 1:colcon.colcon_core.package_identification:_identify(src/locolization) by extension 'colcon_pkg'
[1.727s] Level 1:colcon.colcon_core.package_identification:_identify(src/locolization) by extensions ['colcon_meta']
[1.727s] Level 1:colcon.colcon_core.package_identification:_identify(src/locolization) by extension 'colcon_meta'
[1.727s] Level 1:colcon.colcon_core.package_identification:_identify(src/locolization) by extensions ['ros']
[1.728s] Level 1:colcon.colcon_core.package_identification:_identify(src/locolization) by extension 'ros'
[1.730s] DEBUG:colcon.colcon_core.package_identification:Package 'src/locolization' with type 'ros.ament_python' and name 'locolization'
[1.731s] Level 1:colcon.colcon_core.package_identification:_identify(src/motor_commands) by extensions ['ignore', 'ignore_ament_install']
[1.732s] Level 1:colcon.colcon_core.package_identification:_identify(src/motor_commands) by extension 'ignore'
[1.732s] Level 1:colcon.colcon_core.package_identification:_identify(src/motor_commands) by extension 'ignore_ament_install'
[1.733s] Level 1:colcon.colcon_core.package_identification:_identify(src/motor_commands) by extensions ['colcon_pkg']
[1.733s] Level 1:colcon.colcon_core.package_identification:_identify(src/motor_commands) by extension 'colcon_pkg'
[1.733s] Level 1:colcon.colcon_core.package_identification:_identify(src/motor_commands) by extensions ['colcon_meta']
[1.733s] Level 1:colcon.colcon_core.package_identification:_identify(src/motor_commands) by extension 'colcon_meta'
[1.734s] Level 1:colcon.colcon_core.package_identification:_identify(src/motor_commands) by extensions ['ros']
[1.734s] Level 1:colcon.colcon_core.package_identification:_identify(src/motor_commands) by extension 'ros'
[1.738s] DEBUG:colcon.colcon_core.package_identification:Package 'src/motor_commands' with type 'ros.ament_python' and name 'motor_commands'
[1.739s] Level 1:colcon.colcon_core.package_identification:_identify(src/motor_serial) by extensions ['ignore', 'ignore_ament_install']
[1.739s] Level 1:colcon.colcon_core.package_identification:_identify(src/motor_serial) by extension 'ignore'
[1.739s] Level 1:colcon.colcon_core.package_identification:_identify(src/motor_serial) by extension 'ignore_ament_install'
[1.740s] Level 1:colcon.colcon_core.package_identification:_identify(src/motor_serial) by extensions ['colcon_pkg']
[1.740s] Level 1:colcon.colcon_core.package_identification:_identify(src/motor_serial) by extension 'colcon_pkg'
[1.740s] Level 1:colcon.colcon_core.package_identification:_identify(src/motor_serial) by extensions ['colcon_meta']
[1.740s] Level 1:colcon.colcon_core.package_identification:_identify(src/motor_serial) by extension 'colcon_meta'
[1.741s] Level 1:colcon.colcon_core.package_identification:_identify(src/motor_serial) by extensions ['ros']
[1.741s] Level 1:colcon.colcon_core.package_identification:_identify(src/motor_serial) by extension 'ros'
[1.744s] DEBUG:colcon.colcon_core.package_identification:Package 'src/motor_serial' with type 'ros.ament_python' and name 'motor_serial'
[1.745s] Level 1:colcon.colcon_core.package_identification:_identify(src/my_parameters) by extensions ['ignore', 'ignore_ament_install']
[1.745s] Level 1:colcon.colcon_core.package_identification:_identify(src/my_parameters) by extension 'ignore'
[1.746s] Level 1:colcon.colcon_core.package_identification:_identify(src/my_parameters) by extension 'ignore_ament_install'
[1.746s] Level 1:colcon.colcon_core.package_identification:_identify(src/my_parameters) by extensions ['colcon_pkg']
[1.746s] Level 1:colcon.colcon_core.package_identification:_identify(src/my_parameters) by extension 'colcon_pkg'
[1.746s] Level 1:colcon.colcon_core.package_identification:_identify(src/my_parameters) by extensions ['colcon_meta']
[1.747s] Level 1:colcon.colcon_core.package_identification:_identify(src/my_parameters) by extension 'colcon_meta'
[1.747s] Level 1:colcon.colcon_core.package_identification:_identify(src/my_parameters) by extensions ['ros']
[1.747s] Level 1:colcon.colcon_core.package_identification:_identify(src/my_parameters) by extension 'ros'
[1.751s] DEBUG:colcon.colcon_core.package_identification:Package 'src/my_parameters' with type 'ros.ament_cmake' and name 'my_parameters'
[1.752s] Level 1:colcon.colcon_core.package_identification:_identify(src/sllidar_ros2) by extensions ['ignore', 'ignore_ament_install']
[1.752s] Level 1:colcon.colcon_core.package_identification:_identify(src/sllidar_ros2) by extension 'ignore'
[1.753s] Level 1:colcon.colcon_core.package_identification:_identify(src/sllidar_ros2) by extension 'ignore_ament_install'
[1.753s] Level 1:colcon.colcon_core.package_identification:_identify(src/sllidar_ros2) by extensions ['colcon_pkg']
[1.753s] Level 1:colcon.colcon_core.package_identification:_identify(src/sllidar_ros2) by extension 'colcon_pkg'
[1.754s] Level 1:colcon.colcon_core.package_identification:_identify(src/sllidar_ros2) by extensions ['colcon_meta']
[1.754s] Level 1:colcon.colcon_core.package_identification:_identify(src/sllidar_ros2) by extension 'colcon_meta'
[1.754s] Level 1:colcon.colcon_core.package_identification:_identify(src/sllidar_ros2) by extensions ['ros']
[1.754s] Level 1:colcon.colcon_core.package_identification:_identify(src/sllidar_ros2) by extension 'ros'
[1.759s] DEBUG:colcon.colcon_core.package_identification:Package 'src/sllidar_ros2' with type 'ros.ament_cmake' and name 'sllidar_ros2'
[1.759s] Level 1:colcon.colcon_core.package_discovery:discover_packages(recursive) using defaults
[1.759s] Level 1:colcon.colcon_core.package_discovery:discover_packages(ignore) discover
[1.759s] Level 1:colcon.colcon_core.package_discovery:discover_packages(ignore) using defaults
[1.759s] Level 1:colcon.colcon_core.package_discovery:discover_packages(path) discover
[1.760s] Level 1:colcon.colcon_core.package_discovery:discover_packages(path) using defaults
[1.900s] INFO:colcon.colcon_core.package_selection:Skipping not selected package 'bno055' in 'src/bno055'
[1.900s] INFO:colcon.colcon_core.package_selection:Skipping not selected package 'joystick_publisher' in 'src/joystick_publisher'
[1.900s] INFO:colcon.colcon_core.package_selection:Skipping not selected package 'motor_commands' in 'src/motor_commands'
[1.900s] INFO:colcon.colcon_core.package_selection:Skipping not selected package 'motor_serial' in 'src/motor_serial'
[1.900s] INFO:colcon.colcon_core.package_selection:Skipping not selected package 'my_parameters' in 'src/my_parameters'
[1.901s] INFO:colcon.colcon_core.package_selection:Skipping not selected package 'sllidar_ros2' in 'src/sllidar_ros2'
[1.904s] Level 1:colcon.colcon_core.package_discovery:discover_packages(prefix_path) check parameters
[1.904s] Level 1:colcon.colcon_core.package_discovery:discover_packages(prefix_path) discover
[1.921s] DEBUG:colcon.colcon_installed_package_information.package_discovery:Found 5 installed packages in /home/pi2/ros2_ws/install
[1.933s] DEBUG:colcon.colcon_installed_package_information.package_discovery:Found 284 installed packages in /opt/ros/humble
[1.940s] Level 1:colcon.colcon_core.package_discovery:discover_packages(prefix_path) using defaults
[2.333s] Level 5:colcon.colcon_core.verb:set package 'locolization' build argument 'cmake_args' from command line to 'None'
[2.333s] Level 5:colcon.colcon_core.verb:set package 'locolization' build argument 'cmake_target' from command line to 'None'
[2.333s] Level 5:colcon.colcon_core.verb:set package 'locolization' build argument 'cmake_target_skip_unavailable' from command line to 'False'
[2.333s] Level 5:colcon.colcon_core.verb:set package 'locolization' build argument 'cmake_clean_cache' from command line to 'False'
[2.334s] Level 5:colcon.colcon_core.verb:set package 'locolization' build argument 'cmake_clean_first' from command line to 'False'
[2.334s] Level 5:colcon.colcon_core.verb:set package 'locolization' build argument 'cmake_force_configure' from command line to 'False'
[2.334s] Level 5:colcon.colcon_core.verb:set package 'locolization' build argument 'ament_cmake_args' from command line to 'None'
[2.334s] Level 5:colcon.colcon_core.verb:set package 'locolization' build argument 'catkin_cmake_args' from command line to 'None'
[2.334s] Level 5:colcon.colcon_core.verb:set package 'locolization' build argument 'catkin_skip_building_tests' from command line to 'False'
[2.334s] DEBUG:colcon.colcon_core.verb:Building package 'locolization' with the following arguments: {'ament_cmake_args': None, 'build_base': '/home/pi2/ros2_ws/build/locolization', 'catkin_cmake_args': None, 'catkin_skip_building_tests': False, 'cmake_args': None, 'cmake_clean_cache': False, 'cmake_clean_first': False, 'cmake_force_configure': False, 'cmake_target': None, 'cmake_target_skip_unavailable': False, 'install_base': '/home/pi2/ros2_ws/install/locolization', 'merge_install': False, 'path': '/home/pi2/ros2_ws/src/locolization', 'symlink_install': False, 'test_result_base': None}
[2.335s] INFO:colcon.colcon_core.executor:Executing jobs using 'parallel' executor
[2.339s] DEBUG:colcon.colcon_parallel_executor.executor.parallel:run_until_complete
[2.340s] INFO:colcon.colcon_ros.task.ament_python.build:Building ROS package in '/home/pi2/ros2_ws/src/locolization' with build type 'ament_python'
[2.341s] Level 1:colcon.colcon_core.shell:create_environment_hook('locolization', 'ament_prefix_path')
[2.358s] INFO:colcon.colcon_core.plugin_system:Skipping extension 'colcon_core.shell.bat': Not used on non-Windows systems
[2.359s] INFO:colcon.colcon_core.shell:Creating environment hook '/home/pi2/ros2_ws/install/locolization/share/locolization/hook/ament_prefix_path.ps1'
[2.364s] INFO:colcon.colcon_core.shell:Creating environment descriptor '/home/pi2/ros2_ws/install/locolization/share/locolization/hook/ament_prefix_path.dsv'
[2.367s] INFO:colcon.colcon_core.shell:Creating environment hook '/home/pi2/ros2_ws/install/locolization/share/locolization/hook/ament_prefix_path.sh'
[2.371s] INFO:colcon.colcon_core.shell:Skip shell extension 'powershell' for command environment: Not usable outside of PowerShell
[2.372s] DEBUG:colcon.colcon_core.shell:Skip shell extension 'dsv' for command environment
[3.925s] INFO:colcon.colcon_core.task.python.build:Building Python package in '/home/pi2/ros2_ws/src/locolization'
[3.926s] INFO:colcon.colcon_core.shell:Skip shell extension 'powershell' for command environment: Not usable outside of PowerShell
[3.926s] DEBUG:colcon.colcon_core.shell:Skip shell extension 'dsv' for command environment
[6.524s] DEBUG:colcon.colcon_core.event_handler.log_command:Invoking command in '/home/pi2/ros2_ws/src/locolization': PYTHONPATH=/home/pi2/ros2_ws/build/locolization/prefix_override:/usr/lib/python3/dist-packages/colcon_core/task/python/colcon_distutils_commands:/home/pi2/ros2_ws/install/locolization/lib/python3.10/site-packages:${PYTHONPATH} /usr/bin/python3 -W ignore:setup.py install is deprecated setup.py egg_info --egg-base ../../build/locolization build --build-base /home/pi2/ros2_ws/build/locolization/build install --record /home/pi2/ros2_ws/build/locolization/install.log --single-version-externally-managed install_data
[8.245s] DEBUG:colcon.colcon_core.event_handler.log_command:Invoked command in '/home/pi2/ros2_ws/src/locolization' returned '0': PYTHONPATH=/home/pi2/ros2_ws/build/locolization/prefix_override:/usr/lib/python3/dist-packages/colcon_core/task/python/colcon_distutils_commands:/home/pi2/ros2_ws/install/locolization/lib/python3.10/site-packages:${PYTHONPATH} /usr/bin/python3 -W ignore:setup.py install is deprecated setup.py egg_info --egg-base ../../build/locolization build --build-base /home/pi2/ros2_ws/build/locolization/build install --record /home/pi2/ros2_ws/build/locolization/install.log --single-version-externally-managed install_data
[8.266s] Level 1:colcon.colcon_core.environment:checking '/home/pi2/ros2_ws/install/locolization' for CMake module files
[8.269s] Level 1:colcon.colcon_core.environment:checking '/home/pi2/ros2_ws/install/locolization' for CMake config files
[8.273s] Level 1:colcon.colcon_core.environment:checking '/home/pi2/ros2_ws/install/locolization/lib'
[8.274s] Level 1:colcon.colcon_core.environment:checking '/home/pi2/ros2_ws/install/locolization/bin'
[8.274s] Level 1:colcon.colcon_core.environment:checking '/home/pi2/ros2_ws/install/locolization/lib/pkgconfig/locolization.pc'
[8.276s] Level 1:colcon.colcon_core.environment:checking '/home/pi2/ros2_ws/install/locolization/lib/python3.10/site-packages'
[8.276s] Level 1:colcon.colcon_core.shell:create_environment_hook('locolization', 'pythonpath')
[8.277s] INFO:colcon.colcon_core.shell:Creating environment hook '/home/pi2/ros2_ws/install/locolization/share/locolization/hook/pythonpath.ps1'
[8.279s] INFO:colcon.colcon_core.shell:Creating environment descriptor '/home/pi2/ros2_ws/install/locolization/share/locolization/hook/pythonpath.dsv'
[8.281s] INFO:colcon.colcon_core.shell:Creating environment hook '/home/pi2/ros2_ws/install/locolization/share/locolization/hook/pythonpath.sh'
[8.283s] Level 1:colcon.colcon_core.environment:checking '/home/pi2/ros2_ws/install/locolization/bin'
[8.284s] Level 1:colcon.colcon_core.environment:create_environment_scripts_only(locolization)
[8.285s] INFO:colcon.colcon_core.shell:Creating package script '/home/pi2/ros2_ws/install/locolization/share/locolization/package.ps1'
[8.291s] INFO:colcon.colcon_core.shell:Creating package descriptor '/home/pi2/ros2_ws/install/locolization/share/locolization/package.dsv'
[8.294s] INFO:colcon.colcon_core.shell:Creating package script '/home/pi2/ros2_ws/install/locolization/share/locolization/package.sh'
[8.298s] INFO:colcon.colcon_core.shell:Creating package script '/home/pi2/ros2_ws/install/locolization/share/locolization/package.bash'
[8.303s] INFO:colcon.colcon_core.shell:Creating package script '/home/pi2/ros2_ws/install/locolization/share/locolization/package.zsh'
[8.307s] Level 1:colcon.colcon_core.environment:create_file_with_runtime_dependencies(/home/pi2/ros2_ws/install/locolization/share/colcon-core/packages/locolization)
[8.309s] DEBUG:colcon.colcon_parallel_executor.executor.parallel:closing loop
[8.310s] DEBUG:colcon.colcon_parallel_executor.executor.parallel:loop closed
[8.311s] DEBUG:colcon.colcon_parallel_executor.executor.parallel:run_until_complete finished with '0'
[8.311s] DEBUG:colcon.colcon_core.event_reactor:joining thread
[8.363s] INFO:colcon.colcon_core.plugin_system:Skipping extension 'colcon_notification.desktop_notification.notify_send': Could not find 'notify-send'
[8.364s] INFO:colcon.colcon_core.plugin_system:Skipping extension 'colcon_notification.desktop_notification.terminal_notifier': Not used on non-Darwin systems
[8.364s] INFO:colcon.colcon_core.plugin_system:Skipping extension 'colcon_notification.desktop_notification.win32': Not used on non-Windows systems
[8.365s] INFO:colcon.colcon_notification.desktop_notification:Sending desktop notification using 'notify2'
[8.369s] DEBUG:colcon.colcon_notification.desktop_notification.notify2:Failed to initialize notify2: org.freedesktop.DBus.Error.ServiceUnknown: The name org.freedesktop.Notifications was not provided by any .service files
[8.370s] DEBUG:colcon.colcon_core.event_reactor:joined thread
[8.371s] INFO:colcon.colcon_core.shell:Creating prefix script '/home/pi2/ros2_ws/install/local_setup.ps1'
[8.378s] INFO:colcon.colcon_core.shell:Creating prefix util module '/home/pi2/ros2_ws/install/_local_setup_util_ps1.py'
[8.386s] INFO:colcon.colcon_core.shell:Creating prefix chain script '/home/pi2/ros2_ws/install/setup.ps1'
[8.394s] INFO:colcon.colcon_core.shell:Creating prefix script '/home/pi2/ros2_ws/install/local_setup.sh'
[8.398s] INFO:colcon.colcon_core.shell:Creating prefix util module '/home/pi2/ros2_ws/install/_local_setup_util_sh.py'
[8.401s] INFO:colcon.colcon_core.shell:Creating prefix chain script '/home/pi2/ros2_ws/install/setup.sh'
[8.409s] INFO:colcon.colcon_core.shell:Creating prefix script '/home/pi2/ros2_ws/install/local_setup.bash'
[8.413s] INFO:colcon.colcon_core.shell:Creating prefix chain script '/home/pi2/ros2_ws/install/setup.bash'
[8.420s] INFO:colcon.colcon_core.shell:Creating prefix script '/home/pi2/ros2_ws/install/local_setup.zsh'
[8.424s] INFO:colcon.colcon_core.shell:Creating prefix chain script '/home/pi2/ros2_ws/install/setup.zsh'
