[8.512s] Invoking command in '/home/pi2/ros2_ws/src/motor_commands': PYTHONPATH=/home/pi2/ros2_ws/build/motor_commands/prefix_override:/usr/lib/python3/dist-packages/colcon_core/task/python/colcon_distutils_commands:/home/pi2/ros2_ws/install/motor_commands/lib/python3.10/site-packages:${PYTHONPATH} /usr/bin/python3 -W ignore:setup.py install is deprecated setup.py egg_info --egg-base ../../build/motor_commands build --build-base /home/pi2/ros2_ws/build/motor_commands/build install --record /home/pi2/ros2_ws/build/motor_commands/install.log --single-version-externally-managed install_data
[12.017s] running egg_info
[12.024s] writing ../../build/motor_commands/motor_commands.egg-info/PKG-INFO
[12.027s] writing dependency_links to ../../build/motor_commands/motor_commands.egg-info/dependency_links.txt
[12.029s] writing entry points to ../../build/motor_commands/motor_commands.egg-info/entry_points.txt
[12.031s] writing requirements to ../../build/motor_commands/motor_commands.egg-info/requires.txt
[12.032s] writing top-level names to ../../build/motor_commands/motor_commands.egg-info/top_level.txt
[12.060s] reading manifest file '../../build/motor_commands/motor_commands.egg-info/SOURCES.txt'
[12.071s] writing manifest file '../../build/motor_commands/motor_commands.egg-info/SOURCES.txt'
[12.073s] running build
[12.073s] running build_py
[12.076s] copying motor_commands/transmit_command.py -> /home/pi2/ros2_ws/build/motor_commands/build/lib/motor_commands
[12.079s] running install
[12.083s] running install_lib
[12.093s] copying /home/pi2/ros2_ws/build/motor_commands/build/lib/motor_commands/transmit_command.py -> /home/pi2/ros2_ws/install/motor_commands/lib/python3.10/site-packages/motor_commands
[12.101s] byte-compiling /home/pi2/ros2_ws/install/motor_commands/lib/python3.10/site-packages/motor_commands/transmit_command.py to transmit_command.cpython-310.pyc
[12.112s] running install_data
[12.113s] running install_egg_info
[12.132s] removing '/home/pi2/ros2_ws/install/motor_commands/lib/python3.10/site-packages/motor_commands-0.0.0-py3.10.egg-info' (and everything under it)
[12.137s] Copying ../../build/motor_commands/motor_commands.egg-info to /home/pi2/ros2_ws/install/motor_commands/lib/python3.10/site-packages/motor_commands-0.0.0-py3.10.egg-info
[12.156s] running install_scripts
[12.374s] Installing motor_commands script to /home/pi2/ros2_ws/install/motor_commands/lib/motor_commands
[12.376s] Installing transmit_command script to /home/pi2/ros2_ws/install/motor_commands/lib/motor_commands
[12.380s] writing list of installed files to '/home/pi2/ros2_ws/build/motor_commands/install.log'
[12.593s] Invoked command in '/home/pi2/ros2_ws/src/motor_commands' returned '0': PYTHONPATH=/home/pi2/ros2_ws/build/motor_commands/prefix_override:/usr/lib/python3/dist-packages/colcon_core/task/python/colcon_distutils_commands:/home/pi2/ros2_ws/install/motor_commands/lib/python3.10/site-packages:${PYTHONPATH} /usr/bin/python3 -W ignore:setup.py install is deprecated setup.py egg_info --egg-base ../../build/motor_commands build --build-base /home/pi2/ros2_ws/build/motor_commands/build install --record /home/pi2/ros2_ws/build/motor_commands/install.log --single-version-externally-managed install_data
