[6.639s] Invoking command in '/home/pi2/ros2_ws/src/motor_commands': PYTHONPATH=/home/pi2/ros2_ws/build/motor_commands/prefix_override:/usr/lib/python3/dist-packages/colcon_core/task/python/colcon_distutils_commands:/home/pi2/ros2_ws/install/motor_commands/lib/python3.10/site-packages:${PYTHONPATH} /usr/bin/python3 -W ignore:setup.py install is deprecated setup.py egg_info --egg-base ../../build/motor_commands build --build-base /home/pi2/ros2_ws/build/motor_commands/build install --record /home/pi2/ros2_ws/build/motor_commands/install.log --single-version-externally-managed install_data
[8.782s] running egg_info
[8.791s] writing ../../build/motor_commands/motor_commands.egg-info/PKG-INFO
[8.796s] writing dependency_links to ../../build/motor_commands/motor_commands.egg-info/dependency_links.txt
[8.799s] writing entry points to ../../build/motor_commands/motor_commands.egg-info/entry_points.txt
[8.800s] writing requirements to ../../build/motor_commands/motor_commands.egg-info/requires.txt
[8.801s] writing top-level names to ../../build/motor_commands/motor_commands.egg-info/top_level.txt
[8.809s] reading manifest file '../../build/motor_commands/motor_commands.egg-info/SOURCES.txt'
[8.817s] writing manifest file '../../build/motor_commands/motor_commands.egg-info/SOURCES.txt'
[8.818s] running build
[8.818s] running build_py
[8.821s] running install
[8.827s] running install_lib
[8.836s] running install_data
[8.839s] running install_egg_info
[8.850s] removing '/home/pi2/ros2_ws/install/motor_commands/lib/python3.10/site-packages/motor_commands-0.0.0-py3.10.egg-info' (and everything under it)
[8.861s] Copying ../../build/motor_commands/motor_commands.egg-info to /home/pi2/ros2_ws/install/motor_commands/lib/python3.10/site-packages/motor_commands-0.0.0-py3.10.egg-info
[8.876s] running install_scripts
[9.025s] Installing motor_commands script to /home/pi2/ros2_ws/install/motor_commands/lib/motor_commands
[9.032s] Installing transmit_command script to /home/pi2/ros2_ws/install/motor_commands/lib/motor_commands
[9.034s] writing list of installed files to '/home/pi2/ros2_ws/build/motor_commands/install.log'
[9.265s] Invoked command in '/home/pi2/ros2_ws/src/motor_commands' returned '0': PYTHONPATH=/home/pi2/ros2_ws/build/motor_commands/prefix_override:/usr/lib/python3/dist-packages/colcon_core/task/python/colcon_distutils_commands:/home/pi2/ros2_ws/install/motor_commands/lib/python3.10/site-packages:${PYTHONPATH} /usr/bin/python3 -W ignore:setup.py install is deprecated setup.py egg_info --egg-base ../../build/motor_commands build --build-base /home/pi2/ros2_ws/build/motor_commands/build install --record /home/pi2/ros2_ws/build/motor_commands/install.log --single-version-externally-managed install_data
