[31mCMake Error at CMakeLists.txt:50 (add_library):
  Target "nav2_spin_behavior" links to target "smclib::smclib_header" but the
  target was not found.  Perhaps a find_package() call is missing for an
  IMPORTED target, or an ALIAS target is missing?

[0m
[31mCMake Error at CMakeLists.txt:50 (add_library):
  Target "nav2_spin_behavior" links to target "smclib::smclib_header" but the
  target was not found.  Perhaps a find_package() call is missing for an
  IMPORTED target, or an ALIAS target is missing?

[0m
[31mCMake Error at CMakeLists.txt:50 (add_library):
  Target "nav2_spin_behavior" links to target "smclib::smclib_header" but the
  target was not found.  Perhaps a find_package() call is missing for an
  IMPORTED target, or an ALIAS target is missing?

[0m
[31mCMake Error at CMakeLists.txt:50 (add_library):
  Target "nav2_spin_behavior" links to target "smclib::smclib_header" but the
  target was not found.  Perhaps a find_package() call is missing for an
  IMPORTED target, or an ALIAS target is missing?

[0m
[31mCMake Error at CMakeLists.txt:50 (add_library):
  Target "nav2_spin_behavior" links to target "smclib::smclib_header" but the
  target was not found.  Perhaps a find_package() call is missing for an
  IMPORTED target, or an ALIAS target is missing?

[0m
[31mCMake Error at CMakeLists.txt:58 (add_library):
  Target "nav2_wait_behavior" links to target "smclib::smclib_header" but the
  target was not found.  Perhaps a find_package() call is missing for an
  IMPORTED target, or an ALIAS target is missing?

[0m
[31mCMake Error at CMakeLists.txt:58 (add_library):
  Target "nav2_wait_behavior" links to target "smclib::smclib_header" but the
  target was not found.  Perhaps a find_package() call is missing for an
  IMPORTED target, or an ALIAS target is missing?

[0m
[31mCMake Error at CMakeLists.txt:58 (add_library):
  Target "nav2_wait_behavior" links to target "smclib::smclib_header" but the
  target was not found.  Perhaps a find_package() call is missing for an
  IMPORTED target, or an ALIAS target is missing?

[0m
[31mCMake Error at CMakeLists.txt:58 (add_library):
  Target "nav2_wait_behavior" links to target "smclib::smclib_header" but the
  target was not found.  Perhaps a find_package() call is missing for an
  IMPORTED target, or an ALIAS target is missing?

[0m
[31mCMake Error at CMakeLists.txt:58 (add_library):
  Target "nav2_wait_behavior" links to target "smclib::smclib_header" but the
  target was not found.  Perhaps a find_package() call is missing for an
  IMPORTED target, or an ALIAS target is missing?

[0m
[31mCMake Error at CMakeLists.txt:66 (add_library):
  Target "nav2_drive_on_heading_behavior" links to target
  "smclib::smclib_header" but the target was not found.  Perhaps a
  find_package() call is missing for an IMPORTED target, or an ALIAS target
  is missing?

[0m
[31mCMake Error at CMakeLists.txt:66 (add_library):
  Target "nav2_drive_on_heading_behavior" links to target
  "smclib::smclib_header" but the target was not found.  Perhaps a
  find_package() call is missing for an IMPORTED target, or an ALIAS target
  is missing?

[0m
[31mCMake Error at CMakeLists.txt:66 (add_library):
  Target "nav2_drive_on_heading_behavior" links to target
  "smclib::smclib_header" but the target was not found.  Perhaps a
  find_package() call is missing for an IMPORTED target, or an ALIAS target
  is missing?

[0m
[31mCMake Error at CMakeLists.txt:66 (add_library):
  Target "nav2_drive_on_heading_behavior" links to target
  "smclib::smclib_header" but the target was not found.  Perhaps a
  find_package() call is missing for an IMPORTED target, or an ALIAS target
  is missing?

[0m
[31mCMake Error at CMakeLists.txt:66 (add_library):
  Target "nav2_drive_on_heading_behavior" links to target
  "smclib::smclib_header" but the target was not found.  Perhaps a
  find_package() call is missing for an IMPORTED target, or an ALIAS target
  is missing?

[0m
[31mCMake Error at CMakeLists.txt:74 (add_library):
  Target "nav2_back_up_behavior" links to target "smclib::smclib_header" but
  the target was not found.  Perhaps a find_package() call is missing for an
  IMPORTED target, or an ALIAS target is missing?

[0m
[31mCMake Error at CMakeLists.txt:74 (add_library):
  Target "nav2_back_up_behavior" links to target "smclib::smclib_header" but
  the target was not found.  Perhaps a find_package() call is missing for an
  IMPORTED target, or an ALIAS target is missing?

[0m
[31mCMake Error at CMakeLists.txt:74 (add_library):
  Target "nav2_back_up_behavior" links to target "smclib::smclib_header" but
  the target was not found.  Perhaps a find_package() call is missing for an
  IMPORTED target, or an ALIAS target is missing?

[0m
[31mCMake Error at CMakeLists.txt:74 (add_library):
  Target "nav2_back_up_behavior" links to target "smclib::smclib_header" but
  the target was not found.  Perhaps a find_package() call is missing for an
  IMPORTED target, or an ALIAS target is missing?

[0m
[31mCMake Error at CMakeLists.txt:74 (add_library):
  Target "nav2_back_up_behavior" links to target "smclib::smclib_header" but
  the target was not found.  Perhaps a find_package() call is missing for an
  IMPORTED target, or an ALIAS target is missing?

[0m
[31mCMake Error at CMakeLists.txt:82 (add_library):
  Target "nav2_assisted_teleop_behavior" links to target
  "smclib::smclib_header" but the target was not found.  Perhaps a
  find_package() call is missing for an IMPORTED target, or an ALIAS target
  is missing?

[0m
[31mCMake Error at CMakeLists.txt:82 (add_library):
  Target "nav2_assisted_teleop_behavior" links to target
  "smclib::smclib_header" but the target was not found.  Perhaps a
  find_package() call is missing for an IMPORTED target, or an ALIAS target
  is missing?

[0m
[31mCMake Error at CMakeLists.txt:82 (add_library):
  Target "nav2_assisted_teleop_behavior" links to target
  "smclib::smclib_header" but the target was not found.  Perhaps a
  find_package() call is missing for an IMPORTED target, or an ALIAS target
  is missing?

[0m
[31mCMake Error at CMakeLists.txt:82 (add_library):
  Target "nav2_assisted_teleop_behavior" links to target
  "smclib::smclib_header" but the target was not found.  Perhaps a
  find_package() call is missing for an IMPORTED target, or an ALIAS target
  is missing?

[0m
[31mCMake Error at CMakeLists.txt:82 (add_library):
  Target "nav2_assisted_teleop_behavior" links to target
  "smclib::smclib_header" but the target was not found.  Perhaps a
  find_package() call is missing for an IMPORTED target, or an ALIAS target
  is missing?

[0m
[31mCMake Error at CMakeLists.txt:93 (add_library):
  Target "behavior_server_core" links to target "smclib::smclib_header" but
  the target was not found.  Perhaps a find_package() call is missing for an
  IMPORTED target, or an ALIAS target is missing?

[0m
[31mCMake Error at CMakeLists.txt:93 (add_library):
  Target "behavior_server_core" links to target "smclib::smclib_header" but
  the target was not found.  Perhaps a find_package() call is missing for an
  IMPORTED target, or an ALIAS target is missing?

[0m
[31mCMake Error at CMakeLists.txt:93 (add_library):
  Target "behavior_server_core" links to target "smclib::smclib_header" but
  the target was not found.  Perhaps a find_package() call is missing for an
  IMPORTED target, or an ALIAS target is missing?

[0m
[31mCMake Error at CMakeLists.txt:93 (add_library):
  Target "behavior_server_core" links to target "smclib::smclib_header" but
  the target was not found.  Perhaps a find_package() call is missing for an
  IMPORTED target, or an ALIAS target is missing?

[0m
[31mCMake Error at CMakeLists.txt:93 (add_library):
  Target "behavior_server_core" links to target "smclib::smclib_header" but
  the target was not found.  Perhaps a find_package() call is missing for an
  IMPORTED target, or an ALIAS target is missing?

[0m
[31mCMake Error at CMakeLists.txt:102 (add_executable):
  Target "behavior_server" links to target "smclib::smclib_header" but the
  target was not found.  Perhaps a find_package() call is missing for an
  IMPORTED target, or an ALIAS target is missing?

[0m
[31mCMake Error at CMakeLists.txt:102 (add_executable):
  Target "behavior_server" links to target "smclib::smclib_header" but the
  target was not found.  Perhaps a find_package() call is missing for an
  IMPORTED target, or an ALIAS target is missing?

[0m
[31mCMake Error at CMakeLists.txt:102 (add_executable):
  Target "behavior_server" links to target "smclib::smclib_header" but the
  target was not found.  Perhaps a find_package() call is missing for an
  IMPORTED target, or an ALIAS target is missing?

[0m
[31mCMake Error at CMakeLists.txt:102 (add_executable):
  Target "behavior_server" links to target "smclib::smclib_header" but the
  target was not found.  Perhaps a find_package() call is missing for an
  IMPORTED target, or an ALIAS target is missing?

[0m
[31mCMake Error at CMakeLists.txt:102 (add_executable):
  Target "behavior_server" links to target "smclib::smclib_header" but the
  target was not found.  Perhaps a find_package() call is missing for an
  IMPORTED target, or an ALIAS target is missing?

[0m
[31mCMake Error at CMakeLists.txt:102 (add_executable):
  Target "behavior_server" links to target "smclib::smclib_header" but the
  target was not found.  Perhaps a find_package() call is missing for an
  IMPORTED target, or an ALIAS target is missing?

[0m
[31mCMake Error at /opt/ros/humble/share/ament_cmake_gtest/cmake/ament_add_gtest_executable.cmake:50 (add_executable):
  Target "test_behaviors" links to target "smclib::smclib_header" but the
  target was not found.  Perhaps a find_package() call is missing for an
  IMPORTED target, or an ALIAS target is missing?
Call Stack (most recent call first):
  /opt/ros/humble/share/ament_cmake_gtest/cmake/ament_add_gtest_executable.cmake:37 (_ament_add_gtest_executable)
  /opt/ros/humble/share/ament_cmake_gtest/cmake/ament_add_gtest.cmake:68 (ament_add_gtest_executable)
  test/CMakeLists.txt:1 (ament_add_gtest)

[0m
[31mCMake Error at /opt/ros/humble/share/ament_cmake_gtest/cmake/ament_add_gtest_executable.cmake:50 (add_executable):
  Target "test_behaviors" links to target "smclib::smclib_header" but the
  target was not found.  Perhaps a find_package() call is missing for an
  IMPORTED target, or an ALIAS target is missing?
Call Stack (most recent call first):
  /opt/ros/humble/share/ament_cmake_gtest/cmake/ament_add_gtest_executable.cmake:37 (_ament_add_gtest_executable)
  /opt/ros/humble/share/ament_cmake_gtest/cmake/ament_add_gtest.cmake:68 (ament_add_gtest_executable)
  test/CMakeLists.txt:1 (ament_add_gtest)

[0m
[31mCMake Error at /opt/ros/humble/share/ament_cmake_gtest/cmake/ament_add_gtest_executable.cmake:50 (add_executable):
  Target "test_behaviors" links to target "smclib::smclib_header" but the
  target was not found.  Perhaps a find_package() call is missing for an
  IMPORTED target, or an ALIAS target is missing?
Call Stack (most recent call first):
  /opt/ros/humble/share/ament_cmake_gtest/cmake/ament_add_gtest_executable.cmake:37 (_ament_add_gtest_executable)
  /opt/ros/humble/share/ament_cmake_gtest/cmake/ament_add_gtest.cmake:68 (ament_add_gtest_executable)
  test/CMakeLists.txt:1 (ament_add_gtest)

[0m
[31mCMake Error at /opt/ros/humble/share/ament_cmake_gtest/cmake/ament_add_gtest_executable.cmake:50 (add_executable):
  Target "test_behaviors" links to target "smclib::smclib_header" but the
  target was not found.  Perhaps a find_package() call is missing for an
  IMPORTED target, or an ALIAS target is missing?
Call Stack (most recent call first):
  /opt/ros/humble/share/ament_cmake_gtest/cmake/ament_add_gtest_executable.cmake:37 (_ament_add_gtest_executable)
  /opt/ros/humble/share/ament_cmake_gtest/cmake/ament_add_gtest.cmake:68 (ament_add_gtest_executable)
  test/CMakeLists.txt:1 (ament_add_gtest)

[0m
[31mCMake Error at /opt/ros/humble/share/ament_cmake_gtest/cmake/ament_add_gtest_executable.cmake:50 (add_executable):
  Target "test_behaviors" links to target "smclib::smclib_header" but the
  target was not found.  Perhaps a find_package() call is missing for an
  IMPORTED target, or an ALIAS target is missing?
Call Stack (most recent call first):
  /opt/ros/humble/share/ament_cmake_gtest/cmake/ament_add_gtest_executable.cmake:37 (_ament_add_gtest_executable)
  /opt/ros/humble/share/ament_cmake_gtest/cmake/ament_add_gtest.cmake:68 (ament_add_gtest_executable)
  test/CMakeLists.txt:1 (ament_add_gtest)

[0m
[0mCMake Generate step failed.  Build files cannot be regenerated correctly.[0m
