[4.525s] Invoking command in '/home/pi2/ros2_ws/src/motor_commands': PYTHONPATH=/home/pi2/ros2_ws/build/motor_commands/prefix_override:/usr/lib/python3/dist-packages/colcon_core/task/python/colcon_distutils_commands:/home/pi2/ros2_ws/install/motor_commands/lib/python3.10/site-packages:${PYTHONPATH} /usr/bin/python3 -W ignore:setup.py install is deprecated setup.py egg_info --egg-base ../../build/motor_commands build --build-base /home/pi2/ros2_ws/build/motor_commands/build install --record /home/pi2/ros2_ws/build/motor_commands/install.log --single-version-externally-managed install_data
[6.036s] running egg_info
[6.044s] writing ../../build/motor_commands/motor_commands.egg-info/PKG-INFO
[6.047s] writing dependency_links to ../../build/motor_commands/motor_commands.egg-info/dependency_links.txt
[6.048s] writing entry points to ../../build/motor_commands/motor_commands.egg-info/entry_points.txt
[6.049s] writing requirements to ../../build/motor_commands/motor_commands.egg-info/requires.txt
[6.050s] writing top-level names to ../../build/motor_commands/motor_commands.egg-info/top_level.txt
[6.064s] reading manifest file '../../build/motor_commands/motor_commands.egg-info/SOURCES.txt'
[6.069s] writing manifest file '../../build/motor_commands/motor_commands.egg-info/SOURCES.txt'
[6.071s] running build
[6.072s] running build_py
[6.080s] copying motor_commands/transmit_command.py -> /home/pi2/ros2_ws/build/motor_commands/build/lib/motor_commands
[6.083s] running install
[6.084s] running install_lib
[6.090s] copying /home/pi2/ros2_ws/build/motor_commands/build/lib/motor_commands/transmit_command.py -> /home/pi2/ros2_ws/install/motor_commands/lib/python3.10/site-packages/motor_commands
[6.095s] byte-compiling /home/pi2/ros2_ws/install/motor_commands/lib/python3.10/site-packages/motor_commands/transmit_command.py to transmit_command.cpython-310.pyc
[6.100s] running install_data
[6.103s] running install_egg_info
[6.111s] removing '/home/pi2/ros2_ws/install/motor_commands/lib/python3.10/site-packages/motor_commands-0.0.0-py3.10.egg-info' (and everything under it)
[6.114s] Copying ../../build/motor_commands/motor_commands.egg-info to /home/pi2/ros2_ws/install/motor_commands/lib/python3.10/site-packages/motor_commands-0.0.0-py3.10.egg-info
[6.123s] running install_scripts
[6.214s] Installing motor_commands script to /home/pi2/ros2_ws/install/motor_commands/lib/motor_commands
[6.216s] Installing transmit_command script to /home/pi2/ros2_ws/install/motor_commands/lib/motor_commands
[6.218s] writing list of installed files to '/home/pi2/ros2_ws/build/motor_commands/install.log'
[6.357s] Invoked command in '/home/pi2/ros2_ws/src/motor_commands' returned '0': PYTHONPATH=/home/pi2/ros2_ws/build/motor_commands/prefix_override:/usr/lib/python3/dist-packages/colcon_core/task/python/colcon_distutils_commands:/home/pi2/ros2_ws/install/motor_commands/lib/python3.10/site-packages:${PYTHONPATH} /usr/bin/python3 -W ignore:setup.py install is deprecated setup.py egg_info --egg-base ../../build/motor_commands build --build-base /home/pi2/ros2_ws/build/motor_commands/build install --record /home/pi2/ros2_ws/build/motor_commands/install.log --single-version-externally-managed install_data
