[17.186s] Invoking command in '/home/pi2/ros2_ws/src/motor_serial': PYTHONPATH=/home/pi2/ros2_ws/build/motor_serial/prefix_override:/usr/lib/python3/dist-packages/colcon_core/task/python/colcon_distutils_commands:/home/pi2/ros2_ws/install/motor_serial/lib/python3.10/site-packages:${PYTHONPATH} /usr/bin/python3 -W ignore:setup.py install is deprecated setup.py egg_info --egg-base ../../build/motor_serial build --build-base /home/pi2/ros2_ws/build/motor_serial/build install --record /home/pi2/ros2_ws/build/motor_serial/install.log --single-version-externally-managed install_data
[21.371s] running egg_info
[21.379s] writing ../../build/motor_serial/motor_serial.egg-info/PKG-INFO
[21.382s] writing dependency_links to ../../build/motor_serial/motor_serial.egg-info/dependency_links.txt
[21.384s] writing entry points to ../../build/motor_serial/motor_serial.egg-info/entry_points.txt
[21.392s] writing requirements to ../../build/motor_serial/motor_serial.egg-info/requires.txt
[21.394s] writing top-level names to ../../build/motor_serial/motor_serial.egg-info/top_level.txt
[21.422s] reading manifest file '../../build/motor_serial/motor_serial.egg-info/SOURCES.txt'
[21.460s] writing manifest file '../../build/motor_serial/motor_serial.egg-info/SOURCES.txt'
[21.464s] running build
[21.465s] running build_py
[21.467s] running install
[21.469s] running install_lib
[21.470s] running install_data
[21.488s] running install_egg_info
[21.490s] removing '/home/pi2/ros2_ws/install/motor_serial/lib/python3.10/site-packages/motor_serial-0.0.0-py3.10.egg-info' (and everything under it)
[21.493s] Copying ../../build/motor_serial/motor_serial.egg-info to /home/pi2/ros2_ws/install/motor_serial/lib/python3.10/site-packages/motor_serial-0.0.0-py3.10.egg-info
[21.518s] running install_scripts
[21.900s] Installing motor_serial script to /home/pi2/ros2_ws/install/motor_serial/lib/motor_serial
[21.915s] writing list of installed files to '/home/pi2/ros2_ws/build/motor_serial/install.log'
[22.243s] Invoked command in '/home/pi2/ros2_ws/src/motor_serial' returned '0': PYTHONPATH=/home/pi2/ros2_ws/build/motor_serial/prefix_override:/usr/lib/python3/dist-packages/colcon_core/task/python/colcon_distutils_commands:/home/pi2/ros2_ws/install/motor_serial/lib/python3.10/site-packages:${PYTHONPATH} /usr/bin/python3 -W ignore:setup.py install is deprecated setup.py egg_info --egg-base ../../build/motor_serial build --build-base /home/pi2/ros2_ws/build/motor_serial/build install --record /home/pi2/ros2_ws/build/motor_serial/install.log --single-version-externally-managed install_data
