[6.626s] Invoking command in '/home/pi2/ros2_ws/src/motor_serial': PYTHONPATH=/home/pi2/ros2_ws/build/motor_serial/prefix_override:/usr/lib/python3/dist-packages/colcon_core/task/python/colcon_distutils_commands:/home/pi2/ros2_ws/install/motor_serial/lib/python3.10/site-packages:${PYTHONPATH} /usr/bin/python3 -W ignore:setup.py install is deprecated setup.py egg_info --egg-base ../../build/motor_serial build --build-base /home/pi2/ros2_ws/build/motor_serial/build install --record /home/pi2/ros2_ws/build/motor_serial/install.log --single-version-externally-managed install_data
[8.340s] running egg_info
[8.343s] writing ../../build/motor_serial/motor_serial.egg-info/PKG-INFO
[8.345s] writing dependency_links to ../../build/motor_serial/motor_serial.egg-info/dependency_links.txt
[8.350s] writing entry points to ../../build/motor_serial/motor_serial.egg-info/entry_points.txt
[8.353s] writing requirements to ../../build/motor_serial/motor_serial.egg-info/requires.txt
[8.355s] writing top-level names to ../../build/motor_serial/motor_serial.egg-info/top_level.txt
[8.384s] reading manifest file '../../build/motor_serial/motor_serial.egg-info/SOURCES.txt'
[8.390s] writing manifest file '../../build/motor_serial/motor_serial.egg-info/SOURCES.txt'
[8.391s] running build
[8.391s] running build_py
[8.392s] copying motor_serial/motor_serial.py -> /home/pi2/ros2_ws/build/motor_serial/build/lib/motor_serial
[8.401s] running install
[8.406s] running install_lib
[8.409s] copying /home/pi2/ros2_ws/build/motor_serial/build/lib/motor_serial/motor_serial.py -> /home/pi2/ros2_ws/install/motor_serial/lib/python3.10/site-packages/motor_serial
[8.418s] byte-compiling /home/pi2/ros2_ws/install/motor_serial/lib/python3.10/site-packages/motor_serial/motor_serial.py to motor_serial.cpython-310.pyc
[8.420s] running install_data
[8.426s] running install_egg_info
[8.430s] removing '/home/pi2/ros2_ws/install/motor_serial/lib/python3.10/site-packages/motor_serial-0.0.0-py3.10.egg-info' (and everything under it)
[8.431s] Copying ../../build/motor_serial/motor_serial.egg-info to /home/pi2/ros2_ws/install/motor_serial/lib/python3.10/site-packages/motor_serial-0.0.0-py3.10.egg-info
[8.437s] running install_scripts
[8.545s] Installing motor_serial script to /home/pi2/ros2_ws/install/motor_serial/lib/motor_serial
[8.549s] writing list of installed files to '/home/pi2/ros2_ws/build/motor_serial/install.log'
[8.882s] Invoked command in '/home/pi2/ros2_ws/src/motor_serial' returned '0': PYTHONPATH=/home/pi2/ros2_ws/build/motor_serial/prefix_override:/usr/lib/python3/dist-packages/colcon_core/task/python/colcon_distutils_commands:/home/pi2/ros2_ws/install/motor_serial/lib/python3.10/site-packages:${PYTHONPATH} /usr/bin/python3 -W ignore:setup.py install is deprecated setup.py egg_info --egg-base ../../build/motor_serial build --build-base /home/pi2/ros2_ws/build/motor_serial/build install --record /home/pi2/ros2_ws/build/motor_serial/install.log --single-version-externally-managed install_data
