[0.108s] Invoking command in '/home/pi2/ros2_ws/build/soft_robot_bringub': AMENT_PREFIX_PATH=/home/pi2/ros2_ws/install/motor_serial:/home/pi2/ros2_ws/install/motor_commands:/home/pi2/ros2_ws/install/joystick_publisher:/home/pi2/ros2_ws/install/bno055:/home/pi2/ros2_ws/install/soft_robot_bringub:/home/pi2/ros2_ws/install/sllidar_ros2:/home/pi2/ros2_ws/install/my_parameters:/home/pi2/ros2_ws/install/locolization:/opt/ros/humble:/home/pi2/ros2_ws/install CMAKE_PREFIX_PATH=${CMAKE_PREFIX_PATH}:/home/pi2/ros2_ws/install/motor_serial:/home/pi2/ros2_ws/install/motor_commands:/home/pi2/ros2_ws/install/locolization:/home/pi2/ros2_ws/install/joystick_publisher:/home/pi2/ros2_ws/install/bno055:/opt/ros/humble PYTHONPATH=/home/pi2/ros2_ws/install/motor_serial/lib/python3.10/site-packages:/home/pi2/ros2_ws/install/motor_commands/lib/python3.10/site-packages:/home/pi2/ros2_ws/install/joystick_publisher/lib/python3.10/site-packages:/home/pi2/ros2_ws/install/bno055/lib/python3.10/site-packages:/home/pi2/ros2_ws/install/my_parameters/local/lib/python3.10/dist-packages:/home/pi2/ros2_ws/install/locolization/lib/python3.10/site-packages:/opt/ros/humble/lib/python3.10/site-packages:/opt/ros/humble/local/lib/python3.10/dist-packages /usr/bin/cmake --build /home/pi2/ros2_ws/build/soft_robot_bringub -- -j4 -l4
[0.552s] -- Found ament_cmake: 1.3.10 (/opt/ros/humble/share/ament_cmake/cmake)
[1.361s] -- Found ament_lint_auto: 0.12.11 (/opt/ros/humble/share/ament_lint_auto/cmake)
[1.770s] -- Added test 'flake8' to check Python code syntax and style conventions
[1.774s] -- Added test 'lint_cmake' to check CMake code style
[1.778s] -- Added test 'pep257' to check Python code against some of the docstring style conventions in PEP 257
[1.791s] -- Added test 'xmllint' to check XML markup files
[1.797s] -- Configuring done
[1.830s] -- Generating done
[1.837s] -- Build files have been written to: /home/pi2/ros2_ws/build/soft_robot_bringub
[1.936s] Invoked command in '/home/pi2/ros2_ws/build/soft_robot_bringub' returned '0': AMENT_PREFIX_PATH=/home/pi2/ros2_ws/install/motor_serial:/home/pi2/ros2_ws/install/motor_commands:/home/pi2/ros2_ws/install/joystick_publisher:/home/pi2/ros2_ws/install/bno055:/home/pi2/ros2_ws/install/soft_robot_bringub:/home/pi2/ros2_ws/install/sllidar_ros2:/home/pi2/ros2_ws/install/my_parameters:/home/pi2/ros2_ws/install/locolization:/opt/ros/humble:/home/pi2/ros2_ws/install CMAKE_PREFIX_PATH=${CMAKE_PREFIX_PATH}:/home/pi2/ros2_ws/install/motor_serial:/home/pi2/ros2_ws/install/motor_commands:/home/pi2/ros2_ws/install/locolization:/home/pi2/ros2_ws/install/joystick_publisher:/home/pi2/ros2_ws/install/bno055:/opt/ros/humble PYTHONPATH=/home/pi2/ros2_ws/install/motor_serial/lib/python3.10/site-packages:/home/pi2/ros2_ws/install/motor_commands/lib/python3.10/site-packages:/home/pi2/ros2_ws/install/joystick_publisher/lib/python3.10/site-packages:/home/pi2/ros2_ws/install/bno055/lib/python3.10/site-packages:/home/pi2/ros2_ws/install/my_parameters/local/lib/python3.10/dist-packages:/home/pi2/ros2_ws/install/locolization/lib/python3.10/site-packages:/opt/ros/humble/lib/python3.10/site-packages:/opt/ros/humble/local/lib/python3.10/dist-packages /usr/bin/cmake --build /home/pi2/ros2_ws/build/soft_robot_bringub -- -j4 -l4
[2.116s] Invoking command in '/home/pi2/ros2_ws/build/soft_robot_bringub': AMENT_PREFIX_PATH=/home/pi2/ros2_ws/install/motor_serial:/home/pi2/ros2_ws/install/motor_commands:/home/pi2/ros2_ws/install/joystick_publisher:/home/pi2/ros2_ws/install/bno055:/home/pi2/ros2_ws/install/soft_robot_bringub:/home/pi2/ros2_ws/install/sllidar_ros2:/home/pi2/ros2_ws/install/my_parameters:/home/pi2/ros2_ws/install/locolization:/opt/ros/humble:/home/pi2/ros2_ws/install CMAKE_PREFIX_PATH=${CMAKE_PREFIX_PATH}:/home/pi2/ros2_ws/install/motor_serial:/home/pi2/ros2_ws/install/motor_commands:/home/pi2/ros2_ws/install/locolization:/home/pi2/ros2_ws/install/joystick_publisher:/home/pi2/ros2_ws/install/bno055:/opt/ros/humble PYTHONPATH=/home/pi2/ros2_ws/install/motor_serial/lib/python3.10/site-packages:/home/pi2/ros2_ws/install/motor_commands/lib/python3.10/site-packages:/home/pi2/ros2_ws/install/joystick_publisher/lib/python3.10/site-packages:/home/pi2/ros2_ws/install/bno055/lib/python3.10/site-packages:/home/pi2/ros2_ws/install/my_parameters/local/lib/python3.10/dist-packages:/home/pi2/ros2_ws/install/locolization/lib/python3.10/site-packages:/opt/ros/humble/lib/python3.10/site-packages:/opt/ros/humble/local/lib/python3.10/dist-packages /usr/bin/cmake --install /home/pi2/ros2_ws/build/soft_robot_bringub
[2.148s] -- Install configuration: ""
[2.148s] -- Up-to-date: /home/pi2/ros2_ws/install/soft_robot_bringub/share/soft_robot_bringub/launch
[2.149s] -- Installing: /home/pi2/ros2_ws/install/soft_robot_bringub/share/soft_robot_bringub/launch/mapping_and_localization.launch.py
[2.150s] -- Up-to-date: /home/pi2/ros2_ws/install/soft_robot_bringub/share/soft_robot_bringub/launch/control_motion.launch.py
[2.150s] -- Up-to-date: /home/pi2/ros2_ws/install/soft_robot_bringub/share/soft_robot_bringub/config
[2.151s] -- Up-to-date: /home/pi2/ros2_ws/install/soft_robot_bringub/share/soft_robot_bringub/config/ekf_config.yaml
[2.151s] -- Installing: /home/pi2/ros2_ws/install/soft_robot_bringub/share/ament_index/resource_index/package_run_dependencies/soft_robot_bringub
[2.153s] -- Up-to-date: /home/pi2/ros2_ws/install/soft_robot_bringub/share/ament_index/resource_index/parent_prefix_path/soft_robot_bringub
[2.154s] -- Up-to-date: /home/pi2/ros2_ws/install/soft_robot_bringub/share/soft_robot_bringub/environment/ament_prefix_path.sh
[2.154s] -- Installing: /home/pi2/ros2_ws/install/soft_robot_bringub/share/soft_robot_bringub/environment/ament_prefix_path.dsv
[2.156s] -- Up-to-date: /home/pi2/ros2_ws/install/soft_robot_bringub/share/soft_robot_bringub/environment/path.sh
[2.156s] -- Installing: /home/pi2/ros2_ws/install/soft_robot_bringub/share/soft_robot_bringub/environment/path.dsv
[2.158s] -- Up-to-date: /home/pi2/ros2_ws/install/soft_robot_bringub/share/soft_robot_bringub/local_setup.bash
[2.158s] -- Up-to-date: /home/pi2/ros2_ws/install/soft_robot_bringub/share/soft_robot_bringub/local_setup.sh
[2.159s] -- Up-to-date: /home/pi2/ros2_ws/install/soft_robot_bringub/share/soft_robot_bringub/local_setup.zsh
[2.159s] -- Installing: /home/pi2/ros2_ws/install/soft_robot_bringub/share/soft_robot_bringub/local_setup.dsv
[2.160s] -- Installing: /home/pi2/ros2_ws/install/soft_robot_bringub/share/soft_robot_bringub/package.dsv
[2.162s] -- Up-to-date: /home/pi2/ros2_ws/install/soft_robot_bringub/share/ament_index/resource_index/packages/soft_robot_bringub
[2.163s] -- Up-to-date: /home/pi2/ros2_ws/install/soft_robot_bringub/share/soft_robot_bringub/cmake/soft_robot_bringubConfig.cmake
[2.163s] -- Up-to-date: /home/pi2/ros2_ws/install/soft_robot_bringub/share/soft_robot_bringub/cmake/soft_robot_bringubConfig-version.cmake
[2.164s] -- Installing: /home/pi2/ros2_ws/install/soft_robot_bringub/share/soft_robot_bringub/package.xml
[2.171s] Invoked command in '/home/pi2/ros2_ws/build/soft_robot_bringub' returned '0': AMENT_PREFIX_PATH=/home/pi2/ros2_ws/install/motor_serial:/home/pi2/ros2_ws/install/motor_commands:/home/pi2/ros2_ws/install/joystick_publisher:/home/pi2/ros2_ws/install/bno055:/home/pi2/ros2_ws/install/soft_robot_bringub:/home/pi2/ros2_ws/install/sllidar_ros2:/home/pi2/ros2_ws/install/my_parameters:/home/pi2/ros2_ws/install/locolization:/opt/ros/humble:/home/pi2/ros2_ws/install CMAKE_PREFIX_PATH=${CMAKE_PREFIX_PATH}:/home/pi2/ros2_ws/install/motor_serial:/home/pi2/ros2_ws/install/motor_commands:/home/pi2/ros2_ws/install/locolization:/home/pi2/ros2_ws/install/joystick_publisher:/home/pi2/ros2_ws/install/bno055:/opt/ros/humble PYTHONPATH=/home/pi2/ros2_ws/install/motor_serial/lib/python3.10/site-packages:/home/pi2/ros2_ws/install/motor_commands/lib/python3.10/site-packages:/home/pi2/ros2_ws/install/joystick_publisher/lib/python3.10/site-packages:/home/pi2/ros2_ws/install/bno055/lib/python3.10/site-packages:/home/pi2/ros2_ws/install/my_parameters/local/lib/python3.10/dist-packages:/home/pi2/ros2_ws/install/locolization/lib/python3.10/site-packages:/opt/ros/humble/lib/python3.10/site-packages:/opt/ros/humble/local/lib/python3.10/dist-packages /usr/bin/cmake --install /home/pi2/ros2_ws/build/soft_robot_bringub
