[0.550s] DEBUG:colcon:Command line arguments: ['/usr/bin/colcon', 'build', '--packages-select', 'soft_robot_bringub']
[0.550s] DEBUG:colcon:Parsed command line arguments: Namespace(log_base=None, log_level=None, verb_name='build', build_base='build', install_base='install', merge_install=False, symlink_install=False, test_result_base=None, continue_on_error=False, executor='parallel', parallel_workers=4, event_handlers=None, ignore_user_meta=False, metas=['./colcon.meta'], base_paths=['.'], packages_ignore=None, packages_ignore_regex=None, paths=None, packages_up_to=None, packages_up_to_regex=None, packages_above=None, packages_above_and_dependencies=None, packages_above_depth=None, packages_select_by_dep=None, packages_skip_by_dep=None, packages_skip_up_to=None, packages_select_build_failed=False, packages_skip_build_finished=False, packages_select_test_failures=False, packages_skip_test_passed=False, packages_select=['soft_robot_bringub'], packages_skip=None, packages_select_regex=None, packages_skip_regex=None, packages_start=None, packages_end=None, allow_overriding=[], cmake_args=None, cmake_target=None, cmake_target_skip_unavailable=False, cmake_clean_cache=False, cmake_clean_first=False, cmake_force_configure=False, ament_cmake_args=None, catkin_cmake_args=None, catkin_skip_building_tests=False, verb_parser=<colcon_defaults.argument_parser.defaults.DefaultArgumentsDecorator object at 0xffffa96b8ca0>, verb_extension=<colcon_core.verb.build.BuildVerb object at 0xffffa9879870>, main=<bound method BuildVerb.main of <colcon_core.verb.build.BuildVerb object at 0xffffa9879870>>)
[1.628s] Level 1:colcon.colcon_core.package_discovery:discover_packages(colcon_meta) check parameters
[1.628s] Level 1:colcon.colcon_core.package_discovery:discover_packages(recursive) check parameters
[1.629s] Level 1:colcon.colcon_core.package_discovery:discover_packages(ignore) check parameters
[1.629s] Level 1:colcon.colcon_core.package_discovery:discover_packages(path) check parameters
[1.629s] Level 1:colcon.colcon_core.package_discovery:discover_packages(colcon_meta) discover
[1.629s] Level 1:colcon.colcon_core.package_discovery:discover_packages(recursive) discover
[1.630s] INFO:colcon.colcon_core.package_discovery:Crawling recursively for packages in '/home/pi2/ros2_ws'
[1.630s] Level 1:colcon.colcon_core.package_identification:_identify(.) by extensions ['ignore', 'ignore_ament_install']
[1.631s] Level 1:colcon.colcon_core.package_identification:_identify(.) by extension 'ignore'
[1.631s] Level 1:colcon.colcon_core.package_identification:_identify(.) by extension 'ignore_ament_install'
[1.631s] Level 1:colcon.colcon_core.package_identification:_identify(.) by extensions ['colcon_pkg']
[1.631s] Level 1:colcon.colcon_core.package_identification:_identify(.) by extension 'colcon_pkg'
[1.632s] Level 1:colcon.colcon_core.package_identification:_identify(.) by extensions ['colcon_meta']
[1.632s] Level 1:colcon.colcon_core.package_identification:_identify(.) by extension 'colcon_meta'
[1.632s] Level 1:colcon.colcon_core.package_identification:_identify(.) by extensions ['ros']
[1.632s] Level 1:colcon.colcon_core.package_identification:_identify(.) by extension 'ros'
[1.698s] Level 1:colcon.colcon_core.package_identification:_identify(.) by extensions ['cmake', 'python']
[1.698s] Level 1:colcon.colcon_core.package_identification:_identify(.) by extension 'cmake'
[1.699s] Level 1:colcon.colcon_core.package_identification:_identify(.) by extension 'python'
[1.699s] Level 1:colcon.colcon_core.package_identification:_identify(.) by extensions ['python_setup_py']
[1.699s] Level 1:colcon.colcon_core.package_identification:_identify(.) by extension 'python_setup_py'
[1.700s] Level 1:colcon.colcon_core.package_identification:_identify(build) by extensions ['ignore', 'ignore_ament_install']
[1.700s] Level 1:colcon.colcon_core.package_identification:_identify(build) by extension 'ignore'
[1.700s] Level 1:colcon.colcon_core.package_identification:_identify(build) ignored
[1.701s] Level 1:colcon.colcon_core.package_identification:_identify(install) by extensions ['ignore', 'ignore_ament_install']
[1.702s] Level 1:colcon.colcon_core.package_identification:_identify(install) by extension 'ignore'
[1.702s] Level 1:colcon.colcon_core.package_identification:_identify(install) ignored
[1.702s] Level 1:colcon.colcon_core.package_identification:_identify(joy2twist.yaml) by extensions ['ignore', 'ignore_ament_install']
[1.703s] Level 1:colcon.colcon_core.package_identification:_identify(joy2twist.yaml) by extension 'ignore'
[1.703s] Level 1:colcon.colcon_core.package_identification:_identify(joy2twist.yaml) by extension 'ignore_ament_install'
[1.704s] Level 1:colcon.colcon_core.package_identification:_identify(joy2twist.yaml) by extensions ['colcon_pkg']
[1.704s] Level 1:colcon.colcon_core.package_identification:_identify(joy2twist.yaml) by extension 'colcon_pkg'
[1.704s] Level 1:colcon.colcon_core.package_identification:_identify(joy2twist.yaml) by extensions ['colcon_meta']
[1.705s] Level 1:colcon.colcon_core.package_identification:_identify(joy2twist.yaml) by extension 'colcon_meta'
[1.705s] Level 1:colcon.colcon_core.package_identification:_identify(joy2twist.yaml) by extensions ['ros']
[1.705s] Level 1:colcon.colcon_core.package_identification:_identify(joy2twist.yaml) by extension 'ros'
[1.705s] Level 1:colcon.colcon_core.package_identification:_identify(joy2twist.yaml) by extensions ['cmake', 'python']
[1.706s] Level 1:colcon.colcon_core.package_identification:_identify(joy2twist.yaml) by extension 'cmake'
[1.706s] Level 1:colcon.colcon_core.package_identification:_identify(joy2twist.yaml) by extension 'python'
[1.706s] Level 1:colcon.colcon_core.package_identification:_identify(joy2twist.yaml) by extensions ['python_setup_py']
[1.707s] Level 1:colcon.colcon_core.package_identification:_identify(joy2twist.yaml) by extension 'python_setup_py'
[1.712s] Level 1:colcon.colcon_core.package_identification:_identify(log) by extensions ['ignore', 'ignore_ament_install']
[1.712s] Level 1:colcon.colcon_core.package_identification:_identify(log) by extension 'ignore'
[1.712s] Level 1:colcon.colcon_core.package_identification:_identify(log) ignored
[1.713s] Level 1:colcon.colcon_core.package_identification:_identify(src) by extensions ['ignore', 'ignore_ament_install']
[1.714s] Level 1:colcon.colcon_core.package_identification:_identify(src) by extension 'ignore'
[1.714s] Level 1:colcon.colcon_core.package_identification:_identify(src) by extension 'ignore_ament_install'
[1.714s] Level 1:colcon.colcon_core.package_identification:_identify(src) by extensions ['colcon_pkg']
[1.715s] Level 1:colcon.colcon_core.package_identification:_identify(src) by extension 'colcon_pkg'
[1.715s] Level 1:colcon.colcon_core.package_identification:_identify(src) by extensions ['colcon_meta']
[1.715s] Level 1:colcon.colcon_core.package_identification:_identify(src) by extension 'colcon_meta'
[1.715s] Level 1:colcon.colcon_core.package_identification:_identify(src) by extensions ['ros']
[1.715s] Level 1:colcon.colcon_core.package_identification:_identify(src) by extension 'ros'
[1.716s] Level 1:colcon.colcon_core.package_identification:_identify(src) by extensions ['cmake', 'python']
[1.716s] Level 1:colcon.colcon_core.package_identification:_identify(src) by extension 'cmake'
[1.716s] Level 1:colcon.colcon_core.package_identification:_identify(src) by extension 'python'
[1.717s] Level 1:colcon.colcon_core.package_identification:_identify(src) by extensions ['python_setup_py']
[1.717s] Level 1:colcon.colcon_core.package_identification:_identify(src) by extension 'python_setup_py'
[1.717s] Level 1:colcon.colcon_core.package_identification:_identify(src/Simple-2D-LiDAR-Odometry) by extensions ['ignore', 'ignore_ament_install']
[1.718s] Level 1:colcon.colcon_core.package_identification:_identify(src/Simple-2D-LiDAR-Odometry) by extension 'ignore'
[1.718s] Level 1:colcon.colcon_core.package_identification:_identify(src/Simple-2D-LiDAR-Odometry) by extension 'ignore_ament_install'
[1.718s] Level 1:colcon.colcon_core.package_identification:_identify(src/Simple-2D-LiDAR-Odometry) by extensions ['colcon_pkg']
[1.719s] Level 1:colcon.colcon_core.package_identification:_identify(src/Simple-2D-LiDAR-Odometry) by extension 'colcon_pkg'
[1.719s] Level 1:colcon.colcon_core.package_identification:_identify(src/Simple-2D-LiDAR-Odometry) by extensions ['colcon_meta']
[1.719s] Level 1:colcon.colcon_core.package_identification:_identify(src/Simple-2D-LiDAR-Odometry) by extension 'colcon_meta'
[1.719s] Level 1:colcon.colcon_core.package_identification:_identify(src/Simple-2D-LiDAR-Odometry) by extensions ['ros']
[1.719s] Level 1:colcon.colcon_core.package_identification:_identify(src/Simple-2D-LiDAR-Odometry) by extension 'ros'
[1.733s] DEBUG:colcon.colcon_core.package_identification:Package 'src/Simple-2D-LiDAR-Odometry' with type 'ros.ament_cmake' and name 'lidar_odometry'
[1.734s] Level 1:colcon.colcon_core.package_identification:_identify(src/bno055) by extensions ['ignore', 'ignore_ament_install']
[1.734s] Level 1:colcon.colcon_core.package_identification:_identify(src/bno055) by extension 'ignore'
[1.735s] Level 1:colcon.colcon_core.package_identification:_identify(src/bno055) by extension 'ignore_ament_install'
[1.735s] Level 1:colcon.colcon_core.package_identification:_identify(src/bno055) by extensions ['colcon_pkg']
[1.735s] Level 1:colcon.colcon_core.package_identification:_identify(src/bno055) by extension 'colcon_pkg'
[1.735s] Level 1:colcon.colcon_core.package_identification:_identify(src/bno055) by extensions ['colcon_meta']
[1.735s] Level 1:colcon.colcon_core.package_identification:_identify(src/bno055) by extension 'colcon_meta'
[1.736s] Level 1:colcon.colcon_core.package_identification:_identify(src/bno055) by extensions ['ros']
[1.736s] Level 1:colcon.colcon_core.package_identification:_identify(src/bno055) by extension 'ros'
[1.739s] DEBUG:colcon.colcon_core.package_identification:Package 'src/bno055' with type 'ros.ament_python' and name 'bno055'
[1.740s] Level 1:colcon.colcon_core.package_identification:_identify(src/csm) by extensions ['ignore', 'ignore_ament_install']
[1.740s] Level 1:colcon.colcon_core.package_identification:_identify(src/csm) by extension 'ignore'
[1.741s] Level 1:colcon.colcon_core.package_identification:_identify(src/csm) by extension 'ignore_ament_install'
[1.741s] Level 1:colcon.colcon_core.package_identification:_identify(src/csm) by extensions ['colcon_pkg']
[1.741s] Level 1:colcon.colcon_core.package_identification:_identify(src/csm) by extension 'colcon_pkg'
[1.741s] Level 1:colcon.colcon_core.package_identification:_identify(src/csm) by extensions ['colcon_meta']
[1.742s] Level 1:colcon.colcon_core.package_identification:_identify(src/csm) by extension 'colcon_meta'
[1.742s] Level 1:colcon.colcon_core.package_identification:_identify(src/csm) by extensions ['ros']
[1.742s] Level 1:colcon.colcon_core.package_identification:_identify(src/csm) by extension 'ros'
[1.745s] DEBUG:colcon.colcon_core.package_identification:Package 'src/csm' with type 'ros.ament_cmake' and name 'csm'
[1.746s] Level 1:colcon.colcon_core.package_identification:_identify(src/joystick_publisher) by extensions ['ignore', 'ignore_ament_install']
[1.747s] Level 1:colcon.colcon_core.package_identification:_identify(src/joystick_publisher) by extension 'ignore'
[1.747s] Level 1:colcon.colcon_core.package_identification:_identify(src/joystick_publisher) by extension 'ignore_ament_install'
[1.747s] Level 1:colcon.colcon_core.package_identification:_identify(src/joystick_publisher) by extensions ['colcon_pkg']
[1.747s] Level 1:colcon.colcon_core.package_identification:_identify(src/joystick_publisher) by extension 'colcon_pkg'
[1.747s] Level 1:colcon.colcon_core.package_identification:_identify(src/joystick_publisher) by extensions ['colcon_meta']
[1.748s] Level 1:colcon.colcon_core.package_identification:_identify(src/joystick_publisher) by extension 'colcon_meta'
[1.748s] Level 1:colcon.colcon_core.package_identification:_identify(src/joystick_publisher) by extensions ['ros']
[1.748s] Level 1:colcon.colcon_core.package_identification:_identify(src/joystick_publisher) by extension 'ros'
[1.750s] DEBUG:colcon.colcon_core.package_identification:Package 'src/joystick_publisher' with type 'ros.ament_python' and name 'joystick_publisher'
[1.751s] Level 1:colcon.colcon_core.package_identification:_identify(src/motor_commands) by extensions ['ignore', 'ignore_ament_install']
[1.752s] Level 1:colcon.colcon_core.package_identification:_identify(src/motor_commands) by extension 'ignore'
[1.752s] Level 1:colcon.colcon_core.package_identification:_identify(src/motor_commands) by extension 'ignore_ament_install'
[1.752s] Level 1:colcon.colcon_core.package_identification:_identify(src/motor_commands) by extensions ['colcon_pkg']
[1.752s] Level 1:colcon.colcon_core.package_identification:_identify(src/motor_commands) by extension 'colcon_pkg'
[1.753s] Level 1:colcon.colcon_core.package_identification:_identify(src/motor_commands) by extensions ['colcon_meta']
[1.753s] Level 1:colcon.colcon_core.package_identification:_identify(src/motor_commands) by extension 'colcon_meta'
[1.753s] Level 1:colcon.colcon_core.package_identification:_identify(src/motor_commands) by extensions ['ros']
[1.753s] Level 1:colcon.colcon_core.package_identification:_identify(src/motor_commands) by extension 'ros'
[1.755s] DEBUG:colcon.colcon_core.package_identification:Package 'src/motor_commands' with type 'ros.ament_python' and name 'motor_commands'
[1.756s] Level 1:colcon.colcon_core.package_identification:_identify(src/motor_serial) by extensions ['ignore', 'ignore_ament_install']
[1.757s] Level 1:colcon.colcon_core.package_identification:_identify(src/motor_serial) by extension 'ignore'
[1.757s] Level 1:colcon.colcon_core.package_identification:_identify(src/motor_serial) by extension 'ignore_ament_install'
[1.757s] Level 1:colcon.colcon_core.package_identification:_identify(src/motor_serial) by extensions ['colcon_pkg']
[1.757s] Level 1:colcon.colcon_core.package_identification:_identify(src/motor_serial) by extension 'colcon_pkg'
[1.758s] Level 1:colcon.colcon_core.package_identification:_identify(src/motor_serial) by extensions ['colcon_meta']
[1.758s] Level 1:colcon.colcon_core.package_identification:_identify(src/motor_serial) by extension 'colcon_meta'
[1.758s] Level 1:colcon.colcon_core.package_identification:_identify(src/motor_serial) by extensions ['ros']
[1.758s] Level 1:colcon.colcon_core.package_identification:_identify(src/motor_serial) by extension 'ros'
[1.761s] DEBUG:colcon.colcon_core.package_identification:Package 'src/motor_serial' with type 'ros.ament_python' and name 'motor_serial'
[1.761s] Level 1:colcon.colcon_core.package_identification:_identify(src/my_map) by extensions ['ignore', 'ignore_ament_install']
[1.762s] Level 1:colcon.colcon_core.package_identification:_identify(src/my_map) by extension 'ignore'
[1.762s] Level 1:colcon.colcon_core.package_identification:_identify(src/my_map) by extension 'ignore_ament_install'
[1.762s] Level 1:colcon.colcon_core.package_identification:_identify(src/my_map) by extensions ['colcon_pkg']
[1.762s] Level 1:colcon.colcon_core.package_identification:_identify(src/my_map) by extension 'colcon_pkg'
[1.763s] Level 1:colcon.colcon_core.package_identification:_identify(src/my_map) by extensions ['colcon_meta']
[1.763s] Level 1:colcon.colcon_core.package_identification:_identify(src/my_map) by extension 'colcon_meta'
[1.763s] Level 1:colcon.colcon_core.package_identification:_identify(src/my_map) by extensions ['ros']
[1.763s] Level 1:colcon.colcon_core.package_identification:_identify(src/my_map) by extension 'ros'
[1.764s] Level 1:colcon.colcon_core.package_identification:_identify(src/my_map) by extensions ['cmake', 'python']
[1.764s] Level 1:colcon.colcon_core.package_identification:_identify(src/my_map) by extension 'cmake'
[1.764s] Level 1:colcon.colcon_core.package_identification:_identify(src/my_map) by extension 'python'
[1.764s] Level 1:colcon.colcon_core.package_identification:_identify(src/my_map) by extensions ['python_setup_py']
[1.764s] Level 1:colcon.colcon_core.package_identification:_identify(src/my_map) by extension 'python_setup_py'
[1.765s] Level 1:colcon.colcon_core.package_identification:_identify(src/my_parameters) by extensions ['ignore', 'ignore_ament_install']
[1.765s] Level 1:colcon.colcon_core.package_identification:_identify(src/my_parameters) by extension 'ignore'
[1.766s] Level 1:colcon.colcon_core.package_identification:_identify(src/my_parameters) by extension 'ignore_ament_install'
[1.766s] Level 1:colcon.colcon_core.package_identification:_identify(src/my_parameters) by extensions ['colcon_pkg']
[1.766s] Level 1:colcon.colcon_core.package_identification:_identify(src/my_parameters) by extension 'colcon_pkg'
[1.766s] Level 1:colcon.colcon_core.package_identification:_identify(src/my_parameters) by extensions ['colcon_meta']
[1.767s] Level 1:colcon.colcon_core.package_identification:_identify(src/my_parameters) by extension 'colcon_meta'
[1.767s] Level 1:colcon.colcon_core.package_identification:_identify(src/my_parameters) by extensions ['ros']
[1.767s] Level 1:colcon.colcon_core.package_identification:_identify(src/my_parameters) by extension 'ros'
[1.770s] DEBUG:colcon.colcon_core.package_identification:Package 'src/my_parameters' with type 'ros.ament_cmake' and name 'my_parameters'
[1.771s] Level 1:colcon.colcon_core.package_identification:_identify(src/my_slam_package) by extensions ['ignore', 'ignore_ament_install']
[1.771s] Level 1:colcon.colcon_core.package_identification:_identify(src/my_slam_package) by extension 'ignore'
[1.771s] Level 1:colcon.colcon_core.package_identification:_identify(src/my_slam_package) by extension 'ignore_ament_install'
[1.772s] Level 1:colcon.colcon_core.package_identification:_identify(src/my_slam_package) by extensions ['colcon_pkg']
[1.772s] Level 1:colcon.colcon_core.package_identification:_identify(src/my_slam_package) by extension 'colcon_pkg'
[1.772s] Level 1:colcon.colcon_core.package_identification:_identify(src/my_slam_package) by extensions ['colcon_meta']
[1.772s] Level 1:colcon.colcon_core.package_identification:_identify(src/my_slam_package) by extension 'colcon_meta'
[1.772s] Level 1:colcon.colcon_core.package_identification:_identify(src/my_slam_package) by extensions ['ros']
[1.773s] Level 1:colcon.colcon_core.package_identification:_identify(src/my_slam_package) by extension 'ros'
[1.776s] DEBUG:colcon.colcon_core.package_identification:Package 'src/my_slam_package' with type 'ros.ament_python' and name 'my_slam_package'
[1.777s] Level 1:colcon.colcon_core.package_identification:_identify(src/ros2_laser_scan_matcher) by extensions ['ignore', 'ignore_ament_install']
[1.777s] Level 1:colcon.colcon_core.package_identification:_identify(src/ros2_laser_scan_matcher) by extension 'ignore'
[1.777s] Level 1:colcon.colcon_core.package_identification:_identify(src/ros2_laser_scan_matcher) by extension 'ignore_ament_install'
[1.778s] Level 1:colcon.colcon_core.package_identification:_identify(src/ros2_laser_scan_matcher) by extensions ['colcon_pkg']
[1.778s] Level 1:colcon.colcon_core.package_identification:_identify(src/ros2_laser_scan_matcher) by extension 'colcon_pkg'
[1.778s] Level 1:colcon.colcon_core.package_identification:_identify(src/ros2_laser_scan_matcher) by extensions ['colcon_meta']
[1.778s] Level 1:colcon.colcon_core.package_identification:_identify(src/ros2_laser_scan_matcher) by extension 'colcon_meta'
[1.779s] Level 1:colcon.colcon_core.package_identification:_identify(src/ros2_laser_scan_matcher) by extensions ['ros']
[1.779s] Level 1:colcon.colcon_core.package_identification:_identify(src/ros2_laser_scan_matcher) by extension 'ros'
[1.782s] DEBUG:colcon.colcon_core.package_identification:Package 'src/ros2_laser_scan_matcher' with type 'ros.ament_cmake' and name 'ros2_laser_scan_matcher'
[1.783s] Level 1:colcon.colcon_core.package_identification:_identify(src/sllidar_ros2) by extensions ['ignore', 'ignore_ament_install']
[1.784s] Level 1:colcon.colcon_core.package_identification:_identify(src/sllidar_ros2) by extension 'ignore'
[1.784s] Level 1:colcon.colcon_core.package_identification:_identify(src/sllidar_ros2) by extension 'ignore_ament_install'
[1.784s] Level 1:colcon.colcon_core.package_identification:_identify(src/sllidar_ros2) by extensions ['colcon_pkg']
[1.784s] Level 1:colcon.colcon_core.package_identification:_identify(src/sllidar_ros2) by extension 'colcon_pkg'
[1.785s] Level 1:colcon.colcon_core.package_identification:_identify(src/sllidar_ros2) by extensions ['colcon_meta']
[1.785s] Level 1:colcon.colcon_core.package_identification:_identify(src/sllidar_ros2) by extension 'colcon_meta'
[1.785s] Level 1:colcon.colcon_core.package_identification:_identify(src/sllidar_ros2) by extensions ['ros']
[1.785s] Level 1:colcon.colcon_core.package_identification:_identify(src/sllidar_ros2) by extension 'ros'
[1.788s] DEBUG:colcon.colcon_core.package_identification:Package 'src/sllidar_ros2' with type 'ros.ament_cmake' and name 'sllidar_ros2'
[1.789s] Level 1:colcon.colcon_core.package_identification:_identify(src/soft_robot_bringub) by extensions ['ignore', 'ignore_ament_install']
[1.790s] Level 1:colcon.colcon_core.package_identification:_identify(src/soft_robot_bringub) by extension 'ignore'
[1.790s] Level 1:colcon.colcon_core.package_identification:_identify(src/soft_robot_bringub) by extension 'ignore_ament_install'
[1.790s] Level 1:colcon.colcon_core.package_identification:_identify(src/soft_robot_bringub) by extensions ['colcon_pkg']
[1.790s] Level 1:colcon.colcon_core.package_identification:_identify(src/soft_robot_bringub) by extension 'colcon_pkg'
[1.791s] Level 1:colcon.colcon_core.package_identification:_identify(src/soft_robot_bringub) by extensions ['colcon_meta']
[1.791s] Level 1:colcon.colcon_core.package_identification:_identify(src/soft_robot_bringub) by extension 'colcon_meta'
[1.791s] Level 1:colcon.colcon_core.package_identification:_identify(src/soft_robot_bringub) by extensions ['ros']
[1.791s] Level 1:colcon.colcon_core.package_identification:_identify(src/soft_robot_bringub) by extension 'ros'
[1.798s] DEBUG:colcon.colcon_core.package_identification:Package 'src/soft_robot_bringub' with type 'ros.ament_cmake' and name 'soft_robot_bringub'
[1.798s] Level 1:colcon.colcon_core.package_discovery:discover_packages(recursive) using defaults
[1.798s] Level 1:colcon.colcon_core.package_discovery:discover_packages(ignore) discover
[1.799s] Level 1:colcon.colcon_core.package_discovery:discover_packages(ignore) using defaults
[1.799s] Level 1:colcon.colcon_core.package_discovery:discover_packages(path) discover
[1.799s] Level 1:colcon.colcon_core.package_discovery:discover_packages(path) using defaults
[1.948s] INFO:colcon.colcon_core.package_selection:Skipping not selected package 'bno055' in 'src/bno055'
[1.948s] INFO:colcon.colcon_core.package_selection:Skipping not selected package 'csm' in 'src/csm'
[1.948s] INFO:colcon.colcon_core.package_selection:Skipping not selected package 'joystick_publisher' in 'src/joystick_publisher'
[1.948s] INFO:colcon.colcon_core.package_selection:Skipping not selected package 'lidar_odometry' in 'src/Simple-2D-LiDAR-Odometry'
[1.949s] INFO:colcon.colcon_core.package_selection:Skipping not selected package 'motor_commands' in 'src/motor_commands'
[1.949s] INFO:colcon.colcon_core.package_selection:Skipping not selected package 'motor_serial' in 'src/motor_serial'
[1.949s] INFO:colcon.colcon_core.package_selection:Skipping not selected package 'my_parameters' in 'src/my_parameters'
[1.949s] INFO:colcon.colcon_core.package_selection:Skipping not selected package 'my_slam_package' in 'src/my_slam_package'
[1.949s] INFO:colcon.colcon_core.package_selection:Skipping not selected package 'sllidar_ros2' in 'src/sllidar_ros2'
[1.949s] INFO:colcon.colcon_core.package_selection:Skipping not selected package 'ros2_laser_scan_matcher' in 'src/ros2_laser_scan_matcher'
[1.951s] Level 1:colcon.colcon_core.package_discovery:discover_packages(prefix_path) check parameters
[1.951s] Level 1:colcon.colcon_core.package_discovery:discover_packages(prefix_path) discover
[1.966s] DEBUG:colcon.colcon_installed_package_information.package_discovery:Found 12 installed packages in /home/pi2/ros2_ws/install
[1.978s] DEBUG:colcon.colcon_installed_package_information.package_discovery:Found 310 installed packages in /opt/ros/humble
[1.987s] Level 1:colcon.colcon_core.package_discovery:discover_packages(prefix_path) using defaults
[2.211s] Level 5:colcon.colcon_core.verb:set package 'soft_robot_bringub' build argument 'cmake_args' from command line to 'None'
[2.211s] Level 5:colcon.colcon_core.verb:set package 'soft_robot_bringub' build argument 'cmake_target' from command line to 'None'
[2.211s] Level 5:colcon.colcon_core.verb:set package 'soft_robot_bringub' build argument 'cmake_target_skip_unavailable' from command line to 'False'
[2.211s] Level 5:colcon.colcon_core.verb:set package 'soft_robot_bringub' build argument 'cmake_clean_cache' from command line to 'False'
[2.211s] Level 5:colcon.colcon_core.verb:set package 'soft_robot_bringub' build argument 'cmake_clean_first' from command line to 'False'
[2.211s] Level 5:colcon.colcon_core.verb:set package 'soft_robot_bringub' build argument 'cmake_force_configure' from command line to 'False'
[2.212s] Level 5:colcon.colcon_core.verb:set package 'soft_robot_bringub' build argument 'ament_cmake_args' from command line to 'None'
[2.212s] Level 5:colcon.colcon_core.verb:set package 'soft_robot_bringub' build argument 'catkin_cmake_args' from command line to 'None'
[2.212s] Level 5:colcon.colcon_core.verb:set package 'soft_robot_bringub' build argument 'catkin_skip_building_tests' from command line to 'False'
[2.212s] DEBUG:colcon.colcon_core.verb:Building package 'soft_robot_bringub' with the following arguments: {'ament_cmake_args': None, 'build_base': '/home/pi2/ros2_ws/build/soft_robot_bringub', 'catkin_cmake_args': None, 'catkin_skip_building_tests': False, 'cmake_args': None, 'cmake_clean_cache': False, 'cmake_clean_first': False, 'cmake_force_configure': False, 'cmake_target': None, 'cmake_target_skip_unavailable': False, 'install_base': '/home/pi2/ros2_ws/install/soft_robot_bringub', 'merge_install': False, 'path': '/home/pi2/ros2_ws/src/soft_robot_bringub', 'symlink_install': False, 'test_result_base': None}
[2.213s] INFO:colcon.colcon_core.executor:Executing jobs using 'parallel' executor
[2.216s] DEBUG:colcon.colcon_parallel_executor.executor.parallel:run_until_complete
[2.218s] INFO:colcon.colcon_ros.task.ament_cmake.build:Building ROS package in '/home/pi2/ros2_ws/src/soft_robot_bringub' with build type 'ament_cmake'
[2.218s] INFO:colcon.colcon_cmake.task.cmake.build:Building CMake package in '/home/pi2/ros2_ws/src/soft_robot_bringub'
[2.231s] INFO:colcon.colcon_core.plugin_system:Skipping extension 'colcon_core.shell.bat': Not used on non-Windows systems
[2.232s] INFO:colcon.colcon_core.shell:Skip shell extension 'powershell' for command environment: Not usable outside of PowerShell
[2.232s] DEBUG:colcon.colcon_core.shell:Skip shell extension 'dsv' for command environment
[2.310s] DEBUG:colcon.colcon_core.event_handler.log_command:Invoking command in '/home/pi2/ros2_ws/build/soft_robot_bringub': AMENT_PREFIX_PATH=/home/pi2/ros2_ws/install/my_slam_package:/home/pi2/ros2_ws/install/motor_serial:/home/pi2/ros2_ws/install/motor_commands:/home/pi2/ros2_ws/install/joystick_publisher:/home/pi2/ros2_ws/install/bno055:/home/pi2/ros2_ws/install/soft_robot_bringub:/home/pi2/ros2_ws/install/sllidar_ros2:/home/pi2/ros2_ws/install/ros2_laser_scan_matcher:/home/pi2/ros2_ws/install/my_parameters:/home/pi2/ros2_ws/install/locolization:/home/pi2/ros2_ws/install/csm:/opt/ros/humble:/home/pi2/ros2_ws/install CMAKE_PREFIX_PATH=${CMAKE_PREFIX_PATH}:/home/pi2/ros2_ws/install/my_slam_package:/home/pi2/ros2_ws/install/motor_serial:/home/pi2/ros2_ws/install/motor_commands:/home/pi2/ros2_ws/install/locolization:/home/pi2/ros2_ws/install/joystick_publisher:/home/pi2/ros2_ws/install/bno055:/opt/ros/humble PYTHONPATH=/home/pi2/ros2_ws/install/my_slam_package/lib/python3.10/site-packages:/home/pi2/ros2_ws/install/motor_serial/lib/python3.10/site-packages:/home/pi2/ros2_ws/install/motor_commands/lib/python3.10/site-packages:/home/pi2/ros2_ws/install/joystick_publisher/lib/python3.10/site-packages:/home/pi2/ros2_ws/install/bno055/lib/python3.10/site-packages:/home/pi2/ros2_ws/install/my_parameters/local/lib/python3.10/dist-packages:/home/pi2/ros2_ws/install/locolization/lib/python3.10/site-packages:/opt/ros/humble/lib/python3.10/site-packages:/opt/ros/humble/local/lib/python3.10/dist-packages /usr/bin/cmake --build /home/pi2/ros2_ws/build/soft_robot_bringub -- -j4 -l4
[2.512s] DEBUG:colcon.colcon_core.event_handler.log_command:Invoked command in '/home/pi2/ros2_ws/build/soft_robot_bringub' returned '0': AMENT_PREFIX_PATH=/home/pi2/ros2_ws/install/my_slam_package:/home/pi2/ros2_ws/install/motor_serial:/home/pi2/ros2_ws/install/motor_commands:/home/pi2/ros2_ws/install/joystick_publisher:/home/pi2/ros2_ws/install/bno055:/home/pi2/ros2_ws/install/soft_robot_bringub:/home/pi2/ros2_ws/install/sllidar_ros2:/home/pi2/ros2_ws/install/ros2_laser_scan_matcher:/home/pi2/ros2_ws/install/my_parameters:/home/pi2/ros2_ws/install/locolization:/home/pi2/ros2_ws/install/csm:/opt/ros/humble:/home/pi2/ros2_ws/install CMAKE_PREFIX_PATH=${CMAKE_PREFIX_PATH}:/home/pi2/ros2_ws/install/my_slam_package:/home/pi2/ros2_ws/install/motor_serial:/home/pi2/ros2_ws/install/motor_commands:/home/pi2/ros2_ws/install/locolization:/home/pi2/ros2_ws/install/joystick_publisher:/home/pi2/ros2_ws/install/bno055:/opt/ros/humble PYTHONPATH=/home/pi2/ros2_ws/install/my_slam_package/lib/python3.10/site-packages:/home/pi2/ros2_ws/install/motor_serial/lib/python3.10/site-packages:/home/pi2/ros2_ws/install/motor_commands/lib/python3.10/site-packages:/home/pi2/ros2_ws/install/joystick_publisher/lib/python3.10/site-packages:/home/pi2/ros2_ws/install/bno055/lib/python3.10/site-packages:/home/pi2/ros2_ws/install/my_parameters/local/lib/python3.10/dist-packages:/home/pi2/ros2_ws/install/locolization/lib/python3.10/site-packages:/opt/ros/humble/lib/python3.10/site-packages:/opt/ros/humble/local/lib/python3.10/dist-packages /usr/bin/cmake --build /home/pi2/ros2_ws/build/soft_robot_bringub -- -j4 -l4
[2.700s] DEBUG:colcon.colcon_core.event_handler.log_command:Invoking command in '/home/pi2/ros2_ws/build/soft_robot_bringub': AMENT_PREFIX_PATH=/home/pi2/ros2_ws/install/my_slam_package:/home/pi2/ros2_ws/install/motor_serial:/home/pi2/ros2_ws/install/motor_commands:/home/pi2/ros2_ws/install/joystick_publisher:/home/pi2/ros2_ws/install/bno055:/home/pi2/ros2_ws/install/soft_robot_bringub:/home/pi2/ros2_ws/install/sllidar_ros2:/home/pi2/ros2_ws/install/ros2_laser_scan_matcher:/home/pi2/ros2_ws/install/my_parameters:/home/pi2/ros2_ws/install/locolization:/home/pi2/ros2_ws/install/csm:/opt/ros/humble:/home/pi2/ros2_ws/install CMAKE_PREFIX_PATH=${CMAKE_PREFIX_PATH}:/home/pi2/ros2_ws/install/my_slam_package:/home/pi2/ros2_ws/install/motor_serial:/home/pi2/ros2_ws/install/motor_commands:/home/pi2/ros2_ws/install/locolization:/home/pi2/ros2_ws/install/joystick_publisher:/home/pi2/ros2_ws/install/bno055:/opt/ros/humble PYTHONPATH=/home/pi2/ros2_ws/install/my_slam_package/lib/python3.10/site-packages:/home/pi2/ros2_ws/install/motor_serial/lib/python3.10/site-packages:/home/pi2/ros2_ws/install/motor_commands/lib/python3.10/site-packages:/home/pi2/ros2_ws/install/joystick_publisher/lib/python3.10/site-packages:/home/pi2/ros2_ws/install/bno055/lib/python3.10/site-packages:/home/pi2/ros2_ws/install/my_parameters/local/lib/python3.10/dist-packages:/home/pi2/ros2_ws/install/locolization/lib/python3.10/site-packages:/opt/ros/humble/lib/python3.10/site-packages:/opt/ros/humble/local/lib/python3.10/dist-packages /usr/bin/cmake --install /home/pi2/ros2_ws/build/soft_robot_bringub
[2.749s] Level 1:colcon.colcon_core.environment:create_environment_scripts_only(soft_robot_bringub)
[2.751s] DEBUG:colcon.colcon_core.event_handler.log_command:Invoked command in '/home/pi2/ros2_ws/build/soft_robot_bringub' returned '0': AMENT_PREFIX_PATH=/home/pi2/ros2_ws/install/my_slam_package:/home/pi2/ros2_ws/install/motor_serial:/home/pi2/ros2_ws/install/motor_commands:/home/pi2/ros2_ws/install/joystick_publisher:/home/pi2/ros2_ws/install/bno055:/home/pi2/ros2_ws/install/soft_robot_bringub:/home/pi2/ros2_ws/install/sllidar_ros2:/home/pi2/ros2_ws/install/ros2_laser_scan_matcher:/home/pi2/ros2_ws/install/my_parameters:/home/pi2/ros2_ws/install/locolization:/home/pi2/ros2_ws/install/csm:/opt/ros/humble:/home/pi2/ros2_ws/install CMAKE_PREFIX_PATH=${CMAKE_PREFIX_PATH}:/home/pi2/ros2_ws/install/my_slam_package:/home/pi2/ros2_ws/install/motor_serial:/home/pi2/ros2_ws/install/motor_commands:/home/pi2/ros2_ws/install/locolization:/home/pi2/ros2_ws/install/joystick_publisher:/home/pi2/ros2_ws/install/bno055:/opt/ros/humble PYTHONPATH=/home/pi2/ros2_ws/install/my_slam_package/lib/python3.10/site-packages:/home/pi2/ros2_ws/install/motor_serial/lib/python3.10/site-packages:/home/pi2/ros2_ws/install/motor_commands/lib/python3.10/site-packages:/home/pi2/ros2_ws/install/joystick_publisher/lib/python3.10/site-packages:/home/pi2/ros2_ws/install/bno055/lib/python3.10/site-packages:/home/pi2/ros2_ws/install/my_parameters/local/lib/python3.10/dist-packages:/home/pi2/ros2_ws/install/locolization/lib/python3.10/site-packages:/opt/ros/humble/lib/python3.10/site-packages:/opt/ros/humble/local/lib/python3.10/dist-packages /usr/bin/cmake --install /home/pi2/ros2_ws/build/soft_robot_bringub
[2.762s] Level 1:colcon.colcon_core.environment:checking '/home/pi2/ros2_ws/install/soft_robot_bringub' for CMake module files
[2.766s] Level 1:colcon.colcon_core.environment:checking '/home/pi2/ros2_ws/install/soft_robot_bringub' for CMake config files
[2.767s] Level 1:colcon.colcon_core.shell:create_environment_hook('soft_robot_bringub', 'cmake_prefix_path')
[2.768s] INFO:colcon.colcon_core.shell:Creating environment hook '/home/pi2/ros2_ws/install/soft_robot_bringub/share/soft_robot_bringub/hook/cmake_prefix_path.ps1'
[2.771s] INFO:colcon.colcon_core.shell:Creating environment descriptor '/home/pi2/ros2_ws/install/soft_robot_bringub/share/soft_robot_bringub/hook/cmake_prefix_path.dsv'
[2.774s] INFO:colcon.colcon_core.shell:Creating environment hook '/home/pi2/ros2_ws/install/soft_robot_bringub/share/soft_robot_bringub/hook/cmake_prefix_path.sh'
[2.778s] Level 1:colcon.colcon_core.environment:checking '/home/pi2/ros2_ws/install/soft_robot_bringub/bin'
[2.778s] Level 1:colcon.colcon_core.environment:checking '/home/pi2/ros2_ws/install/soft_robot_bringub/lib/pkgconfig/soft_robot_bringub.pc'
[2.779s] Level 1:colcon.colcon_core.environment:checking '/home/pi2/ros2_ws/install/soft_robot_bringub/lib/python3.10/site-packages'
[2.781s] Level 1:colcon.colcon_core.environment:checking '/home/pi2/ros2_ws/install/soft_robot_bringub/bin'
[2.782s] INFO:colcon.colcon_core.shell:Creating package script '/home/pi2/ros2_ws/install/soft_robot_bringub/share/soft_robot_bringub/package.ps1'
[2.786s] INFO:colcon.colcon_core.shell:Creating package descriptor '/home/pi2/ros2_ws/install/soft_robot_bringub/share/soft_robot_bringub/package.dsv'
[2.789s] INFO:colcon.colcon_core.shell:Creating package script '/home/pi2/ros2_ws/install/soft_robot_bringub/share/soft_robot_bringub/package.sh'
[2.792s] INFO:colcon.colcon_core.shell:Creating package script '/home/pi2/ros2_ws/install/soft_robot_bringub/share/soft_robot_bringub/package.bash'
[2.796s] INFO:colcon.colcon_core.shell:Creating package script '/home/pi2/ros2_ws/install/soft_robot_bringub/share/soft_robot_bringub/package.zsh'
[2.800s] Level 1:colcon.colcon_core.environment:create_file_with_runtime_dependencies(/home/pi2/ros2_ws/install/soft_robot_bringub/share/colcon-core/packages/soft_robot_bringub)
[2.939s] Level 1:colcon.colcon_core.environment:create_environment_scripts_only(soft_robot_bringub)
[2.940s] Level 1:colcon.colcon_core.environment:checking '/home/pi2/ros2_ws/install/soft_robot_bringub' for CMake module files
[2.943s] Level 1:colcon.colcon_core.environment:checking '/home/pi2/ros2_ws/install/soft_robot_bringub' for CMake config files
[2.945s] Level 1:colcon.colcon_core.shell:create_environment_hook('soft_robot_bringub', 'cmake_prefix_path')
[2.947s] INFO:colcon.colcon_core.shell:Creating environment hook '/home/pi2/ros2_ws/install/soft_robot_bringub/share/soft_robot_bringub/hook/cmake_prefix_path.ps1'
[2.949s] INFO:colcon.colcon_core.shell:Creating environment descriptor '/home/pi2/ros2_ws/install/soft_robot_bringub/share/soft_robot_bringub/hook/cmake_prefix_path.dsv'
[2.952s] INFO:colcon.colcon_core.shell:Creating environment hook '/home/pi2/ros2_ws/install/soft_robot_bringub/share/soft_robot_bringub/hook/cmake_prefix_path.sh'
[2.957s] Level 1:colcon.colcon_core.environment:checking '/home/pi2/ros2_ws/install/soft_robot_bringub/bin'
[2.957s] Level 1:colcon.colcon_core.environment:checking '/home/pi2/ros2_ws/install/soft_robot_bringub/lib/pkgconfig/soft_robot_bringub.pc'
[2.958s] Level 1:colcon.colcon_core.environment:checking '/home/pi2/ros2_ws/install/soft_robot_bringub/lib/python3.10/site-packages'
[2.959s] Level 1:colcon.colcon_core.environment:checking '/home/pi2/ros2_ws/install/soft_robot_bringub/bin'
[2.961s] INFO:colcon.colcon_core.shell:Creating package script '/home/pi2/ros2_ws/install/soft_robot_bringub/share/soft_robot_bringub/package.ps1'
[2.963s] INFO:colcon.colcon_core.shell:Creating package descriptor '/home/pi2/ros2_ws/install/soft_robot_bringub/share/soft_robot_bringub/package.dsv'
[2.966s] INFO:colcon.colcon_core.shell:Creating package script '/home/pi2/ros2_ws/install/soft_robot_bringub/share/soft_robot_bringub/package.sh'
[2.970s] INFO:colcon.colcon_core.shell:Creating package script '/home/pi2/ros2_ws/install/soft_robot_bringub/share/soft_robot_bringub/package.bash'
[2.973s] INFO:colcon.colcon_core.shell:Creating package script '/home/pi2/ros2_ws/install/soft_robot_bringub/share/soft_robot_bringub/package.zsh'
[2.976s] Level 1:colcon.colcon_core.environment:create_file_with_runtime_dependencies(/home/pi2/ros2_ws/install/soft_robot_bringub/share/colcon-core/packages/soft_robot_bringub)
[2.978s] DEBUG:colcon.colcon_parallel_executor.executor.parallel:closing loop
[2.980s] DEBUG:colcon.colcon_parallel_executor.executor.parallel:loop closed
[2.980s] DEBUG:colcon.colcon_parallel_executor.executor.parallel:run_until_complete finished with '0'
[2.981s] DEBUG:colcon.colcon_core.event_reactor:joining thread
[3.019s] INFO:colcon.colcon_core.plugin_system:Skipping extension 'colcon_notification.desktop_notification.notify_send': Could not find 'notify-send'
[3.020s] INFO:colcon.colcon_core.plugin_system:Skipping extension 'colcon_notification.desktop_notification.terminal_notifier': Not used on non-Darwin systems
[3.020s] INFO:colcon.colcon_core.plugin_system:Skipping extension 'colcon_notification.desktop_notification.win32': Not used on non-Windows systems
[3.020s] INFO:colcon.colcon_notification.desktop_notification:Sending desktop notification using 'notify2'
[3.024s] DEBUG:colcon.colcon_notification.desktop_notification.notify2:Failed to initialize notify2: org.freedesktop.DBus.Error.ServiceUnknown: The name org.freedesktop.Notifications was not provided by any .service files
[3.025s] DEBUG:colcon.colcon_core.event_reactor:joined thread
[3.026s] INFO:colcon.colcon_core.shell:Creating prefix script '/home/pi2/ros2_ws/install/local_setup.ps1'
[3.032s] INFO:colcon.colcon_core.shell:Creating prefix util module '/home/pi2/ros2_ws/install/_local_setup_util_ps1.py'
[3.041s] INFO:colcon.colcon_core.shell:Creating prefix chain script '/home/pi2/ros2_ws/install/setup.ps1'
[3.050s] INFO:colcon.colcon_core.shell:Creating prefix script '/home/pi2/ros2_ws/install/local_setup.sh'
[3.053s] INFO:colcon.colcon_core.shell:Creating prefix util module '/home/pi2/ros2_ws/install/_local_setup_util_sh.py'
[3.056s] INFO:colcon.colcon_core.shell:Creating prefix chain script '/home/pi2/ros2_ws/install/setup.sh'
[3.065s] INFO:colcon.colcon_core.shell:Creating prefix script '/home/pi2/ros2_ws/install/local_setup.bash'
[3.068s] INFO:colcon.colcon_core.shell:Creating prefix chain script '/home/pi2/ros2_ws/install/setup.bash'
[3.078s] INFO:colcon.colcon_core.shell:Creating prefix script '/home/pi2/ros2_ws/install/local_setup.zsh'
[3.081s] INFO:colcon.colcon_core.shell:Creating prefix chain script '/home/pi2/ros2_ws/install/setup.zsh'
