[3.230s] Invoking command in '/home/pi2/ros2_ws/src/cmd_vel_to_joystick': CMAKE_PREFIX_PATH=/home/pi2/ros2_ws/install/my_parameters:/home/pi2/ros2_ws/install/soft_robot_bringub:/home/pi2/ros2_ws/install/sllidar_ros2:/home/pi2/ros2_ws/install/ros2_laser_scan_matcher:/home/pi2/ros2_ws/install/csm:/home/pi2/ros2_ws/install PYTHONPATH=/home/pi2/ros2_ws/build/cmd_vel_to_joystick/prefix_override:/usr/lib/python3/dist-packages/colcon_core/task/python/colcon_distutils_commands:/home/pi2/ros2_ws/install/cmd_vel_to_joystick/lib/python3.10/site-packages:${PYTHONPATH} /usr/bin/python3 -W ignore:setup.py install is deprecated setup.py egg_info --egg-base ../../build/cmd_vel_to_joystick build --build-base /home/pi2/ros2_ws/build/cmd_vel_to_joystick/build install --record /home/pi2/ros2_ws/build/cmd_vel_to_joystick/install.log --single-version-externally-managed install_data
[4.505s] running egg_info
[4.513s] writing ../../build/cmd_vel_to_joystick/cmd_vel_to_joystick.egg-info/PKG-INFO
[4.514s] writing dependency_links to ../../build/cmd_vel_to_joystick/cmd_vel_to_joystick.egg-info/dependency_links.txt
[4.516s] writing entry points to ../../build/cmd_vel_to_joystick/cmd_vel_to_joystick.egg-info/entry_points.txt
[4.517s] writing requirements to ../../build/cmd_vel_to_joystick/cmd_vel_to_joystick.egg-info/requires.txt
[4.517s] writing top-level names to ../../build/cmd_vel_to_joystick/cmd_vel_to_joystick.egg-info/top_level.txt
[4.525s] reading manifest file '../../build/cmd_vel_to_joystick/cmd_vel_to_joystick.egg-info/SOURCES.txt'
[4.527s] adding license file 'LICENSE'
[4.529s] writing manifest file '../../build/cmd_vel_to_joystick/cmd_vel_to_joystick.egg-info/SOURCES.txt'
[4.530s] running build
[4.531s] running build_py
[4.531s] copying cmd_vel_to_joystick/cmd_vel_to_joystick.py -> /home/pi2/ros2_ws/build/cmd_vel_to_joystick/build/lib/cmd_vel_to_joystick
[4.533s] running install
[4.534s] running install_lib
[4.538s] copying /home/pi2/ros2_ws/build/cmd_vel_to_joystick/build/lib/cmd_vel_to_joystick/cmd_vel_to_joystick.py -> /home/pi2/ros2_ws/install/cmd_vel_to_joystick/lib/python3.10/site-packages/cmd_vel_to_joystick
[4.541s] byte-compiling /home/pi2/ros2_ws/install/cmd_vel_to_joystick/lib/python3.10/site-packages/cmd_vel_to_joystick/cmd_vel_to_joystick.py to cmd_vel_to_joystick.cpython-310.pyc
[4.547s] running install_data
[4.547s] running install_egg_info
[4.555s] removing '/home/pi2/ros2_ws/install/cmd_vel_to_joystick/lib/python3.10/site-packages/cmd_vel_to_joystick-0.0.0-py3.10.egg-info' (and everything under it)
[4.557s] Copying ../../build/cmd_vel_to_joystick/cmd_vel_to_joystick.egg-info to /home/pi2/ros2_ws/install/cmd_vel_to_joystick/lib/python3.10/site-packages/cmd_vel_to_joystick-0.0.0-py3.10.egg-info
[4.564s] running install_scripts
[4.645s] Installing cmd_vel_to_joystick script to /home/pi2/ros2_ws/install/cmd_vel_to_joystick/lib/cmd_vel_to_joystick
[4.647s] writing list of installed files to '/home/pi2/ros2_ws/build/cmd_vel_to_joystick/install.log'
[4.778s] Invoked command in '/home/pi2/ros2_ws/src/cmd_vel_to_joystick' returned '0': CMAKE_PREFIX_PATH=/home/pi2/ros2_ws/install/my_parameters:/home/pi2/ros2_ws/install/soft_robot_bringub:/home/pi2/ros2_ws/install/sllidar_ros2:/home/pi2/ros2_ws/install/ros2_laser_scan_matcher:/home/pi2/ros2_ws/install/csm:/home/pi2/ros2_ws/install PYTHONPATH=/home/pi2/ros2_ws/build/cmd_vel_to_joystick/prefix_override:/usr/lib/python3/dist-packages/colcon_core/task/python/colcon_distutils_commands:/home/pi2/ros2_ws/install/cmd_vel_to_joystick/lib/python3.10/site-packages:${PYTHONPATH} /usr/bin/python3 -W ignore:setup.py install is deprecated setup.py egg_info --egg-base ../../build/cmd_vel_to_joystick build --build-base /home/pi2/ros2_ws/build/cmd_vel_to_joystick/build install --record /home/pi2/ros2_ws/build/cmd_vel_to_joystick/install.log --single-version-externally-managed install_data
