[3.506s] Invoking command in '/home/pi2/ros2_ws/src/cmd_vel_to_joystick': CMAKE_PREFIX_PATH=/home/pi2/ros2_ws/install/my_parameters:/home/pi2/ros2_ws/install/soft_robot_bringub:/home/pi2/ros2_ws/install/sllidar_ros2:/home/pi2/ros2_ws/install/ros2_laser_scan_matcher:/home/pi2/ros2_ws/install/csm:/home/pi2/install/csm:/home/pi2/ros2_ws/install PYTHONPATH=/home/pi2/ros2_ws/build/cmd_vel_to_joystick/prefix_override:/usr/lib/python3/dist-packages/colcon_core/task/python/colcon_distutils_commands:/home/pi2/ros2_ws/install/cmd_vel_to_joystick/lib/python3.10/site-packages:${PYTHONPATH} /usr/bin/python3 -W ignore:setup.py install is deprecated setup.py egg_info --egg-base ../../build/cmd_vel_to_joystick build --build-base /home/pi2/ros2_ws/build/cmd_vel_to_joystick/build install --record /home/pi2/ros2_ws/build/cmd_vel_to_joystick/install.log --single-version-externally-managed install_data
[4.921s] running egg_info
[4.924s] writing ../../build/cmd_vel_to_joystick/cmd_vel_to_joystick.egg-info/PKG-INFO
[4.925s] writing dependency_links to ../../build/cmd_vel_to_joystick/cmd_vel_to_joystick.egg-info/dependency_links.txt
[4.926s] writing entry points to ../../build/cmd_vel_to_joystick/cmd_vel_to_joystick.egg-info/entry_points.txt
[4.927s] writing requirements to ../../build/cmd_vel_to_joystick/cmd_vel_to_joystick.egg-info/requires.txt
[4.928s] writing top-level names to ../../build/cmd_vel_to_joystick/cmd_vel_to_joystick.egg-info/top_level.txt
[4.941s] reading manifest file '../../build/cmd_vel_to_joystick/cmd_vel_to_joystick.egg-info/SOURCES.txt'
[4.942s] adding license file 'LICENSE'
[4.945s] writing manifest file '../../build/cmd_vel_to_joystick/cmd_vel_to_joystick.egg-info/SOURCES.txt'
[4.946s] running build
[4.946s] running build_py
[4.947s] copying cmd_vel_to_joystick/cmd_vel_to_joystick.py -> /home/pi2/ros2_ws/build/cmd_vel_to_joystick/build/lib/cmd_vel_to_joystick
[4.948s] running install
[4.949s] running install_lib
[4.953s] copying /home/pi2/ros2_ws/build/cmd_vel_to_joystick/build/lib/cmd_vel_to_joystick/cmd_vel_to_joystick.py -> /home/pi2/ros2_ws/install/cmd_vel_to_joystick/lib/python3.10/site-packages/cmd_vel_to_joystick
[4.956s] byte-compiling /home/pi2/ros2_ws/install/cmd_vel_to_joystick/lib/python3.10/site-packages/cmd_vel_to_joystick/cmd_vel_to_joystick.py to cmd_vel_to_joystick.cpython-310.pyc
[4.962s] running install_data
[4.963s] running install_egg_info
[4.971s] removing '/home/pi2/ros2_ws/install/cmd_vel_to_joystick/lib/python3.10/site-packages/cmd_vel_to_joystick-0.0.0-py3.10.egg-info' (and everything under it)
[4.974s] Copying ../../build/cmd_vel_to_joystick/cmd_vel_to_joystick.egg-info to /home/pi2/ros2_ws/install/cmd_vel_to_joystick/lib/python3.10/site-packages/cmd_vel_to_joystick-0.0.0-py3.10.egg-info
[4.980s] running install_scripts
[5.062s] Installing cmd_vel_to_joystick script to /home/pi2/ros2_ws/install/cmd_vel_to_joystick/lib/cmd_vel_to_joystick
[5.064s] writing list of installed files to '/home/pi2/ros2_ws/build/cmd_vel_to_joystick/install.log'
[5.192s] Invoked command in '/home/pi2/ros2_ws/src/cmd_vel_to_joystick' returned '0': CMAKE_PREFIX_PATH=/home/pi2/ros2_ws/install/my_parameters:/home/pi2/ros2_ws/install/soft_robot_bringub:/home/pi2/ros2_ws/install/sllidar_ros2:/home/pi2/ros2_ws/install/ros2_laser_scan_matcher:/home/pi2/ros2_ws/install/csm:/home/pi2/install/csm:/home/pi2/ros2_ws/install PYTHONPATH=/home/pi2/ros2_ws/build/cmd_vel_to_joystick/prefix_override:/usr/lib/python3/dist-packages/colcon_core/task/python/colcon_distutils_commands:/home/pi2/ros2_ws/install/cmd_vel_to_joystick/lib/python3.10/site-packages:${PYTHONPATH} /usr/bin/python3 -W ignore:setup.py install is deprecated setup.py egg_info --egg-base ../../build/cmd_vel_to_joystick build --build-base /home/pi2/ros2_ws/build/cmd_vel_to_joystick/build install --record /home/pi2/ros2_ws/build/cmd_vel_to_joystick/install.log --single-version-externally-managed install_data
