[6.565s] Invoking command in '/home/pi2/ros2_ws/src/motor_commands': PYTHONPATH=/home/pi2/ros2_ws/build/motor_commands/prefix_override:/usr/lib/python3/dist-packages/colcon_core/task/python/colcon_distutils_commands:/home/pi2/ros2_ws/install/motor_commands/lib/python3.10/site-packages:${PYTHONPATH} /usr/bin/python3 -W ignore:setup.py install is deprecated setup.py egg_info --egg-base ../../build/motor_commands build --build-base /home/pi2/ros2_ws/build/motor_commands/build install --record /home/pi2/ros2_ws/build/motor_commands/install.log --single-version-externally-managed install_data
[8.326s] running egg_info
[8.332s] writing ../../build/motor_commands/motor_commands.egg-info/PKG-INFO
[8.334s] writing dependency_links to ../../build/motor_commands/motor_commands.egg-info/dependency_links.txt
[8.339s] writing entry points to ../../build/motor_commands/motor_commands.egg-info/entry_points.txt
[8.340s] writing requirements to ../../build/motor_commands/motor_commands.egg-info/requires.txt
[8.341s] writing top-level names to ../../build/motor_commands/motor_commands.egg-info/top_level.txt
[8.349s] reading manifest file '../../build/motor_commands/motor_commands.egg-info/SOURCES.txt'
[8.354s] writing manifest file '../../build/motor_commands/motor_commands.egg-info/SOURCES.txt'
[8.355s] running build
[8.360s] running build_py
[8.361s] running install
[8.362s] running install_lib
[8.369s] running install_data
[8.369s] running install_egg_info
[8.379s] removing '/home/pi2/ros2_ws/install/motor_commands/lib/python3.10/site-packages/motor_commands-0.0.0-py3.10.egg-info' (and everything under it)
[8.381s] Copying ../../build/motor_commands/motor_commands.egg-info to /home/pi2/ros2_ws/install/motor_commands/lib/python3.10/site-packages/motor_commands-0.0.0-py3.10.egg-info
[8.390s] running install_scripts
[8.545s] Installing motor_commands script to /home/pi2/ros2_ws/install/motor_commands/lib/motor_commands
[8.562s] Installing transmit_command script to /home/pi2/ros2_ws/install/motor_commands/lib/motor_commands
[8.564s] writing list of installed files to '/home/pi2/ros2_ws/build/motor_commands/install.log'
[8.854s] Invoked command in '/home/pi2/ros2_ws/src/motor_commands' returned '0': PYTHONPATH=/home/pi2/ros2_ws/build/motor_commands/prefix_override:/usr/lib/python3/dist-packages/colcon_core/task/python/colcon_distutils_commands:/home/pi2/ros2_ws/install/motor_commands/lib/python3.10/site-packages:${PYTHONPATH} /usr/bin/python3 -W ignore:setup.py install is deprecated setup.py egg_info --egg-base ../../build/motor_commands build --build-base /home/pi2/ros2_ws/build/motor_commands/build install --record /home/pi2/ros2_ws/build/motor_commands/install.log --single-version-externally-managed install_data
