[0.638s] DEBUG:colcon:Command line arguments: ['/usr/bin/colcon', 'build', '--packages-select', 'motor_serial']
[0.639s] DEBUG:colcon:Parsed command line arguments: Namespace(log_base=None, log_level=None, verb_name='build', build_base='build', install_base='install', merge_install=False, symlink_install=False, test_result_base=None, continue_on_error=False, executor='parallel', parallel_workers=4, event_handlers=None, ignore_user_meta=False, metas=['./colcon.meta'], base_paths=['.'], packages_ignore=None, packages_ignore_regex=None, paths=None, packages_up_to=None, packages_up_to_regex=None, packages_above=None, packages_above_and_dependencies=None, packages_above_depth=None, packages_select_by_dep=None, packages_skip_by_dep=None, packages_skip_up_to=None, packages_select_build_failed=False, packages_skip_build_finished=False, packages_select_test_failures=False, packages_skip_test_passed=False, packages_select=['motor_serial'], packages_skip=None, packages_select_regex=None, packages_skip_regex=None, packages_start=None, packages_end=None, allow_overriding=[], cmake_args=None, cmake_target=None, cmake_target_skip_unavailable=False, cmake_clean_cache=False, cmake_clean_first=False, cmake_force_configure=False, ament_cmake_args=None, catkin_cmake_args=None, catkin_skip_building_tests=False, verb_parser=<colcon_defaults.argument_parser.defaults.DefaultArgumentsDecorator object at 0xffffac341780>, verb_extension=<colcon_core.verb.build.BuildVerb object at 0xffffac506350>, main=<bound method BuildVerb.main of <colcon_core.verb.build.BuildVerb object at 0xffffac506350>>)
[1.572s] Level 1:colcon.colcon_core.package_discovery:discover_packages(colcon_meta) check parameters
[1.572s] Level 1:colcon.colcon_core.package_discovery:discover_packages(recursive) check parameters
[1.572s] Level 1:colcon.colcon_core.package_discovery:discover_packages(ignore) check parameters
[1.573s] Level 1:colcon.colcon_core.package_discovery:discover_packages(path) check parameters
[1.573s] Level 1:colcon.colcon_core.package_discovery:discover_packages(colcon_meta) discover
[1.573s] Level 1:colcon.colcon_core.package_discovery:discover_packages(recursive) discover
[1.573s] INFO:colcon.colcon_core.package_discovery:Crawling recursively for packages in '/home/pi2/ros2_ws'
[1.574s] Level 1:colcon.colcon_core.package_identification:_identify(.) by extensions ['ignore', 'ignore_ament_install']
[1.574s] Level 1:colcon.colcon_core.package_identification:_identify(.) by extension 'ignore'
[1.574s] Level 1:colcon.colcon_core.package_identification:_identify(.) by extension 'ignore_ament_install'
[1.575s] Level 1:colcon.colcon_core.package_identification:_identify(.) by extensions ['colcon_pkg']
[1.575s] Level 1:colcon.colcon_core.package_identification:_identify(.) by extension 'colcon_pkg'
[1.575s] Level 1:colcon.colcon_core.package_identification:_identify(.) by extensions ['colcon_meta']
[1.575s] Level 1:colcon.colcon_core.package_identification:_identify(.) by extension 'colcon_meta'
[1.575s] Level 1:colcon.colcon_core.package_identification:_identify(.) by extensions ['ros']
[1.575s] Level 1:colcon.colcon_core.package_identification:_identify(.) by extension 'ros'
[1.619s] Level 1:colcon.colcon_core.package_identification:_identify(.) by extensions ['cmake', 'python']
[1.620s] Level 1:colcon.colcon_core.package_identification:_identify(.) by extension 'cmake'
[1.620s] Level 1:colcon.colcon_core.package_identification:_identify(.) by extension 'python'
[1.620s] Level 1:colcon.colcon_core.package_identification:_identify(.) by extensions ['python_setup_py']
[1.620s] Level 1:colcon.colcon_core.package_identification:_identify(.) by extension 'python_setup_py'
[1.621s] Level 1:colcon.colcon_core.package_identification:_identify(build) by extensions ['ignore', 'ignore_ament_install']
[1.621s] Level 1:colcon.colcon_core.package_identification:_identify(build) by extension 'ignore'
[1.622s] Level 1:colcon.colcon_core.package_identification:_identify(build) ignored
[1.622s] Level 1:colcon.colcon_core.package_identification:_identify(data1) by extensions ['ignore', 'ignore_ament_install']
[1.623s] Level 1:colcon.colcon_core.package_identification:_identify(data1) by extension 'ignore'
[1.623s] Level 1:colcon.colcon_core.package_identification:_identify(data1) by extension 'ignore_ament_install'
[1.623s] Level 1:colcon.colcon_core.package_identification:_identify(data1) by extensions ['colcon_pkg']
[1.623s] Level 1:colcon.colcon_core.package_identification:_identify(data1) by extension 'colcon_pkg'
[1.623s] Level 1:colcon.colcon_core.package_identification:_identify(data1) by extensions ['colcon_meta']
[1.623s] Level 1:colcon.colcon_core.package_identification:_identify(data1) by extension 'colcon_meta'
[1.624s] Level 1:colcon.colcon_core.package_identification:_identify(data1) by extensions ['ros']
[1.624s] Level 1:colcon.colcon_core.package_identification:_identify(data1) by extension 'ros'
[1.624s] Level 1:colcon.colcon_core.package_identification:_identify(data1) by extensions ['cmake', 'python']
[1.624s] Level 1:colcon.colcon_core.package_identification:_identify(data1) by extension 'cmake'
[1.625s] Level 1:colcon.colcon_core.package_identification:_identify(data1) by extension 'python'
[1.625s] Level 1:colcon.colcon_core.package_identification:_identify(data1) by extensions ['python_setup_py']
[1.625s] Level 1:colcon.colcon_core.package_identification:_identify(data1) by extension 'python_setup_py'
[1.626s] Level 1:colcon.colcon_core.package_identification:_identify(install) by extensions ['ignore', 'ignore_ament_install']
[1.626s] Level 1:colcon.colcon_core.package_identification:_identify(install) by extension 'ignore'
[1.626s] Level 1:colcon.colcon_core.package_identification:_identify(install) ignored
[1.627s] Level 1:colcon.colcon_core.package_identification:_identify(joy2twist.yaml) by extensions ['ignore', 'ignore_ament_install']
[1.627s] Level 1:colcon.colcon_core.package_identification:_identify(joy2twist.yaml) by extension 'ignore'
[1.627s] Level 1:colcon.colcon_core.package_identification:_identify(joy2twist.yaml) by extension 'ignore_ament_install'
[1.627s] Level 1:colcon.colcon_core.package_identification:_identify(joy2twist.yaml) by extensions ['colcon_pkg']
[1.627s] Level 1:colcon.colcon_core.package_identification:_identify(joy2twist.yaml) by extension 'colcon_pkg'
[1.628s] Level 1:colcon.colcon_core.package_identification:_identify(joy2twist.yaml) by extensions ['colcon_meta']
[1.628s] Level 1:colcon.colcon_core.package_identification:_identify(joy2twist.yaml) by extension 'colcon_meta'
[1.628s] Level 1:colcon.colcon_core.package_identification:_identify(joy2twist.yaml) by extensions ['ros']
[1.628s] Level 1:colcon.colcon_core.package_identification:_identify(joy2twist.yaml) by extension 'ros'
[1.628s] Level 1:colcon.colcon_core.package_identification:_identify(joy2twist.yaml) by extensions ['cmake', 'python']
[1.629s] Level 1:colcon.colcon_core.package_identification:_identify(joy2twist.yaml) by extension 'cmake'
[1.629s] Level 1:colcon.colcon_core.package_identification:_identify(joy2twist.yaml) by extension 'python'
[1.629s] Level 1:colcon.colcon_core.package_identification:_identify(joy2twist.yaml) by extensions ['python_setup_py']
[1.629s] Level 1:colcon.colcon_core.package_identification:_identify(joy2twist.yaml) by extension 'python_setup_py'
[1.635s] Level 1:colcon.colcon_core.package_identification:_identify(log) by extensions ['ignore', 'ignore_ament_install']
[1.636s] Level 1:colcon.colcon_core.package_identification:_identify(log) by extension 'ignore'
[1.636s] Level 1:colcon.colcon_core.package_identification:_identify(log) ignored
[1.637s] Level 1:colcon.colcon_core.package_identification:_identify(src) by extensions ['ignore', 'ignore_ament_install']
[1.637s] Level 1:colcon.colcon_core.package_identification:_identify(src) by extension 'ignore'
[1.637s] Level 1:colcon.colcon_core.package_identification:_identify(src) by extension 'ignore_ament_install'
[1.637s] Level 1:colcon.colcon_core.package_identification:_identify(src) by extensions ['colcon_pkg']
[1.638s] Level 1:colcon.colcon_core.package_identification:_identify(src) by extension 'colcon_pkg'
[1.638s] Level 1:colcon.colcon_core.package_identification:_identify(src) by extensions ['colcon_meta']
[1.638s] Level 1:colcon.colcon_core.package_identification:_identify(src) by extension 'colcon_meta'
[1.638s] Level 1:colcon.colcon_core.package_identification:_identify(src) by extensions ['ros']
[1.638s] Level 1:colcon.colcon_core.package_identification:_identify(src) by extension 'ros'
[1.639s] Level 1:colcon.colcon_core.package_identification:_identify(src) by extensions ['cmake', 'python']
[1.639s] Level 1:colcon.colcon_core.package_identification:_identify(src) by extension 'cmake'
[1.639s] Level 1:colcon.colcon_core.package_identification:_identify(src) by extension 'python'
[1.639s] Level 1:colcon.colcon_core.package_identification:_identify(src) by extensions ['python_setup_py']
[1.639s] Level 1:colcon.colcon_core.package_identification:_identify(src) by extension 'python_setup_py'
[1.640s] Level 1:colcon.colcon_core.package_identification:_identify(src/Simple-2D-LiDAR-Odometry) by extensions ['ignore', 'ignore_ament_install']
[1.640s] Level 1:colcon.colcon_core.package_identification:_identify(src/Simple-2D-LiDAR-Odometry) by extension 'ignore'
[1.641s] Level 1:colcon.colcon_core.package_identification:_identify(src/Simple-2D-LiDAR-Odometry) by extension 'ignore_ament_install'
[1.641s] Level 1:colcon.colcon_core.package_identification:_identify(src/Simple-2D-LiDAR-Odometry) by extensions ['colcon_pkg']
[1.642s] Level 1:colcon.colcon_core.package_identification:_identify(src/Simple-2D-LiDAR-Odometry) by extension 'colcon_pkg'
[1.642s] Level 1:colcon.colcon_core.package_identification:_identify(src/Simple-2D-LiDAR-Odometry) by extensions ['colcon_meta']
[1.642s] Level 1:colcon.colcon_core.package_identification:_identify(src/Simple-2D-LiDAR-Odometry) by extension 'colcon_meta'
[1.642s] Level 1:colcon.colcon_core.package_identification:_identify(src/Simple-2D-LiDAR-Odometry) by extensions ['ros']
[1.642s] Level 1:colcon.colcon_core.package_identification:_identify(src/Simple-2D-LiDAR-Odometry) by extension 'ros'
[1.655s] DEBUG:colcon.colcon_core.package_identification:Package 'src/Simple-2D-LiDAR-Odometry' with type 'ros.ament_cmake' and name 'lidar_odometry'
[1.656s] Level 1:colcon.colcon_core.package_identification:_identify(src/bno055) by extensions ['ignore', 'ignore_ament_install']
[1.657s] Level 1:colcon.colcon_core.package_identification:_identify(src/bno055) by extension 'ignore'
[1.657s] Level 1:colcon.colcon_core.package_identification:_identify(src/bno055) by extension 'ignore_ament_install'
[1.657s] Level 1:colcon.colcon_core.package_identification:_identify(src/bno055) by extensions ['colcon_pkg']
[1.658s] Level 1:colcon.colcon_core.package_identification:_identify(src/bno055) by extension 'colcon_pkg'
[1.658s] Level 1:colcon.colcon_core.package_identification:_identify(src/bno055) by extensions ['colcon_meta']
[1.658s] Level 1:colcon.colcon_core.package_identification:_identify(src/bno055) by extension 'colcon_meta'
[1.658s] Level 1:colcon.colcon_core.package_identification:_identify(src/bno055) by extensions ['ros']
[1.658s] Level 1:colcon.colcon_core.package_identification:_identify(src/bno055) by extension 'ros'
[1.661s] DEBUG:colcon.colcon_core.package_identification:Package 'src/bno055' with type 'ros.ament_python' and name 'bno055'
[1.662s] Level 1:colcon.colcon_core.package_identification:_identify(src/cmd_vel_to_joystick) by extensions ['ignore', 'ignore_ament_install']
[1.662s] Level 1:colcon.colcon_core.package_identification:_identify(src/cmd_vel_to_joystick) by extension 'ignore'
[1.663s] Level 1:colcon.colcon_core.package_identification:_identify(src/cmd_vel_to_joystick) by extension 'ignore_ament_install'
[1.663s] Level 1:colcon.colcon_core.package_identification:_identify(src/cmd_vel_to_joystick) by extensions ['colcon_pkg']
[1.663s] Level 1:colcon.colcon_core.package_identification:_identify(src/cmd_vel_to_joystick) by extension 'colcon_pkg'
[1.663s] Level 1:colcon.colcon_core.package_identification:_identify(src/cmd_vel_to_joystick) by extensions ['colcon_meta']
[1.663s] Level 1:colcon.colcon_core.package_identification:_identify(src/cmd_vel_to_joystick) by extension 'colcon_meta'
[1.664s] Level 1:colcon.colcon_core.package_identification:_identify(src/cmd_vel_to_joystick) by extensions ['ros']
[1.664s] Level 1:colcon.colcon_core.package_identification:_identify(src/cmd_vel_to_joystick) by extension 'ros'
[1.666s] DEBUG:colcon.colcon_core.package_identification:Package 'src/cmd_vel_to_joystick' with type 'ros.ament_python' and name 'cmd_vel_to_joystick'
[1.667s] Level 1:colcon.colcon_core.package_identification:_identify(src/csm) by extensions ['ignore', 'ignore_ament_install']
[1.668s] Level 1:colcon.colcon_core.package_identification:_identify(src/csm) by extension 'ignore'
[1.668s] Level 1:colcon.colcon_core.package_identification:_identify(src/csm) by extension 'ignore_ament_install'
[1.668s] Level 1:colcon.colcon_core.package_identification:_identify(src/csm) by extensions ['colcon_pkg']
[1.668s] Level 1:colcon.colcon_core.package_identification:_identify(src/csm) by extension 'colcon_pkg'
[1.668s] Level 1:colcon.colcon_core.package_identification:_identify(src/csm) by extensions ['colcon_meta']
[1.669s] Level 1:colcon.colcon_core.package_identification:_identify(src/csm) by extension 'colcon_meta'
[1.669s] Level 1:colcon.colcon_core.package_identification:_identify(src/csm) by extensions ['ros']
[1.669s] Level 1:colcon.colcon_core.package_identification:_identify(src/csm) by extension 'ros'
[1.671s] DEBUG:colcon.colcon_core.package_identification:Package 'src/csm' with type 'ros.ament_cmake' and name 'csm'
[1.672s] Level 1:colcon.colcon_core.package_identification:_identify(src/joystick_publisher) by extensions ['ignore', 'ignore_ament_install']
[1.673s] Level 1:colcon.colcon_core.package_identification:_identify(src/joystick_publisher) by extension 'ignore'
[1.673s] Level 1:colcon.colcon_core.package_identification:_identify(src/joystick_publisher) by extension 'ignore_ament_install'
[1.673s] Level 1:colcon.colcon_core.package_identification:_identify(src/joystick_publisher) by extensions ['colcon_pkg']
[1.673s] Level 1:colcon.colcon_core.package_identification:_identify(src/joystick_publisher) by extension 'colcon_pkg'
[1.673s] Level 1:colcon.colcon_core.package_identification:_identify(src/joystick_publisher) by extensions ['colcon_meta']
[1.674s] Level 1:colcon.colcon_core.package_identification:_identify(src/joystick_publisher) by extension 'colcon_meta'
[1.674s] Level 1:colcon.colcon_core.package_identification:_identify(src/joystick_publisher) by extensions ['ros']
[1.674s] Level 1:colcon.colcon_core.package_identification:_identify(src/joystick_publisher) by extension 'ros'
[1.676s] DEBUG:colcon.colcon_core.package_identification:Package 'src/joystick_publisher' with type 'ros.ament_python' and name 'joystick_publisher'
[1.677s] Level 1:colcon.colcon_core.package_identification:_identify(src/motor_commands) by extensions ['ignore', 'ignore_ament_install']
[1.677s] Level 1:colcon.colcon_core.package_identification:_identify(src/motor_commands) by extension 'ignore'
[1.677s] Level 1:colcon.colcon_core.package_identification:_identify(src/motor_commands) by extension 'ignore_ament_install'
[1.678s] Level 1:colcon.colcon_core.package_identification:_identify(src/motor_commands) by extensions ['colcon_pkg']
[1.678s] Level 1:colcon.colcon_core.package_identification:_identify(src/motor_commands) by extension 'colcon_pkg'
[1.678s] Level 1:colcon.colcon_core.package_identification:_identify(src/motor_commands) by extensions ['colcon_meta']
[1.678s] Level 1:colcon.colcon_core.package_identification:_identify(src/motor_commands) by extension 'colcon_meta'
[1.678s] Level 1:colcon.colcon_core.package_identification:_identify(src/motor_commands) by extensions ['ros']
[1.678s] Level 1:colcon.colcon_core.package_identification:_identify(src/motor_commands) by extension 'ros'
[1.680s] DEBUG:colcon.colcon_core.package_identification:Package 'src/motor_commands' with type 'ros.ament_python' and name 'motor_commands'
[1.681s] Level 1:colcon.colcon_core.package_identification:_identify(src/motor_serial) by extensions ['ignore', 'ignore_ament_install']
[1.681s] Level 1:colcon.colcon_core.package_identification:_identify(src/motor_serial) by extension 'ignore'
[1.682s] Level 1:colcon.colcon_core.package_identification:_identify(src/motor_serial) by extension 'ignore_ament_install'
[1.682s] Level 1:colcon.colcon_core.package_identification:_identify(src/motor_serial) by extensions ['colcon_pkg']
[1.682s] Level 1:colcon.colcon_core.package_identification:_identify(src/motor_serial) by extension 'colcon_pkg'
[1.682s] Level 1:colcon.colcon_core.package_identification:_identify(src/motor_serial) by extensions ['colcon_meta']
[1.682s] Level 1:colcon.colcon_core.package_identification:_identify(src/motor_serial) by extension 'colcon_meta'
[1.683s] Level 1:colcon.colcon_core.package_identification:_identify(src/motor_serial) by extensions ['ros']
[1.683s] Level 1:colcon.colcon_core.package_identification:_identify(src/motor_serial) by extension 'ros'
[1.685s] DEBUG:colcon.colcon_core.package_identification:Package 'src/motor_serial' with type 'ros.ament_python' and name 'motor_serial'
[1.685s] Level 1:colcon.colcon_core.package_identification:_identify(src/my_map) by extensions ['ignore', 'ignore_ament_install']
[1.686s] Level 1:colcon.colcon_core.package_identification:_identify(src/my_map) by extension 'ignore'
[1.686s] Level 1:colcon.colcon_core.package_identification:_identify(src/my_map) by extension 'ignore_ament_install'
[1.686s] Level 1:colcon.colcon_core.package_identification:_identify(src/my_map) by extensions ['colcon_pkg']
[1.687s] Level 1:colcon.colcon_core.package_identification:_identify(src/my_map) by extension 'colcon_pkg'
[1.687s] Level 1:colcon.colcon_core.package_identification:_identify(src/my_map) by extensions ['colcon_meta']
[1.687s] Level 1:colcon.colcon_core.package_identification:_identify(src/my_map) by extension 'colcon_meta'
[1.687s] Level 1:colcon.colcon_core.package_identification:_identify(src/my_map) by extensions ['ros']
[1.687s] Level 1:colcon.colcon_core.package_identification:_identify(src/my_map) by extension 'ros'
[1.688s] Level 1:colcon.colcon_core.package_identification:_identify(src/my_map) by extensions ['cmake', 'python']
[1.688s] Level 1:colcon.colcon_core.package_identification:_identify(src/my_map) by extension 'cmake'
[1.688s] Level 1:colcon.colcon_core.package_identification:_identify(src/my_map) by extension 'python'
[1.688s] Level 1:colcon.colcon_core.package_identification:_identify(src/my_map) by extensions ['python_setup_py']
[1.688s] Level 1:colcon.colcon_core.package_identification:_identify(src/my_map) by extension 'python_setup_py'
[1.689s] Level 1:colcon.colcon_core.package_identification:_identify(src/my_parameters) by extensions ['ignore', 'ignore_ament_install']
[1.689s] Level 1:colcon.colcon_core.package_identification:_identify(src/my_parameters) by extension 'ignore'
[1.689s] Level 1:colcon.colcon_core.package_identification:_identify(src/my_parameters) by extension 'ignore_ament_install'
[1.690s] Level 1:colcon.colcon_core.package_identification:_identify(src/my_parameters) by extensions ['colcon_pkg']
[1.690s] Level 1:colcon.colcon_core.package_identification:_identify(src/my_parameters) by extension 'colcon_pkg'
[1.690s] Level 1:colcon.colcon_core.package_identification:_identify(src/my_parameters) by extensions ['colcon_meta']
[1.690s] Level 1:colcon.colcon_core.package_identification:_identify(src/my_parameters) by extension 'colcon_meta'
[1.691s] Level 1:colcon.colcon_core.package_identification:_identify(src/my_parameters) by extensions ['ros']
[1.691s] Level 1:colcon.colcon_core.package_identification:_identify(src/my_parameters) by extension 'ros'
[1.694s] DEBUG:colcon.colcon_core.package_identification:Package 'src/my_parameters' with type 'ros.ament_cmake' and name 'my_parameters'
[1.695s] Level 1:colcon.colcon_core.package_identification:_identify(src/my_slam_package) by extensions ['ignore', 'ignore_ament_install']
[1.695s] Level 1:colcon.colcon_core.package_identification:_identify(src/my_slam_package) by extension 'ignore'
[1.696s] Level 1:colcon.colcon_core.package_identification:_identify(src/my_slam_package) by extension 'ignore_ament_install'
[1.696s] Level 1:colcon.colcon_core.package_identification:_identify(src/my_slam_package) by extensions ['colcon_pkg']
[1.696s] Level 1:colcon.colcon_core.package_identification:_identify(src/my_slam_package) by extension 'colcon_pkg'
[1.697s] Level 1:colcon.colcon_core.package_identification:_identify(src/my_slam_package) by extensions ['colcon_meta']
[1.697s] Level 1:colcon.colcon_core.package_identification:_identify(src/my_slam_package) by extension 'colcon_meta'
[1.697s] Level 1:colcon.colcon_core.package_identification:_identify(src/my_slam_package) by extensions ['ros']
[1.697s] Level 1:colcon.colcon_core.package_identification:_identify(src/my_slam_package) by extension 'ros'
[1.701s] DEBUG:colcon.colcon_core.package_identification:Package 'src/my_slam_package' with type 'ros.ament_python' and name 'my_slam_package'
[1.702s] Level 1:colcon.colcon_core.package_identification:_identify(src/ros2_laser_scan_matcher) by extensions ['ignore', 'ignore_ament_install']
[1.702s] Level 1:colcon.colcon_core.package_identification:_identify(src/ros2_laser_scan_matcher) by extension 'ignore'
[1.703s] Level 1:colcon.colcon_core.package_identification:_identify(src/ros2_laser_scan_matcher) by extension 'ignore_ament_install'
[1.703s] Level 1:colcon.colcon_core.package_identification:_identify(src/ros2_laser_scan_matcher) by extensions ['colcon_pkg']
[1.703s] Level 1:colcon.colcon_core.package_identification:_identify(src/ros2_laser_scan_matcher) by extension 'colcon_pkg'
[1.703s] Level 1:colcon.colcon_core.package_identification:_identify(src/ros2_laser_scan_matcher) by extensions ['colcon_meta']
[1.704s] Level 1:colcon.colcon_core.package_identification:_identify(src/ros2_laser_scan_matcher) by extension 'colcon_meta'
[1.704s] Level 1:colcon.colcon_core.package_identification:_identify(src/ros2_laser_scan_matcher) by extensions ['ros']
[1.704s] Level 1:colcon.colcon_core.package_identification:_identify(src/ros2_laser_scan_matcher) by extension 'ros'
[1.707s] DEBUG:colcon.colcon_core.package_identification:Package 'src/ros2_laser_scan_matcher' with type 'ros.ament_cmake' and name 'ros2_laser_scan_matcher'
[1.708s] Level 1:colcon.colcon_core.package_identification:_identify(src/sllidar_ros2) by extensions ['ignore', 'ignore_ament_install']
[1.708s] Level 1:colcon.colcon_core.package_identification:_identify(src/sllidar_ros2) by extension 'ignore'
[1.709s] Level 1:colcon.colcon_core.package_identification:_identify(src/sllidar_ros2) by extension 'ignore_ament_install'
[1.709s] Level 1:colcon.colcon_core.package_identification:_identify(src/sllidar_ros2) by extensions ['colcon_pkg']
[1.709s] Level 1:colcon.colcon_core.package_identification:_identify(src/sllidar_ros2) by extension 'colcon_pkg'
[1.709s] Level 1:colcon.colcon_core.package_identification:_identify(src/sllidar_ros2) by extensions ['colcon_meta']
[1.710s] Level 1:colcon.colcon_core.package_identification:_identify(src/sllidar_ros2) by extension 'colcon_meta'
[1.710s] Level 1:colcon.colcon_core.package_identification:_identify(src/sllidar_ros2) by extensions ['ros']
[1.710s] Level 1:colcon.colcon_core.package_identification:_identify(src/sllidar_ros2) by extension 'ros'
[1.713s] DEBUG:colcon.colcon_core.package_identification:Package 'src/sllidar_ros2' with type 'ros.ament_cmake' and name 'sllidar_ros2'
[1.714s] Level 1:colcon.colcon_core.package_identification:_identify(src/soft_robot_bringub) by extensions ['ignore', 'ignore_ament_install']
[1.714s] Level 1:colcon.colcon_core.package_identification:_identify(src/soft_robot_bringub) by extension 'ignore'
[1.714s] Level 1:colcon.colcon_core.package_identification:_identify(src/soft_robot_bringub) by extension 'ignore_ament_install'
[1.715s] Level 1:colcon.colcon_core.package_identification:_identify(src/soft_robot_bringub) by extensions ['colcon_pkg']
[1.715s] Level 1:colcon.colcon_core.package_identification:_identify(src/soft_robot_bringub) by extension 'colcon_pkg'
[1.715s] Level 1:colcon.colcon_core.package_identification:_identify(src/soft_robot_bringub) by extensions ['colcon_meta']
[1.715s] Level 1:colcon.colcon_core.package_identification:_identify(src/soft_robot_bringub) by extension 'colcon_meta'
[1.715s] Level 1:colcon.colcon_core.package_identification:_identify(src/soft_robot_bringub) by extensions ['ros']
[1.715s] Level 1:colcon.colcon_core.package_identification:_identify(src/soft_robot_bringub) by extension 'ros'
[1.721s] DEBUG:colcon.colcon_core.package_identification:Package 'src/soft_robot_bringub' with type 'ros.ament_cmake' and name 'soft_robot_bringub'
[1.722s] Level 1:colcon.colcon_core.package_discovery:discover_packages(recursive) using defaults
[1.722s] Level 1:colcon.colcon_core.package_discovery:discover_packages(ignore) discover
[1.722s] Level 1:colcon.colcon_core.package_discovery:discover_packages(ignore) using defaults
[1.722s] Level 1:colcon.colcon_core.package_discovery:discover_packages(path) discover
[1.722s] Level 1:colcon.colcon_core.package_discovery:discover_packages(path) using defaults
[1.852s] INFO:colcon.colcon_core.package_selection:Skipping not selected package 'bno055' in 'src/bno055'
[1.853s] INFO:colcon.colcon_core.package_selection:Skipping not selected package 'csm' in 'src/csm'
[1.853s] INFO:colcon.colcon_core.package_selection:Skipping not selected package 'joystick_publisher' in 'src/joystick_publisher'
[1.853s] INFO:colcon.colcon_core.package_selection:Skipping not selected package 'lidar_odometry' in 'src/Simple-2D-LiDAR-Odometry'
[1.853s] INFO:colcon.colcon_core.package_selection:Skipping not selected package 'motor_commands' in 'src/motor_commands'
[1.853s] INFO:colcon.colcon_core.package_selection:Skipping not selected package 'my_parameters' in 'src/my_parameters'
[1.853s] INFO:colcon.colcon_core.package_selection:Skipping not selected package 'my_slam_package' in 'src/my_slam_package'
[1.853s] INFO:colcon.colcon_core.package_selection:Skipping not selected package 'sllidar_ros2' in 'src/sllidar_ros2'
[1.854s] INFO:colcon.colcon_core.package_selection:Skipping not selected package 'cmd_vel_to_joystick' in 'src/cmd_vel_to_joystick'
[1.854s] INFO:colcon.colcon_core.package_selection:Skipping not selected package 'ros2_laser_scan_matcher' in 'src/ros2_laser_scan_matcher'
[1.854s] INFO:colcon.colcon_core.package_selection:Skipping not selected package 'soft_robot_bringub' in 'src/soft_robot_bringub'
[1.855s] Level 1:colcon.colcon_core.package_discovery:discover_packages(prefix_path) check parameters
[1.856s] Level 1:colcon.colcon_core.package_discovery:discover_packages(prefix_path) discover
[1.870s] DEBUG:colcon.colcon_installed_package_information.package_discovery:Found 13 installed packages in /home/pi2/ros2_ws/install
[1.873s] DEBUG:colcon.colcon_installed_package_information.package_discovery:Found 4 installed packages in /home/pi2/install
[1.884s] DEBUG:colcon.colcon_installed_package_information.package_discovery:Found 310 installed packages in /opt/ros/humble
[1.891s] Level 1:colcon.colcon_core.package_discovery:discover_packages(prefix_path) using defaults
[2.083s] WARNING:colcon.colcon_core.package_selection:Some selected packages are already built in one or more underlay workspaces:
	'motor_serial' is in: /home/pi2/ros2_ws/install/motor_serial, /home/pi2/install/motor_serial
If a package in a merged underlay workspace is overridden and it installs headers, then all packages in the overlay must sort their include directories by workspace order. Failure to do so may result in build failures or undefined behavior at run time.
If the overridden package is used by another package in any underlay, then the overriding package in the overlay must be API and ABI compatible or undefined behavior at run time may occur.

If you understand the risks and want to override a package anyways, add the following to the command line:
	--allow-overriding motor_serial

This may be promoted to an error in a future release of colcon-override-check.
[2.087s] Level 5:colcon.colcon_core.verb:set package 'motor_serial' build argument 'cmake_args' from command line to 'None'
[2.088s] Level 5:colcon.colcon_core.verb:set package 'motor_serial' build argument 'cmake_target' from command line to 'None'
[2.088s] Level 5:colcon.colcon_core.verb:set package 'motor_serial' build argument 'cmake_target_skip_unavailable' from command line to 'False'
[2.088s] Level 5:colcon.colcon_core.verb:set package 'motor_serial' build argument 'cmake_clean_cache' from command line to 'False'
[2.088s] Level 5:colcon.colcon_core.verb:set package 'motor_serial' build argument 'cmake_clean_first' from command line to 'False'
[2.088s] Level 5:colcon.colcon_core.verb:set package 'motor_serial' build argument 'cmake_force_configure' from command line to 'False'
[2.088s] Level 5:colcon.colcon_core.verb:set package 'motor_serial' build argument 'ament_cmake_args' from command line to 'None'
[2.088s] Level 5:colcon.colcon_core.verb:set package 'motor_serial' build argument 'catkin_cmake_args' from command line to 'None'
[2.089s] Level 5:colcon.colcon_core.verb:set package 'motor_serial' build argument 'catkin_skip_building_tests' from command line to 'False'
[2.089s] DEBUG:colcon.colcon_core.verb:Building package 'motor_serial' with the following arguments: {'ament_cmake_args': None, 'build_base': '/home/pi2/ros2_ws/build/motor_serial', 'catkin_cmake_args': None, 'catkin_skip_building_tests': False, 'cmake_args': None, 'cmake_clean_cache': False, 'cmake_clean_first': False, 'cmake_force_configure': False, 'cmake_target': None, 'cmake_target_skip_unavailable': False, 'install_base': '/home/pi2/ros2_ws/install/motor_serial', 'merge_install': False, 'path': '/home/pi2/ros2_ws/src/motor_serial', 'symlink_install': False, 'test_result_base': None}
[2.089s] INFO:colcon.colcon_core.executor:Executing jobs using 'parallel' executor
[2.093s] DEBUG:colcon.colcon_parallel_executor.executor.parallel:run_until_complete
[2.094s] INFO:colcon.colcon_ros.task.ament_python.build:Building ROS package in '/home/pi2/ros2_ws/src/motor_serial' with build type 'ament_python'
[2.095s] Level 1:colcon.colcon_core.shell:create_environment_hook('motor_serial', 'ament_prefix_path')
[2.107s] INFO:colcon.colcon_core.plugin_system:Skipping extension 'colcon_core.shell.bat': Not used on non-Windows systems
[2.108s] INFO:colcon.colcon_core.shell:Creating environment hook '/home/pi2/ros2_ws/install/motor_serial/share/motor_serial/hook/ament_prefix_path.ps1'
[2.111s] INFO:colcon.colcon_core.shell:Creating environment descriptor '/home/pi2/ros2_ws/install/motor_serial/share/motor_serial/hook/ament_prefix_path.dsv'
[2.114s] INFO:colcon.colcon_core.shell:Creating environment hook '/home/pi2/ros2_ws/install/motor_serial/share/motor_serial/hook/ament_prefix_path.sh'
[2.118s] INFO:colcon.colcon_core.shell:Skip shell extension 'powershell' for command environment: Not usable outside of PowerShell
[2.118s] DEBUG:colcon.colcon_core.shell:Skip shell extension 'dsv' for command environment
[3.513s] INFO:colcon.colcon_core.task.python.build:Building Python package in '/home/pi2/ros2_ws/src/motor_serial'
[3.514s] INFO:colcon.colcon_core.shell:Skip shell extension 'powershell' for command environment: Not usable outside of PowerShell
[3.515s] DEBUG:colcon.colcon_core.shell:Skip shell extension 'dsv' for command environment
[5.346s] DEBUG:colcon.colcon_core.event_handler.log_command:Invoking command in '/home/pi2/ros2_ws/src/motor_serial': PYTHONPATH=/home/pi2/ros2_ws/build/motor_serial/prefix_override:/usr/lib/python3/dist-packages/colcon_core/task/python/colcon_distutils_commands:/home/pi2/ros2_ws/install/motor_serial/lib/python3.10/site-packages:${PYTHONPATH} /usr/bin/python3 -W ignore:setup.py install is deprecated setup.py egg_info --egg-base ../../build/motor_serial build --build-base /home/pi2/ros2_ws/build/motor_serial/build install --record /home/pi2/ros2_ws/build/motor_serial/install.log --single-version-externally-managed install_data
[6.937s] DEBUG:colcon.colcon_core.event_handler.log_command:Invoked command in '/home/pi2/ros2_ws/src/motor_serial' returned '0': PYTHONPATH=/home/pi2/ros2_ws/build/motor_serial/prefix_override:/usr/lib/python3/dist-packages/colcon_core/task/python/colcon_distutils_commands:/home/pi2/ros2_ws/install/motor_serial/lib/python3.10/site-packages:${PYTHONPATH} /usr/bin/python3 -W ignore:setup.py install is deprecated setup.py egg_info --egg-base ../../build/motor_serial build --build-base /home/pi2/ros2_ws/build/motor_serial/build install --record /home/pi2/ros2_ws/build/motor_serial/install.log --single-version-externally-managed install_data
[6.948s] Level 1:colcon.colcon_core.environment:checking '/home/pi2/ros2_ws/install/motor_serial' for CMake module files
[6.950s] Level 1:colcon.colcon_core.environment:checking '/home/pi2/ros2_ws/install/motor_serial' for CMake config files
[6.954s] Level 1:colcon.colcon_core.environment:checking '/home/pi2/ros2_ws/install/motor_serial/lib'
[6.955s] Level 1:colcon.colcon_core.environment:checking '/home/pi2/ros2_ws/install/motor_serial/bin'
[6.955s] Level 1:colcon.colcon_core.environment:checking '/home/pi2/ros2_ws/install/motor_serial/lib/pkgconfig/motor_serial.pc'
[6.956s] Level 1:colcon.colcon_core.environment:checking '/home/pi2/ros2_ws/install/motor_serial/lib/python3.10/site-packages'
[6.957s] Level 1:colcon.colcon_core.shell:create_environment_hook('motor_serial', 'pythonpath')
[6.958s] INFO:colcon.colcon_core.shell:Creating environment hook '/home/pi2/ros2_ws/install/motor_serial/share/motor_serial/hook/pythonpath.ps1'
[6.960s] INFO:colcon.colcon_core.shell:Creating environment descriptor '/home/pi2/ros2_ws/install/motor_serial/share/motor_serial/hook/pythonpath.dsv'
[6.963s] INFO:colcon.colcon_core.shell:Creating environment hook '/home/pi2/ros2_ws/install/motor_serial/share/motor_serial/hook/pythonpath.sh'
[6.966s] Level 1:colcon.colcon_core.environment:checking '/home/pi2/ros2_ws/install/motor_serial/bin'
[6.967s] Level 1:colcon.colcon_core.environment:create_environment_scripts_only(motor_serial)
[6.968s] INFO:colcon.colcon_core.shell:Creating package script '/home/pi2/ros2_ws/install/motor_serial/share/motor_serial/package.ps1'
[6.973s] INFO:colcon.colcon_core.shell:Creating package descriptor '/home/pi2/ros2_ws/install/motor_serial/share/motor_serial/package.dsv'
[6.976s] INFO:colcon.colcon_core.shell:Creating package script '/home/pi2/ros2_ws/install/motor_serial/share/motor_serial/package.sh'
[6.980s] INFO:colcon.colcon_core.shell:Creating package script '/home/pi2/ros2_ws/install/motor_serial/share/motor_serial/package.bash'
[6.984s] INFO:colcon.colcon_core.shell:Creating package script '/home/pi2/ros2_ws/install/motor_serial/share/motor_serial/package.zsh'
[6.987s] Level 1:colcon.colcon_core.environment:create_file_with_runtime_dependencies(/home/pi2/ros2_ws/install/motor_serial/share/colcon-core/packages/motor_serial)
[6.988s] DEBUG:colcon.colcon_parallel_executor.executor.parallel:closing loop
[6.990s] DEBUG:colcon.colcon_parallel_executor.executor.parallel:loop closed
[6.990s] DEBUG:colcon.colcon_parallel_executor.executor.parallel:run_until_complete finished with '0'
[6.990s] DEBUG:colcon.colcon_core.event_reactor:joining thread
[7.013s] INFO:colcon.colcon_core.plugin_system:Skipping extension 'colcon_notification.desktop_notification.notify_send': Could not find 'notify-send'
[7.014s] INFO:colcon.colcon_core.plugin_system:Skipping extension 'colcon_notification.desktop_notification.terminal_notifier': Not used on non-Darwin systems
[7.014s] INFO:colcon.colcon_core.plugin_system:Skipping extension 'colcon_notification.desktop_notification.win32': Not used on non-Windows systems
[7.014s] INFO:colcon.colcon_notification.desktop_notification:Sending desktop notification using 'notify2'
[7.017s] DEBUG:colcon.colcon_notification.desktop_notification.notify2:Failed to initialize notify2: org.freedesktop.DBus.Error.ServiceUnknown: The name org.freedesktop.Notifications was not provided by any .service files
[7.018s] DEBUG:colcon.colcon_core.event_reactor:joined thread
[7.019s] INFO:colcon.colcon_core.shell:Creating prefix script '/home/pi2/ros2_ws/install/local_setup.ps1'
[7.023s] INFO:colcon.colcon_core.shell:Creating prefix util module '/home/pi2/ros2_ws/install/_local_setup_util_ps1.py'
[7.030s] INFO:colcon.colcon_core.shell:Creating prefix chain script '/home/pi2/ros2_ws/install/setup.ps1'
[7.040s] INFO:colcon.colcon_core.shell:Creating prefix script '/home/pi2/ros2_ws/install/local_setup.sh'
[7.043s] INFO:colcon.colcon_core.shell:Creating prefix util module '/home/pi2/ros2_ws/install/_local_setup_util_sh.py'
[7.046s] INFO:colcon.colcon_core.shell:Creating prefix chain script '/home/pi2/ros2_ws/install/setup.sh'
[7.055s] INFO:colcon.colcon_core.shell:Creating prefix script '/home/pi2/ros2_ws/install/local_setup.bash'
[7.058s] INFO:colcon.colcon_core.shell:Creating prefix chain script '/home/pi2/ros2_ws/install/setup.bash'
[7.067s] INFO:colcon.colcon_core.shell:Creating prefix script '/home/pi2/ros2_ws/install/local_setup.zsh'
[7.069s] INFO:colcon.colcon_core.shell:Creating prefix chain script '/home/pi2/ros2_ws/install/setup.zsh'
