[0.099s] Invoking command in '/home/pi2/ros2_ws/build/soft_robot_bringub': AMENT_PREFIX_PATH=/home/pi2/ros2_ws/install/motor_serial:/home/pi2/ros2_ws/install/motor_commands:/home/pi2/ros2_ws/install/joystick_publisher:/home/pi2/ros2_ws/install/bno055:/home/pi2/ros2_ws/install/soft_robot_bringub:/home/pi2/ros2_ws/install/sllidar_ros2:/home/pi2/ros2_ws/install/my_parameters:/home/pi2/ros2_ws/install/locolization:/opt/ros/humble:/home/pi2/ros2_ws/install CMAKE_PREFIX_PATH=${CMAKE_PREFIX_PATH}:/home/pi2/ros2_ws/install/motor_serial:/home/pi2/ros2_ws/install/motor_commands:/home/pi2/ros2_ws/install/locolization:/home/pi2/ros2_ws/install/joystick_publisher:/home/pi2/ros2_ws/install/bno055:/opt/ros/humble PYTHONPATH=/home/pi2/ros2_ws/install/motor_serial/lib/python3.10/site-packages:/home/pi2/ros2_ws/install/motor_commands/lib/python3.10/site-packages:/home/pi2/ros2_ws/install/joystick_publisher/lib/python3.10/site-packages:/home/pi2/ros2_ws/install/bno055/lib/python3.10/site-packages:/home/pi2/ros2_ws/install/my_parameters/local/lib/python3.10/dist-packages:/home/pi2/ros2_ws/install/locolization/lib/python3.10/site-packages:/opt/ros/humble/lib/python3.10/site-packages:/opt/ros/humble/local/lib/python3.10/dist-packages /usr/bin/cmake --build /home/pi2/ros2_ws/build/soft_robot_bringub -- -j4 -l4
[0.304s] -- Found ament_cmake: 1.3.10 (/opt/ros/humble/share/ament_cmake/cmake)
[1.156s] -- Found ament_lint_auto: 0.12.11 (/opt/ros/humble/share/ament_lint_auto/cmake)
[1.570s] -- Added test 'flake8' to check Python code syntax and style conventions
[1.574s] -- Added test 'lint_cmake' to check CMake code style
[1.577s] -- Added test 'pep257' to check Python code against some of the docstring style conventions in PEP 257
[1.591s] -- Added test 'xmllint' to check XML markup files
[1.601s] -- Configuring done
[1.646s] -- Generating done
[1.654s] -- Build files have been written to: /home/pi2/ros2_ws/build/soft_robot_bringub
[1.745s] Invoked command in '/home/pi2/ros2_ws/build/soft_robot_bringub' returned '0': AMENT_PREFIX_PATH=/home/pi2/ros2_ws/install/motor_serial:/home/pi2/ros2_ws/install/motor_commands:/home/pi2/ros2_ws/install/joystick_publisher:/home/pi2/ros2_ws/install/bno055:/home/pi2/ros2_ws/install/soft_robot_bringub:/home/pi2/ros2_ws/install/sllidar_ros2:/home/pi2/ros2_ws/install/my_parameters:/home/pi2/ros2_ws/install/locolization:/opt/ros/humble:/home/pi2/ros2_ws/install CMAKE_PREFIX_PATH=${CMAKE_PREFIX_PATH}:/home/pi2/ros2_ws/install/motor_serial:/home/pi2/ros2_ws/install/motor_commands:/home/pi2/ros2_ws/install/locolization:/home/pi2/ros2_ws/install/joystick_publisher:/home/pi2/ros2_ws/install/bno055:/opt/ros/humble PYTHONPATH=/home/pi2/ros2_ws/install/motor_serial/lib/python3.10/site-packages:/home/pi2/ros2_ws/install/motor_commands/lib/python3.10/site-packages:/home/pi2/ros2_ws/install/joystick_publisher/lib/python3.10/site-packages:/home/pi2/ros2_ws/install/bno055/lib/python3.10/site-packages:/home/pi2/ros2_ws/install/my_parameters/local/lib/python3.10/dist-packages:/home/pi2/ros2_ws/install/locolization/lib/python3.10/site-packages:/opt/ros/humble/lib/python3.10/site-packages:/opt/ros/humble/local/lib/python3.10/dist-packages /usr/bin/cmake --build /home/pi2/ros2_ws/build/soft_robot_bringub -- -j4 -l4
[1.918s] Invoking command in '/home/pi2/ros2_ws/build/soft_robot_bringub': AMENT_PREFIX_PATH=/home/pi2/ros2_ws/install/motor_serial:/home/pi2/ros2_ws/install/motor_commands:/home/pi2/ros2_ws/install/joystick_publisher:/home/pi2/ros2_ws/install/bno055:/home/pi2/ros2_ws/install/soft_robot_bringub:/home/pi2/ros2_ws/install/sllidar_ros2:/home/pi2/ros2_ws/install/my_parameters:/home/pi2/ros2_ws/install/locolization:/opt/ros/humble:/home/pi2/ros2_ws/install CMAKE_PREFIX_PATH=${CMAKE_PREFIX_PATH}:/home/pi2/ros2_ws/install/motor_serial:/home/pi2/ros2_ws/install/motor_commands:/home/pi2/ros2_ws/install/locolization:/home/pi2/ros2_ws/install/joystick_publisher:/home/pi2/ros2_ws/install/bno055:/opt/ros/humble PYTHONPATH=/home/pi2/ros2_ws/install/motor_serial/lib/python3.10/site-packages:/home/pi2/ros2_ws/install/motor_commands/lib/python3.10/site-packages:/home/pi2/ros2_ws/install/joystick_publisher/lib/python3.10/site-packages:/home/pi2/ros2_ws/install/bno055/lib/python3.10/site-packages:/home/pi2/ros2_ws/install/my_parameters/local/lib/python3.10/dist-packages:/home/pi2/ros2_ws/install/locolization/lib/python3.10/site-packages:/opt/ros/humble/lib/python3.10/site-packages:/opt/ros/humble/local/lib/python3.10/dist-packages /usr/bin/cmake --install /home/pi2/ros2_ws/build/soft_robot_bringub
[1.949s] -- Install configuration: ""
[1.949s] -- Up-to-date: /home/pi2/ros2_ws/install/soft_robot_bringub/share/soft_robot_bringub/launch
[1.950s] -- Up-to-date: /home/pi2/ros2_ws/install/soft_robot_bringub/share/soft_robot_bringub/launch/soft_robot.launch.py
[1.951s] -- Up-to-date: /home/pi2/ros2_ws/install/soft_robot_bringub/share/soft_robot_bringub/config
[1.951s] -- Up-to-date: /home/pi2/ros2_ws/install/soft_robot_bringub/share/soft_robot_bringub/config/ekf_config.yaml
[1.951s] -- Installing: /home/pi2/ros2_ws/install/soft_robot_bringub/share/ament_index/resource_index/package_run_dependencies/soft_robot_bringub
[1.953s] -- Installing: /home/pi2/ros2_ws/install/soft_robot_bringub/share/ament_index/resource_index/parent_prefix_path/soft_robot_bringub
[1.954s] -- Up-to-date: /home/pi2/ros2_ws/install/soft_robot_bringub/share/soft_robot_bringub/environment/ament_prefix_path.sh
[1.956s] -- Installing: /home/pi2/ros2_ws/install/soft_robot_bringub/share/soft_robot_bringub/environment/ament_prefix_path.dsv
[1.957s] -- Up-to-date: /home/pi2/ros2_ws/install/soft_robot_bringub/share/soft_robot_bringub/environment/path.sh
[1.957s] -- Installing: /home/pi2/ros2_ws/install/soft_robot_bringub/share/soft_robot_bringub/environment/path.dsv
[1.959s] -- Up-to-date: /home/pi2/ros2_ws/install/soft_robot_bringub/share/soft_robot_bringub/local_setup.bash
[1.959s] -- Up-to-date: /home/pi2/ros2_ws/install/soft_robot_bringub/share/soft_robot_bringub/local_setup.sh
[1.960s] -- Up-to-date: /home/pi2/ros2_ws/install/soft_robot_bringub/share/soft_robot_bringub/local_setup.zsh
[1.960s] -- Installing: /home/pi2/ros2_ws/install/soft_robot_bringub/share/soft_robot_bringub/local_setup.dsv
[1.961s] -- Installing: /home/pi2/ros2_ws/install/soft_robot_bringub/share/soft_robot_bringub/package.dsv
[1.963s] -- Up-to-date: /home/pi2/ros2_ws/install/soft_robot_bringub/share/ament_index/resource_index/packages/soft_robot_bringub
[1.963s] -- Up-to-date: /home/pi2/ros2_ws/install/soft_robot_bringub/share/soft_robot_bringub/cmake/soft_robot_bringubConfig.cmake
[1.964s] -- Up-to-date: /home/pi2/ros2_ws/install/soft_robot_bringub/share/soft_robot_bringub/cmake/soft_robot_bringubConfig-version.cmake
[1.964s] -- Installing: /home/pi2/ros2_ws/install/soft_robot_bringub/share/soft_robot_bringub/package.xml
[1.971s] Invoked command in '/home/pi2/ros2_ws/build/soft_robot_bringub' returned '0': AMENT_PREFIX_PATH=/home/pi2/ros2_ws/install/motor_serial:/home/pi2/ros2_ws/install/motor_commands:/home/pi2/ros2_ws/install/joystick_publisher:/home/pi2/ros2_ws/install/bno055:/home/pi2/ros2_ws/install/soft_robot_bringub:/home/pi2/ros2_ws/install/sllidar_ros2:/home/pi2/ros2_ws/install/my_parameters:/home/pi2/ros2_ws/install/locolization:/opt/ros/humble:/home/pi2/ros2_ws/install CMAKE_PREFIX_PATH=${CMAKE_PREFIX_PATH}:/home/pi2/ros2_ws/install/motor_serial:/home/pi2/ros2_ws/install/motor_commands:/home/pi2/ros2_ws/install/locolization:/home/pi2/ros2_ws/install/joystick_publisher:/home/pi2/ros2_ws/install/bno055:/opt/ros/humble PYTHONPATH=/home/pi2/ros2_ws/install/motor_serial/lib/python3.10/site-packages:/home/pi2/ros2_ws/install/motor_commands/lib/python3.10/site-packages:/home/pi2/ros2_ws/install/joystick_publisher/lib/python3.10/site-packages:/home/pi2/ros2_ws/install/bno055/lib/python3.10/site-packages:/home/pi2/ros2_ws/install/my_parameters/local/lib/python3.10/dist-packages:/home/pi2/ros2_ws/install/locolization/lib/python3.10/site-packages:/opt/ros/humble/lib/python3.10/site-packages:/opt/ros/humble/local/lib/python3.10/dist-packages /usr/bin/cmake --install /home/pi2/ros2_ws/build/soft_robot_bringub
