[3.625s] Invoking command in '/home/pi2/ros2_ws/src/locolization': PYTHONPATH=/home/pi2/ros2_ws/build/locolization/prefix_override:/usr/lib/python3/dist-packages/colcon_core/task/python/colcon_distutils_commands:/home/pi2/ros2_ws/install/locolization/lib/python3.10/site-packages:${PYTHONPATH} /usr/bin/python3 -W ignore:setup.py install is deprecated setup.py egg_info --egg-base ../../build/locolization build --build-base /home/pi2/ros2_ws/build/locolization/build install --record /home/pi2/ros2_ws/build/locolization/install.log --single-version-externally-managed install_data
[5.046s] running egg_info
[5.050s] writing ../../build/locolization/locolization.egg-info/PKG-INFO
[5.051s] writing dependency_links to ../../build/locolization/locolization.egg-info/dependency_links.txt
[5.053s] writing entry points to ../../build/locolization/locolization.egg-info/entry_points.txt
[5.053s] writing requirements to ../../build/locolization/locolization.egg-info/requires.txt
[5.054s] writing top-level names to ../../build/locolization/locolization.egg-info/top_level.txt
[5.064s] reading manifest file '../../build/locolization/locolization.egg-info/SOURCES.txt'
[5.068s] writing manifest file '../../build/locolization/locolization.egg-info/SOURCES.txt'
[5.069s] running build
[5.070s] running build_py
[5.071s] running install
[5.073s] running install_lib
[5.079s] running install_data
[5.079s] running install_egg_info
[5.092s] removing '/home/pi2/ros2_ws/install/locolization/lib/python3.10/site-packages/locolization-0.0.0-py3.10.egg-info' (and everything under it)
[5.094s] Copying ../../build/locolization/locolization.egg-info to /home/pi2/ros2_ws/install/locolization/lib/python3.10/site-packages/locolization-0.0.0-py3.10.egg-info
[5.100s] running install_scripts
[5.191s] Installing robot_tf script to /home/pi2/ros2_ws/install/locolization/lib/locolization
[5.193s] writing list of installed files to '/home/pi2/ros2_ws/build/locolization/install.log'
[5.319s] Invoked command in '/home/pi2/ros2_ws/src/locolization' returned '0': PYTHONPATH=/home/pi2/ros2_ws/build/locolization/prefix_override:/usr/lib/python3/dist-packages/colcon_core/task/python/colcon_distutils_commands:/home/pi2/ros2_ws/install/locolization/lib/python3.10/site-packages:${PYTHONPATH} /usr/bin/python3 -W ignore:setup.py install is deprecated setup.py egg_info --egg-base ../../build/locolization build --build-base /home/pi2/ros2_ws/build/locolization/build install --record /home/pi2/ros2_ws/build/locolization/install.log --single-version-externally-managed install_data
