[3.620s] Invoking command in '/home/pi2/ros2_ws/src/my_slam_package': PYTHONPATH=/home/pi2/ros2_ws/build/my_slam_package/prefix_override:/usr/lib/python3/dist-packages/colcon_core/task/python/colcon_distutils_commands:/home/pi2/ros2_ws/install/my_slam_package/lib/python3.10/site-packages:${PYTHONPATH} /usr/bin/python3 -W ignore:setup.py install is deprecated setup.py egg_info --egg-base ../../build/my_slam_package build --build-base /home/pi2/ros2_ws/build/my_slam_package/build install --record /home/pi2/ros2_ws/build/my_slam_package/install.log --single-version-externally-managed install_data
[5.054s] running egg_info
[5.058s] writing ../../build/my_slam_package/my_slam_package.egg-info/PKG-INFO
[5.061s] writing dependency_links to ../../build/my_slam_package/my_slam_package.egg-info/dependency_links.txt
[5.061s] writing entry points to ../../build/my_slam_package/my_slam_package.egg-info/entry_points.txt
[5.062s] writing requirements to ../../build/my_slam_package/my_slam_package.egg-info/requires.txt
[5.063s] writing top-level names to ../../build/my_slam_package/my_slam_package.egg-info/top_level.txt
[5.072s] reading manifest file '../../build/my_slam_package/my_slam_package.egg-info/SOURCES.txt'
[5.077s] writing manifest file '../../build/my_slam_package/my_slam_package.egg-info/SOURCES.txt'
[5.078s] running build
[5.078s] running build_py
[5.079s] running install
[5.081s] running install_lib
[5.087s] running install_data
[5.088s] running install_egg_info
[5.100s] removing '/home/pi2/ros2_ws/install/my_slam_package/lib/python3.10/site-packages/my_slam_package-0.0.0-py3.10.egg-info' (and everything under it)
[5.102s] Copying ../../build/my_slam_package/my_slam_package.egg-info to /home/pi2/ros2_ws/install/my_slam_package/lib/python3.10/site-packages/my_slam_package-0.0.0-py3.10.egg-info
[5.108s] running install_scripts
[5.201s] Installing static_tf_broadcaster script to /home/pi2/ros2_ws/install/my_slam_package/lib/my_slam_package
[5.203s] writing list of installed files to '/home/pi2/ros2_ws/build/my_slam_package/install.log'
[5.328s] Invoked command in '/home/pi2/ros2_ws/src/my_slam_package' returned '0': PYTHONPATH=/home/pi2/ros2_ws/build/my_slam_package/prefix_override:/usr/lib/python3/dist-packages/colcon_core/task/python/colcon_distutils_commands:/home/pi2/ros2_ws/install/my_slam_package/lib/python3.10/site-packages:${PYTHONPATH} /usr/bin/python3 -W ignore:setup.py install is deprecated setup.py egg_info --egg-base ../../build/my_slam_package build --build-base /home/pi2/ros2_ws/build/my_slam_package/build install --record /home/pi2/ros2_ws/build/my_slam_package/install.log --single-version-externally-managed install_data
