[8.665s] Invoking command in '/home/pi2/ros2_ws/src/motor_commands': PYTHONPATH=/home/pi2/ros2_ws/build/motor_commands/prefix_override:/usr/lib/python3/dist-packages/colcon_core/task/python/colcon_distutils_commands:/home/pi2/ros2_ws/install/motor_commands/lib/python3.10/site-packages:${PYTHONPATH} /usr/bin/python3 -W ignore:setup.py install is deprecated setup.py egg_info --egg-base ../../build/motor_commands build --build-base /home/pi2/ros2_ws/build/motor_commands/build install --record /home/pi2/ros2_ws/build/motor_commands/install.log --single-version-externally-managed install_data
[10.872s] running egg_info
[10.884s] writing ../../build/motor_commands/motor_commands.egg-info/PKG-INFO
[10.894s] writing dependency_links to ../../build/motor_commands/motor_commands.egg-info/dependency_links.txt
[10.945s] writing entry points to ../../build/motor_commands/motor_commands.egg-info/entry_points.txt
[10.947s] writing requirements to ../../build/motor_commands/motor_commands.egg-info/requires.txt
[10.949s] writing top-level names to ../../build/motor_commands/motor_commands.egg-info/top_level.txt
[10.968s] reading manifest file '../../build/motor_commands/motor_commands.egg-info/SOURCES.txt'
[10.970s] writing manifest file '../../build/motor_commands/motor_commands.egg-info/SOURCES.txt'
[10.976s] running build
[10.977s] running build_py
[10.980s] copying motor_commands/transmit_command.py -> /home/pi2/ros2_ws/build/motor_commands/build/lib/motor_commands
[10.990s] running install
[10.992s] running install_lib
[10.996s] copying /home/pi2/ros2_ws/build/motor_commands/build/lib/motor_commands/transmit_command.py -> /home/pi2/ros2_ws/install/motor_commands/lib/python3.10/site-packages/motor_commands
[11.002s] byte-compiling /home/pi2/ros2_ws/install/motor_commands/lib/python3.10/site-packages/motor_commands/transmit_command.py to transmit_command.cpython-310.pyc
[11.010s] running install_data
[11.011s] running install_egg_info
[11.044s] removing '/home/pi2/ros2_ws/install/motor_commands/lib/python3.10/site-packages/motor_commands-0.0.0-py3.10.egg-info' (and everything under it)
[11.045s] Copying ../../build/motor_commands/motor_commands.egg-info to /home/pi2/ros2_ws/install/motor_commands/lib/python3.10/site-packages/motor_commands-0.0.0-py3.10.egg-info
[11.048s] running install_scripts
[11.179s] Installing motor_commands script to /home/pi2/ros2_ws/install/motor_commands/lib/motor_commands
[11.181s] Installing transmit_command script to /home/pi2/ros2_ws/install/motor_commands/lib/motor_commands
[11.184s] writing list of installed files to '/home/pi2/ros2_ws/build/motor_commands/install.log'
[11.358s] Invoked command in '/home/pi2/ros2_ws/src/motor_commands' returned '0': PYTHONPATH=/home/pi2/ros2_ws/build/motor_commands/prefix_override:/usr/lib/python3/dist-packages/colcon_core/task/python/colcon_distutils_commands:/home/pi2/ros2_ws/install/motor_commands/lib/python3.10/site-packages:${PYTHONPATH} /usr/bin/python3 -W ignore:setup.py install is deprecated setup.py egg_info --egg-base ../../build/motor_commands build --build-base /home/pi2/ros2_ws/build/motor_commands/build install --record /home/pi2/ros2_ws/build/motor_commands/install.log --single-version-externally-managed install_data
