[0.056s] Invoking command in '/home/pi2/ros2_ws/build/my_parameters': CMAKE_PREFIX_PATH=${CMAKE_PREFIX_PATH}:/opt/ros/humble /usr/bin/cmake /home/pi2/ros2_ws/src/my_parameters -DCMAKE_INSTALL_PREFIX=/home/pi2/ros2_ws/install/my_parameters
[0.118s] -- Found ament_cmake: 1.3.10 (/opt/ros/humble/share/ament_cmake/cmake)
[0.755s] -- Override CMake install command with custom implementation using symlinks instead of copying resources
[0.794s] -- Found ament_lint_auto: 0.12.11 (/opt/ros/humble/share/ament_lint_auto/cmake)
[1.130s] -- Found geometry_msgs: 4.2.4 (/opt/ros/humble/share/geometry_msgs/cmake)
[1.303s] -- Found rosidl_generator_c: 3.1.5 (/opt/ros/humble/share/rosidl_generator_c/cmake)
[1.316s] -- Found rosidl_adapter: 3.1.5 (/opt/ros/humble/share/rosidl_adapter/cmake)
[1.343s] -- Found rosidl_generator_cpp: 3.1.5 (/opt/ros/humble/share/rosidl_generator_cpp/cmake)
[1.387s] -- Using all available rosidl_typesupport_c: rosidl_typesupport_fastrtps_c;rosidl_typesupport_introspection_c
[1.444s] -- Using all available rosidl_typesupport_cpp: rosidl_typesupport_fastrtps_cpp;rosidl_typesupport_introspection_cpp
[1.613s] -- Found rosidl_default_generators: 1.2.0 (/opt/ros/humble/share/rosidl_default_generators/cmake)
[2.791s] -- Found ament_cmake_ros: 0.10.0 (/opt/ros/humble/share/ament_cmake_ros/cmake)
[4.978s] -- Using all available rosidl_typesupport_c: rosidl_typesupport_fastrtps_c;rosidl_typesupport_introspection_c
[5.843s] -- Using all available rosidl_typesupport_cpp: rosidl_typesupport_fastrtps_cpp;rosidl_typesupport_introspection_cpp
[5.967s] -- Found python_cmake_module: 0.10.0 (/opt/ros/humble/share/python_cmake_module/cmake)
[6.088s] -- Using PYTHON_EXECUTABLE: /usr/bin/python3
[6.088s] -- Using PYTHON_INCLUDE_DIRS: /usr/include/python3.10
[6.088s] -- Using PYTHON_LIBRARIES: /usr/lib/aarch64-linux-gnu/libpython3.10.so
[6.306s] -- Added test 'lint_cmake' to check CMake code style
[6.316s] -- Added test 'xmllint' to check XML markup files
[6.345s] -- Configuring done
[6.585s] -- Generating done
[6.606s] -- Build files have been written to: /home/pi2/ros2_ws/build/my_parameters
[6.638s] Invoked command in '/home/pi2/ros2_ws/build/my_parameters' returned '0': CMAKE_PREFIX_PATH=${CMAKE_PREFIX_PATH}:/opt/ros/humble /usr/bin/cmake /home/pi2/ros2_ws/src/my_parameters -DCMAKE_INSTALL_PREFIX=/home/pi2/ros2_ws/install/my_parameters
[6.650s] Invoking command in '/home/pi2/ros2_ws/build/my_parameters': CMAKE_PREFIX_PATH=${CMAKE_PREFIX_PATH}:/opt/ros/humble /usr/bin/cmake --build /home/pi2/ros2_ws/build/my_parameters -- -j4 -l4
[6.850s] [  2%] [34m[1mGenerating C code for ROS interfaces[0m
[6.919s] [  5%] [34m[1mGenerating C++ code for ROS interfaces[0m
[6.985s] [  5%] Built target ament_cmake_python_symlink_my_parameters
[8.836s] [  5%] Built target my_parameters__cpp
[8.934s] running egg_info
[8.938s] [35m[1mConsolidate compiler generated dependencies of target my_parameters__rosidl_generator_c[0m
[8.939s] writing my_parameters.egg-info/PKG-INFO
[8.964s] writing dependency_links to my_parameters.egg-info/dependency_links.txt
[8.966s] writing top-level names to my_parameters.egg-info/top_level.txt
[8.984s] reading manifest file 'my_parameters.egg-info/SOURCES.txt'
[8.987s] [  7%] [34m[1mGenerating C++ type support dispatch for ROS interfaces[0m
[8.989s] writing manifest file 'my_parameters.egg-info/SOURCES.txt'
[8.997s] [ 10%] [34m[1mGenerating C++ type support for eProsima Fast-RTPS[0m
[9.137s] [ 12%] [32mBuilding C object CMakeFiles/my_parameters__rosidl_generator_c.dir/rosidl_generator_c/my_parameters/msg/detail/motor_parameters__functions.c.o[0m
[9.197s] [ 12%] Built target ament_cmake_python_build_my_parameters_egg
[9.283s] [ 15%] [32mBuilding C object CMakeFiles/my_parameters__rosidl_generator_c.dir/rosidl_generator_c/my_parameters/msg/detail/joystick_parameters__functions.c.o[0m
[9.560s] [ 17%] [34m[1mGenerating C++ introspection for ROS interfaces[0m
[9.657s] [ 20%] [32m[1mLinking C shared library libmy_parameters__rosidl_generator_c.so[0m
[9.949s] [ 20%] Built target my_parameters__rosidl_generator_c
[10.014s] [ 23%] [34m[1mGenerating C type support for eProsima Fast-RTPS[0m
[10.891s] [35m[1mConsolidate compiler generated dependencies of target my_parameters__rosidl_typesupport_cpp[0m
[11.017s] [ 25%] [32mBuilding CXX object CMakeFiles/my_parameters__rosidl_typesupport_cpp.dir/rosidl_typesupport_cpp/my_parameters/msg/motor_parameters__type_support.cpp.o[0m
[11.099s] [35m[1mConsolidate compiler generated dependencies of target my_parameters__rosidl_typesupport_fastrtps_cpp[0m
[11.202s] [ 28%] [32mBuilding CXX object CMakeFiles/my_parameters__rosidl_typesupport_fastrtps_cpp.dir/rosidl_typesupport_fastrtps_cpp/my_parameters/msg/detail/dds_fastrtps/motor_parameters__type_support.cpp.o[0m
[11.326s] [35m[1mConsolidate compiler generated dependencies of target my_parameters__rosidl_typesupport_introspection_cpp[0m
[11.418s] [ 30%] [32mBuilding CXX object CMakeFiles/my_parameters__rosidl_typesupport_introspection_cpp.dir/rosidl_typesupport_introspection_cpp/my_parameters/msg/detail/motor_parameters__type_support.cpp.o[0m
[12.329s] [35m[1mConsolidate compiler generated dependencies of target my_parameters__rosidl_typesupport_fastrtps_c[0m
[12.449s] [ 33%] [32mBuilding CXX object CMakeFiles/my_parameters__rosidl_typesupport_fastrtps_c.dir/rosidl_typesupport_fastrtps_c/my_parameters/msg/detail/motor_parameters__type_support_c.cpp.o[0m
[12.892s] [ 35%] [32mBuilding CXX object CMakeFiles/my_parameters__rosidl_typesupport_cpp.dir/rosidl_typesupport_cpp/my_parameters/msg/joystick_parameters__type_support.cpp.o[0m
[14.140s] [ 38%] [32mBuilding CXX object CMakeFiles/my_parameters__rosidl_typesupport_introspection_cpp.dir/rosidl_typesupport_introspection_cpp/my_parameters/msg/detail/joystick_parameters__type_support.cpp.o[0m
[14.340s] [ 41%] [32mBuilding CXX object CMakeFiles/my_parameters__rosidl_typesupport_fastrtps_cpp.dir/rosidl_typesupport_fastrtps_cpp/my_parameters/msg/detail/dds_fastrtps/joystick_parameters__type_support.cpp.o[0m
[14.830s] [ 43%] [32m[1mLinking CXX shared library libmy_parameters__rosidl_typesupport_cpp.so[0m
[15.089s] [ 43%] Built target my_parameters__rosidl_typesupport_cpp
[15.161s] [ 46%] [34m[1mGenerating C introspection for ROS interfaces[0m
[15.212s] [ 48%] [32mBuilding CXX object CMakeFiles/my_parameters__rosidl_typesupport_fastrtps_c.dir/rosidl_typesupport_fastrtps_c/my_parameters/msg/detail/joystick_parameters__type_support_c.cpp.o[0m
[17.003s] [ 51%] [32m[1mLinking CXX shared library libmy_parameters__rosidl_typesupport_introspection_cpp.so[0m
[17.345s] [ 51%] Built target my_parameters__rosidl_typesupport_introspection_cpp
[17.366s] [ 53%] [32m[1mLinking CXX shared library libmy_parameters__rosidl_typesupport_fastrtps_cpp.so[0m
[17.407s] [ 56%] [34m[1mGenerating C type support dispatch for ROS interfaces[0m
[17.501s] [35m[1mConsolidate compiler generated dependencies of target my_parameters__rosidl_typesupport_introspection_c[0m
[17.622s] [ 58%] [32mBuilding C object CMakeFiles/my_parameters__rosidl_typesupport_introspection_c.dir/rosidl_typesupport_introspection_c/my_parameters/msg/detail/motor_parameters__type_support.c.o[0m
[17.885s] [ 61%] [32m[1mLinking CXX shared library libmy_parameters__rosidl_typesupport_fastrtps_c.so[0m
[17.900s] [ 61%] Built target my_parameters__rosidl_typesupport_fastrtps_cpp
[17.948s] [ 64%] [32mBuilding C object CMakeFiles/my_parameters__rosidl_typesupport_introspection_c.dir/rosidl_typesupport_introspection_c/my_parameters/msg/detail/joystick_parameters__type_support.c.o[0m
[18.212s] [ 66%] [32m[1mLinking C shared library libmy_parameters__rosidl_typesupport_introspection_c.so[0m
[18.315s] [ 66%] Built target my_parameters__rosidl_typesupport_fastrtps_c
[18.387s] [ 66%] Built target my_parameters__rosidl_typesupport_introspection_c
[18.889s] [35m[1mConsolidate compiler generated dependencies of target my_parameters__rosidl_typesupport_c[0m
[18.951s] [ 69%] [32mBuilding CXX object CMakeFiles/my_parameters__rosidl_typesupport_c.dir/rosidl_typesupport_c/my_parameters/msg/motor_parameters__type_support.cpp.o[0m
[18.954s] [ 71%] [32mBuilding CXX object CMakeFiles/my_parameters__rosidl_typesupport_c.dir/rosidl_typesupport_c/my_parameters/msg/joystick_parameters__type_support.cpp.o[0m
[19.128s] [ 74%] [32m[1mLinking CXX shared library libmy_parameters__rosidl_typesupport_c.so[0m
[19.324s] [ 74%] Built target my_parameters__rosidl_typesupport_c
[19.424s] [ 74%] Built target my_parameters
[19.528s] [ 76%] [34m[1mGenerating Python code for ROS interfaces[0m
[21.636s] [ 76%] Built target my_parameters__py
[21.688s] [35m[1mConsolidate compiler generated dependencies of target my_parameters__rosidl_generator_py[0m
[21.765s] [ 79%] [32mBuilding C object CMakeFiles/my_parameters__rosidl_generator_py.dir/rosidl_generator_py/my_parameters/msg/_motor_parameters_s.c.o[0m
[21.766s] [ 82%] [32mBuilding C object CMakeFiles/my_parameters__rosidl_generator_py.dir/rosidl_generator_py/my_parameters/msg/_joystick_parameters_s.c.o[0m
[22.371s] [ 84%] [32m[1mLinking C shared library rosidl_generator_py/my_parameters/libmy_parameters__rosidl_generator_py.so[0m
[22.592s] [ 84%] Built target my_parameters__rosidl_generator_py
[22.648s] [35m[1mConsolidate compiler generated dependencies of target my_parameters__rosidl_typesupport_fastrtps_c__pyext[0m
[22.649s] [35m[1mConsolidate compiler generated dependencies of target my_parameters__rosidl_typesupport_introspection_c__pyext[0m
[22.651s] [35m[1mConsolidate compiler generated dependencies of target my_parameters__rosidl_typesupport_c__pyext[0m
[22.725s] [ 87%] [32mBuilding C object CMakeFiles/my_parameters__rosidl_typesupport_c__pyext.dir/rosidl_generator_py/my_parameters/_my_parameters_s.ep.rosidl_typesupport_c.c.o[0m
[22.738s] [ 89%] [32mBuilding C object CMakeFiles/my_parameters__rosidl_typesupport_fastrtps_c__pyext.dir/rosidl_generator_py/my_parameters/_my_parameters_s.ep.rosidl_typesupport_fastrtps_c.c.o[0m
[22.743s] [ 92%] [32mBuilding C object CMakeFiles/my_parameters__rosidl_typesupport_introspection_c__pyext.dir/rosidl_generator_py/my_parameters/_my_parameters_s.ep.rosidl_typesupport_introspection_c.c.o[0m
[23.403s] [ 94%] [32m[1mLinking C shared library rosidl_generator_py/my_parameters/my_parameters_s__rosidl_typesupport_c.cpython-310-aarch64-linux-gnu.so[0m
[23.415s] [ 97%] [32m[1mLinking C shared library rosidl_generator_py/my_parameters/my_parameters_s__rosidl_typesupport_fastrtps_c.cpython-310-aarch64-linux-gnu.so[0m
[23.523s] [100%] [32m[1mLinking C shared library rosidl_generator_py/my_parameters/my_parameters_s__rosidl_typesupport_introspection_c.cpython-310-aarch64-linux-gnu.so[0m
[23.713s] [100%] Built target my_parameters__rosidl_typesupport_c__pyext
[23.728s] [100%] Built target my_parameters__rosidl_typesupport_fastrtps_c__pyext
[23.812s] [100%] Built target my_parameters__rosidl_typesupport_introspection_c__pyext
[23.876s] Invoked command in '/home/pi2/ros2_ws/build/my_parameters' returned '0': CMAKE_PREFIX_PATH=${CMAKE_PREFIX_PATH}:/opt/ros/humble /usr/bin/cmake --build /home/pi2/ros2_ws/build/my_parameters -- -j4 -l4
[24.556s] Invoking command in '/home/pi2/ros2_ws/build/my_parameters': CMAKE_PREFIX_PATH=${CMAKE_PREFIX_PATH}:/opt/ros/humble /usr/bin/cmake --install /home/pi2/ros2_ws/build/my_parameters
[24.588s] -- Install configuration: ""
[24.590s] -- Execute custom install script
[24.591s] -- Up-to-date symlink: /home/pi2/ros2_ws/install/my_parameters/share/ament_index/resource_index/rosidl_interfaces/my_parameters
[24.594s] -- Symlinking: /home/pi2/ros2_ws/install/my_parameters/include/my_parameters/my_parameters/msg/detail/joystick_parameters__functions.h
[24.630s] -- Symlinking: /home/pi2/ros2_ws/install/my_parameters/include/my_parameters/my_parameters/msg/detail/joystick_parameters__struct.h
[24.667s] -- Symlinking: /home/pi2/ros2_ws/install/my_parameters/include/my_parameters/my_parameters/msg/detail/joystick_parameters__type_support.h
[24.703s] -- Up-to-date symlink: /home/pi2/ros2_ws/install/my_parameters/include/my_parameters/my_parameters/msg/detail/motor_parameters__functions.h
[24.704s] -- Up-to-date symlink: /home/pi2/ros2_ws/install/my_parameters/include/my_parameters/my_parameters/msg/detail/motor_parameters__struct.h
[24.706s] -- Up-to-date symlink: /home/pi2/ros2_ws/install/my_parameters/include/my_parameters/my_parameters/msg/detail/motor_parameters__type_support.h
[24.706s] -- Symlinking: /home/pi2/ros2_ws/install/my_parameters/include/my_parameters/my_parameters/msg/joystick_parameters.h
[24.744s] -- Up-to-date symlink: /home/pi2/ros2_ws/install/my_parameters/include/my_parameters/my_parameters/msg/motor_parameters.h
[24.745s] -- Up-to-date symlink: /home/pi2/ros2_ws/install/my_parameters/include/my_parameters/my_parameters/msg/rosidl_generator_c__visibility_control.h
[24.746s] -- Up-to-date symlink: /home/pi2/ros2_ws/install/my_parameters/share/my_parameters/environment/library_path.sh
[24.747s] -- Up-to-date symlink: /home/pi2/ros2_ws/install/my_parameters/share/my_parameters/environment/library_path.dsv
[24.751s] -- Symlinking: /home/pi2/ros2_ws/install/my_parameters/include/my_parameters/my_parameters/msg/detail/joystick_parameters__rosidl_typesupport_fastrtps_c.h
[24.792s] -- Up-to-date symlink: /home/pi2/ros2_ws/install/my_parameters/include/my_parameters/my_parameters/msg/detail/motor_parameters__rosidl_typesupport_fastrtps_c.h
[24.794s] -- Up-to-date symlink: /home/pi2/ros2_ws/install/my_parameters/include/my_parameters/my_parameters/msg/rosidl_typesupport_fastrtps_c__visibility_control.h
[24.796s] -- Symlinking: /home/pi2/ros2_ws/install/my_parameters/include/my_parameters/my_parameters/msg/detail/joystick_parameters__builder.hpp
[24.834s] -- Symlinking: /home/pi2/ros2_ws/install/my_parameters/include/my_parameters/my_parameters/msg/detail/joystick_parameters__struct.hpp
[24.872s] -- Symlinking: /home/pi2/ros2_ws/install/my_parameters/include/my_parameters/my_parameters/msg/detail/joystick_parameters__traits.hpp
[24.910s] -- Up-to-date symlink: /home/pi2/ros2_ws/install/my_parameters/include/my_parameters/my_parameters/msg/detail/motor_parameters__builder.hpp
[24.911s] -- Up-to-date symlink: /home/pi2/ros2_ws/install/my_parameters/include/my_parameters/my_parameters/msg/detail/motor_parameters__struct.hpp
[24.913s] -- Up-to-date symlink: /home/pi2/ros2_ws/install/my_parameters/include/my_parameters/my_parameters/msg/detail/motor_parameters__traits.hpp
[24.914s] -- Symlinking: /home/pi2/ros2_ws/install/my_parameters/include/my_parameters/my_parameters/msg/joystick_parameters.hpp
[24.950s] -- Up-to-date symlink: /home/pi2/ros2_ws/install/my_parameters/include/my_parameters/my_parameters/msg/motor_parameters.hpp
[24.954s] -- Symlinking: /home/pi2/ros2_ws/install/my_parameters/include/my_parameters/my_parameters/msg/detail/joystick_parameters__rosidl_typesupport_fastrtps_cpp.hpp
[24.994s] -- Up-to-date symlink: /home/pi2/ros2_ws/install/my_parameters/include/my_parameters/my_parameters/msg/detail/motor_parameters__rosidl_typesupport_fastrtps_cpp.hpp
[24.995s] -- Up-to-date symlink: /home/pi2/ros2_ws/install/my_parameters/include/my_parameters/my_parameters/msg/rosidl_typesupport_fastrtps_cpp__visibility_control.h
[24.997s] -- Symlinking: /home/pi2/ros2_ws/install/my_parameters/include/my_parameters/my_parameters/msg/detail/joystick_parameters__rosidl_typesupport_introspection_c.h
[25.038s] -- Up-to-date symlink: /home/pi2/ros2_ws/install/my_parameters/include/my_parameters/my_parameters/msg/detail/motor_parameters__rosidl_typesupport_introspection_c.h
[25.039s] -- Up-to-date symlink: /home/pi2/ros2_ws/install/my_parameters/include/my_parameters/my_parameters/msg/rosidl_typesupport_introspection_c__visibility_control.h
[25.041s] -- Symlinking: /home/pi2/ros2_ws/install/my_parameters/include/my_parameters/my_parameters/msg/detail/joystick_parameters__rosidl_typesupport_introspection_cpp.hpp
[25.079s] -- Up-to-date symlink: /home/pi2/ros2_ws/install/my_parameters/include/my_parameters/my_parameters/msg/detail/motor_parameters__rosidl_typesupport_introspection_cpp.hpp
[25.080s] -- Up-to-date symlink: /home/pi2/ros2_ws/install/my_parameters/share/my_parameters/environment/pythonpath.sh
[25.082s] -- Up-to-date symlink: /home/pi2/ros2_ws/install/my_parameters/share/my_parameters/environment/pythonpath.dsv
[25.084s] -- Up-to-date symlink: /home/pi2/ros2_ws/install/my_parameters/local/lib/python3.10/dist-packages/my_parameters-0.0.0-py3.10.egg-info/PKG-INFO
[25.085s] -- Up-to-date symlink: /home/pi2/ros2_ws/install/my_parameters/local/lib/python3.10/dist-packages/my_parameters-0.0.0-py3.10.egg-info/SOURCES.txt
[25.086s] -- Up-to-date symlink: /home/pi2/ros2_ws/install/my_parameters/local/lib/python3.10/dist-packages/my_parameters-0.0.0-py3.10.egg-info/dependency_links.txt
[25.087s] -- Up-to-date symlink: /home/pi2/ros2_ws/install/my_parameters/local/lib/python3.10/dist-packages/my_parameters-0.0.0-py3.10.egg-info/top_level.txt
[25.092s] -- Up-to-date symlink: /home/pi2/ros2_ws/install/my_parameters/local/lib/python3.10/dist-packages/my_parameters/__init__.py
[25.093s] -- Up-to-date symlink: /home/pi2/ros2_ws/install/my_parameters/local/lib/python3.10/dist-packages/my_parameters/_my_parameters_s.ep.rosidl_typesupport_c.c
[25.094s] -- Up-to-date symlink: /home/pi2/ros2_ws/install/my_parameters/local/lib/python3.10/dist-packages/my_parameters/_my_parameters_s.ep.rosidl_typesupport_fastrtps_c.c
[25.095s] -- Up-to-date symlink: /home/pi2/ros2_ws/install/my_parameters/local/lib/python3.10/dist-packages/my_parameters/_my_parameters_s.ep.rosidl_typesupport_introspection_c.c
[25.096s] -- Up-to-date symlink: /home/pi2/ros2_ws/install/my_parameters/local/lib/python3.10/dist-packages/my_parameters/libmy_parameters__rosidl_generator_py.so
[25.098s] -- Up-to-date symlink: /home/pi2/ros2_ws/install/my_parameters/local/lib/python3.10/dist-packages/my_parameters/msg/__init__.py
[25.098s] -- Symlinking: /home/pi2/ros2_ws/install/my_parameters/local/lib/python3.10/dist-packages/my_parameters/msg/_joystick_parameters.py
[25.134s] -- Symlinking: /home/pi2/ros2_ws/install/my_parameters/local/lib/python3.10/dist-packages/my_parameters/msg/_joystick_parameters_s.c
[25.171s] -- Up-to-date symlink: /home/pi2/ros2_ws/install/my_parameters/local/lib/python3.10/dist-packages/my_parameters/msg/_motor_parameters.py
[25.172s] -- Up-to-date symlink: /home/pi2/ros2_ws/install/my_parameters/local/lib/python3.10/dist-packages/my_parameters/msg/_motor_parameters_s.c
[25.173s] -- Up-to-date symlink: /home/pi2/ros2_ws/install/my_parameters/local/lib/python3.10/dist-packages/my_parameters/my_parameters_s__rosidl_typesupport_c.cpython-310-aarch64-linux-gnu.so
[25.175s] -- Up-to-date symlink: /home/pi2/ros2_ws/install/my_parameters/local/lib/python3.10/dist-packages/my_parameters/my_parameters_s__rosidl_typesupport_fastrtps_c.cpython-310-aarch64-linux-gnu.so
[25.176s] -- Up-to-date symlink: /home/pi2/ros2_ws/install/my_parameters/local/lib/python3.10/dist-packages/my_parameters/my_parameters_s__rosidl_typesupport_introspection_c.cpython-310-aarch64-linux-gnu.so
[25.178s] -- Up-to-date symlink: /home/pi2/ros2_ws/install/my_parameters/local/lib/python3.10/dist-packages/my_parameters/my_parameters_s__rosidl_typesupport_fastrtps_c.cpython-310-aarch64-linux-gnu.so
[25.180s] -- Up-to-date symlink: /home/pi2/ros2_ws/install/my_parameters/local/lib/python3.10/dist-packages/my_parameters/my_parameters_s__rosidl_typesupport_introspection_c.cpython-310-aarch64-linux-gnu.so
[25.182s] -- Up-to-date symlink: /home/pi2/ros2_ws/install/my_parameters/local/lib/python3.10/dist-packages/my_parameters/my_parameters_s__rosidl_typesupport_c.cpython-310-aarch64-linux-gnu.so
[25.183s] -- Up-to-date symlink: /home/pi2/ros2_ws/install/my_parameters/share/my_parameters/msg/MotorParameters.idl
[25.184s] -- Symlinking: /home/pi2/ros2_ws/install/my_parameters/share/my_parameters/msg/JoystickParameters.idl
[25.220s] -- Up-to-date symlink: /home/pi2/ros2_ws/install/my_parameters/share/my_parameters/msg/MotorParameters.msg
[25.221s] -- Symlinking: /home/pi2/ros2_ws/install/my_parameters/share/my_parameters/msg/JoystickParameters.msg
[25.259s] -- Up-to-date symlink: /home/pi2/ros2_ws/install/my_parameters/share/ament_index/resource_index/package_run_dependencies/my_parameters
[25.261s] -- Up-to-date symlink: /home/pi2/ros2_ws/install/my_parameters/share/ament_index/resource_index/parent_prefix_path/my_parameters
[25.262s] -- Up-to-date symlink: /home/pi2/ros2_ws/install/my_parameters/share/my_parameters/environment/ament_prefix_path.sh
[25.263s] -- Up-to-date symlink: /home/pi2/ros2_ws/install/my_parameters/share/my_parameters/environment/ament_prefix_path.dsv
[25.264s] -- Up-to-date symlink: /home/pi2/ros2_ws/install/my_parameters/share/my_parameters/environment/path.sh
[25.266s] -- Up-to-date symlink: /home/pi2/ros2_ws/install/my_parameters/share/my_parameters/environment/path.dsv
[25.267s] -- Up-to-date symlink: /home/pi2/ros2_ws/install/my_parameters/share/my_parameters/local_setup.bash
[25.268s] -- Up-to-date symlink: /home/pi2/ros2_ws/install/my_parameters/share/my_parameters/local_setup.sh
[25.269s] -- Up-to-date symlink: /home/pi2/ros2_ws/install/my_parameters/share/my_parameters/local_setup.zsh
[25.271s] -- Up-to-date symlink: /home/pi2/ros2_ws/install/my_parameters/share/my_parameters/local_setup.dsv
[25.271s] -- Symlinking: /home/pi2/ros2_ws/install/my_parameters/share/my_parameters/package.dsv
[25.310s] -- Up-to-date symlink: /home/pi2/ros2_ws/install/my_parameters/share/ament_index/resource_index/packages/my_parameters
[25.310s] -- Up-to-date symlink: /home/pi2/ros2_ws/install/my_parameters/share/my_parameters/cmake/rosidl_cmake-extras.cmake
[25.312s] -- Up-to-date symlink: /home/pi2/ros2_ws/install/my_parameters/share/my_parameters/cmake/ament_cmake_export_dependencies-extras.cmake
[25.313s] -- Up-to-date symlink: /home/pi2/ros2_ws/install/my_parameters/share/my_parameters/cmake/ament_cmake_export_include_directories-extras.cmake
[25.314s] -- Up-to-date symlink: /home/pi2/ros2_ws/install/my_parameters/share/my_parameters/cmake/ament_cmake_export_libraries-extras.cmake
[25.315s] -- Up-to-date symlink: /home/pi2/ros2_ws/install/my_parameters/share/my_parameters/cmake/ament_cmake_export_targets-extras.cmake
[25.316s] -- Up-to-date symlink: /home/pi2/ros2_ws/install/my_parameters/share/my_parameters/cmake/rosidl_cmake_export_typesupport_targets-extras.cmake
[25.317s] -- Up-to-date symlink: /home/pi2/ros2_ws/install/my_parameters/share/my_parameters/cmake/rosidl_cmake_export_typesupport_libraries-extras.cmake
[25.318s] -- Up-to-date symlink: /home/pi2/ros2_ws/install/my_parameters/share/my_parameters/cmake/my_parametersConfig.cmake
[25.319s] -- Up-to-date symlink: /home/pi2/ros2_ws/install/my_parameters/share/my_parameters/cmake/my_parametersConfig-version.cmake
[25.320s] -- Up-to-date symlink: /home/pi2/ros2_ws/install/my_parameters/share/my_parameters/package.xml
[25.322s] -- Installing: /home/pi2/ros2_ws/install/my_parameters/lib/libmy_parameters__rosidl_generator_c.so
[25.325s] -- Set runtime path of "/home/pi2/ros2_ws/install/my_parameters/lib/libmy_parameters__rosidl_generator_c.so" to ""
[25.327s] -- Installing: /home/pi2/ros2_ws/install/my_parameters/lib/libmy_parameters__rosidl_typesupport_fastrtps_c.so
[25.330s] -- Set runtime path of "/home/pi2/ros2_ws/install/my_parameters/lib/libmy_parameters__rosidl_typesupport_fastrtps_c.so" to ""
[25.331s] -- Installing: /home/pi2/ros2_ws/install/my_parameters/lib/libmy_parameters__rosidl_typesupport_fastrtps_cpp.so
[25.335s] -- Set runtime path of "/home/pi2/ros2_ws/install/my_parameters/lib/libmy_parameters__rosidl_typesupport_fastrtps_cpp.so" to ""
[25.336s] -- Installing: /home/pi2/ros2_ws/install/my_parameters/lib/libmy_parameters__rosidl_typesupport_introspection_c.so
[25.339s] -- Set runtime path of "/home/pi2/ros2_ws/install/my_parameters/lib/libmy_parameters__rosidl_typesupport_introspection_c.so" to ""
[25.341s] -- Installing: /home/pi2/ros2_ws/install/my_parameters/lib/libmy_parameters__rosidl_typesupport_c.so
[25.344s] -- Set runtime path of "/home/pi2/ros2_ws/install/my_parameters/lib/libmy_parameters__rosidl_typesupport_c.so" to ""
[25.345s] -- Installing: /home/pi2/ros2_ws/install/my_parameters/lib/libmy_parameters__rosidl_typesupport_introspection_cpp.so
[25.348s] -- Set runtime path of "/home/pi2/ros2_ws/install/my_parameters/lib/libmy_parameters__rosidl_typesupport_introspection_cpp.so" to ""
[25.349s] -- Installing: /home/pi2/ros2_ws/install/my_parameters/lib/libmy_parameters__rosidl_typesupport_cpp.so
[25.352s] -- Set runtime path of "/home/pi2/ros2_ws/install/my_parameters/lib/libmy_parameters__rosidl_typesupport_cpp.so" to ""
[25.547s] Listing '/home/pi2/ros2_ws/install/my_parameters/local/lib/python3.10/dist-packages/my_parameters'...
[25.548s] Compiling '/home/pi2/ros2_ws/install/my_parameters/local/lib/python3.10/dist-packages/my_parameters/__init__.py'...
[25.549s] Listing '/home/pi2/ros2_ws/install/my_parameters/local/lib/python3.10/dist-packages/my_parameters/msg'...
[25.551s] Compiling '/home/pi2/ros2_ws/install/my_parameters/local/lib/python3.10/dist-packages/my_parameters/msg/__init__.py'...
[25.552s] Compiling '/home/pi2/ros2_ws/install/my_parameters/local/lib/python3.10/dist-packages/my_parameters/msg/_joystick_parameters.py'...
[25.553s] Compiling '/home/pi2/ros2_ws/install/my_parameters/local/lib/python3.10/dist-packages/my_parameters/msg/_motor_parameters.py'...
[25.575s] -- Installing: /home/pi2/ros2_ws/install/my_parameters/lib/libmy_parameters__rosidl_generator_py.so
[25.578s] -- Set runtime path of "/home/pi2/ros2_ws/install/my_parameters/lib/libmy_parameters__rosidl_generator_py.so" to ""
[25.579s] -- Up-to-date: /home/pi2/ros2_ws/install/my_parameters/share/my_parameters/cmake/export_my_parameters__rosidl_generator_cExport.cmake
[25.579s] -- Up-to-date: /home/pi2/ros2_ws/install/my_parameters/share/my_parameters/cmake/export_my_parameters__rosidl_generator_cExport-noconfig.cmake
[25.581s] -- Up-to-date: /home/pi2/ros2_ws/install/my_parameters/share/my_parameters/cmake/export_my_parameters__rosidl_typesupport_fastrtps_cExport.cmake
[25.582s] -- Up-to-date: /home/pi2/ros2_ws/install/my_parameters/share/my_parameters/cmake/export_my_parameters__rosidl_typesupport_fastrtps_cExport-noconfig.cmake
[25.585s] -- Up-to-date: /home/pi2/ros2_ws/install/my_parameters/share/my_parameters/cmake/export_my_parameters__rosidl_generator_cppExport.cmake
[25.585s] -- Up-to-date: /home/pi2/ros2_ws/install/my_parameters/share/my_parameters/cmake/export_my_parameters__rosidl_typesupport_fastrtps_cppExport.cmake
[25.586s] -- Up-to-date: /home/pi2/ros2_ws/install/my_parameters/share/my_parameters/cmake/export_my_parameters__rosidl_typesupport_fastrtps_cppExport-noconfig.cmake
[25.587s] -- Up-to-date: /home/pi2/ros2_ws/install/my_parameters/share/my_parameters/cmake/my_parameters__rosidl_typesupport_introspection_cExport.cmake
[25.587s] -- Up-to-date: /home/pi2/ros2_ws/install/my_parameters/share/my_parameters/cmake/my_parameters__rosidl_typesupport_introspection_cExport-noconfig.cmake
[25.588s] -- Up-to-date: /home/pi2/ros2_ws/install/my_parameters/share/my_parameters/cmake/my_parameters__rosidl_typesupport_cExport.cmake
[25.589s] -- Up-to-date: /home/pi2/ros2_ws/install/my_parameters/share/my_parameters/cmake/my_parameters__rosidl_typesupport_cExport-noconfig.cmake
[25.590s] -- Up-to-date: /home/pi2/ros2_ws/install/my_parameters/share/my_parameters/cmake/my_parameters__rosidl_typesupport_introspection_cppExport.cmake
[25.591s] -- Up-to-date: /home/pi2/ros2_ws/install/my_parameters/share/my_parameters/cmake/my_parameters__rosidl_typesupport_introspection_cppExport-noconfig.cmake
[25.591s] -- Up-to-date: /home/pi2/ros2_ws/install/my_parameters/share/my_parameters/cmake/my_parameters__rosidl_typesupport_cppExport.cmake
[25.592s] -- Up-to-date: /home/pi2/ros2_ws/install/my_parameters/share/my_parameters/cmake/my_parameters__rosidl_typesupport_cppExport-noconfig.cmake
[25.592s] -- Up-to-date: /home/pi2/ros2_ws/install/my_parameters/share/my_parameters/cmake/export_my_parameters__rosidl_generator_pyExport.cmake
[25.593s] -- Up-to-date: /home/pi2/ros2_ws/install/my_parameters/share/my_parameters/cmake/export_my_parameters__rosidl_generator_pyExport-noconfig.cmake
[25.601s] Invoked command in '/home/pi2/ros2_ws/build/my_parameters' returned '0': CMAKE_PREFIX_PATH=${CMAKE_PREFIX_PATH}:/opt/ros/humble /usr/bin/cmake --install /home/pi2/ros2_ws/build/my_parameters
