[6.659s] Invoking command in '/home/pi2/ros2_ws/src/motor_serial': PYTHONPATH=/home/pi2/ros2_ws/build/motor_serial/prefix_override:/usr/lib/python3/dist-packages/colcon_core/task/python/colcon_distutils_commands:/home/pi2/ros2_ws/install/motor_serial/lib/python3.10/site-packages:${PYTHONPATH} /usr/bin/python3 -W ignore:setup.py install is deprecated setup.py egg_info --egg-base ../../build/motor_serial build --build-base /home/pi2/ros2_ws/build/motor_serial/build install --record /home/pi2/ros2_ws/build/motor_serial/install.log --single-version-externally-managed install_data
[8.272s] running egg_info
[8.276s] writing ../../build/motor_serial/motor_serial.egg-info/PKG-INFO
[8.290s] writing dependency_links to ../../build/motor_serial/motor_serial.egg-info/dependency_links.txt
[8.291s] writing entry points to ../../build/motor_serial/motor_serial.egg-info/entry_points.txt
[8.291s] writing requirements to ../../build/motor_serial/motor_serial.egg-info/requires.txt
[8.292s] writing top-level names to ../../build/motor_serial/motor_serial.egg-info/top_level.txt
[8.317s] reading manifest file '../../build/motor_serial/motor_serial.egg-info/SOURCES.txt'
[8.319s] writing manifest file '../../build/motor_serial/motor_serial.egg-info/SOURCES.txt'
[8.320s] running build
[8.320s] running build_py
[8.329s] copying motor_serial/motor_serial.py -> /home/pi2/ros2_ws/build/motor_serial/build/lib/motor_serial
[8.332s] running install
[8.333s] running install_lib
[8.335s] copying /home/pi2/ros2_ws/build/motor_serial/build/lib/motor_serial/motor_serial.py -> /home/pi2/ros2_ws/install/motor_serial/lib/python3.10/site-packages/motor_serial
[8.336s] byte-compiling /home/pi2/ros2_ws/install/motor_serial/lib/python3.10/site-packages/motor_serial/motor_serial.py to motor_serial.cpython-310.pyc
[8.342s] running install_data
[8.342s] running install_egg_info
[8.343s] removing '/home/pi2/ros2_ws/install/motor_serial/lib/python3.10/site-packages/motor_serial-0.0.0-py3.10.egg-info' (and everything under it)
[8.344s] Copying ../../build/motor_serial/motor_serial.egg-info to /home/pi2/ros2_ws/install/motor_serial/lib/python3.10/site-packages/motor_serial-0.0.0-py3.10.egg-info
[8.351s] running install_scripts
[8.469s] Installing motor_serial script to /home/pi2/ros2_ws/install/motor_serial/lib/motor_serial
[8.477s] writing list of installed files to '/home/pi2/ros2_ws/build/motor_serial/install.log'
[8.778s] Invoked command in '/home/pi2/ros2_ws/src/motor_serial' returned '0': PYTHONPATH=/home/pi2/ros2_ws/build/motor_serial/prefix_override:/usr/lib/python3/dist-packages/colcon_core/task/python/colcon_distutils_commands:/home/pi2/ros2_ws/install/motor_serial/lib/python3.10/site-packages:${PYTHONPATH} /usr/bin/python3 -W ignore:setup.py install is deprecated setup.py egg_info --egg-base ../../build/motor_serial build --build-base /home/pi2/ros2_ws/build/motor_serial/build install --record /home/pi2/ros2_ws/build/motor_serial/install.log --single-version-externally-managed install_data
