[0.066s] Invoking command in '/home/pi2/ros2_ws/build/my_parameters': CMAKE_PREFIX_PATH=${CMAKE_PREFIX_PATH}:/home/pi2/ros2_ws/install/my_slam_package:/home/pi2/ros2_ws/install/cmd_vel_to_joystick:/home/pi2/ros2_ws/install/motor_serial:/home/pi2/ros2_ws/install/motor_commands:/home/pi2/ros2_ws/install/locolization:/home/pi2/ros2_ws/install/joystick_publisher:/home/pi2/ros2_ws/install/bno055:/opt/ros/humble /usr/bin/cmake --build /home/pi2/ros2_ws/build/my_parameters -- -j4 -l4
[0.514s] -- Found ament_cmake: 1.3.10 (/opt/ros/humble/share/ament_cmake/cmake)
[1.264s] -- Found ament_lint_auto: 0.12.11 (/opt/ros/humble/share/ament_lint_auto/cmake)
[1.611s] -- Found geometry_msgs: 4.2.4 (/opt/ros/humble/share/geometry_msgs/cmake)
[1.832s] -- Found rosidl_generator_c: 3.1.5 (/opt/ros/humble/share/rosidl_generator_c/cmake)
[1.849s] -- Found rosidl_adapter: 3.1.5 (/opt/ros/humble/share/rosidl_adapter/cmake)
[1.886s] -- Found rosidl_generator_cpp: 3.1.5 (/opt/ros/humble/share/rosidl_generator_cpp/cmake)
[1.944s] -- Using all available rosidl_typesupport_c: rosidl_typesupport_fastrtps_c;rosidl_typesupport_introspection_c
[2.017s] -- Using all available rosidl_typesupport_cpp: rosidl_typesupport_fastrtps_cpp;rosidl_typesupport_introspection_cpp
[2.216s] -- Found rosidl_default_generators: 1.2.0 (/opt/ros/humble/share/rosidl_default_generators/cmake)
[3.439s] -- Found ament_cmake_ros: 0.10.0 (/opt/ros/humble/share/ament_cmake_ros/cmake)
[5.501s] -- Using all available rosidl_typesupport_c: rosidl_typesupport_fastrtps_c;rosidl_typesupport_introspection_c
[6.318s] -- Using all available rosidl_typesupport_cpp: rosidl_typesupport_fastrtps_cpp;rosidl_typesupport_introspection_cpp
[6.441s] -- Found python_cmake_module: 0.10.0 (/opt/ros/humble/share/python_cmake_module/cmake)
[6.569s] -- Using PYTHON_EXECUTABLE: /usr/bin/python3
[6.570s] -- Using PYTHON_INCLUDE_DIRS: /usr/include/python3.10
[6.570s] -- Using PYTHON_LIBRARIES: /usr/lib/aarch64-linux-gnu/libpython3.10.so
[6.783s] -- Added test 'lint_cmake' to check CMake code style
[6.795s] -- Added test 'xmllint' to check XML markup files
[6.840s] -- Configuring done
[7.188s] -- Generating done
[7.217s] -- Build files have been written to: /home/pi2/ros2_ws/build/my_parameters
[7.399s] [  1%] [34m[1mGenerating C code for ROS interfaces[0m
[7.452s] [  3%] [34m[1mGenerating C++ code for ROS interfaces[0m
[7.611s] [  3%] Built target ament_cmake_python_copy_my_parameters
[9.765s] running egg_info
[9.770s] writing my_parameters.egg-info/PKG-INFO
[9.773s] writing dependency_links to my_parameters.egg-info/dependency_links.txt
[9.776s] writing top-level names to my_parameters.egg-info/top_level.txt
[9.794s] reading manifest file 'my_parameters.egg-info/SOURCES.txt'
[9.800s] writing manifest file 'my_parameters.egg-info/SOURCES.txt'
[10.011s] [  3%] Built target ament_cmake_python_build_my_parameters_egg
[11.497s] [  3%] Built target my_parameters__cpp
[11.503s] [35m[1mConsolidate compiler generated dependencies of target my_parameters__rosidl_generator_c[0m
[11.590s] [  4%] [34m[1mGenerating C++ type support dispatch for ROS interfaces[0m
[11.633s] [  6%] [34m[1mGenerating C++ introspection for ROS interfaces[0m
[11.656s] [  7%] [34m[1mGenerating C++ type support for eProsima Fast-RTPS[0m
[11.792s] [  9%] [32mBuilding C object CMakeFiles/my_parameters__rosidl_generator_c.dir/rosidl_generator_c/my_parameters/msg/detail/motor_parameters__functions.c.o[0m
[12.766s] [ 11%] [32mBuilding C object CMakeFiles/my_parameters__rosidl_generator_c.dir/rosidl_generator_c/my_parameters/msg/detail/joystick_parameters__functions.c.o[0m
[13.352s] [ 12%] [32mBuilding C object CMakeFiles/my_parameters__rosidl_generator_c.dir/rosidl_generator_c/my_parameters/msg/detail/stm32_data__functions.c.o[0m
[13.790s] [ 14%] [32mBuilding C object CMakeFiles/my_parameters__rosidl_generator_c.dir/rosidl_generator_c/my_parameters/msg/detail/debug_parameter__functions.c.o[0m
[14.136s] [ 15%] [32mBuilding C object CMakeFiles/my_parameters__rosidl_generator_c.dir/rosidl_generator_c/my_parameters/msg/detail/obstacle_proximity_log__functions.c.o[0m
[14.626s] [ 17%] [32m[1mLinking C shared library libmy_parameters__rosidl_generator_c.so[0m
[15.032s] [35m[1mConsolidate compiler generated dependencies of target my_parameters__rosidl_typesupport_cpp[0m
[15.242s] [ 19%] Built target my_parameters__rosidl_generator_c
[15.244s] [ 19%] [32mBuilding CXX object CMakeFiles/my_parameters__rosidl_typesupport_cpp.dir/rosidl_typesupport_cpp/my_parameters/msg/motor_parameters__type_support.cpp.o[0m
[15.386s] [ 20%] [34m[1mGenerating C type support for eProsima Fast-RTPS[0m
[15.649s] [35m[1mConsolidate compiler generated dependencies of target my_parameters__rosidl_typesupport_introspection_cpp[0m
[15.889s] [ 22%] [32mBuilding CXX object CMakeFiles/my_parameters__rosidl_typesupport_introspection_cpp.dir/rosidl_typesupport_introspection_cpp/my_parameters/msg/detail/motor_parameters__type_support.cpp.o[0m
[16.244s] [35m[1mConsolidate compiler generated dependencies of target my_parameters__rosidl_typesupport_fastrtps_cpp[0m
[16.417s] [ 23%] [32mBuilding CXX object CMakeFiles/my_parameters__rosidl_typesupport_fastrtps_cpp.dir/rosidl_typesupport_fastrtps_cpp/my_parameters/msg/detail/dds_fastrtps/motor_parameters__type_support.cpp.o[0m
[19.328s] [ 25%] [32mBuilding CXX object CMakeFiles/my_parameters__rosidl_typesupport_cpp.dir/rosidl_typesupport_cpp/my_parameters/msg/joystick_parameters__type_support.cpp.o[0m
[19.807s] [ 26%] [32mBuilding CXX object CMakeFiles/my_parameters__rosidl_typesupport_introspection_cpp.dir/rosidl_typesupport_introspection_cpp/my_parameters/msg/detail/joystick_parameters__type_support.cpp.o[0m
[20.940s] [35m[1mConsolidate compiler generated dependencies of target my_parameters__rosidl_typesupport_fastrtps_c[0m
[21.177s] [ 28%] [32mBuilding CXX object CMakeFiles/my_parameters__rosidl_typesupport_fastrtps_c.dir/rosidl_typesupport_fastrtps_c/my_parameters/msg/detail/motor_parameters__type_support_c.cpp.o[0m
[21.491s] [ 30%] [32mBuilding CXX object CMakeFiles/my_parameters__rosidl_typesupport_fastrtps_cpp.dir/rosidl_typesupport_fastrtps_cpp/my_parameters/msg/detail/dds_fastrtps/joystick_parameters__type_support.cpp.o[0m
[22.605s] [ 31%] [32mBuilding CXX object CMakeFiles/my_parameters__rosidl_typesupport_cpp.dir/rosidl_typesupport_cpp/my_parameters/msg/stm32_data__type_support.cpp.o[0m
[22.844s] [ 33%] [32mBuilding CXX object CMakeFiles/my_parameters__rosidl_typesupport_introspection_cpp.dir/rosidl_typesupport_introspection_cpp/my_parameters/msg/detail/stm32_data__type_support.cpp.o[0m
[25.495s] [ 34%] [32mBuilding CXX object CMakeFiles/my_parameters__rosidl_typesupport_fastrtps_cpp.dir/rosidl_typesupport_fastrtps_cpp/my_parameters/msg/detail/dds_fastrtps/stm32_data__type_support.cpp.o[0m
[25.684s] [ 36%] [32mBuilding CXX object CMakeFiles/my_parameters__rosidl_typesupport_fastrtps_c.dir/rosidl_typesupport_fastrtps_c/my_parameters/msg/detail/joystick_parameters__type_support_c.cpp.o[0m
[26.359s] [ 38%] [32mBuilding CXX object CMakeFiles/my_parameters__rosidl_typesupport_introspection_cpp.dir/rosidl_typesupport_introspection_cpp/my_parameters/msg/detail/debug_parameter__type_support.cpp.o[0m
[26.612s] [ 39%] [32mBuilding CXX object CMakeFiles/my_parameters__rosidl_typesupport_cpp.dir/rosidl_typesupport_cpp/my_parameters/msg/debug_parameter__type_support.cpp.o[0m
[28.827s] [ 41%] [32mBuilding CXX object CMakeFiles/my_parameters__rosidl_typesupport_fastrtps_cpp.dir/rosidl_typesupport_fastrtps_cpp/my_parameters/msg/detail/dds_fastrtps/debug_parameter__type_support.cpp.o[0m
[29.676s] [ 42%] [32mBuilding CXX object CMakeFiles/my_parameters__rosidl_typesupport_cpp.dir/rosidl_typesupport_cpp/my_parameters/msg/obstacle_proximity_log__type_support.cpp.o[0m
[30.347s] [ 44%] [32mBuilding CXX object CMakeFiles/my_parameters__rosidl_typesupport_fastrtps_c.dir/rosidl_typesupport_fastrtps_c/my_parameters/msg/detail/stm32_data__type_support_c.cpp.o[0m
[32.056s] [ 46%] [32mBuilding CXX object CMakeFiles/my_parameters__rosidl_typesupport_introspection_cpp.dir/rosidl_typesupport_introspection_cpp/my_parameters/msg/detail/obstacle_proximity_log__type_support.cpp.o[0m
[33.051s] [ 47%] [32mBuilding CXX object CMakeFiles/my_parameters__rosidl_typesupport_fastrtps_c.dir/rosidl_typesupport_fastrtps_c/my_parameters/msg/detail/debug_parameter__type_support_c.cpp.o[0m
[33.533s] [ 49%] [32m[1mLinking CXX shared library libmy_parameters__rosidl_typesupport_cpp.so[0m
[34.205s] [ 49%] Built target my_parameters__rosidl_typesupport_cpp
[34.279s] [ 50%] [32mBuilding CXX object CMakeFiles/my_parameters__rosidl_typesupport_fastrtps_cpp.dir/rosidl_typesupport_fastrtps_cpp/my_parameters/msg/detail/dds_fastrtps/obstacle_proximity_log__type_support.cpp.o[0m
[34.358s] [ 52%] [34m[1mGenerating C introspection for ROS interfaces[0m
[36.609s] [ 53%] [32m[1mLinking CXX shared library libmy_parameters__rosidl_typesupport_introspection_cpp.so[0m
[36.672s] [ 55%] [32mBuilding CXX object CMakeFiles/my_parameters__rosidl_typesupport_fastrtps_c.dir/rosidl_typesupport_fastrtps_c/my_parameters/msg/detail/obstacle_proximity_log__type_support_c.cpp.o[0m
[37.237s] [ 57%] [32m[1mLinking CXX shared library libmy_parameters__rosidl_typesupport_fastrtps_cpp.so[0m
[37.273s] [ 57%] Built target my_parameters__rosidl_typesupport_introspection_cpp
[37.370s] [ 58%] [34m[1mGenerating C type support dispatch for ROS interfaces[0m
[37.922s] [ 58%] Built target my_parameters__rosidl_typesupport_fastrtps_cpp
[38.087s] [35m[1mConsolidate compiler generated dependencies of target my_parameters__rosidl_typesupport_introspection_c[0m
[38.199s] [ 60%] [32mBuilding C object CMakeFiles/my_parameters__rosidl_typesupport_introspection_c.dir/rosidl_typesupport_introspection_c/my_parameters/msg/detail/joystick_parameters__type_support.c.o[0m
[38.210s] [ 61%] [32mBuilding C object CMakeFiles/my_parameters__rosidl_typesupport_introspection_c.dir/rosidl_typesupport_introspection_c/my_parameters/msg/detail/motor_parameters__type_support.c.o[0m
[38.528s] [ 63%] [32mBuilding C object CMakeFiles/my_parameters__rosidl_typesupport_introspection_c.dir/rosidl_typesupport_introspection_c/my_parameters/msg/detail/stm32_data__type_support.c.o[0m
[38.684s] [ 65%] [32mBuilding C object CMakeFiles/my_parameters__rosidl_typesupport_introspection_c.dir/rosidl_typesupport_introspection_c/my_parameters/msg/detail/debug_parameter__type_support.c.o[0m
[38.892s] [ 66%] [32mBuilding C object CMakeFiles/my_parameters__rosidl_typesupport_introspection_c.dir/rosidl_typesupport_introspection_c/my_parameters/msg/detail/obstacle_proximity_log__type_support.c.o[0m
[39.248s] [ 68%] [32m[1mLinking C shared library libmy_parameters__rosidl_typesupport_introspection_c.so[0m
[39.486s] [ 68%] Built target my_parameters__rosidl_typesupport_introspection_c
[39.563s] [ 69%] [32m[1mLinking CXX shared library libmy_parameters__rosidl_typesupport_fastrtps_c.so[0m
[40.003s] [35m[1mConsolidate compiler generated dependencies of target my_parameters__rosidl_typesupport_c[0m
[40.032s] [ 69%] Built target my_parameters__rosidl_typesupport_fastrtps_c
[40.077s] [ 71%] [32mBuilding CXX object CMakeFiles/my_parameters__rosidl_typesupport_c.dir/rosidl_typesupport_c/my_parameters/msg/joystick_parameters__type_support.cpp.o[0m
[40.081s] [ 73%] [32mBuilding CXX object CMakeFiles/my_parameters__rosidl_typesupport_c.dir/rosidl_typesupport_c/my_parameters/msg/motor_parameters__type_support.cpp.o[0m
[40.091s] [ 74%] [32mBuilding CXX object CMakeFiles/my_parameters__rosidl_typesupport_c.dir/rosidl_typesupport_c/my_parameters/msg/debug_parameter__type_support.cpp.o[0m
[40.098s] [ 76%] [32mBuilding CXX object CMakeFiles/my_parameters__rosidl_typesupport_c.dir/rosidl_typesupport_c/my_parameters/msg/stm32_data__type_support.cpp.o[0m
[40.318s] [ 77%] [32mBuilding CXX object CMakeFiles/my_parameters__rosidl_typesupport_c.dir/rosidl_typesupport_c/my_parameters/msg/obstacle_proximity_log__type_support.cpp.o[0m
[40.481s] [ 79%] [32m[1mLinking CXX shared library libmy_parameters__rosidl_typesupport_c.so[0m
[40.671s] [ 79%] Built target my_parameters__rosidl_typesupport_c
[40.765s] [ 79%] Built target my_parameters
[40.863s] [ 80%] [34m[1mGenerating Python code for ROS interfaces[0m
[44.630s] [ 80%] Built target my_parameters__py
[44.683s] [35m[1mConsolidate compiler generated dependencies of target my_parameters__rosidl_generator_py[0m
[44.775s] [ 82%] [32mBuilding C object CMakeFiles/my_parameters__rosidl_generator_py.dir/rosidl_generator_py/my_parameters/msg/_motor_parameters_s.c.o[0m
[44.799s] [ 84%] [32mBuilding C object CMakeFiles/my_parameters__rosidl_generator_py.dir/rosidl_generator_py/my_parameters/msg/_stm32_data_s.c.o[0m
[44.847s] [ 85%] [32mBuilding C object CMakeFiles/my_parameters__rosidl_generator_py.dir/rosidl_generator_py/my_parameters/msg/_joystick_parameters_s.c.o[0m
[44.859s] [ 87%] [32mBuilding C object CMakeFiles/my_parameters__rosidl_generator_py.dir/rosidl_generator_py/my_parameters/msg/_debug_parameter_s.c.o[0m
[45.860s] [ 88%] [32mBuilding C object CMakeFiles/my_parameters__rosidl_generator_py.dir/rosidl_generator_py/my_parameters/msg/_obstacle_proximity_log_s.c.o[0m
[46.484s] [ 90%] [32m[1mLinking C shared library rosidl_generator_py/my_parameters/libmy_parameters__rosidl_generator_py.so[0m
[46.766s] [ 90%] Built target my_parameters__rosidl_generator_py
[46.820s] [35m[1mConsolidate compiler generated dependencies of target my_parameters__rosidl_typesupport_fastrtps_c__pyext[0m
[46.864s] [35m[1mConsolidate compiler generated dependencies of target my_parameters__rosidl_typesupport_introspection_c__pyext[0m
[46.865s] [35m[1mConsolidate compiler generated dependencies of target my_parameters__rosidl_typesupport_c__pyext[0m
[46.964s] [ 92%] [32mBuilding C object CMakeFiles/my_parameters__rosidl_typesupport_c__pyext.dir/rosidl_generator_py/my_parameters/_my_parameters_s.ep.rosidl_typesupport_c.c.o[0m
[46.991s] [ 93%] [32mBuilding C object CMakeFiles/my_parameters__rosidl_typesupport_introspection_c__pyext.dir/rosidl_generator_py/my_parameters/_my_parameters_s.ep.rosidl_typesupport_introspection_c.c.o[0m
[47.022s] [ 95%] [32mBuilding C object CMakeFiles/my_parameters__rosidl_typesupport_fastrtps_c__pyext.dir/rosidl_generator_py/my_parameters/_my_parameters_s.ep.rosidl_typesupport_fastrtps_c.c.o[0m
[47.884s] [ 96%] [32m[1mLinking C shared library rosidl_generator_py/my_parameters/my_parameters_s__rosidl_typesupport_introspection_c.cpython-310-aarch64-linux-gnu.so[0m
[47.922s] [ 98%] [32m[1mLinking C shared library rosidl_generator_py/my_parameters/my_parameters_s__rosidl_typesupport_fastrtps_c.cpython-310-aarch64-linux-gnu.so[0m
[48.043s] [100%] [32m[1mLinking C shared library rosidl_generator_py/my_parameters/my_parameters_s__rosidl_typesupport_c.cpython-310-aarch64-linux-gnu.so[0m
[48.360s] [100%] Built target my_parameters__rosidl_typesupport_fastrtps_c__pyext
[48.420s] [100%] Built target my_parameters__rosidl_typesupport_introspection_c__pyext
[48.481s] [100%] Built target my_parameters__rosidl_typesupport_c__pyext
[48.540s] Invoked command in '/home/pi2/ros2_ws/build/my_parameters' returned '0': CMAKE_PREFIX_PATH=${CMAKE_PREFIX_PATH}:/home/pi2/ros2_ws/install/my_slam_package:/home/pi2/ros2_ws/install/cmd_vel_to_joystick:/home/pi2/ros2_ws/install/motor_serial:/home/pi2/ros2_ws/install/motor_commands:/home/pi2/ros2_ws/install/locolization:/home/pi2/ros2_ws/install/joystick_publisher:/home/pi2/ros2_ws/install/bno055:/opt/ros/humble /usr/bin/cmake --build /home/pi2/ros2_ws/build/my_parameters -- -j4 -l4
[49.990s] Invoking command in '/home/pi2/ros2_ws/build/my_parameters': CMAKE_PREFIX_PATH=${CMAKE_PREFIX_PATH}:/home/pi2/ros2_ws/install/my_slam_package:/home/pi2/ros2_ws/install/cmd_vel_to_joystick:/home/pi2/ros2_ws/install/motor_serial:/home/pi2/ros2_ws/install/motor_commands:/home/pi2/ros2_ws/install/locolization:/home/pi2/ros2_ws/install/joystick_publisher:/home/pi2/ros2_ws/install/bno055:/opt/ros/humble /usr/bin/cmake --install /home/pi2/ros2_ws/build/my_parameters
[50.031s] -- Install configuration: ""
[50.032s] -- Installing: /home/pi2/ros2_ws/install/my_parameters/share/ament_index/resource_index/rosidl_interfaces/my_parameters
[50.033s] -- Up-to-date: /home/pi2/ros2_ws/install/my_parameters/include/my_parameters/my_parameters
[50.034s] -- Up-to-date: /home/pi2/ros2_ws/install/my_parameters/include/my_parameters/my_parameters/msg
[50.034s] -- Installing: /home/pi2/ros2_ws/install/my_parameters/include/my_parameters/my_parameters/msg/motor_parameters.h
[50.036s] -- Installing: /home/pi2/ros2_ws/install/my_parameters/include/my_parameters/my_parameters/msg/debug_parameter.h
[50.037s] -- Installing: /home/pi2/ros2_ws/install/my_parameters/include/my_parameters/my_parameters/msg/obstacle_proximity_log.h
[50.039s] -- Up-to-date: /home/pi2/ros2_ws/install/my_parameters/include/my_parameters/my_parameters/msg/rosidl_generator_c__visibility_control.h
[50.040s] -- Up-to-date: /home/pi2/ros2_ws/install/my_parameters/include/my_parameters/my_parameters/msg/detail
[50.040s] -- Installing: /home/pi2/ros2_ws/install/my_parameters/include/my_parameters/my_parameters/msg/detail/motor_parameters__functions.h
[50.042s] -- Installing: /home/pi2/ros2_ws/install/my_parameters/include/my_parameters/my_parameters/msg/detail/debug_parameter__functions.h
[50.043s] -- Installing: /home/pi2/ros2_ws/install/my_parameters/include/my_parameters/my_parameters/msg/detail/obstacle_proximity_log__type_support.h
[50.045s] -- Installing: /home/pi2/ros2_ws/install/my_parameters/include/my_parameters/my_parameters/msg/detail/stm32_data__functions.c
[50.046s] -- Installing: /home/pi2/ros2_ws/install/my_parameters/include/my_parameters/my_parameters/msg/detail/obstacle_proximity_log__struct.h
[50.048s] -- Installing: /home/pi2/ros2_ws/install/my_parameters/include/my_parameters/my_parameters/msg/detail/motor_parameters__type_support.h
[50.057s] -- Installing: /home/pi2/ros2_ws/install/my_parameters/include/my_parameters/my_parameters/msg/detail/debug_parameter__functions.c
[50.059s] -- Installing: /home/pi2/ros2_ws/install/my_parameters/include/my_parameters/my_parameters/msg/detail/motor_parameters__functions.c
[50.061s] -- Installing: /home/pi2/ros2_ws/install/my_parameters/include/my_parameters/my_parameters/msg/detail/motor_parameters__struct.h
[50.062s] -- Installing: /home/pi2/ros2_ws/install/my_parameters/include/my_parameters/my_parameters/msg/detail/debug_parameter__type_support.h
[50.064s] -- Installing: /home/pi2/ros2_ws/install/my_parameters/include/my_parameters/my_parameters/msg/detail/joystick_parameters__type_support.h
[50.066s] -- Installing: /home/pi2/ros2_ws/install/my_parameters/include/my_parameters/my_parameters/msg/detail/joystick_parameters__functions.c
[50.068s] -- Installing: /home/pi2/ros2_ws/install/my_parameters/include/my_parameters/my_parameters/msg/detail/joystick_parameters__struct.h
[50.069s] -- Installing: /home/pi2/ros2_ws/install/my_parameters/include/my_parameters/my_parameters/msg/detail/joystick_parameters__functions.h
[50.071s] -- Installing: /home/pi2/ros2_ws/install/my_parameters/include/my_parameters/my_parameters/msg/detail/debug_parameter__struct.h
[50.072s] -- Installing: /home/pi2/ros2_ws/install/my_parameters/include/my_parameters/my_parameters/msg/detail/stm32_data__struct.h
[50.074s] -- Installing: /home/pi2/ros2_ws/install/my_parameters/include/my_parameters/my_parameters/msg/detail/stm32_data__functions.h
[50.075s] -- Installing: /home/pi2/ros2_ws/install/my_parameters/include/my_parameters/my_parameters/msg/detail/obstacle_proximity_log__functions.c
[50.077s] -- Installing: /home/pi2/ros2_ws/install/my_parameters/include/my_parameters/my_parameters/msg/detail/obstacle_proximity_log__functions.h
[50.079s] -- Installing: /home/pi2/ros2_ws/install/my_parameters/include/my_parameters/my_parameters/msg/detail/stm32_data__type_support.h
[50.080s] -- Installing: /home/pi2/ros2_ws/install/my_parameters/include/my_parameters/my_parameters/msg/stm32_data.h
[50.082s] -- Installing: /home/pi2/ros2_ws/install/my_parameters/include/my_parameters/my_parameters/msg/joystick_parameters.h
[50.084s] -- Up-to-date: /home/pi2/ros2_ws/install/my_parameters/share/my_parameters/environment/library_path.sh
[50.084s] -- Installing: /home/pi2/ros2_ws/install/my_parameters/share/my_parameters/environment/library_path.dsv
[50.091s] -- Installing: /home/pi2/ros2_ws/install/my_parameters/lib/libmy_parameters__rosidl_generator_c.so
[50.098s] -- Set runtime path of "/home/pi2/ros2_ws/install/my_parameters/lib/libmy_parameters__rosidl_generator_c.so" to ""
[50.099s] -- Up-to-date: /home/pi2/ros2_ws/install/my_parameters/include/my_parameters/my_parameters
[50.100s] -- Up-to-date: /home/pi2/ros2_ws/install/my_parameters/include/my_parameters/my_parameters/msg
[50.101s] -- Up-to-date: /home/pi2/ros2_ws/install/my_parameters/include/my_parameters/my_parameters/msg/rosidl_typesupport_fastrtps_c__visibility_control.h
[50.102s] -- Up-to-date: /home/pi2/ros2_ws/install/my_parameters/include/my_parameters/my_parameters/msg/detail
[50.102s] -- Installing: /home/pi2/ros2_ws/install/my_parameters/include/my_parameters/my_parameters/msg/detail/debug_parameter__rosidl_typesupport_fastrtps_c.h
[50.104s] -- Installing: /home/pi2/ros2_ws/install/my_parameters/include/my_parameters/my_parameters/msg/detail/obstacle_proximity_log__rosidl_typesupport_fastrtps_c.h
[50.105s] -- Installing: /home/pi2/ros2_ws/install/my_parameters/include/my_parameters/my_parameters/msg/detail/stm32_data__rosidl_typesupport_fastrtps_c.h
[50.110s] -- Installing: /home/pi2/ros2_ws/install/my_parameters/include/my_parameters/my_parameters/msg/detail/motor_parameters__rosidl_typesupport_fastrtps_c.h
[50.112s] -- Installing: /home/pi2/ros2_ws/install/my_parameters/include/my_parameters/my_parameters/msg/detail/joystick_parameters__rosidl_typesupport_fastrtps_c.h
[50.117s] -- Installing: /home/pi2/ros2_ws/install/my_parameters/lib/libmy_parameters__rosidl_typesupport_fastrtps_c.so
[50.121s] -- Set runtime path of "/home/pi2/ros2_ws/install/my_parameters/lib/libmy_parameters__rosidl_typesupport_fastrtps_c.so" to ""
[50.122s] -- Up-to-date: /home/pi2/ros2_ws/install/my_parameters/include/my_parameters/my_parameters
[50.122s] -- Up-to-date: /home/pi2/ros2_ws/install/my_parameters/include/my_parameters/my_parameters/msg
[50.123s] -- Installing: /home/pi2/ros2_ws/install/my_parameters/include/my_parameters/my_parameters/msg/joystick_parameters.hpp
[50.124s] -- Installing: /home/pi2/ros2_ws/install/my_parameters/include/my_parameters/my_parameters/msg/obstacle_proximity_log.hpp
[50.125s] -- Installing: /home/pi2/ros2_ws/install/my_parameters/include/my_parameters/my_parameters/msg/stm32_data.hpp
[50.127s] -- Installing: /home/pi2/ros2_ws/install/my_parameters/include/my_parameters/my_parameters/msg/debug_parameter.hpp
[50.128s] -- Installing: /home/pi2/ros2_ws/install/my_parameters/include/my_parameters/my_parameters/msg/motor_parameters.hpp
[50.130s] -- Up-to-date: /home/pi2/ros2_ws/install/my_parameters/include/my_parameters/my_parameters/msg/detail
[50.131s] -- Installing: /home/pi2/ros2_ws/install/my_parameters/include/my_parameters/my_parameters/msg/detail/obstacle_proximity_log__traits.hpp
[50.132s] -- Installing: /home/pi2/ros2_ws/install/my_parameters/include/my_parameters/my_parameters/msg/detail/joystick_parameters__struct.hpp
[50.135s] -- Installing: /home/pi2/ros2_ws/install/my_parameters/include/my_parameters/my_parameters/msg/detail/stm32_data__builder.hpp
[50.139s] -- Installing: /home/pi2/ros2_ws/install/my_parameters/include/my_parameters/my_parameters/msg/detail/debug_parameter__builder.hpp
[50.140s] -- Installing: /home/pi2/ros2_ws/install/my_parameters/include/my_parameters/my_parameters/msg/detail/motor_parameters__builder.hpp
[50.140s] -- Installing: /home/pi2/ros2_ws/install/my_parameters/include/my_parameters/my_parameters/msg/detail/stm32_data__traits.hpp
[50.151s] -- Installing: /home/pi2/ros2_ws/install/my_parameters/include/my_parameters/my_parameters/msg/detail/debug_parameter__traits.hpp
[50.154s] -- Installing: /home/pi2/ros2_ws/install/my_parameters/include/my_parameters/my_parameters/msg/detail/joystick_parameters__traits.hpp
[50.155s] -- Installing: /home/pi2/ros2_ws/install/my_parameters/include/my_parameters/my_parameters/msg/detail/obstacle_proximity_log__struct.hpp
[50.156s] -- Installing: /home/pi2/ros2_ws/install/my_parameters/include/my_parameters/my_parameters/msg/detail/obstacle_proximity_log__builder.hpp
[50.169s] -- Installing: /home/pi2/ros2_ws/install/my_parameters/include/my_parameters/my_parameters/msg/detail/joystick_parameters__builder.hpp
[50.170s] -- Installing: /home/pi2/ros2_ws/install/my_parameters/include/my_parameters/my_parameters/msg/detail/stm32_data__struct.hpp
[50.171s] -- Installing: /home/pi2/ros2_ws/install/my_parameters/include/my_parameters/my_parameters/msg/detail/motor_parameters__struct.hpp
[50.172s] -- Installing: /home/pi2/ros2_ws/install/my_parameters/include/my_parameters/my_parameters/msg/detail/debug_parameter__struct.hpp
[50.172s] -- Installing: /home/pi2/ros2_ws/install/my_parameters/include/my_parameters/my_parameters/msg/detail/motor_parameters__traits.hpp
[50.180s] -- Up-to-date: /home/pi2/ros2_ws/install/my_parameters/include/my_parameters/my_parameters
[50.181s] -- Up-to-date: /home/pi2/ros2_ws/install/my_parameters/include/my_parameters/my_parameters/msg
[50.182s] -- Up-to-date: /home/pi2/ros2_ws/install/my_parameters/include/my_parameters/my_parameters/msg/rosidl_typesupport_fastrtps_cpp__visibility_control.h
[50.183s] -- Up-to-date: /home/pi2/ros2_ws/install/my_parameters/include/my_parameters/my_parameters/msg/detail
[50.184s] -- Up-to-date: /home/pi2/ros2_ws/install/my_parameters/include/my_parameters/my_parameters/msg/detail/dds_fastrtps
[50.185s] -- Installing: /home/pi2/ros2_ws/install/my_parameters/include/my_parameters/my_parameters/msg/detail/obstacle_proximity_log__rosidl_typesupport_fastrtps_cpp.hpp
[50.186s] -- Installing: /home/pi2/ros2_ws/install/my_parameters/include/my_parameters/my_parameters/msg/detail/joystick_parameters__rosidl_typesupport_fastrtps_cpp.hpp
[50.188s] -- Installing: /home/pi2/ros2_ws/install/my_parameters/include/my_parameters/my_parameters/msg/detail/stm32_data__rosidl_typesupport_fastrtps_cpp.hpp
[50.199s] -- Installing: /home/pi2/ros2_ws/install/my_parameters/include/my_parameters/my_parameters/msg/detail/motor_parameters__rosidl_typesupport_fastrtps_cpp.hpp
[50.200s] -- Installing: /home/pi2/ros2_ws/install/my_parameters/include/my_parameters/my_parameters/msg/detail/debug_parameter__rosidl_typesupport_fastrtps_cpp.hpp
[50.200s] -- Installing: /home/pi2/ros2_ws/install/my_parameters/lib/libmy_parameters__rosidl_typesupport_fastrtps_cpp.so
[50.201s] -- Set runtime path of "/home/pi2/ros2_ws/install/my_parameters/lib/libmy_parameters__rosidl_typesupport_fastrtps_cpp.so" to ""
[50.202s] -- Up-to-date: /home/pi2/ros2_ws/install/my_parameters/include/my_parameters/my_parameters
[50.203s] -- Up-to-date: /home/pi2/ros2_ws/install/my_parameters/include/my_parameters/my_parameters/msg
[50.204s] -- Up-to-date: /home/pi2/ros2_ws/install/my_parameters/include/my_parameters/my_parameters/msg/detail
[50.205s] -- Installing: /home/pi2/ros2_ws/install/my_parameters/include/my_parameters/my_parameters/msg/detail/stm32_data__rosidl_typesupport_introspection_c.h
[50.205s] -- Installing: /home/pi2/ros2_ws/install/my_parameters/include/my_parameters/my_parameters/msg/detail/joystick_parameters__rosidl_typesupport_introspection_c.h
[50.209s] -- Installing: /home/pi2/ros2_ws/install/my_parameters/include/my_parameters/my_parameters/msg/detail/obstacle_proximity_log__rosidl_typesupport_introspection_c.h
[50.215s] -- Installing: /home/pi2/ros2_ws/install/my_parameters/include/my_parameters/my_parameters/msg/detail/debug_parameter__type_support.c
[50.223s] -- Installing: /home/pi2/ros2_ws/install/my_parameters/include/my_parameters/my_parameters/msg/detail/motor_parameters__rosidl_typesupport_introspection_c.h
[50.226s] -- Installing: /home/pi2/ros2_ws/install/my_parameters/include/my_parameters/my_parameters/msg/detail/stm32_data__type_support.c
[50.227s] -- Installing: /home/pi2/ros2_ws/install/my_parameters/include/my_parameters/my_parameters/msg/detail/debug_parameter__rosidl_typesupport_introspection_c.h
[50.228s] -- Installing: /home/pi2/ros2_ws/install/my_parameters/include/my_parameters/my_parameters/msg/detail/obstacle_proximity_log__type_support.c
[50.229s] -- Installing: /home/pi2/ros2_ws/install/my_parameters/include/my_parameters/my_parameters/msg/detail/joystick_parameters__type_support.c
[50.230s] -- Installing: /home/pi2/ros2_ws/install/my_parameters/include/my_parameters/my_parameters/msg/detail/motor_parameters__type_support.c
[50.231s] -- Up-to-date: /home/pi2/ros2_ws/install/my_parameters/include/my_parameters/my_parameters/msg/rosidl_typesupport_introspection_c__visibility_control.h
[50.235s] -- Installing: /home/pi2/ros2_ws/install/my_parameters/lib/libmy_parameters__rosidl_typesupport_introspection_c.so
[50.236s] -- Set runtime path of "/home/pi2/ros2_ws/install/my_parameters/lib/libmy_parameters__rosidl_typesupport_introspection_c.so" to ""
[50.249s] -- Installing: /home/pi2/ros2_ws/install/my_parameters/lib/libmy_parameters__rosidl_typesupport_c.so
[50.251s] -- Set runtime path of "/home/pi2/ros2_ws/install/my_parameters/lib/libmy_parameters__rosidl_typesupport_c.so" to ""
[50.254s] -- Up-to-date: /home/pi2/ros2_ws/install/my_parameters/include/my_parameters/my_parameters
[50.256s] -- Up-to-date: /home/pi2/ros2_ws/install/my_parameters/include/my_parameters/my_parameters/msg
[50.257s] -- Up-to-date: /home/pi2/ros2_ws/install/my_parameters/include/my_parameters/my_parameters/msg/detail
[50.258s] -- Installing: /home/pi2/ros2_ws/install/my_parameters/include/my_parameters/my_parameters/msg/detail/stm32_data__type_support.cpp
[50.258s] -- Installing: /home/pi2/ros2_ws/install/my_parameters/include/my_parameters/my_parameters/msg/detail/stm32_data__rosidl_typesupport_introspection_cpp.hpp
[50.259s] -- Installing: /home/pi2/ros2_ws/install/my_parameters/include/my_parameters/my_parameters/msg/detail/joystick_parameters__rosidl_typesupport_introspection_cpp.hpp
[50.260s] -- Installing: /home/pi2/ros2_ws/install/my_parameters/include/my_parameters/my_parameters/msg/detail/obstacle_proximity_log__rosidl_typesupport_introspection_cpp.hpp
[50.260s] -- Installing: /home/pi2/ros2_ws/install/my_parameters/include/my_parameters/my_parameters/msg/detail/motor_parameters__rosidl_typesupport_introspection_cpp.hpp
[50.261s] -- Installing: /home/pi2/ros2_ws/install/my_parameters/include/my_parameters/my_parameters/msg/detail/joystick_parameters__type_support.cpp
[50.262s] -- Installing: /home/pi2/ros2_ws/install/my_parameters/include/my_parameters/my_parameters/msg/detail/debug_parameter__type_support.cpp
[50.262s] -- Installing: /home/pi2/ros2_ws/install/my_parameters/include/my_parameters/my_parameters/msg/detail/motor_parameters__type_support.cpp
[50.263s] -- Installing: /home/pi2/ros2_ws/install/my_parameters/include/my_parameters/my_parameters/msg/detail/debug_parameter__rosidl_typesupport_introspection_cpp.hpp
[50.264s] -- Installing: /home/pi2/ros2_ws/install/my_parameters/include/my_parameters/my_parameters/msg/detail/obstacle_proximity_log__type_support.cpp
[50.266s] -- Installing: /home/pi2/ros2_ws/install/my_parameters/lib/libmy_parameters__rosidl_typesupport_introspection_cpp.so
[50.271s] -- Set runtime path of "/home/pi2/ros2_ws/install/my_parameters/lib/libmy_parameters__rosidl_typesupport_introspection_cpp.so" to ""
[50.274s] -- Installing: /home/pi2/ros2_ws/install/my_parameters/lib/libmy_parameters__rosidl_typesupport_cpp.so
[50.278s] -- Set runtime path of "/home/pi2/ros2_ws/install/my_parameters/lib/libmy_parameters__rosidl_typesupport_cpp.so" to ""
[50.283s] -- Up-to-date: /home/pi2/ros2_ws/install/my_parameters/share/my_parameters/environment/pythonpath.sh
[50.284s] -- Installing: /home/pi2/ros2_ws/install/my_parameters/share/my_parameters/environment/pythonpath.dsv
[50.285s] -- Up-to-date: /home/pi2/ros2_ws/install/my_parameters/local/lib/python3.10/dist-packages/my_parameters-0.0.0-py3.10.egg-info
[50.286s] -- Installing: /home/pi2/ros2_ws/install/my_parameters/local/lib/python3.10/dist-packages/my_parameters-0.0.0-py3.10.egg-info/PKG-INFO
[50.286s] -- Installing: /home/pi2/ros2_ws/install/my_parameters/local/lib/python3.10/dist-packages/my_parameters-0.0.0-py3.10.egg-info/top_level.txt
[50.287s] -- Installing: /home/pi2/ros2_ws/install/my_parameters/local/lib/python3.10/dist-packages/my_parameters-0.0.0-py3.10.egg-info/SOURCES.txt
[50.288s] -- Installing: /home/pi2/ros2_ws/install/my_parameters/local/lib/python3.10/dist-packages/my_parameters-0.0.0-py3.10.egg-info/dependency_links.txt
[50.290s] -- Up-to-date: /home/pi2/ros2_ws/install/my_parameters/local/lib/python3.10/dist-packages/my_parameters
[50.291s] -- Installing: /home/pi2/ros2_ws/install/my_parameters/local/lib/python3.10/dist-packages/my_parameters/__init__.py
[50.299s] -- Installing: /home/pi2/ros2_ws/install/my_parameters/local/lib/python3.10/dist-packages/my_parameters/_my_parameters_s.ep.rosidl_typesupport_fastrtps_c.c
[50.299s] -- Installing: /home/pi2/ros2_ws/install/my_parameters/local/lib/python3.10/dist-packages/my_parameters/my_parameters_s__rosidl_typesupport_introspection_c.cpython-310-aarch64-linux-gnu.so
[50.301s] -- Installing: /home/pi2/ros2_ws/install/my_parameters/local/lib/python3.10/dist-packages/my_parameters/my_parameters_s__rosidl_typesupport_fastrtps_c.cpython-310-aarch64-linux-gnu.so
[50.304s] -- Installing: /home/pi2/ros2_ws/install/my_parameters/local/lib/python3.10/dist-packages/my_parameters/_my_parameters_s.ep.rosidl_typesupport_introspection_c.c
[50.307s] -- Installing: /home/pi2/ros2_ws/install/my_parameters/local/lib/python3.10/dist-packages/my_parameters/libmy_parameters__rosidl_generator_py.so
[50.311s] -- Installing: /home/pi2/ros2_ws/install/my_parameters/local/lib/python3.10/dist-packages/my_parameters/my_parameters_s__rosidl_typesupport_c.cpython-310-aarch64-linux-gnu.so
[50.314s] -- Up-to-date: /home/pi2/ros2_ws/install/my_parameters/local/lib/python3.10/dist-packages/my_parameters/msg
[50.316s] -- Installing: /home/pi2/ros2_ws/install/my_parameters/local/lib/python3.10/dist-packages/my_parameters/msg/__init__.py
[50.318s] -- Installing: /home/pi2/ros2_ws/install/my_parameters/local/lib/python3.10/dist-packages/my_parameters/msg/_joystick_parameters.py
[50.321s] -- Installing: /home/pi2/ros2_ws/install/my_parameters/local/lib/python3.10/dist-packages/my_parameters/msg/_stm32_data.py
[50.324s] -- Installing: /home/pi2/ros2_ws/install/my_parameters/local/lib/python3.10/dist-packages/my_parameters/msg/_debug_parameter.py
[50.327s] -- Installing: /home/pi2/ros2_ws/install/my_parameters/local/lib/python3.10/dist-packages/my_parameters/msg/_motor_parameters_s.c
[50.329s] -- Installing: /home/pi2/ros2_ws/install/my_parameters/local/lib/python3.10/dist-packages/my_parameters/msg/_stm32_data_s.c
[50.332s] -- Installing: /home/pi2/ros2_ws/install/my_parameters/local/lib/python3.10/dist-packages/my_parameters/msg/_obstacle_proximity_log_s.c
[50.335s] -- Installing: /home/pi2/ros2_ws/install/my_parameters/local/lib/python3.10/dist-packages/my_parameters/msg/_debug_parameter_s.c
[50.338s] -- Installing: /home/pi2/ros2_ws/install/my_parameters/local/lib/python3.10/dist-packages/my_parameters/msg/_motor_parameters.py
[50.340s] -- Installing: /home/pi2/ros2_ws/install/my_parameters/local/lib/python3.10/dist-packages/my_parameters/msg/_obstacle_proximity_log.py
[50.343s] -- Installing: /home/pi2/ros2_ws/install/my_parameters/local/lib/python3.10/dist-packages/my_parameters/msg/_joystick_parameters_s.c
[50.345s] -- Installing: /home/pi2/ros2_ws/install/my_parameters/local/lib/python3.10/dist-packages/my_parameters/_my_parameters_s.ep.rosidl_typesupport_c.c
[50.743s] Listing '/home/pi2/ros2_ws/install/my_parameters/local/lib/python3.10/dist-packages/my_parameters'...
[50.745s] Compiling '/home/pi2/ros2_ws/install/my_parameters/local/lib/python3.10/dist-packages/my_parameters/__init__.py'...
[50.747s] Listing '/home/pi2/ros2_ws/install/my_parameters/local/lib/python3.10/dist-packages/my_parameters/msg'...
[50.748s] Compiling '/home/pi2/ros2_ws/install/my_parameters/local/lib/python3.10/dist-packages/my_parameters/msg/__init__.py'...
[50.749s] Compiling '/home/pi2/ros2_ws/install/my_parameters/local/lib/python3.10/dist-packages/my_parameters/msg/_debug_parameter.py'...
[50.751s] Compiling '/home/pi2/ros2_ws/install/my_parameters/local/lib/python3.10/dist-packages/my_parameters/msg/_joystick_parameters.py'...
[50.753s] Compiling '/home/pi2/ros2_ws/install/my_parameters/local/lib/python3.10/dist-packages/my_parameters/msg/_motor_parameters.py'...
[50.755s] Compiling '/home/pi2/ros2_ws/install/my_parameters/local/lib/python3.10/dist-packages/my_parameters/msg/_obstacle_proximity_log.py'...
[50.757s] Compiling '/home/pi2/ros2_ws/install/my_parameters/local/lib/python3.10/dist-packages/my_parameters/msg/_stm32_data.py'...
[50.782s] -- Installing: /home/pi2/ros2_ws/install/my_parameters/local/lib/python3.10/dist-packages/my_parameters/my_parameters_s__rosidl_typesupport_fastrtps_c.cpython-310-aarch64-linux-gnu.so
[50.786s] -- Set runtime path of "/home/pi2/ros2_ws/install/my_parameters/local/lib/python3.10/dist-packages/my_parameters/my_parameters_s__rosidl_typesupport_fastrtps_c.cpython-310-aarch64-linux-gnu.so" to ""
[50.788s] -- Installing: /home/pi2/ros2_ws/install/my_parameters/local/lib/python3.10/dist-packages/my_parameters/my_parameters_s__rosidl_typesupport_introspection_c.cpython-310-aarch64-linux-gnu.so
[50.793s] -- Set runtime path of "/home/pi2/ros2_ws/install/my_parameters/local/lib/python3.10/dist-packages/my_parameters/my_parameters_s__rosidl_typesupport_introspection_c.cpython-310-aarch64-linux-gnu.so" to ""
[50.796s] -- Installing: /home/pi2/ros2_ws/install/my_parameters/local/lib/python3.10/dist-packages/my_parameters/my_parameters_s__rosidl_typesupport_c.cpython-310-aarch64-linux-gnu.so
[50.801s] -- Set runtime path of "/home/pi2/ros2_ws/install/my_parameters/local/lib/python3.10/dist-packages/my_parameters/my_parameters_s__rosidl_typesupport_c.cpython-310-aarch64-linux-gnu.so" to ""
[50.807s] -- Installing: /home/pi2/ros2_ws/install/my_parameters/lib/libmy_parameters__rosidl_generator_py.so
[50.823s] -- Set runtime path of "/home/pi2/ros2_ws/install/my_parameters/lib/libmy_parameters__rosidl_generator_py.so" to ""
[50.825s] -- Up-to-date: /home/pi2/ros2_ws/install/my_parameters/share/my_parameters/msg/MotorParameters.idl
[50.827s] -- Up-to-date: /home/pi2/ros2_ws/install/my_parameters/share/my_parameters/msg/JoystickParameters.idl
[50.829s] -- Up-to-date: /home/pi2/ros2_ws/install/my_parameters/share/my_parameters/msg/Stm32Data.idl
[50.831s] -- Up-to-date: /home/pi2/ros2_ws/install/my_parameters/share/my_parameters/msg/DebugParameter.idl
[50.833s] -- Installing: /home/pi2/ros2_ws/install/my_parameters/share/my_parameters/msg/ObstacleProximityLog.idl
[50.836s] -- Up-to-date: /home/pi2/ros2_ws/install/my_parameters/share/my_parameters/msg/MotorParameters.msg
[50.838s] -- Up-to-date: /home/pi2/ros2_ws/install/my_parameters/share/my_parameters/msg/JoystickParameters.msg
[50.840s] -- Up-to-date: /home/pi2/ros2_ws/install/my_parameters/share/my_parameters/msg/Stm32Data.msg
[50.842s] -- Up-to-date: /home/pi2/ros2_ws/install/my_parameters/share/my_parameters/msg/DebugParameter.msg
[50.844s] -- Installing: /home/pi2/ros2_ws/install/my_parameters/share/my_parameters/msg/ObstacleProximityLog.msg
[50.847s] -- Up-to-date: /home/pi2/ros2_ws/install/my_parameters/share/ament_index/resource_index/package_run_dependencies/my_parameters
[50.850s] -- Installing: /home/pi2/ros2_ws/install/my_parameters/share/ament_index/resource_index/parent_prefix_path/my_parameters
[50.853s] -- Up-to-date: /home/pi2/ros2_ws/install/my_parameters/share/my_parameters/environment/ament_prefix_path.sh
[50.856s] -- Installing: /home/pi2/ros2_ws/install/my_parameters/share/my_parameters/environment/ament_prefix_path.dsv
[50.860s] -- Up-to-date: /home/pi2/ros2_ws/install/my_parameters/share/my_parameters/environment/path.sh
[50.862s] -- Installing: /home/pi2/ros2_ws/install/my_parameters/share/my_parameters/environment/path.dsv
[50.865s] -- Up-to-date: /home/pi2/ros2_ws/install/my_parameters/share/my_parameters/local_setup.bash
[50.867s] -- Up-to-date: /home/pi2/ros2_ws/install/my_parameters/share/my_parameters/local_setup.sh
[50.869s] -- Up-to-date: /home/pi2/ros2_ws/install/my_parameters/share/my_parameters/local_setup.zsh
[50.870s] -- Installing: /home/pi2/ros2_ws/install/my_parameters/share/my_parameters/local_setup.dsv
[50.873s] -- Installing: /home/pi2/ros2_ws/install/my_parameters/share/my_parameters/package.dsv
[50.877s] -- Up-to-date: /home/pi2/ros2_ws/install/my_parameters/share/ament_index/resource_index/packages/my_parameters
[50.882s] -- Up-to-date: /home/pi2/ros2_ws/install/my_parameters/share/my_parameters/cmake/export_my_parameters__rosidl_generator_cExport.cmake
[50.885s] -- Up-to-date: /home/pi2/ros2_ws/install/my_parameters/share/my_parameters/cmake/export_my_parameters__rosidl_generator_cExport-noconfig.cmake
[50.890s] -- Up-to-date: /home/pi2/ros2_ws/install/my_parameters/share/my_parameters/cmake/export_my_parameters__rosidl_typesupport_fastrtps_cExport.cmake
[50.893s] -- Up-to-date: /home/pi2/ros2_ws/install/my_parameters/share/my_parameters/cmake/export_my_parameters__rosidl_typesupport_fastrtps_cExport-noconfig.cmake
[50.898s] -- Up-to-date: /home/pi2/ros2_ws/install/my_parameters/share/my_parameters/cmake/export_my_parameters__rosidl_generator_cppExport.cmake
[50.903s] -- Up-to-date: /home/pi2/ros2_ws/install/my_parameters/share/my_parameters/cmake/export_my_parameters__rosidl_typesupport_fastrtps_cppExport.cmake
[50.906s] -- Up-to-date: /home/pi2/ros2_ws/install/my_parameters/share/my_parameters/cmake/export_my_parameters__rosidl_typesupport_fastrtps_cppExport-noconfig.cmake
[50.909s] -- Up-to-date: /home/pi2/ros2_ws/install/my_parameters/share/my_parameters/cmake/my_parameters__rosidl_typesupport_introspection_cExport.cmake
[50.910s] -- Up-to-date: /home/pi2/ros2_ws/install/my_parameters/share/my_parameters/cmake/my_parameters__rosidl_typesupport_introspection_cExport-noconfig.cmake
[50.912s] -- Up-to-date: /home/pi2/ros2_ws/install/my_parameters/share/my_parameters/cmake/my_parameters__rosidl_typesupport_cExport.cmake
[50.914s] -- Up-to-date: /home/pi2/ros2_ws/install/my_parameters/share/my_parameters/cmake/my_parameters__rosidl_typesupport_cExport-noconfig.cmake
[50.918s] -- Up-to-date: /home/pi2/ros2_ws/install/my_parameters/share/my_parameters/cmake/my_parameters__rosidl_typesupport_introspection_cppExport.cmake
[50.920s] -- Up-to-date: /home/pi2/ros2_ws/install/my_parameters/share/my_parameters/cmake/my_parameters__rosidl_typesupport_introspection_cppExport-noconfig.cmake
[50.923s] -- Up-to-date: /home/pi2/ros2_ws/install/my_parameters/share/my_parameters/cmake/my_parameters__rosidl_typesupport_cppExport.cmake
[50.925s] -- Up-to-date: /home/pi2/ros2_ws/install/my_parameters/share/my_parameters/cmake/my_parameters__rosidl_typesupport_cppExport-noconfig.cmake
[50.928s] -- Up-to-date: /home/pi2/ros2_ws/install/my_parameters/share/my_parameters/cmake/export_my_parameters__rosidl_generator_pyExport.cmake
[50.930s] -- Up-to-date: /home/pi2/ros2_ws/install/my_parameters/share/my_parameters/cmake/export_my_parameters__rosidl_generator_pyExport-noconfig.cmake
[50.932s] -- Installing: /home/pi2/ros2_ws/install/my_parameters/share/my_parameters/cmake/rosidl_cmake-extras.cmake
[50.935s] -- Up-to-date: /home/pi2/ros2_ws/install/my_parameters/share/my_parameters/cmake/ament_cmake_export_dependencies-extras.cmake
[50.937s] -- Up-to-date: /home/pi2/ros2_ws/install/my_parameters/share/my_parameters/cmake/ament_cmake_export_include_directories-extras.cmake
[50.939s] -- Up-to-date: /home/pi2/ros2_ws/install/my_parameters/share/my_parameters/cmake/ament_cmake_export_libraries-extras.cmake
[50.940s] -- Up-to-date: /home/pi2/ros2_ws/install/my_parameters/share/my_parameters/cmake/ament_cmake_export_targets-extras.cmake
[50.942s] -- Up-to-date: /home/pi2/ros2_ws/install/my_parameters/share/my_parameters/cmake/rosidl_cmake_export_typesupport_targets-extras.cmake
[50.943s] -- Up-to-date: /home/pi2/ros2_ws/install/my_parameters/share/my_parameters/cmake/rosidl_cmake_export_typesupport_libraries-extras.cmake
[50.944s] -- Up-to-date: /home/pi2/ros2_ws/install/my_parameters/share/my_parameters/cmake/my_parametersConfig.cmake
[50.944s] -- Up-to-date: /home/pi2/ros2_ws/install/my_parameters/share/my_parameters/cmake/my_parametersConfig-version.cmake
[50.945s] -- Up-to-date: /home/pi2/ros2_ws/install/my_parameters/share/my_parameters/package.xml
[50.953s] Invoked command in '/home/pi2/ros2_ws/build/my_parameters' returned '0': CMAKE_PREFIX_PATH=${CMAKE_PREFIX_PATH}:/home/pi2/ros2_ws/install/my_slam_package:/home/pi2/ros2_ws/install/cmd_vel_to_joystick:/home/pi2/ros2_ws/install/motor_serial:/home/pi2/ros2_ws/install/motor_commands:/home/pi2/ros2_ws/install/locolization:/home/pi2/ros2_ws/install/joystick_publisher:/home/pi2/ros2_ws/install/bno055:/opt/ros/humble /usr/bin/cmake --install /home/pi2/ros2_ws/build/my_parameters
