[6.627s] Invoking command in '/home/pi2/ros2_ws/src/motor_commands': PYTHONPATH=/home/pi2/ros2_ws/build/motor_commands/prefix_override:/usr/lib/python3/dist-packages/colcon_core/task/python/colcon_distutils_commands:/home/pi2/ros2_ws/install/motor_commands/lib/python3.10/site-packages:${PYTHONPATH} /usr/bin/python3 -W ignore:setup.py install is deprecated setup.py egg_info --egg-base ../../build/motor_commands build --build-base /home/pi2/ros2_ws/build/motor_commands/build install --record /home/pi2/ros2_ws/build/motor_commands/install.log --single-version-externally-managed install_data
[8.429s] running egg_info
[8.433s] writing ../../build/motor_commands/motor_commands.egg-info/PKG-INFO
[8.436s] writing dependency_links to ../../build/motor_commands/motor_commands.egg-info/dependency_links.txt
[8.437s] writing entry points to ../../build/motor_commands/motor_commands.egg-info/entry_points.txt
[8.438s] writing requirements to ../../build/motor_commands/motor_commands.egg-info/requires.txt
[8.441s] writing top-level names to ../../build/motor_commands/motor_commands.egg-info/top_level.txt
[8.453s] reading manifest file '../../build/motor_commands/motor_commands.egg-info/SOURCES.txt'
[8.457s] writing manifest file '../../build/motor_commands/motor_commands.egg-info/SOURCES.txt'
[8.458s] running build
[8.460s] running build_py
[8.461s] copying motor_commands/motor_commands.py -> /home/pi2/ros2_ws/build/motor_commands/build/lib/motor_commands
[8.464s] running install
[8.464s] running install_lib
[8.468s] copying /home/pi2/ros2_ws/build/motor_commands/build/lib/motor_commands/motor_commands.py -> /home/pi2/ros2_ws/install/motor_commands/lib/python3.10/site-packages/motor_commands
[8.472s] byte-compiling /home/pi2/ros2_ws/install/motor_commands/lib/python3.10/site-packages/motor_commands/motor_commands.py to motor_commands.cpython-310.pyc
[8.480s] running install_data
[8.481s] running install_egg_info
[8.490s] removing '/home/pi2/ros2_ws/install/motor_commands/lib/python3.10/site-packages/motor_commands-0.0.0-py3.10.egg-info' (and everything under it)
[8.494s] Copying ../../build/motor_commands/motor_commands.egg-info to /home/pi2/ros2_ws/install/motor_commands/lib/python3.10/site-packages/motor_commands-0.0.0-py3.10.egg-info
[8.501s] running install_scripts
[8.615s] Installing motor_commands script to /home/pi2/ros2_ws/install/motor_commands/lib/motor_commands
[8.616s] Installing transmit_command script to /home/pi2/ros2_ws/install/motor_commands/lib/motor_commands
[8.619s] writing list of installed files to '/home/pi2/ros2_ws/build/motor_commands/install.log'
[8.816s] Invoked command in '/home/pi2/ros2_ws/src/motor_commands' returned '0': PYTHONPATH=/home/pi2/ros2_ws/build/motor_commands/prefix_override:/usr/lib/python3/dist-packages/colcon_core/task/python/colcon_distutils_commands:/home/pi2/ros2_ws/install/motor_commands/lib/python3.10/site-packages:${PYTHONPATH} /usr/bin/python3 -W ignore:setup.py install is deprecated setup.py egg_info --egg-base ../../build/motor_commands build --build-base /home/pi2/ros2_ws/build/motor_commands/build install --record /home/pi2/ros2_ws/build/motor_commands/install.log --single-version-externally-managed install_data
