[11.676s] Invoking command in '/home/pi2/ros2_ws/src/motor_serial': PYTHONPATH=/home/pi2/ros2_ws/build/motor_serial/prefix_override:/usr/lib/python3/dist-packages/colcon_core/task/python/colcon_distutils_commands:/home/pi2/ros2_ws/install/motor_serial/lib/python3.10/site-packages:${PYTHONPATH} /usr/bin/python3 -W ignore:setup.py install is deprecated setup.py egg_info --egg-base ../../build/motor_serial build --build-base /home/pi2/ros2_ws/build/motor_serial/build install --record /home/pi2/ros2_ws/build/motor_serial/install.log --single-version-externally-managed install_data
[14.061s] running egg_info
[14.077s] writing ../../build/motor_serial/motor_serial.egg-info/PKG-INFO
[14.085s] writing dependency_links to ../../build/motor_serial/motor_serial.egg-info/dependency_links.txt
[14.088s] writing entry points to ../../build/motor_serial/motor_serial.egg-info/entry_points.txt
[14.089s] writing requirements to ../../build/motor_serial/motor_serial.egg-info/requires.txt
[14.090s] writing top-level names to ../../build/motor_serial/motor_serial.egg-info/top_level.txt
[14.135s] reading manifest file '../../build/motor_serial/motor_serial.egg-info/SOURCES.txt'
[14.155s] writing manifest file '../../build/motor_serial/motor_serial.egg-info/SOURCES.txt'
[14.156s] running build
[14.157s] running build_py
[14.175s] copying motor_serial/motor_serial.py -> /home/pi2/ros2_ws/build/motor_serial/build/lib/motor_serial
[14.183s] running install
[14.185s] running install_lib
[14.199s] copying /home/pi2/ros2_ws/build/motor_serial/build/lib/motor_serial/motor_serial.py -> /home/pi2/ros2_ws/install/motor_serial/lib/python3.10/site-packages/motor_serial
[14.221s] byte-compiling /home/pi2/ros2_ws/install/motor_serial/lib/python3.10/site-packages/motor_serial/motor_serial.py to motor_serial.cpython-310.pyc
[14.230s] running install_data
[14.260s] running install_egg_info
[14.274s] removing '/home/pi2/ros2_ws/install/motor_serial/lib/python3.10/site-packages/motor_serial-0.0.0-py3.10.egg-info' (and everything under it)
[14.308s] Copying ../../build/motor_serial/motor_serial.egg-info to /home/pi2/ros2_ws/install/motor_serial/lib/python3.10/site-packages/motor_serial-0.0.0-py3.10.egg-info
[14.329s] running install_scripts
[14.816s] Installing motor_serial script to /home/pi2/ros2_ws/install/motor_serial/lib/motor_serial
[14.835s] writing list of installed files to '/home/pi2/ros2_ws/build/motor_serial/install.log'
[15.125s] Invoked command in '/home/pi2/ros2_ws/src/motor_serial' returned '0': PYTHONPATH=/home/pi2/ros2_ws/build/motor_serial/prefix_override:/usr/lib/python3/dist-packages/colcon_core/task/python/colcon_distutils_commands:/home/pi2/ros2_ws/install/motor_serial/lib/python3.10/site-packages:${PYTHONPATH} /usr/bin/python3 -W ignore:setup.py install is deprecated setup.py egg_info --egg-base ../../build/motor_serial build --build-base /home/pi2/ros2_ws/build/motor_serial/build install --record /home/pi2/ros2_ws/build/motor_serial/install.log --single-version-externally-managed install_data
