[3.429s] Invoking command in '/home/pi2/ros2_ws/src/motor_commands': PYTHONPATH=/home/pi2/ros2_ws/build/motor_commands/prefix_override:/usr/lib/python3/dist-packages/colcon_core/task/python/colcon_distutils_commands:/home/pi2/ros2_ws/install/motor_commands/lib/python3.10/site-packages:${PYTHONPATH} /usr/bin/python3 -W ignore:setup.py install is deprecated setup.py egg_info --egg-base ../../build/motor_commands build --build-base /home/pi2/ros2_ws/build/motor_commands/build install --record /home/pi2/ros2_ws/build/motor_commands/install.log --single-version-externally-managed install_data
[4.812s] running egg_info
[4.816s] writing ../../build/motor_commands/motor_commands.egg-info/PKG-INFO
[4.817s] writing dependency_links to ../../build/motor_commands/motor_commands.egg-info/dependency_links.txt
[4.818s] writing entry points to ../../build/motor_commands/motor_commands.egg-info/entry_points.txt
[4.819s] writing requirements to ../../build/motor_commands/motor_commands.egg-info/requires.txt
[4.820s] writing top-level names to ../../build/motor_commands/motor_commands.egg-info/top_level.txt
[4.829s] reading manifest file '../../build/motor_commands/motor_commands.egg-info/SOURCES.txt'
[4.833s] writing manifest file '../../build/motor_commands/motor_commands.egg-info/SOURCES.txt'
[4.834s] running build
[4.835s] running build_py
[4.836s] running install
[4.838s] running install_lib
[4.844s] running install_data
[4.845s] running install_egg_info
[4.857s] removing '/home/pi2/ros2_ws/install/motor_commands/lib/python3.10/site-packages/motor_commands-0.0.0-py3.10.egg-info' (and everything under it)
[4.859s] Copying ../../build/motor_commands/motor_commands.egg-info to /home/pi2/ros2_ws/install/motor_commands/lib/python3.10/site-packages/motor_commands-0.0.0-py3.10.egg-info
[4.865s] running install_scripts
[4.954s] Installing motor_commands script to /home/pi2/ros2_ws/install/motor_commands/lib/motor_commands
[4.955s] Installing transmit_command script to /home/pi2/ros2_ws/install/motor_commands/lib/motor_commands
[4.957s] writing list of installed files to '/home/pi2/ros2_ws/build/motor_commands/install.log'
[5.079s] Invoked command in '/home/pi2/ros2_ws/src/motor_commands' returned '0': PYTHONPATH=/home/pi2/ros2_ws/build/motor_commands/prefix_override:/usr/lib/python3/dist-packages/colcon_core/task/python/colcon_distutils_commands:/home/pi2/ros2_ws/install/motor_commands/lib/python3.10/site-packages:${PYTHONPATH} /usr/bin/python3 -W ignore:setup.py install is deprecated setup.py egg_info --egg-base ../../build/motor_commands build --build-base /home/pi2/ros2_ws/build/motor_commands/build install --record /home/pi2/ros2_ws/build/motor_commands/install.log --single-version-externally-managed install_data
