running egg_info
writing ../../build/motor_serial/motor_serial.egg-info/PKG-INFO
writing dependency_links to ../../build/motor_serial/motor_serial.egg-info/dependency_links.txt
writing entry points to ../../build/motor_serial/motor_serial.egg-info/entry_points.txt
writing requirements to ../../build/motor_serial/motor_serial.egg-info/requires.txt
writing top-level names to ../../build/motor_serial/motor_serial.egg-info/top_level.txt
reading manifest file '../../build/motor_serial/motor_serial.egg-info/SOURCES.txt'
writing manifest file '../../build/motor_serial/motor_serial.egg-info/SOURCES.txt'
running build
running build_py
copying motor_serial/motor_serial.py -> /home/pi2/ros2_ws/build/motor_serial/build/lib/motor_serial
running install
running install_lib
copying /home/pi2/ros2_ws/build/motor_serial/build/lib/motor_serial/motor_serial.py -> /home/pi2/ros2_ws/install/motor_serial/lib/python3.10/site-packages/motor_serial
byte-compiling /home/pi2/ros2_ws/install/motor_serial/lib/python3.10/site-packages/motor_serial/motor_serial.py to motor_serial.cpython-310.pyc
running install_data
running install_egg_info
removing '/home/pi2/ros2_ws/install/motor_serial/lib/python3.10/site-packages/motor_serial-0.0.0-py3.10.egg-info' (and everything under it)
Copying ../../build/motor_serial/motor_serial.egg-info to /home/pi2/ros2_ws/install/motor_serial/lib/python3.10/site-packages/motor_serial-0.0.0-py3.10.egg-info
running install_scripts
Installing motor_serial script to /home/pi2/ros2_ws/install/motor_serial/lib/motor_serial
writing list of installed files to '/home/pi2/ros2_ws/build/motor_serial/install.log'
