[0.076s] Invoking command in '/home/pi2/ros2_ws/build/csm': CMAKE_PREFIX_PATH=${CMAKE_PREFIX_PATH}:/home/pi2/ros2_ws/install/my_slam_package:/home/pi2/ros2_ws/install/motor_serial:/home/pi2/ros2_ws/install/motor_commands:/home/pi2/ros2_ws/install/locolization:/home/pi2/ros2_ws/install/joystick_publisher:/home/pi2/ros2_ws/install/bno055:/opt/ros/humble /usr/bin/cmake /home/pi2/ros2_ws/src/csm -DCMAKE_INSTALL_PREFIX=/home/pi2/ros2_ws/install/csm
[0.662s] -- The C compiler identification is GNU 11.4.0
[0.990s] -- The CXX compiler identification is GNU 11.4.0
[1.028s] -- Detecting C compiler ABI info
[1.441s] -- Detecting C compiler ABI info - done
[1.473s] -- Check for working C compiler: /usr/bin/cc - skipped
[1.475s] -- Detecting C compile features
[1.477s] -- Detecting C compile features - done
[1.493s] -- Detecting CXX compiler ABI info
[1.914s] -- Detecting CXX compiler ABI info - done
[1.946s] -- Check for working CXX compiler: /usr/bin/c++ - skipped
[1.947s] -- Detecting CXX compile features
[1.950s] -- Detecting CXX compile features - done
[2.023s] -- Found ament_cmake: 1.3.10 (/opt/ros/humble/share/ament_cmake/cmake)
[3.234s] -- Found Python3: /usr/bin/python3 (found version "3.10.12") found components: Interpreter 
[4.280s] -- Found rclcpp: 16.0.10 (/opt/ros/humble/share/rclcpp/cmake)
[4.923s] -- Found rosidl_generator_c: 3.1.5 (/opt/ros/humble/share/rosidl_generator_c/cmake)
[5.016s] -- Found rosidl_adapter: 3.1.5 (/opt/ros/humble/share/rosidl_adapter/cmake)
[5.131s] -- Found rosidl_generator_cpp: 3.1.5 (/opt/ros/humble/share/rosidl_generator_cpp/cmake)
[5.272s] -- Using all available rosidl_typesupport_c: rosidl_typesupport_fastrtps_c;rosidl_typesupport_introspection_c
[5.463s] -- Using all available rosidl_typesupport_cpp: rosidl_typesupport_fastrtps_cpp;rosidl_typesupport_introspection_cpp
[6.036s] -- Found rmw_implementation_cmake: 6.1.2 (/opt/ros/humble/share/rmw_implementation_cmake/cmake)
[6.086s] -- Found rmw_fastrtps_cpp: 6.2.7 (/opt/ros/humble/share/rmw_fastrtps_cpp/cmake)
[6.869s] -- Found OpenSSL: /usr/lib/aarch64-linux-gnu/libcrypto.so (found version "3.0.2")  
[7.175s] -- Found FastRTPS: /opt/ros/humble/include  
[7.676s] -- Using RMW implementation 'rmw_fastrtps_cpp' as default
[7.826s] -- Looking for pthread.h
[8.221s] -- Looking for pthread.h - found
[8.224s] -- Performing Test CMAKE_HAVE_LIBC_PTHREAD
[8.634s] -- Performing Test CMAKE_HAVE_LIBC_PTHREAD - Success
[8.640s] -- Found Threads: TRUE  
[9.647s] -- Configuring done
[9.715s] -- Generating done
[9.724s] -- Build files have been written to: /home/pi2/ros2_ws/build/csm
[9.766s] Invoked command in '/home/pi2/ros2_ws/build/csm' returned '0': CMAKE_PREFIX_PATH=${CMAKE_PREFIX_PATH}:/home/pi2/ros2_ws/install/my_slam_package:/home/pi2/ros2_ws/install/motor_serial:/home/pi2/ros2_ws/install/motor_commands:/home/pi2/ros2_ws/install/locolization:/home/pi2/ros2_ws/install/joystick_publisher:/home/pi2/ros2_ws/install/bno055:/opt/ros/humble /usr/bin/cmake /home/pi2/ros2_ws/src/csm -DCMAKE_INSTALL_PREFIX=/home/pi2/ros2_ws/install/csm
[9.777s] Invoking command in '/home/pi2/ros2_ws/build/csm': CMAKE_PREFIX_PATH=${CMAKE_PREFIX_PATH}:/home/pi2/ros2_ws/install/my_slam_package:/home/pi2/ros2_ws/install/motor_serial:/home/pi2/ros2_ws/install/motor_commands:/home/pi2/ros2_ws/install/locolization:/home/pi2/ros2_ws/install/joystick_publisher:/home/pi2/ros2_ws/install/bno055:/opt/ros/humble /usr/bin/cmake --build /home/pi2/ros2_ws/build/csm -- -j4 -l4
[10.106s] [  8%] [32mBuilding CXX object CMakeFiles/csm.dir/src/csm/math_utils_gsl.cpp.o[0m
[10.109s] [  8%] [32mBuilding CXX object CMakeFiles/csm.dir/src/csm/math_utils.cpp.o[0m
[10.124s] [ 12%] [32mBuilding CXX object CMakeFiles/csm.dir/src/csm/laser_data.cpp.o[0m
[10.151s] [ 16%] [32mBuilding CXX object CMakeFiles/csm.dir/src/csm/utils.cpp.o[0m
