[0.776s] DEBUG:colcon:Command line arguments: ['/usr/bin/colcon', 'build', '--packages-select', 'soft_robot_bringub']
[0.776s] DEBUG:colcon:Parsed command line arguments: Namespace(log_base=None, log_level=None, verb_name='build', build_base='build', install_base='install', merge_install=False, symlink_install=False, test_result_base=None, continue_on_error=False, executor='parallel', parallel_workers=4, event_handlers=None, ignore_user_meta=False, metas=['./colcon.meta'], base_paths=['.'], packages_ignore=None, packages_ignore_regex=None, paths=None, packages_up_to=None, packages_up_to_regex=None, packages_above=None, packages_above_and_dependencies=None, packages_above_depth=None, packages_select_by_dep=None, packages_skip_by_dep=None, packages_skip_up_to=None, packages_select_build_failed=False, packages_skip_build_finished=False, packages_select_test_failures=False, packages_skip_test_passed=False, packages_select=['soft_robot_bringub'], packages_skip=None, packages_select_regex=None, packages_skip_regex=None, packages_start=None, packages_end=None, allow_overriding=[], cmake_args=None, cmake_target=None, cmake_target_skip_unavailable=False, cmake_clean_cache=False, cmake_clean_first=False, cmake_force_configure=False, ament_cmake_args=None, catkin_cmake_args=None, catkin_skip_building_tests=False, verb_parser=<colcon_defaults.argument_parser.defaults.DefaultArgumentsDecorator object at 0xffff8db18d00>, verb_extension=<colcon_core.verb.build.BuildVerb object at 0xffff8dcd98d0>, main=<bound method BuildVerb.main of <colcon_core.verb.build.BuildVerb object at 0xffff8dcd98d0>>)
[2.438s] Level 1:colcon.colcon_core.package_discovery:discover_packages(colcon_meta) check parameters
[2.438s] Level 1:colcon.colcon_core.package_discovery:discover_packages(recursive) check parameters
[2.439s] Level 1:colcon.colcon_core.package_discovery:discover_packages(ignore) check parameters
[2.439s] Level 1:colcon.colcon_core.package_discovery:discover_packages(path) check parameters
[2.439s] Level 1:colcon.colcon_core.package_discovery:discover_packages(colcon_meta) discover
[2.439s] Level 1:colcon.colcon_core.package_discovery:discover_packages(recursive) discover
[2.440s] INFO:colcon.colcon_core.package_discovery:Crawling recursively for packages in '/home/pi2/ros2_ws'
[2.440s] Level 1:colcon.colcon_core.package_identification:_identify(.) by extensions ['ignore', 'ignore_ament_install']
[2.441s] Level 1:colcon.colcon_core.package_identification:_identify(.) by extension 'ignore'
[2.441s] Level 1:colcon.colcon_core.package_identification:_identify(.) by extension 'ignore_ament_install'
[2.442s] Level 1:colcon.colcon_core.package_identification:_identify(.) by extensions ['colcon_pkg']
[2.442s] Level 1:colcon.colcon_core.package_identification:_identify(.) by extension 'colcon_pkg'
[2.442s] Level 1:colcon.colcon_core.package_identification:_identify(.) by extensions ['colcon_meta']
[2.442s] Level 1:colcon.colcon_core.package_identification:_identify(.) by extension 'colcon_meta'
[2.443s] Level 1:colcon.colcon_core.package_identification:_identify(.) by extensions ['ros']
[2.443s] Level 1:colcon.colcon_core.package_identification:_identify(.) by extension 'ros'
[2.519s] Level 1:colcon.colcon_core.package_identification:_identify(.) by extensions ['cmake', 'python']
[2.519s] Level 1:colcon.colcon_core.package_identification:_identify(.) by extension 'cmake'
[2.519s] Level 1:colcon.colcon_core.package_identification:_identify(.) by extension 'python'
[2.519s] Level 1:colcon.colcon_core.package_identification:_identify(.) by extensions ['python_setup_py']
[2.520s] Level 1:colcon.colcon_core.package_identification:_identify(.) by extension 'python_setup_py'
[2.520s] Level 1:colcon.colcon_core.package_identification:_identify(build) by extensions ['ignore', 'ignore_ament_install']
[2.521s] Level 1:colcon.colcon_core.package_identification:_identify(build) by extension 'ignore'
[2.521s] Level 1:colcon.colcon_core.package_identification:_identify(build) ignored
[2.522s] Level 1:colcon.colcon_core.package_identification:_identify(install) by extensions ['ignore', 'ignore_ament_install']
[2.522s] Level 1:colcon.colcon_core.package_identification:_identify(install) by extension 'ignore'
[2.523s] Level 1:colcon.colcon_core.package_identification:_identify(install) ignored
[2.523s] Level 1:colcon.colcon_core.package_identification:_identify(joy2twist.yaml) by extensions ['ignore', 'ignore_ament_install']
[2.524s] Level 1:colcon.colcon_core.package_identification:_identify(joy2twist.yaml) by extension 'ignore'
[2.524s] Level 1:colcon.colcon_core.package_identification:_identify(joy2twist.yaml) by extension 'ignore_ament_install'
[2.524s] Level 1:colcon.colcon_core.package_identification:_identify(joy2twist.yaml) by extensions ['colcon_pkg']
[2.524s] Level 1:colcon.colcon_core.package_identification:_identify(joy2twist.yaml) by extension 'colcon_pkg'
[2.525s] Level 1:colcon.colcon_core.package_identification:_identify(joy2twist.yaml) by extensions ['colcon_meta']
[2.525s] Level 1:colcon.colcon_core.package_identification:_identify(joy2twist.yaml) by extension 'colcon_meta'
[2.525s] Level 1:colcon.colcon_core.package_identification:_identify(joy2twist.yaml) by extensions ['ros']
[2.525s] Level 1:colcon.colcon_core.package_identification:_identify(joy2twist.yaml) by extension 'ros'
[2.526s] Level 1:colcon.colcon_core.package_identification:_identify(joy2twist.yaml) by extensions ['cmake', 'python']
[2.526s] Level 1:colcon.colcon_core.package_identification:_identify(joy2twist.yaml) by extension 'cmake'
[2.526s] Level 1:colcon.colcon_core.package_identification:_identify(joy2twist.yaml) by extension 'python'
[2.526s] Level 1:colcon.colcon_core.package_identification:_identify(joy2twist.yaml) by extensions ['python_setup_py']
[2.526s] Level 1:colcon.colcon_core.package_identification:_identify(joy2twist.yaml) by extension 'python_setup_py'
[2.531s] Level 1:colcon.colcon_core.package_identification:_identify(log) by extensions ['ignore', 'ignore_ament_install']
[2.531s] Level 1:colcon.colcon_core.package_identification:_identify(log) by extension 'ignore'
[2.532s] Level 1:colcon.colcon_core.package_identification:_identify(log) ignored
[2.532s] Level 1:colcon.colcon_core.package_identification:_identify(src) by extensions ['ignore', 'ignore_ament_install']
[2.533s] Level 1:colcon.colcon_core.package_identification:_identify(src) by extension 'ignore'
[2.533s] Level 1:colcon.colcon_core.package_identification:_identify(src) by extension 'ignore_ament_install'
[2.533s] Level 1:colcon.colcon_core.package_identification:_identify(src) by extensions ['colcon_pkg']
[2.534s] Level 1:colcon.colcon_core.package_identification:_identify(src) by extension 'colcon_pkg'
[2.534s] Level 1:colcon.colcon_core.package_identification:_identify(src) by extensions ['colcon_meta']
[2.534s] Level 1:colcon.colcon_core.package_identification:_identify(src) by extension 'colcon_meta'
[2.534s] Level 1:colcon.colcon_core.package_identification:_identify(src) by extensions ['ros']
[2.534s] Level 1:colcon.colcon_core.package_identification:_identify(src) by extension 'ros'
[2.535s] Level 1:colcon.colcon_core.package_identification:_identify(src) by extensions ['cmake', 'python']
[2.535s] Level 1:colcon.colcon_core.package_identification:_identify(src) by extension 'cmake'
[2.535s] Level 1:colcon.colcon_core.package_identification:_identify(src) by extension 'python'
[2.535s] Level 1:colcon.colcon_core.package_identification:_identify(src) by extensions ['python_setup_py']
[2.536s] Level 1:colcon.colcon_core.package_identification:_identify(src) by extension 'python_setup_py'
[2.537s] Level 1:colcon.colcon_core.package_identification:_identify(src/Simple-2D-LiDAR-Odometry) by extensions ['ignore', 'ignore_ament_install']
[2.538s] Level 1:colcon.colcon_core.package_identification:_identify(src/Simple-2D-LiDAR-Odometry) by extension 'ignore'
[2.538s] Level 1:colcon.colcon_core.package_identification:_identify(src/Simple-2D-LiDAR-Odometry) by extension 'ignore_ament_install'
[2.538s] Level 1:colcon.colcon_core.package_identification:_identify(src/Simple-2D-LiDAR-Odometry) by extensions ['colcon_pkg']
[2.539s] Level 1:colcon.colcon_core.package_identification:_identify(src/Simple-2D-LiDAR-Odometry) by extension 'colcon_pkg'
[2.539s] Level 1:colcon.colcon_core.package_identification:_identify(src/Simple-2D-LiDAR-Odometry) by extensions ['colcon_meta']
[2.539s] Level 1:colcon.colcon_core.package_identification:_identify(src/Simple-2D-LiDAR-Odometry) by extension 'colcon_meta'
[2.539s] Level 1:colcon.colcon_core.package_identification:_identify(src/Simple-2D-LiDAR-Odometry) by extensions ['ros']
[2.540s] Level 1:colcon.colcon_core.package_identification:_identify(src/Simple-2D-LiDAR-Odometry) by extension 'ros'
[2.559s] DEBUG:colcon.colcon_core.package_identification:Package 'src/Simple-2D-LiDAR-Odometry' with type 'ros.ament_cmake' and name 'lidar_odometry'
[2.561s] Level 1:colcon.colcon_core.package_identification:_identify(src/bno055) by extensions ['ignore', 'ignore_ament_install']
[2.561s] Level 1:colcon.colcon_core.package_identification:_identify(src/bno055) by extension 'ignore'
[2.562s] Level 1:colcon.colcon_core.package_identification:_identify(src/bno055) by extension 'ignore_ament_install'
[2.562s] Level 1:colcon.colcon_core.package_identification:_identify(src/bno055) by extensions ['colcon_pkg']
[2.562s] Level 1:colcon.colcon_core.package_identification:_identify(src/bno055) by extension 'colcon_pkg'
[2.563s] Level 1:colcon.colcon_core.package_identification:_identify(src/bno055) by extensions ['colcon_meta']
[2.563s] Level 1:colcon.colcon_core.package_identification:_identify(src/bno055) by extension 'colcon_meta'
[2.563s] Level 1:colcon.colcon_core.package_identification:_identify(src/bno055) by extensions ['ros']
[2.563s] Level 1:colcon.colcon_core.package_identification:_identify(src/bno055) by extension 'ros'
[2.568s] DEBUG:colcon.colcon_core.package_identification:Package 'src/bno055' with type 'ros.ament_python' and name 'bno055'
[2.570s] Level 1:colcon.colcon_core.package_identification:_identify(src/csm) by extensions ['ignore', 'ignore_ament_install']
[2.570s] Level 1:colcon.colcon_core.package_identification:_identify(src/csm) by extension 'ignore'
[2.571s] Level 1:colcon.colcon_core.package_identification:_identify(src/csm) by extension 'ignore_ament_install'
[2.571s] Level 1:colcon.colcon_core.package_identification:_identify(src/csm) by extensions ['colcon_pkg']
[2.571s] Level 1:colcon.colcon_core.package_identification:_identify(src/csm) by extension 'colcon_pkg'
[2.571s] Level 1:colcon.colcon_core.package_identification:_identify(src/csm) by extensions ['colcon_meta']
[2.572s] Level 1:colcon.colcon_core.package_identification:_identify(src/csm) by extension 'colcon_meta'
[2.572s] Level 1:colcon.colcon_core.package_identification:_identify(src/csm) by extensions ['ros']
[2.572s] Level 1:colcon.colcon_core.package_identification:_identify(src/csm) by extension 'ros'
[2.576s] DEBUG:colcon.colcon_core.package_identification:Package 'src/csm' with type 'ros.ament_cmake' and name 'csm'
[2.577s] Level 1:colcon.colcon_core.package_identification:_identify(src/joystick_publisher) by extensions ['ignore', 'ignore_ament_install']
[2.577s] Level 1:colcon.colcon_core.package_identification:_identify(src/joystick_publisher) by extension 'ignore'
[2.578s] Level 1:colcon.colcon_core.package_identification:_identify(src/joystick_publisher) by extension 'ignore_ament_install'
[2.578s] Level 1:colcon.colcon_core.package_identification:_identify(src/joystick_publisher) by extensions ['colcon_pkg']
[2.578s] Level 1:colcon.colcon_core.package_identification:_identify(src/joystick_publisher) by extension 'colcon_pkg'
[2.578s] Level 1:colcon.colcon_core.package_identification:_identify(src/joystick_publisher) by extensions ['colcon_meta']
[2.579s] Level 1:colcon.colcon_core.package_identification:_identify(src/joystick_publisher) by extension 'colcon_meta'
[2.579s] Level 1:colcon.colcon_core.package_identification:_identify(src/joystick_publisher) by extensions ['ros']
[2.579s] Level 1:colcon.colcon_core.package_identification:_identify(src/joystick_publisher) by extension 'ros'
[2.582s] DEBUG:colcon.colcon_core.package_identification:Package 'src/joystick_publisher' with type 'ros.ament_python' and name 'joystick_publisher'
[2.583s] Level 1:colcon.colcon_core.package_identification:_identify(src/motor_commands) by extensions ['ignore', 'ignore_ament_install']
[2.584s] Level 1:colcon.colcon_core.package_identification:_identify(src/motor_commands) by extension 'ignore'
[2.584s] Level 1:colcon.colcon_core.package_identification:_identify(src/motor_commands) by extension 'ignore_ament_install'
[2.584s] Level 1:colcon.colcon_core.package_identification:_identify(src/motor_commands) by extensions ['colcon_pkg']
[2.584s] Level 1:colcon.colcon_core.package_identification:_identify(src/motor_commands) by extension 'colcon_pkg'
[2.585s] Level 1:colcon.colcon_core.package_identification:_identify(src/motor_commands) by extensions ['colcon_meta']
[2.585s] Level 1:colcon.colcon_core.package_identification:_identify(src/motor_commands) by extension 'colcon_meta'
[2.585s] Level 1:colcon.colcon_core.package_identification:_identify(src/motor_commands) by extensions ['ros']
[2.585s] Level 1:colcon.colcon_core.package_identification:_identify(src/motor_commands) by extension 'ros'
[2.589s] DEBUG:colcon.colcon_core.package_identification:Package 'src/motor_commands' with type 'ros.ament_python' and name 'motor_commands'
[2.590s] Level 1:colcon.colcon_core.package_identification:_identify(src/motor_serial) by extensions ['ignore', 'ignore_ament_install']
[2.590s] Level 1:colcon.colcon_core.package_identification:_identify(src/motor_serial) by extension 'ignore'
[2.590s] Level 1:colcon.colcon_core.package_identification:_identify(src/motor_serial) by extension 'ignore_ament_install'
[2.591s] Level 1:colcon.colcon_core.package_identification:_identify(src/motor_serial) by extensions ['colcon_pkg']
[2.591s] Level 1:colcon.colcon_core.package_identification:_identify(src/motor_serial) by extension 'colcon_pkg'
[2.591s] Level 1:colcon.colcon_core.package_identification:_identify(src/motor_serial) by extensions ['colcon_meta']
[2.591s] Level 1:colcon.colcon_core.package_identification:_identify(src/motor_serial) by extension 'colcon_meta'
[2.592s] Level 1:colcon.colcon_core.package_identification:_identify(src/motor_serial) by extensions ['ros']
[2.592s] Level 1:colcon.colcon_core.package_identification:_identify(src/motor_serial) by extension 'ros'
[2.595s] DEBUG:colcon.colcon_core.package_identification:Package 'src/motor_serial' with type 'ros.ament_python' and name 'motor_serial'
[2.596s] Level 1:colcon.colcon_core.package_identification:_identify(src/my_map) by extensions ['ignore', 'ignore_ament_install']
[2.596s] Level 1:colcon.colcon_core.package_identification:_identify(src/my_map) by extension 'ignore'
[2.596s] Level 1:colcon.colcon_core.package_identification:_identify(src/my_map) by extension 'ignore_ament_install'
[2.597s] Level 1:colcon.colcon_core.package_identification:_identify(src/my_map) by extensions ['colcon_pkg']
[2.597s] Level 1:colcon.colcon_core.package_identification:_identify(src/my_map) by extension 'colcon_pkg'
[2.597s] Level 1:colcon.colcon_core.package_identification:_identify(src/my_map) by extensions ['colcon_meta']
[2.597s] Level 1:colcon.colcon_core.package_identification:_identify(src/my_map) by extension 'colcon_meta'
[2.598s] Level 1:colcon.colcon_core.package_identification:_identify(src/my_map) by extensions ['ros']
[2.598s] Level 1:colcon.colcon_core.package_identification:_identify(src/my_map) by extension 'ros'
[2.598s] Level 1:colcon.colcon_core.package_identification:_identify(src/my_map) by extensions ['cmake', 'python']
[2.599s] Level 1:colcon.colcon_core.package_identification:_identify(src/my_map) by extension 'cmake'
[2.599s] Level 1:colcon.colcon_core.package_identification:_identify(src/my_map) by extension 'python'
[2.599s] Level 1:colcon.colcon_core.package_identification:_identify(src/my_map) by extensions ['python_setup_py']
[2.599s] Level 1:colcon.colcon_core.package_identification:_identify(src/my_map) by extension 'python_setup_py'
[2.600s] Level 1:colcon.colcon_core.package_identification:_identify(src/my_parameters) by extensions ['ignore', 'ignore_ament_install']
[2.600s] Level 1:colcon.colcon_core.package_identification:_identify(src/my_parameters) by extension 'ignore'
[2.601s] Level 1:colcon.colcon_core.package_identification:_identify(src/my_parameters) by extension 'ignore_ament_install'
[2.601s] Level 1:colcon.colcon_core.package_identification:_identify(src/my_parameters) by extensions ['colcon_pkg']
[2.601s] Level 1:colcon.colcon_core.package_identification:_identify(src/my_parameters) by extension 'colcon_pkg'
[2.601s] Level 1:colcon.colcon_core.package_identification:_identify(src/my_parameters) by extensions ['colcon_meta']
[2.602s] Level 1:colcon.colcon_core.package_identification:_identify(src/my_parameters) by extension 'colcon_meta'
[2.602s] Level 1:colcon.colcon_core.package_identification:_identify(src/my_parameters) by extensions ['ros']
[2.602s] Level 1:colcon.colcon_core.package_identification:_identify(src/my_parameters) by extension 'ros'
[2.606s] DEBUG:colcon.colcon_core.package_identification:Package 'src/my_parameters' with type 'ros.ament_cmake' and name 'my_parameters'
[2.607s] Level 1:colcon.colcon_core.package_identification:_identify(src/my_slam_package) by extensions ['ignore', 'ignore_ament_install']
[2.607s] Level 1:colcon.colcon_core.package_identification:_identify(src/my_slam_package) by extension 'ignore'
[2.608s] Level 1:colcon.colcon_core.package_identification:_identify(src/my_slam_package) by extension 'ignore_ament_install'
[2.608s] Level 1:colcon.colcon_core.package_identification:_identify(src/my_slam_package) by extensions ['colcon_pkg']
[2.608s] Level 1:colcon.colcon_core.package_identification:_identify(src/my_slam_package) by extension 'colcon_pkg'
[2.608s] Level 1:colcon.colcon_core.package_identification:_identify(src/my_slam_package) by extensions ['colcon_meta']
[2.609s] Level 1:colcon.colcon_core.package_identification:_identify(src/my_slam_package) by extension 'colcon_meta'
[2.609s] Level 1:colcon.colcon_core.package_identification:_identify(src/my_slam_package) by extensions ['ros']
[2.609s] Level 1:colcon.colcon_core.package_identification:_identify(src/my_slam_package) by extension 'ros'
[2.613s] DEBUG:colcon.colcon_core.package_identification:Package 'src/my_slam_package' with type 'ros.ament_python' and name 'my_slam_package'
[2.615s] Level 1:colcon.colcon_core.package_identification:_identify(src/ros2_laser_scan_matcher) by extensions ['ignore', 'ignore_ament_install']
[2.616s] Level 1:colcon.colcon_core.package_identification:_identify(src/ros2_laser_scan_matcher) by extension 'ignore'
[2.617s] Level 1:colcon.colcon_core.package_identification:_identify(src/ros2_laser_scan_matcher) by extension 'ignore_ament_install'
[2.617s] Level 1:colcon.colcon_core.package_identification:_identify(src/ros2_laser_scan_matcher) by extensions ['colcon_pkg']
[2.617s] Level 1:colcon.colcon_core.package_identification:_identify(src/ros2_laser_scan_matcher) by extension 'colcon_pkg'
[2.617s] Level 1:colcon.colcon_core.package_identification:_identify(src/ros2_laser_scan_matcher) by extensions ['colcon_meta']
[2.618s] Level 1:colcon.colcon_core.package_identification:_identify(src/ros2_laser_scan_matcher) by extension 'colcon_meta'
[2.618s] Level 1:colcon.colcon_core.package_identification:_identify(src/ros2_laser_scan_matcher) by extensions ['ros']
[2.618s] Level 1:colcon.colcon_core.package_identification:_identify(src/ros2_laser_scan_matcher) by extension 'ros'
[2.622s] DEBUG:colcon.colcon_core.package_identification:Package 'src/ros2_laser_scan_matcher' with type 'ros.ament_cmake' and name 'ros2_laser_scan_matcher'
[2.624s] Level 1:colcon.colcon_core.package_identification:_identify(src/sllidar_ros2) by extensions ['ignore', 'ignore_ament_install']
[2.625s] Level 1:colcon.colcon_core.package_identification:_identify(src/sllidar_ros2) by extension 'ignore'
[2.625s] Level 1:colcon.colcon_core.package_identification:_identify(src/sllidar_ros2) by extension 'ignore_ament_install'
[2.626s] Level 1:colcon.colcon_core.package_identification:_identify(src/sllidar_ros2) by extensions ['colcon_pkg']
[2.626s] Level 1:colcon.colcon_core.package_identification:_identify(src/sllidar_ros2) by extension 'colcon_pkg'
[2.626s] Level 1:colcon.colcon_core.package_identification:_identify(src/sllidar_ros2) by extensions ['colcon_meta']
[2.626s] Level 1:colcon.colcon_core.package_identification:_identify(src/sllidar_ros2) by extension 'colcon_meta'
[2.627s] Level 1:colcon.colcon_core.package_identification:_identify(src/sllidar_ros2) by extensions ['ros']
[2.627s] Level 1:colcon.colcon_core.package_identification:_identify(src/sllidar_ros2) by extension 'ros'
[2.631s] DEBUG:colcon.colcon_core.package_identification:Package 'src/sllidar_ros2' with type 'ros.ament_cmake' and name 'sllidar_ros2'
[2.632s] Level 1:colcon.colcon_core.package_identification:_identify(src/soft_robot_bringub) by extensions ['ignore', 'ignore_ament_install']
[2.632s] Level 1:colcon.colcon_core.package_identification:_identify(src/soft_robot_bringub) by extension 'ignore'
[2.632s] Level 1:colcon.colcon_core.package_identification:_identify(src/soft_robot_bringub) by extension 'ignore_ament_install'
[2.633s] Level 1:colcon.colcon_core.package_identification:_identify(src/soft_robot_bringub) by extensions ['colcon_pkg']
[2.633s] Level 1:colcon.colcon_core.package_identification:_identify(src/soft_robot_bringub) by extension 'colcon_pkg'
[2.633s] Level 1:colcon.colcon_core.package_identification:_identify(src/soft_robot_bringub) by extensions ['colcon_meta']
[2.634s] Level 1:colcon.colcon_core.package_identification:_identify(src/soft_robot_bringub) by extension 'colcon_meta'
[2.634s] Level 1:colcon.colcon_core.package_identification:_identify(src/soft_robot_bringub) by extensions ['ros']
[2.634s] Level 1:colcon.colcon_core.package_identification:_identify(src/soft_robot_bringub) by extension 'ros'
[2.640s] DEBUG:colcon.colcon_core.package_identification:Package 'src/soft_robot_bringub' with type 'ros.ament_cmake' and name 'soft_robot_bringub'
[2.640s] Level 1:colcon.colcon_core.package_discovery:discover_packages(recursive) using defaults
[2.640s] Level 1:colcon.colcon_core.package_discovery:discover_packages(ignore) discover
[2.640s] Level 1:colcon.colcon_core.package_discovery:discover_packages(ignore) using defaults
[2.640s] Level 1:colcon.colcon_core.package_discovery:discover_packages(path) discover
[2.641s] Level 1:colcon.colcon_core.package_discovery:discover_packages(path) using defaults
[2.851s] INFO:colcon.colcon_core.package_selection:Skipping not selected package 'bno055' in 'src/bno055'
[2.851s] INFO:colcon.colcon_core.package_selection:Skipping not selected package 'csm' in 'src/csm'
[2.851s] INFO:colcon.colcon_core.package_selection:Skipping not selected package 'joystick_publisher' in 'src/joystick_publisher'
[2.852s] INFO:colcon.colcon_core.package_selection:Skipping not selected package 'lidar_odometry' in 'src/Simple-2D-LiDAR-Odometry'
[2.852s] INFO:colcon.colcon_core.package_selection:Skipping not selected package 'motor_commands' in 'src/motor_commands'
[2.852s] INFO:colcon.colcon_core.package_selection:Skipping not selected package 'motor_serial' in 'src/motor_serial'
[2.852s] INFO:colcon.colcon_core.package_selection:Skipping not selected package 'my_parameters' in 'src/my_parameters'
[2.853s] INFO:colcon.colcon_core.package_selection:Skipping not selected package 'my_slam_package' in 'src/my_slam_package'
[2.853s] INFO:colcon.colcon_core.package_selection:Skipping not selected package 'sllidar_ros2' in 'src/sllidar_ros2'
[2.853s] INFO:colcon.colcon_core.package_selection:Skipping not selected package 'ros2_laser_scan_matcher' in 'src/ros2_laser_scan_matcher'
[2.857s] Level 1:colcon.colcon_core.package_discovery:discover_packages(prefix_path) check parameters
[2.857s] Level 1:colcon.colcon_core.package_discovery:discover_packages(prefix_path) discover
[2.878s] DEBUG:colcon.colcon_installed_package_information.package_discovery:Found 11 installed packages in /home/pi2/ros2_ws/install
[2.891s] DEBUG:colcon.colcon_installed_package_information.package_discovery:Found 289 installed packages in /opt/ros/humble
[2.899s] Level 1:colcon.colcon_core.package_discovery:discover_packages(prefix_path) using defaults
[3.334s] Level 5:colcon.colcon_core.verb:set package 'soft_robot_bringub' build argument 'cmake_args' from command line to 'None'
[3.335s] Level 5:colcon.colcon_core.verb:set package 'soft_robot_bringub' build argument 'cmake_target' from command line to 'None'
[3.335s] Level 5:colcon.colcon_core.verb:set package 'soft_robot_bringub' build argument 'cmake_target_skip_unavailable' from command line to 'False'
[3.335s] Level 5:colcon.colcon_core.verb:set package 'soft_robot_bringub' build argument 'cmake_clean_cache' from command line to 'False'
[3.335s] Level 5:colcon.colcon_core.verb:set package 'soft_robot_bringub' build argument 'cmake_clean_first' from command line to 'False'
[3.335s] Level 5:colcon.colcon_core.verb:set package 'soft_robot_bringub' build argument 'cmake_force_configure' from command line to 'False'
[3.335s] Level 5:colcon.colcon_core.verb:set package 'soft_robot_bringub' build argument 'ament_cmake_args' from command line to 'None'
[3.335s] Level 5:colcon.colcon_core.verb:set package 'soft_robot_bringub' build argument 'catkin_cmake_args' from command line to 'None'
[3.335s] Level 5:colcon.colcon_core.verb:set package 'soft_robot_bringub' build argument 'catkin_skip_building_tests' from command line to 'False'
[3.336s] DEBUG:colcon.colcon_core.verb:Building package 'soft_robot_bringub' with the following arguments: {'ament_cmake_args': None, 'build_base': '/home/pi2/ros2_ws/build/soft_robot_bringub', 'catkin_cmake_args': None, 'catkin_skip_building_tests': False, 'cmake_args': None, 'cmake_clean_cache': False, 'cmake_clean_first': False, 'cmake_force_configure': False, 'cmake_target': None, 'cmake_target_skip_unavailable': False, 'install_base': '/home/pi2/ros2_ws/install/soft_robot_bringub', 'merge_install': False, 'path': '/home/pi2/ros2_ws/src/soft_robot_bringub', 'symlink_install': False, 'test_result_base': None}
[3.336s] INFO:colcon.colcon_core.executor:Executing jobs using 'parallel' executor
[3.340s] DEBUG:colcon.colcon_parallel_executor.executor.parallel:run_until_complete
[3.341s] INFO:colcon.colcon_ros.task.ament_cmake.build:Building ROS package in '/home/pi2/ros2_ws/src/soft_robot_bringub' with build type 'ament_cmake'
[3.342s] INFO:colcon.colcon_cmake.task.cmake.build:Building CMake package in '/home/pi2/ros2_ws/src/soft_robot_bringub'
[3.371s] INFO:colcon.colcon_core.plugin_system:Skipping extension 'colcon_core.shell.bat': Not used on non-Windows systems
[3.372s] INFO:colcon.colcon_core.shell:Skip shell extension 'powershell' for command environment: Not usable outside of PowerShell
[3.373s] DEBUG:colcon.colcon_core.shell:Skip shell extension 'dsv' for command environment
[3.471s] DEBUG:colcon.colcon_core.event_handler.log_command:Invoking command in '/home/pi2/ros2_ws/build/soft_robot_bringub': AMENT_PREFIX_PATH=/home/pi2/ros2_ws/install/my_slam_package:/home/pi2/ros2_ws/install/motor_serial:/home/pi2/ros2_ws/install/motor_commands:/home/pi2/ros2_ws/install/joystick_publisher:/home/pi2/ros2_ws/install/bno055:/home/pi2/ros2_ws/install/soft_robot_bringub:/home/pi2/ros2_ws/install/sllidar_ros2:/home/pi2/ros2_ws/install/ros2_laser_scan_matcher:/home/pi2/ros2_ws/install/my_parameters:/home/pi2/ros2_ws/install/locolization:/home/pi2/ros2_ws/install/csm:/opt/ros/humble:/home/pi2/ros2_ws/install CMAKE_PREFIX_PATH=${CMAKE_PREFIX_PATH}:/home/pi2/ros2_ws/install/my_slam_package:/home/pi2/ros2_ws/install/motor_serial:/home/pi2/ros2_ws/install/motor_commands:/home/pi2/ros2_ws/install/locolization:/home/pi2/ros2_ws/install/joystick_publisher:/home/pi2/ros2_ws/install/bno055:/opt/ros/humble PYTHONPATH=/home/pi2/ros2_ws/install/my_slam_package/lib/python3.10/site-packages:/home/pi2/ros2_ws/install/motor_serial/lib/python3.10/site-packages:/home/pi2/ros2_ws/install/motor_commands/lib/python3.10/site-packages:/home/pi2/ros2_ws/install/joystick_publisher/lib/python3.10/site-packages:/home/pi2/ros2_ws/install/bno055/lib/python3.10/site-packages:/home/pi2/ros2_ws/install/my_parameters/local/lib/python3.10/dist-packages:/home/pi2/ros2_ws/install/locolization/lib/python3.10/site-packages:/opt/ros/humble/lib/python3.10/site-packages:/opt/ros/humble/local/lib/python3.10/dist-packages /usr/bin/cmake --build /home/pi2/ros2_ws/build/soft_robot_bringub -- -j4 -l4
[3.974s] DEBUG:colcon.colcon_core.event_handler.log_command:Invoked command in '/home/pi2/ros2_ws/build/soft_robot_bringub' returned '0': AMENT_PREFIX_PATH=/home/pi2/ros2_ws/install/my_slam_package:/home/pi2/ros2_ws/install/motor_serial:/home/pi2/ros2_ws/install/motor_commands:/home/pi2/ros2_ws/install/joystick_publisher:/home/pi2/ros2_ws/install/bno055:/home/pi2/ros2_ws/install/soft_robot_bringub:/home/pi2/ros2_ws/install/sllidar_ros2:/home/pi2/ros2_ws/install/ros2_laser_scan_matcher:/home/pi2/ros2_ws/install/my_parameters:/home/pi2/ros2_ws/install/locolization:/home/pi2/ros2_ws/install/csm:/opt/ros/humble:/home/pi2/ros2_ws/install CMAKE_PREFIX_PATH=${CMAKE_PREFIX_PATH}:/home/pi2/ros2_ws/install/my_slam_package:/home/pi2/ros2_ws/install/motor_serial:/home/pi2/ros2_ws/install/motor_commands:/home/pi2/ros2_ws/install/locolization:/home/pi2/ros2_ws/install/joystick_publisher:/home/pi2/ros2_ws/install/bno055:/opt/ros/humble PYTHONPATH=/home/pi2/ros2_ws/install/my_slam_package/lib/python3.10/site-packages:/home/pi2/ros2_ws/install/motor_serial/lib/python3.10/site-packages:/home/pi2/ros2_ws/install/motor_commands/lib/python3.10/site-packages:/home/pi2/ros2_ws/install/joystick_publisher/lib/python3.10/site-packages:/home/pi2/ros2_ws/install/bno055/lib/python3.10/site-packages:/home/pi2/ros2_ws/install/my_parameters/local/lib/python3.10/dist-packages:/home/pi2/ros2_ws/install/locolization/lib/python3.10/site-packages:/opt/ros/humble/lib/python3.10/site-packages:/opt/ros/humble/local/lib/python3.10/dist-packages /usr/bin/cmake --build /home/pi2/ros2_ws/build/soft_robot_bringub -- -j4 -l4
[4.157s] DEBUG:colcon.colcon_core.event_handler.log_command:Invoking command in '/home/pi2/ros2_ws/build/soft_robot_bringub': AMENT_PREFIX_PATH=/home/pi2/ros2_ws/install/my_slam_package:/home/pi2/ros2_ws/install/motor_serial:/home/pi2/ros2_ws/install/motor_commands:/home/pi2/ros2_ws/install/joystick_publisher:/home/pi2/ros2_ws/install/bno055:/home/pi2/ros2_ws/install/soft_robot_bringub:/home/pi2/ros2_ws/install/sllidar_ros2:/home/pi2/ros2_ws/install/ros2_laser_scan_matcher:/home/pi2/ros2_ws/install/my_parameters:/home/pi2/ros2_ws/install/locolization:/home/pi2/ros2_ws/install/csm:/opt/ros/humble:/home/pi2/ros2_ws/install CMAKE_PREFIX_PATH=${CMAKE_PREFIX_PATH}:/home/pi2/ros2_ws/install/my_slam_package:/home/pi2/ros2_ws/install/motor_serial:/home/pi2/ros2_ws/install/motor_commands:/home/pi2/ros2_ws/install/locolization:/home/pi2/ros2_ws/install/joystick_publisher:/home/pi2/ros2_ws/install/bno055:/opt/ros/humble PYTHONPATH=/home/pi2/ros2_ws/install/my_slam_package/lib/python3.10/site-packages:/home/pi2/ros2_ws/install/motor_serial/lib/python3.10/site-packages:/home/pi2/ros2_ws/install/motor_commands/lib/python3.10/site-packages:/home/pi2/ros2_ws/install/joystick_publisher/lib/python3.10/site-packages:/home/pi2/ros2_ws/install/bno055/lib/python3.10/site-packages:/home/pi2/ros2_ws/install/my_parameters/local/lib/python3.10/dist-packages:/home/pi2/ros2_ws/install/locolization/lib/python3.10/site-packages:/opt/ros/humble/lib/python3.10/site-packages:/opt/ros/humble/local/lib/python3.10/dist-packages /usr/bin/cmake --install /home/pi2/ros2_ws/build/soft_robot_bringub
[4.221s] Level 1:colcon.colcon_core.environment:create_environment_scripts_only(soft_robot_bringub)
[4.223s] DEBUG:colcon.colcon_core.event_handler.log_command:Invoked command in '/home/pi2/ros2_ws/build/soft_robot_bringub' returned '0': AMENT_PREFIX_PATH=/home/pi2/ros2_ws/install/my_slam_package:/home/pi2/ros2_ws/install/motor_serial:/home/pi2/ros2_ws/install/motor_commands:/home/pi2/ros2_ws/install/joystick_publisher:/home/pi2/ros2_ws/install/bno055:/home/pi2/ros2_ws/install/soft_robot_bringub:/home/pi2/ros2_ws/install/sllidar_ros2:/home/pi2/ros2_ws/install/ros2_laser_scan_matcher:/home/pi2/ros2_ws/install/my_parameters:/home/pi2/ros2_ws/install/locolization:/home/pi2/ros2_ws/install/csm:/opt/ros/humble:/home/pi2/ros2_ws/install CMAKE_PREFIX_PATH=${CMAKE_PREFIX_PATH}:/home/pi2/ros2_ws/install/my_slam_package:/home/pi2/ros2_ws/install/motor_serial:/home/pi2/ros2_ws/install/motor_commands:/home/pi2/ros2_ws/install/locolization:/home/pi2/ros2_ws/install/joystick_publisher:/home/pi2/ros2_ws/install/bno055:/opt/ros/humble PYTHONPATH=/home/pi2/ros2_ws/install/my_slam_package/lib/python3.10/site-packages:/home/pi2/ros2_ws/install/motor_serial/lib/python3.10/site-packages:/home/pi2/ros2_ws/install/motor_commands/lib/python3.10/site-packages:/home/pi2/ros2_ws/install/joystick_publisher/lib/python3.10/site-packages:/home/pi2/ros2_ws/install/bno055/lib/python3.10/site-packages:/home/pi2/ros2_ws/install/my_parameters/local/lib/python3.10/dist-packages:/home/pi2/ros2_ws/install/locolization/lib/python3.10/site-packages:/opt/ros/humble/lib/python3.10/site-packages:/opt/ros/humble/local/lib/python3.10/dist-packages /usr/bin/cmake --install /home/pi2/ros2_ws/build/soft_robot_bringub
[4.251s] Level 1:colcon.colcon_core.environment:checking '/home/pi2/ros2_ws/install/soft_robot_bringub' for CMake module files
[4.255s] Level 1:colcon.colcon_core.environment:checking '/home/pi2/ros2_ws/install/soft_robot_bringub' for CMake config files
[4.257s] Level 1:colcon.colcon_core.shell:create_environment_hook('soft_robot_bringub', 'cmake_prefix_path')
[4.258s] INFO:colcon.colcon_core.shell:Creating environment hook '/home/pi2/ros2_ws/install/soft_robot_bringub/share/soft_robot_bringub/hook/cmake_prefix_path.ps1'
[4.262s] INFO:colcon.colcon_core.shell:Creating environment descriptor '/home/pi2/ros2_ws/install/soft_robot_bringub/share/soft_robot_bringub/hook/cmake_prefix_path.dsv'
[4.265s] INFO:colcon.colcon_core.shell:Creating environment hook '/home/pi2/ros2_ws/install/soft_robot_bringub/share/soft_robot_bringub/hook/cmake_prefix_path.sh'
[4.270s] Level 1:colcon.colcon_core.environment:checking '/home/pi2/ros2_ws/install/soft_robot_bringub/bin'
[4.271s] Level 1:colcon.colcon_core.environment:checking '/home/pi2/ros2_ws/install/soft_robot_bringub/lib/pkgconfig/soft_robot_bringub.pc'
[4.272s] Level 1:colcon.colcon_core.environment:checking '/home/pi2/ros2_ws/install/soft_robot_bringub/lib/python3.10/site-packages'
[4.273s] Level 1:colcon.colcon_core.environment:checking '/home/pi2/ros2_ws/install/soft_robot_bringub/bin'
[4.275s] INFO:colcon.colcon_core.shell:Creating package script '/home/pi2/ros2_ws/install/soft_robot_bringub/share/soft_robot_bringub/package.ps1'
[4.279s] INFO:colcon.colcon_core.shell:Creating package descriptor '/home/pi2/ros2_ws/install/soft_robot_bringub/share/soft_robot_bringub/package.dsv'
[4.283s] INFO:colcon.colcon_core.shell:Creating package script '/home/pi2/ros2_ws/install/soft_robot_bringub/share/soft_robot_bringub/package.sh'
[4.287s] INFO:colcon.colcon_core.shell:Creating package script '/home/pi2/ros2_ws/install/soft_robot_bringub/share/soft_robot_bringub/package.bash'
[4.292s] INFO:colcon.colcon_core.shell:Creating package script '/home/pi2/ros2_ws/install/soft_robot_bringub/share/soft_robot_bringub/package.zsh'
[4.296s] Level 1:colcon.colcon_core.environment:create_file_with_runtime_dependencies(/home/pi2/ros2_ws/install/soft_robot_bringub/share/colcon-core/packages/soft_robot_bringub)
[4.432s] Level 1:colcon.colcon_core.environment:create_environment_scripts_only(soft_robot_bringub)
[4.434s] Level 1:colcon.colcon_core.environment:checking '/home/pi2/ros2_ws/install/soft_robot_bringub' for CMake module files
[4.437s] Level 1:colcon.colcon_core.environment:checking '/home/pi2/ros2_ws/install/soft_robot_bringub' for CMake config files
[4.439s] Level 1:colcon.colcon_core.shell:create_environment_hook('soft_robot_bringub', 'cmake_prefix_path')
[4.440s] INFO:colcon.colcon_core.shell:Creating environment hook '/home/pi2/ros2_ws/install/soft_robot_bringub/share/soft_robot_bringub/hook/cmake_prefix_path.ps1'
[4.443s] INFO:colcon.colcon_core.shell:Creating environment descriptor '/home/pi2/ros2_ws/install/soft_robot_bringub/share/soft_robot_bringub/hook/cmake_prefix_path.dsv'
[4.445s] INFO:colcon.colcon_core.shell:Creating environment hook '/home/pi2/ros2_ws/install/soft_robot_bringub/share/soft_robot_bringub/hook/cmake_prefix_path.sh'
[4.449s] Level 1:colcon.colcon_core.environment:checking '/home/pi2/ros2_ws/install/soft_robot_bringub/bin'
[4.449s] Level 1:colcon.colcon_core.environment:checking '/home/pi2/ros2_ws/install/soft_robot_bringub/lib/pkgconfig/soft_robot_bringub.pc'
[4.450s] Level 1:colcon.colcon_core.environment:checking '/home/pi2/ros2_ws/install/soft_robot_bringub/lib/python3.10/site-packages'
[4.452s] Level 1:colcon.colcon_core.environment:checking '/home/pi2/ros2_ws/install/soft_robot_bringub/bin'
[4.453s] INFO:colcon.colcon_core.shell:Creating package script '/home/pi2/ros2_ws/install/soft_robot_bringub/share/soft_robot_bringub/package.ps1'
[4.456s] INFO:colcon.colcon_core.shell:Creating package descriptor '/home/pi2/ros2_ws/install/soft_robot_bringub/share/soft_robot_bringub/package.dsv'
[4.458s] INFO:colcon.colcon_core.shell:Creating package script '/home/pi2/ros2_ws/install/soft_robot_bringub/share/soft_robot_bringub/package.sh'
[4.461s] INFO:colcon.colcon_core.shell:Creating package script '/home/pi2/ros2_ws/install/soft_robot_bringub/share/soft_robot_bringub/package.bash'
[4.463s] INFO:colcon.colcon_core.shell:Creating package script '/home/pi2/ros2_ws/install/soft_robot_bringub/share/soft_robot_bringub/package.zsh'
[4.466s] Level 1:colcon.colcon_core.environment:create_file_with_runtime_dependencies(/home/pi2/ros2_ws/install/soft_robot_bringub/share/colcon-core/packages/soft_robot_bringub)
[4.468s] DEBUG:colcon.colcon_parallel_executor.executor.parallel:closing loop
[4.469s] DEBUG:colcon.colcon_parallel_executor.executor.parallel:loop closed
[4.469s] DEBUG:colcon.colcon_parallel_executor.executor.parallel:run_until_complete finished with '0'
[4.470s] DEBUG:colcon.colcon_core.event_reactor:joining thread
[4.533s] INFO:colcon.colcon_core.plugin_system:Skipping extension 'colcon_notification.desktop_notification.notify_send': Could not find 'notify-send'
[4.534s] INFO:colcon.colcon_core.plugin_system:Skipping extension 'colcon_notification.desktop_notification.terminal_notifier': Not used on non-Darwin systems
[4.534s] INFO:colcon.colcon_core.plugin_system:Skipping extension 'colcon_notification.desktop_notification.win32': Not used on non-Windows systems
[4.534s] INFO:colcon.colcon_notification.desktop_notification:Sending desktop notification using 'notify2'
[4.538s] DEBUG:colcon.colcon_notification.desktop_notification.notify2:Failed to initialize notify2: org.freedesktop.DBus.Error.ServiceUnknown: The name org.freedesktop.Notifications was not provided by any .service files
[4.539s] DEBUG:colcon.colcon_core.event_reactor:joined thread
[4.540s] INFO:colcon.colcon_core.shell:Creating prefix script '/home/pi2/ros2_ws/install/local_setup.ps1'
[4.552s] INFO:colcon.colcon_core.shell:Creating prefix util module '/home/pi2/ros2_ws/install/_local_setup_util_ps1.py'
[4.563s] INFO:colcon.colcon_core.shell:Creating prefix chain script '/home/pi2/ros2_ws/install/setup.ps1'
[4.573s] INFO:colcon.colcon_core.shell:Creating prefix script '/home/pi2/ros2_ws/install/local_setup.sh'
[4.577s] INFO:colcon.colcon_core.shell:Creating prefix util module '/home/pi2/ros2_ws/install/_local_setup_util_sh.py'
[4.580s] INFO:colcon.colcon_core.shell:Creating prefix chain script '/home/pi2/ros2_ws/install/setup.sh'
[4.590s] INFO:colcon.colcon_core.shell:Creating prefix script '/home/pi2/ros2_ws/install/local_setup.bash'
[4.595s] INFO:colcon.colcon_core.shell:Creating prefix chain script '/home/pi2/ros2_ws/install/setup.bash'
[4.605s] INFO:colcon.colcon_core.shell:Creating prefix script '/home/pi2/ros2_ws/install/local_setup.zsh'
[4.611s] INFO:colcon.colcon_core.shell:Creating prefix chain script '/home/pi2/ros2_ws/install/setup.zsh'
