[2.162s] DEBUG:colcon:Command line arguments: ['/usr/bin/colcon', 'build', '--packages-select', 'joystick_publisher', 'motor_serial', 'motor_commands', 'cmd_vel_to_joystick', 'soft_robot_bringub']
[2.163s] DEBUG:colcon:Parsed command line arguments: Namespace(log_base=None, log_level=None, verb_name='build', build_base='build', install_base='install', merge_install=False, symlink_install=False, test_result_base=None, continue_on_error=False, executor='parallel', parallel_workers=4, event_handlers=None, ignore_user_meta=False, metas=['./colcon.meta'], base_paths=['.'], packages_ignore=None, packages_ignore_regex=None, paths=None, packages_up_to=None, packages_up_to_regex=None, packages_above=None, packages_above_and_dependencies=None, packages_above_depth=None, packages_select_by_dep=None, packages_skip_by_dep=None, packages_skip_up_to=None, packages_select_build_failed=False, packages_skip_build_finished=False, packages_select_test_failures=False, packages_skip_test_passed=False, packages_select=['joystick_publisher', 'motor_serial', 'motor_commands', 'cmd_vel_to_joystick', 'soft_robot_bringub'], packages_skip=None, packages_select_regex=None, packages_skip_regex=None, packages_start=None, packages_end=None, allow_overriding=[], cmake_args=None, cmake_target=None, cmake_target_skip_unavailable=False, cmake_clean_cache=False, cmake_clean_first=False, cmake_force_configure=False, ament_cmake_args=None, catkin_cmake_args=None, catkin_skip_building_tests=False, verb_parser=<colcon_defaults.argument_parser.defaults.DefaultArgumentsDecorator object at 0xffff9a7b1720>, verb_extension=<colcon_core.verb.build.BuildVerb object at 0xffff9a9562f0>, main=<bound method BuildVerb.main of <colcon_core.verb.build.BuildVerb object at 0xffff9a9562f0>>)
[4.729s] Level 1:colcon.colcon_core.package_discovery:discover_packages(colcon_meta) check parameters
[4.731s] Level 1:colcon.colcon_core.package_discovery:discover_packages(recursive) check parameters
[4.731s] Level 1:colcon.colcon_core.package_discovery:discover_packages(ignore) check parameters
[4.733s] Level 1:colcon.colcon_core.package_discovery:discover_packages(path) check parameters
[4.734s] Level 1:colcon.colcon_core.package_discovery:discover_packages(colcon_meta) discover
[4.736s] Level 1:colcon.colcon_core.package_discovery:discover_packages(recursive) discover
[4.738s] INFO:colcon.colcon_core.package_discovery:Crawling recursively for packages in '/home/pi2/ros2_ws'
[4.740s] Level 1:colcon.colcon_core.package_identification:_identify(.) by extensions ['ignore', 'ignore_ament_install']
[4.741s] Level 1:colcon.colcon_core.package_identification:_identify(.) by extension 'ignore'
[4.742s] Level 1:colcon.colcon_core.package_identification:_identify(.) by extension 'ignore_ament_install'
[4.743s] Level 1:colcon.colcon_core.package_identification:_identify(.) by extensions ['colcon_pkg']
[4.744s] Level 1:colcon.colcon_core.package_identification:_identify(.) by extension 'colcon_pkg'
[4.745s] Level 1:colcon.colcon_core.package_identification:_identify(.) by extensions ['colcon_meta']
[4.745s] Level 1:colcon.colcon_core.package_identification:_identify(.) by extension 'colcon_meta'
[4.746s] Level 1:colcon.colcon_core.package_identification:_identify(.) by extensions ['ros']
[4.746s] Level 1:colcon.colcon_core.package_identification:_identify(.) by extension 'ros'
[4.841s] Level 1:colcon.colcon_core.package_identification:_identify(.) by extensions ['cmake', 'python']
[4.842s] Level 1:colcon.colcon_core.package_identification:_identify(.) by extension 'cmake'
[4.842s] Level 1:colcon.colcon_core.package_identification:_identify(.) by extension 'python'
[4.843s] Level 1:colcon.colcon_core.package_identification:_identify(.) by extensions ['python_setup_py']
[4.843s] Level 1:colcon.colcon_core.package_identification:_identify(.) by extension 'python_setup_py'
[4.844s] Level 1:colcon.colcon_core.package_identification:_identify(build) by extensions ['ignore', 'ignore_ament_install']
[4.845s] Level 1:colcon.colcon_core.package_identification:_identify(build) by extension 'ignore'
[4.845s] Level 1:colcon.colcon_core.package_identification:_identify(build) ignored
[4.847s] Level 1:colcon.colcon_core.package_identification:_identify(data1) by extensions ['ignore', 'ignore_ament_install']
[4.847s] Level 1:colcon.colcon_core.package_identification:_identify(data1) by extension 'ignore'
[4.848s] Level 1:colcon.colcon_core.package_identification:_identify(data1) by extension 'ignore_ament_install'
[4.849s] Level 1:colcon.colcon_core.package_identification:_identify(data1) by extensions ['colcon_pkg']
[4.849s] Level 1:colcon.colcon_core.package_identification:_identify(data1) by extension 'colcon_pkg'
[4.850s] Level 1:colcon.colcon_core.package_identification:_identify(data1) by extensions ['colcon_meta']
[4.850s] Level 1:colcon.colcon_core.package_identification:_identify(data1) by extension 'colcon_meta'
[4.851s] Level 1:colcon.colcon_core.package_identification:_identify(data1) by extensions ['ros']
[4.851s] Level 1:colcon.colcon_core.package_identification:_identify(data1) by extension 'ros'
[4.852s] Level 1:colcon.colcon_core.package_identification:_identify(data1) by extensions ['cmake', 'python']
[4.852s] Level 1:colcon.colcon_core.package_identification:_identify(data1) by extension 'cmake'
[4.853s] Level 1:colcon.colcon_core.package_identification:_identify(data1) by extension 'python'
[4.854s] Level 1:colcon.colcon_core.package_identification:_identify(data1) by extensions ['python_setup_py']
[4.854s] Level 1:colcon.colcon_core.package_identification:_identify(data1) by extension 'python_setup_py'
[4.856s] Level 1:colcon.colcon_core.package_identification:_identify(install) by extensions ['ignore', 'ignore_ament_install']
[4.857s] Level 1:colcon.colcon_core.package_identification:_identify(install) by extension 'ignore'
[4.857s] Level 1:colcon.colcon_core.package_identification:_identify(install) ignored
[4.858s] Level 1:colcon.colcon_core.package_identification:_identify(joy2twist.yaml) by extensions ['ignore', 'ignore_ament_install']
[4.858s] Level 1:colcon.colcon_core.package_identification:_identify(joy2twist.yaml) by extension 'ignore'
[4.859s] Level 1:colcon.colcon_core.package_identification:_identify(joy2twist.yaml) by extension 'ignore_ament_install'
[4.860s] Level 1:colcon.colcon_core.package_identification:_identify(joy2twist.yaml) by extensions ['colcon_pkg']
[4.860s] Level 1:colcon.colcon_core.package_identification:_identify(joy2twist.yaml) by extension 'colcon_pkg'
[4.861s] Level 1:colcon.colcon_core.package_identification:_identify(joy2twist.yaml) by extensions ['colcon_meta']
[4.861s] Level 1:colcon.colcon_core.package_identification:_identify(joy2twist.yaml) by extension 'colcon_meta'
[4.862s] Level 1:colcon.colcon_core.package_identification:_identify(joy2twist.yaml) by extensions ['ros']
[4.862s] Level 1:colcon.colcon_core.package_identification:_identify(joy2twist.yaml) by extension 'ros'
[4.863s] Level 1:colcon.colcon_core.package_identification:_identify(joy2twist.yaml) by extensions ['cmake', 'python']
[4.863s] Level 1:colcon.colcon_core.package_identification:_identify(joy2twist.yaml) by extension 'cmake'
[4.864s] Level 1:colcon.colcon_core.package_identification:_identify(joy2twist.yaml) by extension 'python'
[4.864s] Level 1:colcon.colcon_core.package_identification:_identify(joy2twist.yaml) by extensions ['python_setup_py']
[4.865s] Level 1:colcon.colcon_core.package_identification:_identify(joy2twist.yaml) by extension 'python_setup_py'
[4.874s] Level 1:colcon.colcon_core.package_identification:_identify(log) by extensions ['ignore', 'ignore_ament_install']
[4.875s] Level 1:colcon.colcon_core.package_identification:_identify(log) by extension 'ignore'
[4.875s] Level 1:colcon.colcon_core.package_identification:_identify(log) ignored
[4.876s] Level 1:colcon.colcon_core.package_identification:_identify(src) by extensions ['ignore', 'ignore_ament_install']
[4.877s] Level 1:colcon.colcon_core.package_identification:_identify(src) by extension 'ignore'
[4.878s] Level 1:colcon.colcon_core.package_identification:_identify(src) by extension 'ignore_ament_install'
[4.878s] Level 1:colcon.colcon_core.package_identification:_identify(src) by extensions ['colcon_pkg']
[4.879s] Level 1:colcon.colcon_core.package_identification:_identify(src) by extension 'colcon_pkg'
[4.880s] Level 1:colcon.colcon_core.package_identification:_identify(src) by extensions ['colcon_meta']
[4.880s] Level 1:colcon.colcon_core.package_identification:_identify(src) by extension 'colcon_meta'
[4.881s] Level 1:colcon.colcon_core.package_identification:_identify(src) by extensions ['ros']
[4.881s] Level 1:colcon.colcon_core.package_identification:_identify(src) by extension 'ros'
[4.883s] Level 1:colcon.colcon_core.package_identification:_identify(src) by extensions ['cmake', 'python']
[4.883s] Level 1:colcon.colcon_core.package_identification:_identify(src) by extension 'cmake'
[4.884s] Level 1:colcon.colcon_core.package_identification:_identify(src) by extension 'python'
[4.885s] Level 1:colcon.colcon_core.package_identification:_identify(src) by extensions ['python_setup_py']
[4.886s] Level 1:colcon.colcon_core.package_identification:_identify(src) by extension 'python_setup_py'
[4.887s] Level 1:colcon.colcon_core.package_identification:_identify(src/bno055) by extensions ['ignore', 'ignore_ament_install']
[4.888s] Level 1:colcon.colcon_core.package_identification:_identify(src/bno055) by extension 'ignore'
[4.889s] Level 1:colcon.colcon_core.package_identification:_identify(src/bno055) by extension 'ignore_ament_install'
[4.890s] Level 1:colcon.colcon_core.package_identification:_identify(src/bno055) by extensions ['colcon_pkg']
[4.890s] Level 1:colcon.colcon_core.package_identification:_identify(src/bno055) by extension 'colcon_pkg'
[4.892s] Level 1:colcon.colcon_core.package_identification:_identify(src/bno055) by extensions ['colcon_meta']
[4.893s] Level 1:colcon.colcon_core.package_identification:_identify(src/bno055) by extension 'colcon_meta'
[4.893s] Level 1:colcon.colcon_core.package_identification:_identify(src/bno055) by extensions ['ros']
[4.894s] Level 1:colcon.colcon_core.package_identification:_identify(src/bno055) by extension 'ros'
[4.919s] DEBUG:colcon.colcon_core.package_identification:Package 'src/bno055' with type 'ros.ament_python' and name 'bno055'
[4.921s] Level 1:colcon.colcon_core.package_identification:_identify(src/cmd_vel_to_joystick) by extensions ['ignore', 'ignore_ament_install']
[4.922s] Level 1:colcon.colcon_core.package_identification:_identify(src/cmd_vel_to_joystick) by extension 'ignore'
[4.923s] Level 1:colcon.colcon_core.package_identification:_identify(src/cmd_vel_to_joystick) by extension 'ignore_ament_install'
[4.924s] Level 1:colcon.colcon_core.package_identification:_identify(src/cmd_vel_to_joystick) by extensions ['colcon_pkg']
[4.925s] Level 1:colcon.colcon_core.package_identification:_identify(src/cmd_vel_to_joystick) by extension 'colcon_pkg'
[4.926s] Level 1:colcon.colcon_core.package_identification:_identify(src/cmd_vel_to_joystick) by extensions ['colcon_meta']
[4.927s] Level 1:colcon.colcon_core.package_identification:_identify(src/cmd_vel_to_joystick) by extension 'colcon_meta'
[4.928s] Level 1:colcon.colcon_core.package_identification:_identify(src/cmd_vel_to_joystick) by extensions ['ros']
[4.929s] Level 1:colcon.colcon_core.package_identification:_identify(src/cmd_vel_to_joystick) by extension 'ros'
[4.936s] DEBUG:colcon.colcon_core.package_identification:Package 'src/cmd_vel_to_joystick' with type 'ros.ament_python' and name 'cmd_vel_to_joystick'
[4.938s] Level 1:colcon.colcon_core.package_identification:_identify(src/csm) by extensions ['ignore', 'ignore_ament_install']
[4.939s] Level 1:colcon.colcon_core.package_identification:_identify(src/csm) by extension 'ignore'
[4.940s] Level 1:colcon.colcon_core.package_identification:_identify(src/csm) by extension 'ignore_ament_install'
[4.940s] Level 1:colcon.colcon_core.package_identification:_identify(src/csm) by extensions ['colcon_pkg']
[4.941s] Level 1:colcon.colcon_core.package_identification:_identify(src/csm) by extension 'colcon_pkg'
[4.942s] Level 1:colcon.colcon_core.package_identification:_identify(src/csm) by extensions ['colcon_meta']
[4.944s] Level 1:colcon.colcon_core.package_identification:_identify(src/csm) by extension 'colcon_meta'
[4.945s] Level 1:colcon.colcon_core.package_identification:_identify(src/csm) by extensions ['ros']
[4.946s] Level 1:colcon.colcon_core.package_identification:_identify(src/csm) by extension 'ros'
[4.951s] DEBUG:colcon.colcon_core.package_identification:Package 'src/csm' with type 'ros.ament_cmake' and name 'csm'
[4.952s] Level 1:colcon.colcon_core.package_identification:_identify(src/joystick_publisher) by extensions ['ignore', 'ignore_ament_install']
[4.953s] Level 1:colcon.colcon_core.package_identification:_identify(src/joystick_publisher) by extension 'ignore'
[4.954s] Level 1:colcon.colcon_core.package_identification:_identify(src/joystick_publisher) by extension 'ignore_ament_install'
[4.955s] Level 1:colcon.colcon_core.package_identification:_identify(src/joystick_publisher) by extensions ['colcon_pkg']
[4.955s] Level 1:colcon.colcon_core.package_identification:_identify(src/joystick_publisher) by extension 'colcon_pkg'
[4.957s] Level 1:colcon.colcon_core.package_identification:_identify(src/joystick_publisher) by extensions ['colcon_meta']
[4.958s] Level 1:colcon.colcon_core.package_identification:_identify(src/joystick_publisher) by extension 'colcon_meta'
[4.958s] Level 1:colcon.colcon_core.package_identification:_identify(src/joystick_publisher) by extensions ['ros']
[4.959s] Level 1:colcon.colcon_core.package_identification:_identify(src/joystick_publisher) by extension 'ros'
[4.963s] DEBUG:colcon.colcon_core.package_identification:Package 'src/joystick_publisher' with type 'ros.ament_python' and name 'joystick_publisher'
[4.964s] Level 1:colcon.colcon_core.package_identification:_identify(src/motor_commands) by extensions ['ignore', 'ignore_ament_install']
[4.965s] Level 1:colcon.colcon_core.package_identification:_identify(src/motor_commands) by extension 'ignore'
[4.966s] Level 1:colcon.colcon_core.package_identification:_identify(src/motor_commands) by extension 'ignore_ament_install'
[4.967s] Level 1:colcon.colcon_core.package_identification:_identify(src/motor_commands) by extensions ['colcon_pkg']
[4.968s] Level 1:colcon.colcon_core.package_identification:_identify(src/motor_commands) by extension 'colcon_pkg'
[4.968s] Level 1:colcon.colcon_core.package_identification:_identify(src/motor_commands) by extensions ['colcon_meta']
[4.969s] Level 1:colcon.colcon_core.package_identification:_identify(src/motor_commands) by extension 'colcon_meta'
[4.969s] Level 1:colcon.colcon_core.package_identification:_identify(src/motor_commands) by extensions ['ros']
[4.970s] Level 1:colcon.colcon_core.package_identification:_identify(src/motor_commands) by extension 'ros'
[4.974s] DEBUG:colcon.colcon_core.package_identification:Package 'src/motor_commands' with type 'ros.ament_python' and name 'motor_commands'
[4.975s] Level 1:colcon.colcon_core.package_identification:_identify(src/motor_serial) by extensions ['ignore', 'ignore_ament_install']
[4.976s] Level 1:colcon.colcon_core.package_identification:_identify(src/motor_serial) by extension 'ignore'
[4.977s] Level 1:colcon.colcon_core.package_identification:_identify(src/motor_serial) by extension 'ignore_ament_install'
[4.978s] Level 1:colcon.colcon_core.package_identification:_identify(src/motor_serial) by extensions ['colcon_pkg']
[4.978s] Level 1:colcon.colcon_core.package_identification:_identify(src/motor_serial) by extension 'colcon_pkg'
[4.979s] Level 1:colcon.colcon_core.package_identification:_identify(src/motor_serial) by extensions ['colcon_meta']
[4.980s] Level 1:colcon.colcon_core.package_identification:_identify(src/motor_serial) by extension 'colcon_meta'
[4.980s] Level 1:colcon.colcon_core.package_identification:_identify(src/motor_serial) by extensions ['ros']
[4.981s] Level 1:colcon.colcon_core.package_identification:_identify(src/motor_serial) by extension 'ros'
[4.986s] DEBUG:colcon.colcon_core.package_identification:Package 'src/motor_serial' with type 'ros.ament_python' and name 'motor_serial'
[4.987s] Level 1:colcon.colcon_core.package_identification:_identify(src/my_map) by extensions ['ignore', 'ignore_ament_install']
[4.988s] Level 1:colcon.colcon_core.package_identification:_identify(src/my_map) by extension 'ignore'
[4.989s] Level 1:colcon.colcon_core.package_identification:_identify(src/my_map) by extension 'ignore_ament_install'
[4.990s] Level 1:colcon.colcon_core.package_identification:_identify(src/my_map) by extensions ['colcon_pkg']
[4.990s] Level 1:colcon.colcon_core.package_identification:_identify(src/my_map) by extension 'colcon_pkg'
[4.991s] Level 1:colcon.colcon_core.package_identification:_identify(src/my_map) by extensions ['colcon_meta']
[4.991s] Level 1:colcon.colcon_core.package_identification:_identify(src/my_map) by extension 'colcon_meta'
[4.992s] Level 1:colcon.colcon_core.package_identification:_identify(src/my_map) by extensions ['ros']
[4.992s] Level 1:colcon.colcon_core.package_identification:_identify(src/my_map) by extension 'ros'
[4.993s] Level 1:colcon.colcon_core.package_identification:_identify(src/my_map) by extensions ['cmake', 'python']
[4.995s] Level 1:colcon.colcon_core.package_identification:_identify(src/my_map) by extension 'cmake'
[4.996s] Level 1:colcon.colcon_core.package_identification:_identify(src/my_map) by extension 'python'
[4.997s] Level 1:colcon.colcon_core.package_identification:_identify(src/my_map) by extensions ['python_setup_py']
[4.997s] Level 1:colcon.colcon_core.package_identification:_identify(src/my_map) by extension 'python_setup_py'
[4.998s] Level 1:colcon.colcon_core.package_identification:_identify(src/my_parameters) by extensions ['ignore', 'ignore_ament_install']
[4.999s] Level 1:colcon.colcon_core.package_identification:_identify(src/my_parameters) by extension 'ignore'
[5.000s] Level 1:colcon.colcon_core.package_identification:_identify(src/my_parameters) by extension 'ignore_ament_install'
[5.001s] Level 1:colcon.colcon_core.package_identification:_identify(src/my_parameters) by extensions ['colcon_pkg']
[5.001s] Level 1:colcon.colcon_core.package_identification:_identify(src/my_parameters) by extension 'colcon_pkg'
[5.002s] Level 1:colcon.colcon_core.package_identification:_identify(src/my_parameters) by extensions ['colcon_meta']
[5.003s] Level 1:colcon.colcon_core.package_identification:_identify(src/my_parameters) by extension 'colcon_meta'
[5.004s] Level 1:colcon.colcon_core.package_identification:_identify(src/my_parameters) by extensions ['ros']
[5.004s] Level 1:colcon.colcon_core.package_identification:_identify(src/my_parameters) by extension 'ros'
[5.008s] DEBUG:colcon.colcon_core.package_identification:Package 'src/my_parameters' with type 'ros.ament_cmake' and name 'my_parameters'
[5.009s] Level 1:colcon.colcon_core.package_identification:_identify(src/my_slam_package) by extensions ['ignore', 'ignore_ament_install']
[5.010s] Level 1:colcon.colcon_core.package_identification:_identify(src/my_slam_package) by extension 'ignore'
[5.011s] Level 1:colcon.colcon_core.package_identification:_identify(src/my_slam_package) by extension 'ignore_ament_install'
[5.011s] Level 1:colcon.colcon_core.package_identification:_identify(src/my_slam_package) by extensions ['colcon_pkg']
[5.012s] Level 1:colcon.colcon_core.package_identification:_identify(src/my_slam_package) by extension 'colcon_pkg'
[5.013s] Level 1:colcon.colcon_core.package_identification:_identify(src/my_slam_package) by extensions ['colcon_meta']
[5.013s] Level 1:colcon.colcon_core.package_identification:_identify(src/my_slam_package) by extension 'colcon_meta'
[5.014s] Level 1:colcon.colcon_core.package_identification:_identify(src/my_slam_package) by extensions ['ros']
[5.014s] Level 1:colcon.colcon_core.package_identification:_identify(src/my_slam_package) by extension 'ros'
[5.019s] DEBUG:colcon.colcon_core.package_identification:Package 'src/my_slam_package' with type 'ros.ament_python' and name 'my_slam_package'
[5.020s] Level 1:colcon.colcon_core.package_identification:_identify(src/ros2_laser_scan_matcher) by extensions ['ignore', 'ignore_ament_install']
[5.021s] Level 1:colcon.colcon_core.package_identification:_identify(src/ros2_laser_scan_matcher) by extension 'ignore'
[5.022s] Level 1:colcon.colcon_core.package_identification:_identify(src/ros2_laser_scan_matcher) by extension 'ignore_ament_install'
[5.024s] Level 1:colcon.colcon_core.package_identification:_identify(src/ros2_laser_scan_matcher) by extensions ['colcon_pkg']
[5.025s] Level 1:colcon.colcon_core.package_identification:_identify(src/ros2_laser_scan_matcher) by extension 'colcon_pkg'
[5.025s] Level 1:colcon.colcon_core.package_identification:_identify(src/ros2_laser_scan_matcher) by extensions ['colcon_meta']
[5.026s] Level 1:colcon.colcon_core.package_identification:_identify(src/ros2_laser_scan_matcher) by extension 'colcon_meta'
[5.027s] Level 1:colcon.colcon_core.package_identification:_identify(src/ros2_laser_scan_matcher) by extensions ['ros']
[5.027s] Level 1:colcon.colcon_core.package_identification:_identify(src/ros2_laser_scan_matcher) by extension 'ros'
[5.034s] DEBUG:colcon.colcon_core.package_identification:Package 'src/ros2_laser_scan_matcher' with type 'ros.ament_cmake' and name 'ros2_laser_scan_matcher'
[5.036s] Level 1:colcon.colcon_core.package_identification:_identify(src/sllidar_ros2) by extensions ['ignore', 'ignore_ament_install']
[5.039s] Level 1:colcon.colcon_core.package_identification:_identify(src/sllidar_ros2) by extension 'ignore'
[5.039s] Level 1:colcon.colcon_core.package_identification:_identify(src/sllidar_ros2) by extension 'ignore_ament_install'
[5.041s] Level 1:colcon.colcon_core.package_identification:_identify(src/sllidar_ros2) by extensions ['colcon_pkg']
[5.041s] Level 1:colcon.colcon_core.package_identification:_identify(src/sllidar_ros2) by extension 'colcon_pkg'
[5.042s] Level 1:colcon.colcon_core.package_identification:_identify(src/sllidar_ros2) by extensions ['colcon_meta']
[5.043s] Level 1:colcon.colcon_core.package_identification:_identify(src/sllidar_ros2) by extension 'colcon_meta'
[5.044s] Level 1:colcon.colcon_core.package_identification:_identify(src/sllidar_ros2) by extensions ['ros']
[5.044s] Level 1:colcon.colcon_core.package_identification:_identify(src/sllidar_ros2) by extension 'ros'
[5.053s] DEBUG:colcon.colcon_core.package_identification:Package 'src/sllidar_ros2' with type 'ros.ament_cmake' and name 'sllidar_ros2'
[5.054s] Level 1:colcon.colcon_core.package_identification:_identify(src/soft_robot_bringub) by extensions ['ignore', 'ignore_ament_install']
[5.055s] Level 1:colcon.colcon_core.package_identification:_identify(src/soft_robot_bringub) by extension 'ignore'
[5.056s] Level 1:colcon.colcon_core.package_identification:_identify(src/soft_robot_bringub) by extension 'ignore_ament_install'
[5.057s] Level 1:colcon.colcon_core.package_identification:_identify(src/soft_robot_bringub) by extensions ['colcon_pkg']
[5.058s] Level 1:colcon.colcon_core.package_identification:_identify(src/soft_robot_bringub) by extension 'colcon_pkg'
[5.059s] Level 1:colcon.colcon_core.package_identification:_identify(src/soft_robot_bringub) by extensions ['colcon_meta']
[5.060s] Level 1:colcon.colcon_core.package_identification:_identify(src/soft_robot_bringub) by extension 'colcon_meta'
[5.061s] Level 1:colcon.colcon_core.package_identification:_identify(src/soft_robot_bringub) by extensions ['ros']
[5.061s] Level 1:colcon.colcon_core.package_identification:_identify(src/soft_robot_bringub) by extension 'ros'
[5.074s] DEBUG:colcon.colcon_core.package_identification:Package 'src/soft_robot_bringub' with type 'ros.ament_cmake' and name 'soft_robot_bringub'
[5.075s] Level 1:colcon.colcon_core.package_discovery:discover_packages(recursive) using defaults
[5.076s] Level 1:colcon.colcon_core.package_discovery:discover_packages(ignore) discover
[5.077s] Level 1:colcon.colcon_core.package_discovery:discover_packages(ignore) using defaults
[5.077s] Level 1:colcon.colcon_core.package_discovery:discover_packages(path) discover
[5.078s] Level 1:colcon.colcon_core.package_discovery:discover_packages(path) using defaults
[5.470s] INFO:colcon.colcon_core.package_selection:Skipping not selected package 'bno055' in 'src/bno055'
[5.471s] INFO:colcon.colcon_core.package_selection:Skipping not selected package 'csm' in 'src/csm'
[5.471s] INFO:colcon.colcon_core.package_selection:Skipping not selected package 'my_parameters' in 'src/my_parameters'
[5.471s] INFO:colcon.colcon_core.package_selection:Skipping not selected package 'my_slam_package' in 'src/my_slam_package'
[5.472s] INFO:colcon.colcon_core.package_selection:Skipping not selected package 'sllidar_ros2' in 'src/sllidar_ros2'
[5.472s] INFO:colcon.colcon_core.package_selection:Skipping not selected package 'ros2_laser_scan_matcher' in 'src/ros2_laser_scan_matcher'
[5.477s] Level 1:colcon.colcon_core.package_discovery:discover_packages(prefix_path) check parameters
[5.477s] Level 1:colcon.colcon_core.package_discovery:discover_packages(prefix_path) discover
[5.588s] DEBUG:colcon.colcon_installed_package_information.package_discovery:Found 13 installed packages in /home/pi2/ros2_ws/install
[5.643s] DEBUG:colcon.colcon_installed_package_information.package_discovery:Found 4 installed packages in /home/pi2/install
[5.695s] DEBUG:colcon.colcon_installed_package_information.package_discovery:Found 310 installed packages in /opt/ros/humble
[5.712s] Level 1:colcon.colcon_core.package_discovery:discover_packages(prefix_path) using defaults
[6.297s] Level 5:colcon.colcon_core.verb:set package 'joystick_publisher' build argument 'cmake_args' from command line to 'None'
[6.297s] Level 5:colcon.colcon_core.verb:set package 'joystick_publisher' build argument 'cmake_target' from command line to 'None'
[6.298s] Level 5:colcon.colcon_core.verb:set package 'joystick_publisher' build argument 'cmake_target_skip_unavailable' from command line to 'False'
[6.298s] Level 5:colcon.colcon_core.verb:set package 'joystick_publisher' build argument 'cmake_clean_cache' from command line to 'False'
[6.298s] Level 5:colcon.colcon_core.verb:set package 'joystick_publisher' build argument 'cmake_clean_first' from command line to 'False'
[6.298s] Level 5:colcon.colcon_core.verb:set package 'joystick_publisher' build argument 'cmake_force_configure' from command line to 'False'
[6.298s] Level 5:colcon.colcon_core.verb:set package 'joystick_publisher' build argument 'ament_cmake_args' from command line to 'None'
[6.298s] Level 5:colcon.colcon_core.verb:set package 'joystick_publisher' build argument 'catkin_cmake_args' from command line to 'None'
[6.299s] Level 5:colcon.colcon_core.verb:set package 'joystick_publisher' build argument 'catkin_skip_building_tests' from command line to 'False'
[6.299s] DEBUG:colcon.colcon_core.verb:Building package 'joystick_publisher' with the following arguments: {'ament_cmake_args': None, 'build_base': '/home/pi2/ros2_ws/build/joystick_publisher', 'catkin_cmake_args': None, 'catkin_skip_building_tests': False, 'cmake_args': None, 'cmake_clean_cache': False, 'cmake_clean_first': False, 'cmake_force_configure': False, 'cmake_target': None, 'cmake_target_skip_unavailable': False, 'install_base': '/home/pi2/ros2_ws/install/joystick_publisher', 'merge_install': False, 'path': '/home/pi2/ros2_ws/src/joystick_publisher', 'symlink_install': False, 'test_result_base': None}
[6.301s] Level 5:colcon.colcon_core.verb:set package 'motor_commands' build argument 'cmake_args' from command line to 'None'
[6.301s] Level 5:colcon.colcon_core.verb:set package 'motor_commands' build argument 'cmake_target' from command line to 'None'
[6.302s] Level 5:colcon.colcon_core.verb:set package 'motor_commands' build argument 'cmake_target_skip_unavailable' from command line to 'False'
[6.302s] Level 5:colcon.colcon_core.verb:set package 'motor_commands' build argument 'cmake_clean_cache' from command line to 'False'
[6.302s] Level 5:colcon.colcon_core.verb:set package 'motor_commands' build argument 'cmake_clean_first' from command line to 'False'
[6.302s] Level 5:colcon.colcon_core.verb:set package 'motor_commands' build argument 'cmake_force_configure' from command line to 'False'
[6.303s] Level 5:colcon.colcon_core.verb:set package 'motor_commands' build argument 'ament_cmake_args' from command line to 'None'
[6.303s] Level 5:colcon.colcon_core.verb:set package 'motor_commands' build argument 'catkin_cmake_args' from command line to 'None'
[6.303s] Level 5:colcon.colcon_core.verb:set package 'motor_commands' build argument 'catkin_skip_building_tests' from command line to 'False'
[6.304s] DEBUG:colcon.colcon_core.verb:Building package 'motor_commands' with the following arguments: {'ament_cmake_args': None, 'build_base': '/home/pi2/ros2_ws/build/motor_commands', 'catkin_cmake_args': None, 'catkin_skip_building_tests': False, 'cmake_args': None, 'cmake_clean_cache': False, 'cmake_clean_first': False, 'cmake_force_configure': False, 'cmake_target': None, 'cmake_target_skip_unavailable': False, 'install_base': '/home/pi2/ros2_ws/install/motor_commands', 'merge_install': False, 'path': '/home/pi2/ros2_ws/src/motor_commands', 'symlink_install': False, 'test_result_base': None}
[6.306s] Level 5:colcon.colcon_core.verb:set package 'motor_serial' build argument 'cmake_args' from command line to 'None'
[6.306s] Level 5:colcon.colcon_core.verb:set package 'motor_serial' build argument 'cmake_target' from command line to 'None'
[6.307s] Level 5:colcon.colcon_core.verb:set package 'motor_serial' build argument 'cmake_target_skip_unavailable' from command line to 'False'
[6.307s] Level 5:colcon.colcon_core.verb:set package 'motor_serial' build argument 'cmake_clean_cache' from command line to 'False'
[6.307s] Level 5:colcon.colcon_core.verb:set package 'motor_serial' build argument 'cmake_clean_first' from command line to 'False'
[6.307s] Level 5:colcon.colcon_core.verb:set package 'motor_serial' build argument 'cmake_force_configure' from command line to 'False'
[6.308s] Level 5:colcon.colcon_core.verb:set package 'motor_serial' build argument 'ament_cmake_args' from command line to 'None'
[6.308s] Level 5:colcon.colcon_core.verb:set package 'motor_serial' build argument 'catkin_cmake_args' from command line to 'None'
[6.308s] Level 5:colcon.colcon_core.verb:set package 'motor_serial' build argument 'catkin_skip_building_tests' from command line to 'False'
[6.309s] DEBUG:colcon.colcon_core.verb:Building package 'motor_serial' with the following arguments: {'ament_cmake_args': None, 'build_base': '/home/pi2/ros2_ws/build/motor_serial', 'catkin_cmake_args': None, 'catkin_skip_building_tests': False, 'cmake_args': None, 'cmake_clean_cache': False, 'cmake_clean_first': False, 'cmake_force_configure': False, 'cmake_target': None, 'cmake_target_skip_unavailable': False, 'install_base': '/home/pi2/ros2_ws/install/motor_serial', 'merge_install': False, 'path': '/home/pi2/ros2_ws/src/motor_serial', 'symlink_install': False, 'test_result_base': None}
[6.311s] Level 5:colcon.colcon_core.verb:set package 'cmd_vel_to_joystick' build argument 'cmake_args' from command line to 'None'
[6.311s] Level 5:colcon.colcon_core.verb:set package 'cmd_vel_to_joystick' build argument 'cmake_target' from command line to 'None'
[6.312s] Level 5:colcon.colcon_core.verb:set package 'cmd_vel_to_joystick' build argument 'cmake_target_skip_unavailable' from command line to 'False'
[6.312s] Level 5:colcon.colcon_core.verb:set package 'cmd_vel_to_joystick' build argument 'cmake_clean_cache' from command line to 'False'
[6.312s] Level 5:colcon.colcon_core.verb:set package 'cmd_vel_to_joystick' build argument 'cmake_clean_first' from command line to 'False'
[6.312s] Level 5:colcon.colcon_core.verb:set package 'cmd_vel_to_joystick' build argument 'cmake_force_configure' from command line to 'False'
[6.312s] Level 5:colcon.colcon_core.verb:set package 'cmd_vel_to_joystick' build argument 'ament_cmake_args' from command line to 'None'
[6.313s] Level 5:colcon.colcon_core.verb:set package 'cmd_vel_to_joystick' build argument 'catkin_cmake_args' from command line to 'None'
[6.313s] Level 5:colcon.colcon_core.verb:set package 'cmd_vel_to_joystick' build argument 'catkin_skip_building_tests' from command line to 'False'
[6.313s] DEBUG:colcon.colcon_core.verb:Building package 'cmd_vel_to_joystick' with the following arguments: {'ament_cmake_args': None, 'build_base': '/home/pi2/ros2_ws/build/cmd_vel_to_joystick', 'catkin_cmake_args': None, 'catkin_skip_building_tests': False, 'cmake_args': None, 'cmake_clean_cache': False, 'cmake_clean_first': False, 'cmake_force_configure': False, 'cmake_target': None, 'cmake_target_skip_unavailable': False, 'install_base': '/home/pi2/ros2_ws/install/cmd_vel_to_joystick', 'merge_install': False, 'path': '/home/pi2/ros2_ws/src/cmd_vel_to_joystick', 'symlink_install': False, 'test_result_base': None}
[6.315s] Level 5:colcon.colcon_core.verb:set package 'soft_robot_bringub' build argument 'cmake_args' from command line to 'None'
[6.316s] Level 5:colcon.colcon_core.verb:set package 'soft_robot_bringub' build argument 'cmake_target' from command line to 'None'
[6.316s] Level 5:colcon.colcon_core.verb:set package 'soft_robot_bringub' build argument 'cmake_target_skip_unavailable' from command line to 'False'
[6.316s] Level 5:colcon.colcon_core.verb:set package 'soft_robot_bringub' build argument 'cmake_clean_cache' from command line to 'False'
[6.317s] Level 5:colcon.colcon_core.verb:set package 'soft_robot_bringub' build argument 'cmake_clean_first' from command line to 'False'
[6.317s] Level 5:colcon.colcon_core.verb:set package 'soft_robot_bringub' build argument 'cmake_force_configure' from command line to 'False'
[6.317s] Level 5:colcon.colcon_core.verb:set package 'soft_robot_bringub' build argument 'ament_cmake_args' from command line to 'None'
[6.317s] Level 5:colcon.colcon_core.verb:set package 'soft_robot_bringub' build argument 'catkin_cmake_args' from command line to 'None'
[6.317s] Level 5:colcon.colcon_core.verb:set package 'soft_robot_bringub' build argument 'catkin_skip_building_tests' from command line to 'False'
[6.318s] DEBUG:colcon.colcon_core.verb:Building package 'soft_robot_bringub' with the following arguments: {'ament_cmake_args': None, 'build_base': '/home/pi2/ros2_ws/build/soft_robot_bringub', 'catkin_cmake_args': None, 'catkin_skip_building_tests': False, 'cmake_args': None, 'cmake_clean_cache': False, 'cmake_clean_first': False, 'cmake_force_configure': False, 'cmake_target': None, 'cmake_target_skip_unavailable': False, 'install_base': '/home/pi2/ros2_ws/install/soft_robot_bringub', 'merge_install': False, 'path': '/home/pi2/ros2_ws/src/soft_robot_bringub', 'symlink_install': False, 'test_result_base': None}
[6.319s] INFO:colcon.colcon_core.executor:Executing jobs using 'parallel' executor
[6.327s] DEBUG:colcon.colcon_parallel_executor.executor.parallel:run_until_complete
[6.329s] INFO:colcon.colcon_ros.task.ament_python.build:Building ROS package in '/home/pi2/ros2_ws/src/joystick_publisher' with build type 'ament_python'
[6.330s] Level 1:colcon.colcon_core.shell:create_environment_hook('joystick_publisher', 'ament_prefix_path')
[6.487s] INFO:colcon.colcon_core.plugin_system:Skipping extension 'colcon_core.shell.bat': Not used on non-Windows systems
[6.497s] INFO:colcon.colcon_core.shell:Creating environment hook '/home/pi2/ros2_ws/install/joystick_publisher/share/joystick_publisher/hook/ament_prefix_path.ps1'
[6.525s] INFO:colcon.colcon_core.shell:Creating environment descriptor '/home/pi2/ros2_ws/install/joystick_publisher/share/joystick_publisher/hook/ament_prefix_path.dsv'
[6.537s] INFO:colcon.colcon_core.shell:Creating environment hook '/home/pi2/ros2_ws/install/joystick_publisher/share/joystick_publisher/hook/ament_prefix_path.sh'
[6.567s] INFO:colcon.colcon_core.shell:Skip shell extension 'powershell' for command environment: Not usable outside of PowerShell
[6.595s] DEBUG:colcon.colcon_core.shell:Skip shell extension 'dsv' for command environment
[6.696s] INFO:colcon.colcon_ros.task.ament_python.build:Building ROS package in '/home/pi2/ros2_ws/src/motor_commands' with build type 'ament_python'
[6.697s] Level 1:colcon.colcon_core.shell:create_environment_hook('motor_commands', 'ament_prefix_path')
[6.699s] INFO:colcon.colcon_core.shell:Creating environment hook '/home/pi2/ros2_ws/install/motor_commands/share/motor_commands/hook/ament_prefix_path.ps1'
[6.703s] INFO:colcon.colcon_core.shell:Creating environment descriptor '/home/pi2/ros2_ws/install/motor_commands/share/motor_commands/hook/ament_prefix_path.dsv'
[6.708s] INFO:colcon.colcon_core.shell:Creating environment hook '/home/pi2/ros2_ws/install/motor_commands/share/motor_commands/hook/ament_prefix_path.sh'
[6.713s] INFO:colcon.colcon_core.shell:Skip shell extension 'powershell' for command environment: Not usable outside of PowerShell
[6.714s] DEBUG:colcon.colcon_core.shell:Skip shell extension 'dsv' for command environment
[6.795s] INFO:colcon.colcon_ros.task.ament_python.build:Building ROS package in '/home/pi2/ros2_ws/src/motor_serial' with build type 'ament_python'
[6.798s] Level 1:colcon.colcon_core.shell:create_environment_hook('motor_serial', 'ament_prefix_path')
[6.799s] INFO:colcon.colcon_core.shell:Creating environment hook '/home/pi2/ros2_ws/install/motor_serial/share/motor_serial/hook/ament_prefix_path.ps1'
[6.805s] INFO:colcon.colcon_core.shell:Creating environment descriptor '/home/pi2/ros2_ws/install/motor_serial/share/motor_serial/hook/ament_prefix_path.dsv'
[6.809s] INFO:colcon.colcon_core.shell:Creating environment hook '/home/pi2/ros2_ws/install/motor_serial/share/motor_serial/hook/ament_prefix_path.sh'
[6.820s] INFO:colcon.colcon_core.shell:Skip shell extension 'powershell' for command environment: Not usable outside of PowerShell
[6.821s] DEBUG:colcon.colcon_core.shell:Skip shell extension 'dsv' for command environment
[6.875s] INFO:colcon.colcon_ros.task.ament_python.build:Building ROS package in '/home/pi2/ros2_ws/src/cmd_vel_to_joystick' with build type 'ament_python'
[6.876s] Level 1:colcon.colcon_core.shell:create_environment_hook('cmd_vel_to_joystick', 'ament_prefix_path')
[6.878s] INFO:colcon.colcon_core.shell:Creating environment hook '/home/pi2/ros2_ws/install/cmd_vel_to_joystick/share/cmd_vel_to_joystick/hook/ament_prefix_path.ps1'
[6.881s] INFO:colcon.colcon_core.shell:Creating environment descriptor '/home/pi2/ros2_ws/install/cmd_vel_to_joystick/share/cmd_vel_to_joystick/hook/ament_prefix_path.dsv'
[6.885s] INFO:colcon.colcon_core.shell:Creating environment hook '/home/pi2/ros2_ws/install/cmd_vel_to_joystick/share/cmd_vel_to_joystick/hook/ament_prefix_path.sh'
[6.892s] INFO:colcon.colcon_core.shell:Skip shell extension 'powershell' for command environment: Not usable outside of PowerShell
[6.892s] DEBUG:colcon.colcon_core.shell:Skip shell extension 'dsv' for command environment
[10.637s] INFO:colcon.colcon_core.task.python.build:Building Python package in '/home/pi2/ros2_ws/src/joystick_publisher'
[10.640s] INFO:colcon.colcon_core.shell:Skip shell extension 'powershell' for command environment: Not usable outside of PowerShell
[10.641s] DEBUG:colcon.colcon_core.shell:Skip shell extension 'dsv' for command environment
[14.341s] INFO:colcon.colcon_core.task.python.build:Building Python package in '/home/pi2/ros2_ws/src/motor_commands'
[14.342s] INFO:colcon.colcon_core.shell:Skip shell extension 'powershell' for command environment: Not usable outside of PowerShell
[14.343s] DEBUG:colcon.colcon_core.shell:Skip shell extension 'dsv' for command environment
[17.542s] INFO:colcon.colcon_core.task.python.build:Building Python package in '/home/pi2/ros2_ws/src/motor_serial'
[17.546s] INFO:colcon.colcon_core.shell:Skip shell extension 'powershell' for command environment: Not usable outside of PowerShell
[17.548s] DEBUG:colcon.colcon_core.shell:Skip shell extension 'dsv' for command environment
[20.664s] INFO:colcon.colcon_core.task.python.build:Building Python package in '/home/pi2/ros2_ws/src/cmd_vel_to_joystick'
[20.666s] INFO:colcon.colcon_core.shell:Skip shell extension 'powershell' for command environment: Not usable outside of PowerShell
[20.667s] DEBUG:colcon.colcon_core.shell:Skip shell extension 'dsv' for command environment
[25.339s] DEBUG:colcon.colcon_core.event_handler.log_command:Invoking command in '/home/pi2/ros2_ws/src/cmd_vel_to_joystick': CMAKE_PREFIX_PATH=/home/pi2/ros2_ws/install/my_parameters:/home/pi2/ros2_ws/install/soft_robot_bringub:/home/pi2/ros2_ws/install/sllidar_ros2:/home/pi2/ros2_ws/install/ros2_laser_scan_matcher:/home/pi2/ros2_ws/install/csm:/home/pi2/install/csm:/home/pi2/ros2_ws/install PYTHONPATH=/home/pi2/ros2_ws/build/cmd_vel_to_joystick/prefix_override:/usr/lib/python3/dist-packages/colcon_core/task/python/colcon_distutils_commands:/home/pi2/ros2_ws/install/cmd_vel_to_joystick/lib/python3.10/site-packages:${PYTHONPATH} /usr/bin/python3 -W ignore:setup.py install is deprecated setup.py egg_info --egg-base ../../build/cmd_vel_to_joystick build --build-base /home/pi2/ros2_ws/build/cmd_vel_to_joystick/build install --record /home/pi2/ros2_ws/build/cmd_vel_to_joystick/install.log --single-version-externally-managed install_data
[26.220s] DEBUG:colcon.colcon_core.event_handler.log_command:Invoking command in '/home/pi2/ros2_ws/src/motor_serial': PYTHONPATH=/home/pi2/ros2_ws/build/motor_serial/prefix_override:/usr/lib/python3/dist-packages/colcon_core/task/python/colcon_distutils_commands:/home/pi2/ros2_ws/install/motor_serial/lib/python3.10/site-packages:${PYTHONPATH} /usr/bin/python3 -W ignore:setup.py install is deprecated setup.py egg_info --egg-base ../../build/motor_serial build --build-base /home/pi2/ros2_ws/build/motor_serial/build install --record /home/pi2/ros2_ws/build/motor_serial/install.log --single-version-externally-managed install_data
[27.866s] DEBUG:colcon.colcon_core.event_handler.log_command:Invoking command in '/home/pi2/ros2_ws/src/joystick_publisher': PYTHONPATH=/home/pi2/ros2_ws/build/joystick_publisher/prefix_override:/usr/lib/python3/dist-packages/colcon_core/task/python/colcon_distutils_commands:/home/pi2/ros2_ws/install/joystick_publisher/lib/python3.10/site-packages:${PYTHONPATH} /usr/bin/python3 -W ignore:setup.py install is deprecated setup.py egg_info --egg-base ../../build/joystick_publisher build --build-base /home/pi2/ros2_ws/build/joystick_publisher/build install --record /home/pi2/ros2_ws/build/joystick_publisher/install.log --single-version-externally-managed install_data
[29.478s] DEBUG:colcon.colcon_core.event_handler.log_command:Invoking command in '/home/pi2/ros2_ws/src/motor_commands': PYTHONPATH=/home/pi2/ros2_ws/build/motor_commands/prefix_override:/usr/lib/python3/dist-packages/colcon_core/task/python/colcon_distutils_commands:/home/pi2/ros2_ws/install/motor_commands/lib/python3.10/site-packages:${PYTHONPATH} /usr/bin/python3 -W ignore:setup.py install is deprecated setup.py egg_info --egg-base ../../build/motor_commands build --build-base /home/pi2/ros2_ws/build/motor_commands/build install --record /home/pi2/ros2_ws/build/motor_commands/install.log --single-version-externally-managed install_data
[29.849s] DEBUG:colcon.colcon_core.event_handler.log_command:Invoked command in '/home/pi2/ros2_ws/src/motor_serial' returned '0': PYTHONPATH=/home/pi2/ros2_ws/build/motor_serial/prefix_override:/usr/lib/python3/dist-packages/colcon_core/task/python/colcon_distutils_commands:/home/pi2/ros2_ws/install/motor_serial/lib/python3.10/site-packages:${PYTHONPATH} /usr/bin/python3 -W ignore:setup.py install is deprecated setup.py egg_info --egg-base ../../build/motor_serial build --build-base /home/pi2/ros2_ws/build/motor_serial/build install --record /home/pi2/ros2_ws/build/motor_serial/install.log --single-version-externally-managed install_data
[29.928s] Level 1:colcon.colcon_core.environment:checking '/home/pi2/ros2_ws/install/motor_serial' for CMake module files
[29.933s] Level 1:colcon.colcon_core.environment:checking '/home/pi2/ros2_ws/install/motor_serial' for CMake config files
[29.938s] Level 1:colcon.colcon_core.environment:checking '/home/pi2/ros2_ws/install/motor_serial/lib'
[29.952s] Level 1:colcon.colcon_core.environment:checking '/home/pi2/ros2_ws/install/motor_serial/bin'
[29.953s] Level 1:colcon.colcon_core.environment:checking '/home/pi2/ros2_ws/install/motor_serial/lib/pkgconfig/motor_serial.pc'
[29.974s] Level 1:colcon.colcon_core.environment:checking '/home/pi2/ros2_ws/install/motor_serial/lib/python3.10/site-packages'
[29.974s] Level 1:colcon.colcon_core.shell:create_environment_hook('motor_serial', 'pythonpath')
[29.978s] INFO:colcon.colcon_core.shell:Creating environment hook '/home/pi2/ros2_ws/install/motor_serial/share/motor_serial/hook/pythonpath.ps1'
[29.984s] INFO:colcon.colcon_core.shell:Creating environment descriptor '/home/pi2/ros2_ws/install/motor_serial/share/motor_serial/hook/pythonpath.dsv'
[29.989s] INFO:colcon.colcon_core.shell:Creating environment hook '/home/pi2/ros2_ws/install/motor_serial/share/motor_serial/hook/pythonpath.sh'
[29.995s] Level 1:colcon.colcon_core.environment:checking '/home/pi2/ros2_ws/install/motor_serial/bin'
[29.995s] Level 1:colcon.colcon_core.environment:create_environment_scripts_only(motor_serial)
[29.998s] INFO:colcon.colcon_core.shell:Creating package script '/home/pi2/ros2_ws/install/motor_serial/share/motor_serial/package.ps1'
[30.028s] INFO:colcon.colcon_core.shell:Creating package descriptor '/home/pi2/ros2_ws/install/motor_serial/share/motor_serial/package.dsv'
[30.037s] INFO:colcon.colcon_core.shell:Creating package script '/home/pi2/ros2_ws/install/motor_serial/share/motor_serial/package.sh'
[30.049s] INFO:colcon.colcon_core.shell:Creating package script '/home/pi2/ros2_ws/install/motor_serial/share/motor_serial/package.bash'
[30.062s] INFO:colcon.colcon_core.shell:Creating package script '/home/pi2/ros2_ws/install/motor_serial/share/motor_serial/package.zsh'
[30.077s] Level 1:colcon.colcon_core.environment:create_file_with_runtime_dependencies(/home/pi2/ros2_ws/install/motor_serial/share/colcon-core/packages/motor_serial)
[30.206s] Level 1:colcon.colcon_core.environment:checking '/home/pi2/ros2_ws/install/cmd_vel_to_joystick' for CMake module files
[30.211s] Level 1:colcon.colcon_core.environment:checking '/home/pi2/ros2_ws/install/cmd_vel_to_joystick' for CMake config files
[30.208s] DEBUG:colcon.colcon_core.event_handler.log_command:Invoked command in '/home/pi2/ros2_ws/src/cmd_vel_to_joystick' returned '0': CMAKE_PREFIX_PATH=/home/pi2/ros2_ws/install/my_parameters:/home/pi2/ros2_ws/install/soft_robot_bringub:/home/pi2/ros2_ws/install/sllidar_ros2:/home/pi2/ros2_ws/install/ros2_laser_scan_matcher:/home/pi2/ros2_ws/install/csm:/home/pi2/install/csm:/home/pi2/ros2_ws/install PYTHONPATH=/home/pi2/ros2_ws/build/cmd_vel_to_joystick/prefix_override:/usr/lib/python3/dist-packages/colcon_core/task/python/colcon_distutils_commands:/home/pi2/ros2_ws/install/cmd_vel_to_joystick/lib/python3.10/site-packages:${PYTHONPATH} /usr/bin/python3 -W ignore:setup.py install is deprecated setup.py egg_info --egg-base ../../build/cmd_vel_to_joystick build --build-base /home/pi2/ros2_ws/build/cmd_vel_to_joystick/build install --record /home/pi2/ros2_ws/build/cmd_vel_to_joystick/install.log --single-version-externally-managed install_data
[30.219s] Level 1:colcon.colcon_core.environment:checking '/home/pi2/ros2_ws/install/cmd_vel_to_joystick/lib'
[30.224s] Level 1:colcon.colcon_core.environment:checking '/home/pi2/ros2_ws/install/cmd_vel_to_joystick/bin'
[30.225s] Level 1:colcon.colcon_core.environment:checking '/home/pi2/ros2_ws/install/cmd_vel_to_joystick/lib/pkgconfig/cmd_vel_to_joystick.pc'
[30.229s] Level 1:colcon.colcon_core.environment:checking '/home/pi2/ros2_ws/install/cmd_vel_to_joystick/lib/python3.10/site-packages'
[30.236s] Level 1:colcon.colcon_core.shell:create_environment_hook('cmd_vel_to_joystick', 'pythonpath')
[30.237s] INFO:colcon.colcon_core.shell:Creating environment hook '/home/pi2/ros2_ws/install/cmd_vel_to_joystick/share/cmd_vel_to_joystick/hook/pythonpath.ps1'
[30.242s] INFO:colcon.colcon_core.shell:Creating environment descriptor '/home/pi2/ros2_ws/install/cmd_vel_to_joystick/share/cmd_vel_to_joystick/hook/pythonpath.dsv'
[30.245s] INFO:colcon.colcon_core.shell:Creating environment hook '/home/pi2/ros2_ws/install/cmd_vel_to_joystick/share/cmd_vel_to_joystick/hook/pythonpath.sh'
[30.248s] Level 1:colcon.colcon_core.environment:checking '/home/pi2/ros2_ws/install/cmd_vel_to_joystick/bin'
[30.249s] Level 1:colcon.colcon_core.environment:create_environment_scripts_only(cmd_vel_to_joystick)
[30.251s] INFO:colcon.colcon_core.shell:Creating package script '/home/pi2/ros2_ws/install/cmd_vel_to_joystick/share/cmd_vel_to_joystick/package.ps1'
[30.257s] INFO:colcon.colcon_core.shell:Creating package descriptor '/home/pi2/ros2_ws/install/cmd_vel_to_joystick/share/cmd_vel_to_joystick/package.dsv'
[30.260s] INFO:colcon.colcon_core.shell:Creating package script '/home/pi2/ros2_ws/install/cmd_vel_to_joystick/share/cmd_vel_to_joystick/package.sh'
[30.263s] INFO:colcon.colcon_core.shell:Creating package script '/home/pi2/ros2_ws/install/cmd_vel_to_joystick/share/cmd_vel_to_joystick/package.bash'
[30.265s] INFO:colcon.colcon_core.shell:Creating package script '/home/pi2/ros2_ws/install/cmd_vel_to_joystick/share/cmd_vel_to_joystick/package.zsh'
[30.268s] Level 1:colcon.colcon_core.environment:create_file_with_runtime_dependencies(/home/pi2/ros2_ws/install/cmd_vel_to_joystick/share/colcon-core/packages/cmd_vel_to_joystick)
[31.095s] Level 1:colcon.colcon_core.environment:checking '/home/pi2/ros2_ws/install/joystick_publisher' for CMake module files
[31.097s] Level 1:colcon.colcon_core.environment:checking '/home/pi2/ros2_ws/install/joystick_publisher' for CMake config files
[31.101s] Level 1:colcon.colcon_core.environment:checking '/home/pi2/ros2_ws/install/joystick_publisher/lib'
[31.102s] Level 1:colcon.colcon_core.environment:checking '/home/pi2/ros2_ws/install/joystick_publisher/bin'
[31.103s] Level 1:colcon.colcon_core.environment:checking '/home/pi2/ros2_ws/install/joystick_publisher/lib/pkgconfig/joystick_publisher.pc'
[31.104s] Level 1:colcon.colcon_core.environment:checking '/home/pi2/ros2_ws/install/joystick_publisher/lib/python3.10/site-packages'
[31.106s] DEBUG:colcon.colcon_core.event_handler.log_command:Invoked command in '/home/pi2/ros2_ws/src/joystick_publisher' returned '0': PYTHONPATH=/home/pi2/ros2_ws/build/joystick_publisher/prefix_override:/usr/lib/python3/dist-packages/colcon_core/task/python/colcon_distutils_commands:/home/pi2/ros2_ws/install/joystick_publisher/lib/python3.10/site-packages:${PYTHONPATH} /usr/bin/python3 -W ignore:setup.py install is deprecated setup.py egg_info --egg-base ../../build/joystick_publisher build --build-base /home/pi2/ros2_ws/build/joystick_publisher/build install --record /home/pi2/ros2_ws/build/joystick_publisher/install.log --single-version-externally-managed install_data
[31.106s] Level 1:colcon.colcon_core.shell:create_environment_hook('joystick_publisher', 'pythonpath')
[31.108s] INFO:colcon.colcon_core.shell:Creating environment hook '/home/pi2/ros2_ws/install/joystick_publisher/share/joystick_publisher/hook/pythonpath.ps1'
[31.110s] INFO:colcon.colcon_core.shell:Creating environment descriptor '/home/pi2/ros2_ws/install/joystick_publisher/share/joystick_publisher/hook/pythonpath.dsv'
[31.114s] INFO:colcon.colcon_core.shell:Creating environment hook '/home/pi2/ros2_ws/install/joystick_publisher/share/joystick_publisher/hook/pythonpath.sh'
[31.117s] Level 1:colcon.colcon_core.environment:checking '/home/pi2/ros2_ws/install/joystick_publisher/bin'
[31.118s] Level 1:colcon.colcon_core.environment:create_environment_scripts_only(joystick_publisher)
[31.119s] INFO:colcon.colcon_core.shell:Creating package script '/home/pi2/ros2_ws/install/joystick_publisher/share/joystick_publisher/package.ps1'
[31.124s] INFO:colcon.colcon_core.shell:Creating package descriptor '/home/pi2/ros2_ws/install/joystick_publisher/share/joystick_publisher/package.dsv'
[31.127s] INFO:colcon.colcon_core.shell:Creating package script '/home/pi2/ros2_ws/install/joystick_publisher/share/joystick_publisher/package.sh'
[31.130s] INFO:colcon.colcon_core.shell:Creating package script '/home/pi2/ros2_ws/install/joystick_publisher/share/joystick_publisher/package.bash'
[31.133s] INFO:colcon.colcon_core.shell:Creating package script '/home/pi2/ros2_ws/install/joystick_publisher/share/joystick_publisher/package.zsh'
[31.136s] Level 1:colcon.colcon_core.environment:create_file_with_runtime_dependencies(/home/pi2/ros2_ws/install/joystick_publisher/share/colcon-core/packages/joystick_publisher)
[32.054s] Level 1:colcon.colcon_core.environment:checking '/home/pi2/ros2_ws/install/motor_commands' for CMake module files
[32.057s] DEBUG:colcon.colcon_core.event_handler.log_command:Invoked command in '/home/pi2/ros2_ws/src/motor_commands' returned '0': PYTHONPATH=/home/pi2/ros2_ws/build/motor_commands/prefix_override:/usr/lib/python3/dist-packages/colcon_core/task/python/colcon_distutils_commands:/home/pi2/ros2_ws/install/motor_commands/lib/python3.10/site-packages:${PYTHONPATH} /usr/bin/python3 -W ignore:setup.py install is deprecated setup.py egg_info --egg-base ../../build/motor_commands build --build-base /home/pi2/ros2_ws/build/motor_commands/build install --record /home/pi2/ros2_ws/build/motor_commands/install.log --single-version-externally-managed install_data
[32.059s] Level 1:colcon.colcon_core.environment:checking '/home/pi2/ros2_ws/install/motor_commands' for CMake config files
[32.064s] Level 1:colcon.colcon_core.environment:checking '/home/pi2/ros2_ws/install/motor_commands/lib'
[32.065s] Level 1:colcon.colcon_core.environment:checking '/home/pi2/ros2_ws/install/motor_commands/bin'
[32.065s] Level 1:colcon.colcon_core.environment:checking '/home/pi2/ros2_ws/install/motor_commands/lib/pkgconfig/motor_commands.pc'
[32.067s] Level 1:colcon.colcon_core.environment:checking '/home/pi2/ros2_ws/install/motor_commands/lib/python3.10/site-packages'
[32.067s] Level 1:colcon.colcon_core.shell:create_environment_hook('motor_commands', 'pythonpath')
[32.068s] INFO:colcon.colcon_core.shell:Creating environment hook '/home/pi2/ros2_ws/install/motor_commands/share/motor_commands/hook/pythonpath.ps1'
[32.071s] INFO:colcon.colcon_core.shell:Creating environment descriptor '/home/pi2/ros2_ws/install/motor_commands/share/motor_commands/hook/pythonpath.dsv'
[32.073s] INFO:colcon.colcon_core.shell:Creating environment hook '/home/pi2/ros2_ws/install/motor_commands/share/motor_commands/hook/pythonpath.sh'
[32.077s] Level 1:colcon.colcon_core.environment:checking '/home/pi2/ros2_ws/install/motor_commands/bin'
[32.077s] Level 1:colcon.colcon_core.environment:create_environment_scripts_only(motor_commands)
[32.079s] INFO:colcon.colcon_core.shell:Creating package script '/home/pi2/ros2_ws/install/motor_commands/share/motor_commands/package.ps1'
[32.082s] INFO:colcon.colcon_core.shell:Creating package descriptor '/home/pi2/ros2_ws/install/motor_commands/share/motor_commands/package.dsv'
[32.085s] INFO:colcon.colcon_core.shell:Creating package script '/home/pi2/ros2_ws/install/motor_commands/share/motor_commands/package.sh'
[32.088s] INFO:colcon.colcon_core.shell:Creating package script '/home/pi2/ros2_ws/install/motor_commands/share/motor_commands/package.bash'
[32.090s] INFO:colcon.colcon_core.shell:Creating package script '/home/pi2/ros2_ws/install/motor_commands/share/motor_commands/package.zsh'
[32.093s] Level 1:colcon.colcon_core.environment:create_file_with_runtime_dependencies(/home/pi2/ros2_ws/install/motor_commands/share/colcon-core/packages/motor_commands)
[32.095s] INFO:colcon.colcon_ros.task.ament_cmake.build:Building ROS package in '/home/pi2/ros2_ws/src/soft_robot_bringub' with build type 'ament_cmake'
[32.095s] INFO:colcon.colcon_cmake.task.cmake.build:Building CMake package in '/home/pi2/ros2_ws/src/soft_robot_bringub'
[32.097s] INFO:colcon.colcon_core.shell:Skip shell extension 'powershell' for command environment: Not usable outside of PowerShell
[32.097s] DEBUG:colcon.colcon_core.shell:Skip shell extension 'dsv' for command environment
[32.210s] DEBUG:colcon.colcon_core.event_handler.log_command:Invoking command in '/home/pi2/ros2_ws/build/soft_robot_bringub': AMENT_PREFIX_PATH=/home/pi2/ros2_ws/install/cmd_vel_to_joystick:/home/pi2/ros2_ws/install/my_slam_package:/home/pi2/ros2_ws/install/motor_serial:/home/pi2/ros2_ws/install/motor_commands:/home/pi2/ros2_ws/install/joystick_publisher:/home/pi2/ros2_ws/install/bno055:/home/pi2/ros2_ws/install/soft_robot_bringub:/home/pi2/ros2_ws/install/sllidar_ros2:/home/pi2/ros2_ws/install/ros2_laser_scan_matcher:/home/pi2/ros2_ws/install/my_parameters:/home/pi2/ros2_ws/install/locolization:/home/pi2/ros2_ws/install/csm:/home/pi2/install/motor_serial:/home/pi2/install/motor_commands:/home/pi2/install/joystick_publisher:/home/pi2/install/csm:/opt/ros/humble:/home/pi2/ros2_ws/install CMAKE_PREFIX_PATH=/home/pi2/ros2_ws/install/my_parameters:/home/pi2/ros2_ws/install/soft_robot_bringub:/home/pi2/ros2_ws/install/sllidar_ros2:/home/pi2/ros2_ws/install/ros2_laser_scan_matcher:/home/pi2/ros2_ws/install/csm:/home/pi2/install/csm:/home/pi2/ros2_ws/install:/home/pi2/ros2_ws/install/my_slam_package:/home/pi2/ros2_ws/install/cmd_vel_to_joystick:/home/pi2/ros2_ws/install/motor_serial:/home/pi2/ros2_ws/install/motor_commands:/home/pi2/ros2_ws/install/locolization:/home/pi2/ros2_ws/install/joystick_publisher:/home/pi2/ros2_ws/install/bno055:/home/pi2/install/motor_serial:/home/pi2/install/motor_commands:/home/pi2/install/joystick_publisher:/opt/ros/humble PYTHONPATH=/home/pi2/ros2_ws/install/cmd_vel_to_joystick/lib/python3.10/site-packages:/home/pi2/ros2_ws/install/my_slam_package/lib/python3.10/site-packages:/home/pi2/ros2_ws/install/motor_serial/lib/python3.10/site-packages:/home/pi2/ros2_ws/install/motor_commands/lib/python3.10/site-packages:/home/pi2/ros2_ws/install/joystick_publisher/lib/python3.10/site-packages:/home/pi2/ros2_ws/install/bno055/lib/python3.10/site-packages:/home/pi2/ros2_ws/install/my_parameters/local/lib/python3.10/dist-packages:/home/pi2/ros2_ws/install/locolization/lib/python3.10/site-packages:/home/pi2/install/motor_serial/lib/python3.10/site-packages:/home/pi2/install/motor_commands/lib/python3.10/site-packages:/home/pi2/install/joystick_publisher/lib/python3.10/site-packages:/opt/ros/humble/lib/python3.10/site-packages:/opt/ros/humble/local/lib/python3.10/dist-packages /usr/bin/cmake --build /home/pi2/ros2_ws/build/soft_robot_bringub -- -j4 -l4
[32.707s] DEBUG:colcon.colcon_core.event_handler.log_command:Invoked command in '/home/pi2/ros2_ws/build/soft_robot_bringub' returned '0': AMENT_PREFIX_PATH=/home/pi2/ros2_ws/install/cmd_vel_to_joystick:/home/pi2/ros2_ws/install/my_slam_package:/home/pi2/ros2_ws/install/motor_serial:/home/pi2/ros2_ws/install/motor_commands:/home/pi2/ros2_ws/install/joystick_publisher:/home/pi2/ros2_ws/install/bno055:/home/pi2/ros2_ws/install/soft_robot_bringub:/home/pi2/ros2_ws/install/sllidar_ros2:/home/pi2/ros2_ws/install/ros2_laser_scan_matcher:/home/pi2/ros2_ws/install/my_parameters:/home/pi2/ros2_ws/install/locolization:/home/pi2/ros2_ws/install/csm:/home/pi2/install/motor_serial:/home/pi2/install/motor_commands:/home/pi2/install/joystick_publisher:/home/pi2/install/csm:/opt/ros/humble:/home/pi2/ros2_ws/install CMAKE_PREFIX_PATH=/home/pi2/ros2_ws/install/my_parameters:/home/pi2/ros2_ws/install/soft_robot_bringub:/home/pi2/ros2_ws/install/sllidar_ros2:/home/pi2/ros2_ws/install/ros2_laser_scan_matcher:/home/pi2/ros2_ws/install/csm:/home/pi2/install/csm:/home/pi2/ros2_ws/install:/home/pi2/ros2_ws/install/my_slam_package:/home/pi2/ros2_ws/install/cmd_vel_to_joystick:/home/pi2/ros2_ws/install/motor_serial:/home/pi2/ros2_ws/install/motor_commands:/home/pi2/ros2_ws/install/locolization:/home/pi2/ros2_ws/install/joystick_publisher:/home/pi2/ros2_ws/install/bno055:/home/pi2/install/motor_serial:/home/pi2/install/motor_commands:/home/pi2/install/joystick_publisher:/opt/ros/humble PYTHONPATH=/home/pi2/ros2_ws/install/cmd_vel_to_joystick/lib/python3.10/site-packages:/home/pi2/ros2_ws/install/my_slam_package/lib/python3.10/site-packages:/home/pi2/ros2_ws/install/motor_serial/lib/python3.10/site-packages:/home/pi2/ros2_ws/install/motor_commands/lib/python3.10/site-packages:/home/pi2/ros2_ws/install/joystick_publisher/lib/python3.10/site-packages:/home/pi2/ros2_ws/install/bno055/lib/python3.10/site-packages:/home/pi2/ros2_ws/install/my_parameters/local/lib/python3.10/dist-packages:/home/pi2/ros2_ws/install/locolization/lib/python3.10/site-packages:/home/pi2/install/motor_serial/lib/python3.10/site-packages:/home/pi2/install/motor_commands/lib/python3.10/site-packages:/home/pi2/install/joystick_publisher/lib/python3.10/site-packages:/opt/ros/humble/lib/python3.10/site-packages:/opt/ros/humble/local/lib/python3.10/dist-packages /usr/bin/cmake --build /home/pi2/ros2_ws/build/soft_robot_bringub -- -j4 -l4
[32.888s] DEBUG:colcon.colcon_core.event_handler.log_command:Invoking command in '/home/pi2/ros2_ws/build/soft_robot_bringub': AMENT_PREFIX_PATH=/home/pi2/ros2_ws/install/cmd_vel_to_joystick:/home/pi2/ros2_ws/install/my_slam_package:/home/pi2/ros2_ws/install/motor_serial:/home/pi2/ros2_ws/install/motor_commands:/home/pi2/ros2_ws/install/joystick_publisher:/home/pi2/ros2_ws/install/bno055:/home/pi2/ros2_ws/install/soft_robot_bringub:/home/pi2/ros2_ws/install/sllidar_ros2:/home/pi2/ros2_ws/install/ros2_laser_scan_matcher:/home/pi2/ros2_ws/install/my_parameters:/home/pi2/ros2_ws/install/locolization:/home/pi2/ros2_ws/install/csm:/home/pi2/install/motor_serial:/home/pi2/install/motor_commands:/home/pi2/install/joystick_publisher:/home/pi2/install/csm:/opt/ros/humble:/home/pi2/ros2_ws/install CMAKE_PREFIX_PATH=/home/pi2/ros2_ws/install/my_parameters:/home/pi2/ros2_ws/install/soft_robot_bringub:/home/pi2/ros2_ws/install/sllidar_ros2:/home/pi2/ros2_ws/install/ros2_laser_scan_matcher:/home/pi2/ros2_ws/install/csm:/home/pi2/install/csm:/home/pi2/ros2_ws/install:/home/pi2/ros2_ws/install/my_slam_package:/home/pi2/ros2_ws/install/cmd_vel_to_joystick:/home/pi2/ros2_ws/install/motor_serial:/home/pi2/ros2_ws/install/motor_commands:/home/pi2/ros2_ws/install/locolization:/home/pi2/ros2_ws/install/joystick_publisher:/home/pi2/ros2_ws/install/bno055:/home/pi2/install/motor_serial:/home/pi2/install/motor_commands:/home/pi2/install/joystick_publisher:/opt/ros/humble PYTHONPATH=/home/pi2/ros2_ws/install/cmd_vel_to_joystick/lib/python3.10/site-packages:/home/pi2/ros2_ws/install/my_slam_package/lib/python3.10/site-packages:/home/pi2/ros2_ws/install/motor_serial/lib/python3.10/site-packages:/home/pi2/ros2_ws/install/motor_commands/lib/python3.10/site-packages:/home/pi2/ros2_ws/install/joystick_publisher/lib/python3.10/site-packages:/home/pi2/ros2_ws/install/bno055/lib/python3.10/site-packages:/home/pi2/ros2_ws/install/my_parameters/local/lib/python3.10/dist-packages:/home/pi2/ros2_ws/install/locolization/lib/python3.10/site-packages:/home/pi2/install/motor_serial/lib/python3.10/site-packages:/home/pi2/install/motor_commands/lib/python3.10/site-packages:/home/pi2/install/joystick_publisher/lib/python3.10/site-packages:/opt/ros/humble/lib/python3.10/site-packages:/opt/ros/humble/local/lib/python3.10/dist-packages /usr/bin/cmake --install /home/pi2/ros2_ws/build/soft_robot_bringub
[32.944s] Level 1:colcon.colcon_core.environment:create_environment_scripts_only(soft_robot_bringub)
[32.946s] Level 1:colcon.colcon_core.environment:checking '/home/pi2/ros2_ws/install/soft_robot_bringub' for CMake module files
[32.947s] DEBUG:colcon.colcon_core.event_handler.log_command:Invoked command in '/home/pi2/ros2_ws/build/soft_robot_bringub' returned '0': AMENT_PREFIX_PATH=/home/pi2/ros2_ws/install/cmd_vel_to_joystick:/home/pi2/ros2_ws/install/my_slam_package:/home/pi2/ros2_ws/install/motor_serial:/home/pi2/ros2_ws/install/motor_commands:/home/pi2/ros2_ws/install/joystick_publisher:/home/pi2/ros2_ws/install/bno055:/home/pi2/ros2_ws/install/soft_robot_bringub:/home/pi2/ros2_ws/install/sllidar_ros2:/home/pi2/ros2_ws/install/ros2_laser_scan_matcher:/home/pi2/ros2_ws/install/my_parameters:/home/pi2/ros2_ws/install/locolization:/home/pi2/ros2_ws/install/csm:/home/pi2/install/motor_serial:/home/pi2/install/motor_commands:/home/pi2/install/joystick_publisher:/home/pi2/install/csm:/opt/ros/humble:/home/pi2/ros2_ws/install CMAKE_PREFIX_PATH=/home/pi2/ros2_ws/install/my_parameters:/home/pi2/ros2_ws/install/soft_robot_bringub:/home/pi2/ros2_ws/install/sllidar_ros2:/home/pi2/ros2_ws/install/ros2_laser_scan_matcher:/home/pi2/ros2_ws/install/csm:/home/pi2/install/csm:/home/pi2/ros2_ws/install:/home/pi2/ros2_ws/install/my_slam_package:/home/pi2/ros2_ws/install/cmd_vel_to_joystick:/home/pi2/ros2_ws/install/motor_serial:/home/pi2/ros2_ws/install/motor_commands:/home/pi2/ros2_ws/install/locolization:/home/pi2/ros2_ws/install/joystick_publisher:/home/pi2/ros2_ws/install/bno055:/home/pi2/install/motor_serial:/home/pi2/install/motor_commands:/home/pi2/install/joystick_publisher:/opt/ros/humble PYTHONPATH=/home/pi2/ros2_ws/install/cmd_vel_to_joystick/lib/python3.10/site-packages:/home/pi2/ros2_ws/install/my_slam_package/lib/python3.10/site-packages:/home/pi2/ros2_ws/install/motor_serial/lib/python3.10/site-packages:/home/pi2/ros2_ws/install/motor_commands/lib/python3.10/site-packages:/home/pi2/ros2_ws/install/joystick_publisher/lib/python3.10/site-packages:/home/pi2/ros2_ws/install/bno055/lib/python3.10/site-packages:/home/pi2/ros2_ws/install/my_parameters/local/lib/python3.10/dist-packages:/home/pi2/ros2_ws/install/locolization/lib/python3.10/site-packages:/home/pi2/install/motor_serial/lib/python3.10/site-packages:/home/pi2/install/motor_commands/lib/python3.10/site-packages:/home/pi2/install/joystick_publisher/lib/python3.10/site-packages:/opt/ros/humble/lib/python3.10/site-packages:/opt/ros/humble/local/lib/python3.10/dist-packages /usr/bin/cmake --install /home/pi2/ros2_ws/build/soft_robot_bringub
[32.950s] Level 1:colcon.colcon_core.environment:checking '/home/pi2/ros2_ws/install/soft_robot_bringub' for CMake config files
[32.951s] Level 1:colcon.colcon_core.shell:create_environment_hook('soft_robot_bringub', 'cmake_prefix_path')
[32.952s] INFO:colcon.colcon_core.shell:Creating environment hook '/home/pi2/ros2_ws/install/soft_robot_bringub/share/soft_robot_bringub/hook/cmake_prefix_path.ps1'
[32.955s] INFO:colcon.colcon_core.shell:Creating environment descriptor '/home/pi2/ros2_ws/install/soft_robot_bringub/share/soft_robot_bringub/hook/cmake_prefix_path.dsv'
[32.957s] INFO:colcon.colcon_core.shell:Creating environment hook '/home/pi2/ros2_ws/install/soft_robot_bringub/share/soft_robot_bringub/hook/cmake_prefix_path.sh'
[32.960s] Level 1:colcon.colcon_core.environment:checking '/home/pi2/ros2_ws/install/soft_robot_bringub/bin'
[32.960s] Level 1:colcon.colcon_core.environment:checking '/home/pi2/ros2_ws/install/soft_robot_bringub/lib/pkgconfig/soft_robot_bringub.pc'
[32.961s] Level 1:colcon.colcon_core.environment:checking '/home/pi2/ros2_ws/install/soft_robot_bringub/lib/python3.10/site-packages'
[32.962s] Level 1:colcon.colcon_core.environment:checking '/home/pi2/ros2_ws/install/soft_robot_bringub/bin'
[32.964s] INFO:colcon.colcon_core.shell:Creating package script '/home/pi2/ros2_ws/install/soft_robot_bringub/share/soft_robot_bringub/package.ps1'
[32.966s] INFO:colcon.colcon_core.shell:Creating package descriptor '/home/pi2/ros2_ws/install/soft_robot_bringub/share/soft_robot_bringub/package.dsv'
[32.968s] INFO:colcon.colcon_core.shell:Creating package script '/home/pi2/ros2_ws/install/soft_robot_bringub/share/soft_robot_bringub/package.sh'
[32.970s] INFO:colcon.colcon_core.shell:Creating package script '/home/pi2/ros2_ws/install/soft_robot_bringub/share/soft_robot_bringub/package.bash'
[32.972s] INFO:colcon.colcon_core.shell:Creating package script '/home/pi2/ros2_ws/install/soft_robot_bringub/share/soft_robot_bringub/package.zsh'
[32.974s] Level 1:colcon.colcon_core.environment:create_file_with_runtime_dependencies(/home/pi2/ros2_ws/install/soft_robot_bringub/share/colcon-core/packages/soft_robot_bringub)
[33.103s] Level 1:colcon.colcon_core.environment:create_environment_scripts_only(soft_robot_bringub)
[33.104s] Level 1:colcon.colcon_core.environment:checking '/home/pi2/ros2_ws/install/soft_robot_bringub' for CMake module files
[33.109s] Level 1:colcon.colcon_core.environment:checking '/home/pi2/ros2_ws/install/soft_robot_bringub' for CMake config files
[33.111s] Level 1:colcon.colcon_core.shell:create_environment_hook('soft_robot_bringub', 'cmake_prefix_path')
[33.112s] INFO:colcon.colcon_core.shell:Creating environment hook '/home/pi2/ros2_ws/install/soft_robot_bringub/share/soft_robot_bringub/hook/cmake_prefix_path.ps1'
[33.116s] INFO:colcon.colcon_core.shell:Creating environment descriptor '/home/pi2/ros2_ws/install/soft_robot_bringub/share/soft_robot_bringub/hook/cmake_prefix_path.dsv'
[33.119s] INFO:colcon.colcon_core.shell:Creating environment hook '/home/pi2/ros2_ws/install/soft_robot_bringub/share/soft_robot_bringub/hook/cmake_prefix_path.sh'
[33.124s] Level 1:colcon.colcon_core.environment:checking '/home/pi2/ros2_ws/install/soft_robot_bringub/bin'
[33.125s] Level 1:colcon.colcon_core.environment:checking '/home/pi2/ros2_ws/install/soft_robot_bringub/lib/pkgconfig/soft_robot_bringub.pc'
[33.126s] Level 1:colcon.colcon_core.environment:checking '/home/pi2/ros2_ws/install/soft_robot_bringub/lib/python3.10/site-packages'
[33.128s] Level 1:colcon.colcon_core.environment:checking '/home/pi2/ros2_ws/install/soft_robot_bringub/bin'
[33.129s] INFO:colcon.colcon_core.shell:Creating package script '/home/pi2/ros2_ws/install/soft_robot_bringub/share/soft_robot_bringub/package.ps1'
[33.132s] INFO:colcon.colcon_core.shell:Creating package descriptor '/home/pi2/ros2_ws/install/soft_robot_bringub/share/soft_robot_bringub/package.dsv'
[33.135s] INFO:colcon.colcon_core.shell:Creating package script '/home/pi2/ros2_ws/install/soft_robot_bringub/share/soft_robot_bringub/package.sh'
[33.138s] INFO:colcon.colcon_core.shell:Creating package script '/home/pi2/ros2_ws/install/soft_robot_bringub/share/soft_robot_bringub/package.bash'
[33.141s] INFO:colcon.colcon_core.shell:Creating package script '/home/pi2/ros2_ws/install/soft_robot_bringub/share/soft_robot_bringub/package.zsh'
[33.144s] Level 1:colcon.colcon_core.environment:create_file_with_runtime_dependencies(/home/pi2/ros2_ws/install/soft_robot_bringub/share/colcon-core/packages/soft_robot_bringub)
[33.145s] DEBUG:colcon.colcon_parallel_executor.executor.parallel:closing loop
[33.146s] DEBUG:colcon.colcon_parallel_executor.executor.parallel:loop closed
[33.147s] DEBUG:colcon.colcon_parallel_executor.executor.parallel:run_until_complete finished with '0'
[33.148s] DEBUG:colcon.colcon_core.event_reactor:joining thread
[33.176s] INFO:colcon.colcon_core.plugin_system:Skipping extension 'colcon_notification.desktop_notification.notify_send': Could not find 'notify-send'
[33.176s] INFO:colcon.colcon_core.plugin_system:Skipping extension 'colcon_notification.desktop_notification.terminal_notifier': Not used on non-Darwin systems
[33.176s] INFO:colcon.colcon_core.plugin_system:Skipping extension 'colcon_notification.desktop_notification.win32': Not used on non-Windows systems
[33.177s] INFO:colcon.colcon_notification.desktop_notification:Sending desktop notification using 'notify2'
[33.248s] DEBUG:colcon.colcon_notification.desktop_notification.notify2:Failed to initialize notify2: org.freedesktop.DBus.Error.ServiceUnknown: The name org.freedesktop.Notifications was not provided by any .service files
[33.249s] DEBUG:colcon.colcon_core.event_reactor:joined thread
[33.251s] INFO:colcon.colcon_core.shell:Creating prefix script '/home/pi2/ros2_ws/install/local_setup.ps1'
[33.257s] INFO:colcon.colcon_core.shell:Creating prefix util module '/home/pi2/ros2_ws/install/_local_setup_util_ps1.py'
[33.267s] INFO:colcon.colcon_core.shell:Creating prefix chain script '/home/pi2/ros2_ws/install/setup.ps1'
[33.277s] INFO:colcon.colcon_core.shell:Creating prefix script '/home/pi2/ros2_ws/install/local_setup.sh'
[33.281s] INFO:colcon.colcon_core.shell:Creating prefix util module '/home/pi2/ros2_ws/install/_local_setup_util_sh.py'
[33.284s] INFO:colcon.colcon_core.shell:Creating prefix chain script '/home/pi2/ros2_ws/install/setup.sh'
[33.294s] INFO:colcon.colcon_core.shell:Creating prefix script '/home/pi2/ros2_ws/install/local_setup.bash'
[33.298s] INFO:colcon.colcon_core.shell:Creating prefix chain script '/home/pi2/ros2_ws/install/setup.bash'
[33.309s] INFO:colcon.colcon_core.shell:Creating prefix script '/home/pi2/ros2_ws/install/local_setup.zsh'
[33.314s] INFO:colcon.colcon_core.shell:Creating prefix chain script '/home/pi2/ros2_ws/install/setup.zsh'
