[8.674s] Invoking command in '/home/pi2/ros2_ws/src/motor_serial': PYTHONPATH=/home/pi2/ros2_ws/build/motor_serial/prefix_override:/usr/lib/python3/dist-packages/colcon_core/task/python/colcon_distutils_commands:/home/pi2/ros2_ws/install/motor_serial/lib/python3.10/site-packages:${PYTHONPATH} /usr/bin/python3 -W ignore:setup.py install is deprecated setup.py egg_info --egg-base ../../build/motor_serial build --build-base /home/pi2/ros2_ws/build/motor_serial/build install --record /home/pi2/ros2_ws/build/motor_serial/install.log --single-version-externally-managed install_data
[10.557s] running egg_info
[10.561s] writing ../../build/motor_serial/motor_serial.egg-info/PKG-INFO
[10.563s] writing dependency_links to ../../build/motor_serial/motor_serial.egg-info/dependency_links.txt
[10.565s] writing entry points to ../../build/motor_serial/motor_serial.egg-info/entry_points.txt
[10.566s] writing requirements to ../../build/motor_serial/motor_serial.egg-info/requires.txt
[10.569s] writing top-level names to ../../build/motor_serial/motor_serial.egg-info/top_level.txt
[10.583s] reading manifest file '../../build/motor_serial/motor_serial.egg-info/SOURCES.txt'
[10.588s] writing manifest file '../../build/motor_serial/motor_serial.egg-info/SOURCES.txt'
[10.589s] running build
[10.590s] running build_py
[10.591s] running install
[10.592s] running install_lib
[10.600s] running install_data
[10.601s] running install_egg_info
[10.611s] removing '/home/pi2/ros2_ws/install/motor_serial/lib/python3.10/site-packages/motor_serial-0.0.0-py3.10.egg-info' (and everything under it)
[10.613s] Copying ../../build/motor_serial/motor_serial.egg-info to /home/pi2/ros2_ws/install/motor_serial/lib/python3.10/site-packages/motor_serial-0.0.0-py3.10.egg-info
[10.623s] running install_scripts
[10.780s] Installing motor_serial script to /home/pi2/ros2_ws/install/motor_serial/lib/motor_serial
[10.783s] writing list of installed files to '/home/pi2/ros2_ws/build/motor_serial/install.log'
[11.058s] Invoked command in '/home/pi2/ros2_ws/src/motor_serial' returned '0': PYTHONPATH=/home/pi2/ros2_ws/build/motor_serial/prefix_override:/usr/lib/python3/dist-packages/colcon_core/task/python/colcon_distutils_commands:/home/pi2/ros2_ws/install/motor_serial/lib/python3.10/site-packages:${PYTHONPATH} /usr/bin/python3 -W ignore:setup.py install is deprecated setup.py egg_info --egg-base ../../build/motor_serial build --build-base /home/pi2/ros2_ws/build/motor_serial/build install --record /home/pi2/ros2_ws/build/motor_serial/install.log --single-version-externally-managed install_data
