[1.085s] DEBUG:colcon:Command line arguments: ['/usr/bin/colcon', 'build', '--packages-select', 'my_parameters']
[1.086s] DEBUG:colcon:Parsed command line arguments: Namespace(log_base=None, log_level=None, verb_name='build', build_base='build', install_base='install', merge_install=False, symlink_install=False, test_result_base=None, continue_on_error=False, executor='parallel', parallel_workers=4, event_handlers=None, ignore_user_meta=False, metas=['./colcon.meta'], base_paths=['.'], packages_ignore=None, packages_ignore_regex=None, paths=None, packages_up_to=None, packages_up_to_regex=None, packages_above=None, packages_above_and_dependencies=None, packages_above_depth=None, packages_select_by_dep=None, packages_skip_by_dep=None, packages_skip_up_to=None, packages_select_build_failed=False, packages_skip_build_finished=False, packages_select_test_failures=False, packages_skip_test_passed=False, packages_select=['my_parameters'], packages_skip=None, packages_select_regex=None, packages_skip_regex=None, packages_start=None, packages_end=None, allow_overriding=[], cmake_args=None, cmake_target=None, cmake_target_skip_unavailable=False, cmake_clean_cache=False, cmake_clean_first=False, cmake_force_configure=False, ament_cmake_args=None, catkin_cmake_args=None, catkin_skip_building_tests=False, verb_parser=<colcon_defaults.argument_parser.defaults.DefaultArgumentsDecorator object at 0xffffb9f54910>, verb_extension=<colcon_core.verb.build.BuildVerb object at 0xffffba1093c0>, main=<bound method BuildVerb.main of <colcon_core.verb.build.BuildVerb object at 0xffffba1093c0>>)
[2.454s] Level 1:colcon.colcon_core.package_discovery:discover_packages(colcon_meta) check parameters
[2.455s] Level 1:colcon.colcon_core.package_discovery:discover_packages(recursive) check parameters
[2.455s] Level 1:colcon.colcon_core.package_discovery:discover_packages(ignore) check parameters
[2.455s] Level 1:colcon.colcon_core.package_discovery:discover_packages(path) check parameters
[2.456s] Level 1:colcon.colcon_core.package_discovery:discover_packages(colcon_meta) discover
[2.456s] Level 1:colcon.colcon_core.package_discovery:discover_packages(recursive) discover
[2.456s] INFO:colcon.colcon_core.package_discovery:Crawling recursively for packages in '/home/pi2/ros2_ws'
[2.457s] Level 1:colcon.colcon_core.package_identification:_identify(.) by extensions ['ignore', 'ignore_ament_install']
[2.457s] Level 1:colcon.colcon_core.package_identification:_identify(.) by extension 'ignore'
[2.458s] Level 1:colcon.colcon_core.package_identification:_identify(.) by extension 'ignore_ament_install'
[2.458s] Level 1:colcon.colcon_core.package_identification:_identify(.) by extensions ['colcon_pkg']
[2.458s] Level 1:colcon.colcon_core.package_identification:_identify(.) by extension 'colcon_pkg'
[2.458s] Level 1:colcon.colcon_core.package_identification:_identify(.) by extensions ['colcon_meta']
[2.459s] Level 1:colcon.colcon_core.package_identification:_identify(.) by extension 'colcon_meta'
[2.459s] Level 1:colcon.colcon_core.package_identification:_identify(.) by extensions ['ros']
[2.459s] Level 1:colcon.colcon_core.package_identification:_identify(.) by extension 'ros'
[2.542s] Level 1:colcon.colcon_core.package_identification:_identify(.) by extensions ['cmake', 'python']
[2.542s] Level 1:colcon.colcon_core.package_identification:_identify(.) by extension 'cmake'
[2.543s] Level 1:colcon.colcon_core.package_identification:_identify(.) by extension 'python'
[2.543s] Level 1:colcon.colcon_core.package_identification:_identify(.) by extensions ['python_setup_py']
[2.543s] Level 1:colcon.colcon_core.package_identification:_identify(.) by extension 'python_setup_py'
[2.544s] Level 1:colcon.colcon_core.package_identification:_identify(build) by extensions ['ignore', 'ignore_ament_install']
[2.545s] Level 1:colcon.colcon_core.package_identification:_identify(build) by extension 'ignore'
[2.545s] Level 1:colcon.colcon_core.package_identification:_identify(build) ignored
[2.546s] Level 1:colcon.colcon_core.package_identification:_identify(install) by extensions ['ignore', 'ignore_ament_install']
[2.546s] Level 1:colcon.colcon_core.package_identification:_identify(install) by extension 'ignore'
[2.546s] Level 1:colcon.colcon_core.package_identification:_identify(install) ignored
[2.547s] Level 1:colcon.colcon_core.package_identification:_identify(joy2twist.yaml) by extensions ['ignore', 'ignore_ament_install']
[2.547s] Level 1:colcon.colcon_core.package_identification:_identify(joy2twist.yaml) by extension 'ignore'
[2.548s] Level 1:colcon.colcon_core.package_identification:_identify(joy2twist.yaml) by extension 'ignore_ament_install'
[2.548s] Level 1:colcon.colcon_core.package_identification:_identify(joy2twist.yaml) by extensions ['colcon_pkg']
[2.548s] Level 1:colcon.colcon_core.package_identification:_identify(joy2twist.yaml) by extension 'colcon_pkg'
[2.548s] Level 1:colcon.colcon_core.package_identification:_identify(joy2twist.yaml) by extensions ['colcon_meta']
[2.548s] Level 1:colcon.colcon_core.package_identification:_identify(joy2twist.yaml) by extension 'colcon_meta'
[2.549s] Level 1:colcon.colcon_core.package_identification:_identify(joy2twist.yaml) by extensions ['ros']
[2.549s] Level 1:colcon.colcon_core.package_identification:_identify(joy2twist.yaml) by extension 'ros'
[2.549s] Level 1:colcon.colcon_core.package_identification:_identify(joy2twist.yaml) by extensions ['cmake', 'python']
[2.549s] Level 1:colcon.colcon_core.package_identification:_identify(joy2twist.yaml) by extension 'cmake'
[2.550s] Level 1:colcon.colcon_core.package_identification:_identify(joy2twist.yaml) by extension 'python'
[2.550s] Level 1:colcon.colcon_core.package_identification:_identify(joy2twist.yaml) by extensions ['python_setup_py']
[2.550s] Level 1:colcon.colcon_core.package_identification:_identify(joy2twist.yaml) by extension 'python_setup_py'
[2.552s] Level 1:colcon.colcon_core.package_identification:_identify(log) by extensions ['ignore', 'ignore_ament_install']
[2.553s] Level 1:colcon.colcon_core.package_identification:_identify(log) by extension 'ignore'
[2.553s] Level 1:colcon.colcon_core.package_identification:_identify(log) ignored
[2.554s] Level 1:colcon.colcon_core.package_identification:_identify(src) by extensions ['ignore', 'ignore_ament_install']
[2.554s] Level 1:colcon.colcon_core.package_identification:_identify(src) by extension 'ignore'
[2.554s] Level 1:colcon.colcon_core.package_identification:_identify(src) by extension 'ignore_ament_install'
[2.555s] Level 1:colcon.colcon_core.package_identification:_identify(src) by extensions ['colcon_pkg']
[2.555s] Level 1:colcon.colcon_core.package_identification:_identify(src) by extension 'colcon_pkg'
[2.555s] Level 1:colcon.colcon_core.package_identification:_identify(src) by extensions ['colcon_meta']
[2.555s] Level 1:colcon.colcon_core.package_identification:_identify(src) by extension 'colcon_meta'
[2.556s] Level 1:colcon.colcon_core.package_identification:_identify(src) by extensions ['ros']
[2.556s] Level 1:colcon.colcon_core.package_identification:_identify(src) by extension 'ros'
[2.556s] Level 1:colcon.colcon_core.package_identification:_identify(src) by extensions ['cmake', 'python']
[2.556s] Level 1:colcon.colcon_core.package_identification:_identify(src) by extension 'cmake'
[2.557s] Level 1:colcon.colcon_core.package_identification:_identify(src) by extension 'python'
[2.557s] Level 1:colcon.colcon_core.package_identification:_identify(src) by extensions ['python_setup_py']
[2.557s] Level 1:colcon.colcon_core.package_identification:_identify(src) by extension 'python_setup_py'
[2.558s] Level 1:colcon.colcon_core.package_identification:_identify(src/bno055) by extensions ['ignore', 'ignore_ament_install']
[2.558s] Level 1:colcon.colcon_core.package_identification:_identify(src/bno055) by extension 'ignore'
[2.558s] Level 1:colcon.colcon_core.package_identification:_identify(src/bno055) by extension 'ignore_ament_install'
[2.559s] Level 1:colcon.colcon_core.package_identification:_identify(src/bno055) by extensions ['colcon_pkg']
[2.559s] Level 1:colcon.colcon_core.package_identification:_identify(src/bno055) by extension 'colcon_pkg'
[2.559s] Level 1:colcon.colcon_core.package_identification:_identify(src/bno055) by extensions ['colcon_meta']
[2.559s] Level 1:colcon.colcon_core.package_identification:_identify(src/bno055) by extension 'colcon_meta'
[2.560s] Level 1:colcon.colcon_core.package_identification:_identify(src/bno055) by extensions ['ros']
[2.560s] Level 1:colcon.colcon_core.package_identification:_identify(src/bno055) by extension 'ros'
[2.576s] DEBUG:colcon.colcon_core.package_identification:Package 'src/bno055' with type 'ros.ament_python' and name 'bno055'
[2.577s] Level 1:colcon.colcon_core.package_identification:_identify(src/joystick_publisher) by extensions ['ignore', 'ignore_ament_install']
[2.577s] Level 1:colcon.colcon_core.package_identification:_identify(src/joystick_publisher) by extension 'ignore'
[2.578s] Level 1:colcon.colcon_core.package_identification:_identify(src/joystick_publisher) by extension 'ignore_ament_install'
[2.578s] Level 1:colcon.colcon_core.package_identification:_identify(src/joystick_publisher) by extensions ['colcon_pkg']
[2.578s] Level 1:colcon.colcon_core.package_identification:_identify(src/joystick_publisher) by extension 'colcon_pkg'
[2.578s] Level 1:colcon.colcon_core.package_identification:_identify(src/joystick_publisher) by extensions ['colcon_meta']
[2.579s] Level 1:colcon.colcon_core.package_identification:_identify(src/joystick_publisher) by extension 'colcon_meta'
[2.579s] Level 1:colcon.colcon_core.package_identification:_identify(src/joystick_publisher) by extensions ['ros']
[2.579s] Level 1:colcon.colcon_core.package_identification:_identify(src/joystick_publisher) by extension 'ros'
[2.582s] DEBUG:colcon.colcon_core.package_identification:Package 'src/joystick_publisher' with type 'ros.ament_python' and name 'joystick_publisher'
[2.583s] Level 1:colcon.colcon_core.package_identification:_identify(src/motor_commands) by extensions ['ignore', 'ignore_ament_install']
[2.584s] Level 1:colcon.colcon_core.package_identification:_identify(src/motor_commands) by extension 'ignore'
[2.584s] Level 1:colcon.colcon_core.package_identification:_identify(src/motor_commands) by extension 'ignore_ament_install'
[2.584s] Level 1:colcon.colcon_core.package_identification:_identify(src/motor_commands) by extensions ['colcon_pkg']
[2.585s] Level 1:colcon.colcon_core.package_identification:_identify(src/motor_commands) by extension 'colcon_pkg'
[2.585s] Level 1:colcon.colcon_core.package_identification:_identify(src/motor_commands) by extensions ['colcon_meta']
[2.585s] Level 1:colcon.colcon_core.package_identification:_identify(src/motor_commands) by extension 'colcon_meta'
[2.585s] Level 1:colcon.colcon_core.package_identification:_identify(src/motor_commands) by extensions ['ros']
[2.586s] Level 1:colcon.colcon_core.package_identification:_identify(src/motor_commands) by extension 'ros'
[2.589s] DEBUG:colcon.colcon_core.package_identification:Package 'src/motor_commands' with type 'ros.ament_python' and name 'motor_commands'
[2.590s] Level 1:colcon.colcon_core.package_identification:_identify(src/motor_serial) by extensions ['ignore', 'ignore_ament_install']
[2.591s] Level 1:colcon.colcon_core.package_identification:_identify(src/motor_serial) by extension 'ignore'
[2.591s] Level 1:colcon.colcon_core.package_identification:_identify(src/motor_serial) by extension 'ignore_ament_install'
[2.592s] Level 1:colcon.colcon_core.package_identification:_identify(src/motor_serial) by extensions ['colcon_pkg']
[2.592s] Level 1:colcon.colcon_core.package_identification:_identify(src/motor_serial) by extension 'colcon_pkg'
[2.593s] Level 1:colcon.colcon_core.package_identification:_identify(src/motor_serial) by extensions ['colcon_meta']
[2.593s] Level 1:colcon.colcon_core.package_identification:_identify(src/motor_serial) by extension 'colcon_meta'
[2.593s] Level 1:colcon.colcon_core.package_identification:_identify(src/motor_serial) by extensions ['ros']
[2.593s] Level 1:colcon.colcon_core.package_identification:_identify(src/motor_serial) by extension 'ros'
[2.597s] DEBUG:colcon.colcon_core.package_identification:Package 'src/motor_serial' with type 'ros.ament_python' and name 'motor_serial'
[2.598s] Level 1:colcon.colcon_core.package_identification:_identify(src/my_parameters) by extensions ['ignore', 'ignore_ament_install']
[2.598s] Level 1:colcon.colcon_core.package_identification:_identify(src/my_parameters) by extension 'ignore'
[2.599s] Level 1:colcon.colcon_core.package_identification:_identify(src/my_parameters) by extension 'ignore_ament_install'
[2.599s] Level 1:colcon.colcon_core.package_identification:_identify(src/my_parameters) by extensions ['colcon_pkg']
[2.599s] Level 1:colcon.colcon_core.package_identification:_identify(src/my_parameters) by extension 'colcon_pkg'
[2.600s] Level 1:colcon.colcon_core.package_identification:_identify(src/my_parameters) by extensions ['colcon_meta']
[2.600s] Level 1:colcon.colcon_core.package_identification:_identify(src/my_parameters) by extension 'colcon_meta'
[2.600s] Level 1:colcon.colcon_core.package_identification:_identify(src/my_parameters) by extensions ['ros']
[2.600s] Level 1:colcon.colcon_core.package_identification:_identify(src/my_parameters) by extension 'ros'
[2.604s] DEBUG:colcon.colcon_core.package_identification:Package 'src/my_parameters' with type 'ros.ament_cmake' and name 'my_parameters'
[2.605s] Level 1:colcon.colcon_core.package_identification:_identify(src/sllidar_ros2) by extensions ['ignore', 'ignore_ament_install']
[2.605s] Level 1:colcon.colcon_core.package_identification:_identify(src/sllidar_ros2) by extension 'ignore'
[2.606s] Level 1:colcon.colcon_core.package_identification:_identify(src/sllidar_ros2) by extension 'ignore_ament_install'
[2.606s] Level 1:colcon.colcon_core.package_identification:_identify(src/sllidar_ros2) by extensions ['colcon_pkg']
[2.606s] Level 1:colcon.colcon_core.package_identification:_identify(src/sllidar_ros2) by extension 'colcon_pkg'
[2.607s] Level 1:colcon.colcon_core.package_identification:_identify(src/sllidar_ros2) by extensions ['colcon_meta']
[2.607s] Level 1:colcon.colcon_core.package_identification:_identify(src/sllidar_ros2) by extension 'colcon_meta'
[2.607s] Level 1:colcon.colcon_core.package_identification:_identify(src/sllidar_ros2) by extensions ['ros']
[2.607s] Level 1:colcon.colcon_core.package_identification:_identify(src/sllidar_ros2) by extension 'ros'
[2.611s] DEBUG:colcon.colcon_core.package_identification:Package 'src/sllidar_ros2' with type 'ros.ament_cmake' and name 'sllidar_ros2'
[2.612s] Level 1:colcon.colcon_core.package_identification:_identify(src/soft_robot_bringub) by extensions ['ignore', 'ignore_ament_install']
[2.613s] Level 1:colcon.colcon_core.package_identification:_identify(src/soft_robot_bringub) by extension 'ignore'
[2.613s] Level 1:colcon.colcon_core.package_identification:_identify(src/soft_robot_bringub) by extension 'ignore_ament_install'
[2.613s] Level 1:colcon.colcon_core.package_identification:_identify(src/soft_robot_bringub) by extensions ['colcon_pkg']
[2.614s] Level 1:colcon.colcon_core.package_identification:_identify(src/soft_robot_bringub) by extension 'colcon_pkg'
[2.614s] Level 1:colcon.colcon_core.package_identification:_identify(src/soft_robot_bringub) by extensions ['colcon_meta']
[2.614s] Level 1:colcon.colcon_core.package_identification:_identify(src/soft_robot_bringub) by extension 'colcon_meta'
[2.614s] Level 1:colcon.colcon_core.package_identification:_identify(src/soft_robot_bringub) by extensions ['ros']
[2.614s] Level 1:colcon.colcon_core.package_identification:_identify(src/soft_robot_bringub) by extension 'ros'
[2.619s] DEBUG:colcon.colcon_core.package_identification:Package 'src/soft_robot_bringub' with type 'ros.ament_cmake' and name 'soft_robot_bringub'
[2.619s] Level 1:colcon.colcon_core.package_discovery:discover_packages(recursive) using defaults
[2.620s] Level 1:colcon.colcon_core.package_discovery:discover_packages(ignore) discover
[2.620s] Level 1:colcon.colcon_core.package_discovery:discover_packages(ignore) using defaults
[2.620s] Level 1:colcon.colcon_core.package_discovery:discover_packages(path) discover
[2.620s] Level 1:colcon.colcon_core.package_discovery:discover_packages(path) using defaults
[2.840s] INFO:colcon.colcon_core.package_selection:Skipping not selected package 'bno055' in 'src/bno055'
[2.840s] INFO:colcon.colcon_core.package_selection:Skipping not selected package 'joystick_publisher' in 'src/joystick_publisher'
[2.840s] INFO:colcon.colcon_core.package_selection:Skipping not selected package 'motor_commands' in 'src/motor_commands'
[2.841s] INFO:colcon.colcon_core.package_selection:Skipping not selected package 'motor_serial' in 'src/motor_serial'
[2.841s] INFO:colcon.colcon_core.package_selection:Skipping not selected package 'sllidar_ros2' in 'src/sllidar_ros2'
[2.841s] INFO:colcon.colcon_core.package_selection:Skipping not selected package 'soft_robot_bringub' in 'src/soft_robot_bringub'
[2.844s] Level 1:colcon.colcon_core.package_discovery:discover_packages(prefix_path) check parameters
[2.844s] Level 1:colcon.colcon_core.package_discovery:discover_packages(prefix_path) discover
[2.865s] DEBUG:colcon.colcon_installed_package_information.package_discovery:Found 8 installed packages in /home/pi2/ros2_ws/install
[2.879s] DEBUG:colcon.colcon_installed_package_information.package_discovery:Found 285 installed packages in /opt/ros/humble
[2.888s] Level 1:colcon.colcon_core.package_discovery:discover_packages(prefix_path) using defaults
[3.381s] Level 5:colcon.colcon_core.verb:set package 'my_parameters' build argument 'cmake_args' from command line to 'None'
[3.382s] Level 5:colcon.colcon_core.verb:set package 'my_parameters' build argument 'cmake_target' from command line to 'None'
[3.382s] Level 5:colcon.colcon_core.verb:set package 'my_parameters' build argument 'cmake_target_skip_unavailable' from command line to 'False'
[3.382s] Level 5:colcon.colcon_core.verb:set package 'my_parameters' build argument 'cmake_clean_cache' from command line to 'False'
[3.382s] Level 5:colcon.colcon_core.verb:set package 'my_parameters' build argument 'cmake_clean_first' from command line to 'False'
[3.382s] Level 5:colcon.colcon_core.verb:set package 'my_parameters' build argument 'cmake_force_configure' from command line to 'False'
[3.382s] Level 5:colcon.colcon_core.verb:set package 'my_parameters' build argument 'ament_cmake_args' from command line to 'None'
[3.383s] Level 5:colcon.colcon_core.verb:set package 'my_parameters' build argument 'catkin_cmake_args' from command line to 'None'
[3.383s] Level 5:colcon.colcon_core.verb:set package 'my_parameters' build argument 'catkin_skip_building_tests' from command line to 'False'
[3.383s] DEBUG:colcon.colcon_core.verb:Building package 'my_parameters' with the following arguments: {'ament_cmake_args': None, 'build_base': '/home/pi2/ros2_ws/build/my_parameters', 'catkin_cmake_args': None, 'catkin_skip_building_tests': False, 'cmake_args': None, 'cmake_clean_cache': False, 'cmake_clean_first': False, 'cmake_force_configure': False, 'cmake_target': None, 'cmake_target_skip_unavailable': False, 'install_base': '/home/pi2/ros2_ws/install/my_parameters', 'merge_install': False, 'path': '/home/pi2/ros2_ws/src/my_parameters', 'symlink_install': False, 'test_result_base': None}
[3.384s] INFO:colcon.colcon_core.executor:Executing jobs using 'parallel' executor
[3.387s] DEBUG:colcon.colcon_parallel_executor.executor.parallel:run_until_complete
[3.388s] INFO:colcon.colcon_ros.task.ament_cmake.build:Building ROS package in '/home/pi2/ros2_ws/src/my_parameters' with build type 'ament_cmake'
[3.389s] INFO:colcon.colcon_cmake.task.cmake.build:Building CMake package in '/home/pi2/ros2_ws/src/my_parameters'
[3.413s] INFO:colcon.colcon_core.plugin_system:Skipping extension 'colcon_core.shell.bat': Not used on non-Windows systems
[3.414s] INFO:colcon.colcon_core.shell:Skip shell extension 'powershell' for command environment: Not usable outside of PowerShell
[3.415s] DEBUG:colcon.colcon_core.shell:Skip shell extension 'dsv' for command environment
[3.475s] DEBUG:colcon.colcon_core.event_handler.log_command:Invoking command in '/home/pi2/ros2_ws/build/my_parameters': CMAKE_PREFIX_PATH=${CMAKE_PREFIX_PATH}:/home/pi2/ros2_ws/install/motor_serial:/home/pi2/ros2_ws/install/motor_commands:/home/pi2/ros2_ws/install/locolization:/home/pi2/ros2_ws/install/joystick_publisher:/home/pi2/ros2_ws/install/bno055:/opt/ros/humble /usr/bin/cmake --build /home/pi2/ros2_ws/build/my_parameters -- -j4 -l4
[6.803s] DEBUG:colcon.colcon_core.event_handler.log_command:Invoked command in '/home/pi2/ros2_ws/build/my_parameters' returned '0': CMAKE_PREFIX_PATH=${CMAKE_PREFIX_PATH}:/home/pi2/ros2_ws/install/motor_serial:/home/pi2/ros2_ws/install/motor_commands:/home/pi2/ros2_ws/install/locolization:/home/pi2/ros2_ws/install/joystick_publisher:/home/pi2/ros2_ws/install/bno055:/opt/ros/humble /usr/bin/cmake --build /home/pi2/ros2_ws/build/my_parameters -- -j4 -l4
[7.602s] DEBUG:colcon.colcon_core.event_handler.log_command:Invoking command in '/home/pi2/ros2_ws/build/my_parameters': CMAKE_PREFIX_PATH=${CMAKE_PREFIX_PATH}:/home/pi2/ros2_ws/install/motor_serial:/home/pi2/ros2_ws/install/motor_commands:/home/pi2/ros2_ws/install/locolization:/home/pi2/ros2_ws/install/joystick_publisher:/home/pi2/ros2_ws/install/bno055:/opt/ros/humble /usr/bin/cmake --install /home/pi2/ros2_ws/build/my_parameters
[8.112s] Level 1:colcon.colcon_core.environment:create_environment_scripts_only(my_parameters)
[8.114s] DEBUG:colcon.colcon_core.event_handler.log_command:Invoked command in '/home/pi2/ros2_ws/build/my_parameters' returned '0': CMAKE_PREFIX_PATH=${CMAKE_PREFIX_PATH}:/home/pi2/ros2_ws/install/motor_serial:/home/pi2/ros2_ws/install/motor_commands:/home/pi2/ros2_ws/install/locolization:/home/pi2/ros2_ws/install/joystick_publisher:/home/pi2/ros2_ws/install/bno055:/opt/ros/humble /usr/bin/cmake --install /home/pi2/ros2_ws/build/my_parameters
[8.151s] Level 1:colcon.colcon_core.environment:checking '/home/pi2/ros2_ws/install/my_parameters' for CMake module files
[8.158s] Level 1:colcon.colcon_core.environment:checking '/home/pi2/ros2_ws/install/my_parameters' for CMake config files
[8.163s] Level 1:colcon.colcon_core.shell:create_environment_hook('my_parameters', 'cmake_prefix_path')
[8.164s] INFO:colcon.colcon_core.shell:Creating environment hook '/home/pi2/ros2_ws/install/my_parameters/share/my_parameters/hook/cmake_prefix_path.ps1'
[8.167s] INFO:colcon.colcon_core.shell:Creating environment descriptor '/home/pi2/ros2_ws/install/my_parameters/share/my_parameters/hook/cmake_prefix_path.dsv'
[8.170s] INFO:colcon.colcon_core.shell:Creating environment hook '/home/pi2/ros2_ws/install/my_parameters/share/my_parameters/hook/cmake_prefix_path.sh'
[8.175s] Level 1:colcon.colcon_core.environment:checking '/home/pi2/ros2_ws/install/my_parameters/lib'
[8.176s] Level 1:colcon.colcon_core.shell:create_environment_hook('my_parameters', 'ld_library_path_lib')
[8.177s] INFO:colcon.colcon_core.shell:Creating environment hook '/home/pi2/ros2_ws/install/my_parameters/share/my_parameters/hook/ld_library_path_lib.ps1'
[8.180s] INFO:colcon.colcon_core.shell:Creating environment descriptor '/home/pi2/ros2_ws/install/my_parameters/share/my_parameters/hook/ld_library_path_lib.dsv'
[8.182s] INFO:colcon.colcon_core.shell:Creating environment hook '/home/pi2/ros2_ws/install/my_parameters/share/my_parameters/hook/ld_library_path_lib.sh'
[8.185s] Level 1:colcon.colcon_core.environment:checking '/home/pi2/ros2_ws/install/my_parameters/bin'
[8.186s] Level 1:colcon.colcon_core.environment:checking '/home/pi2/ros2_ws/install/my_parameters/lib/pkgconfig/my_parameters.pc'
[8.187s] Level 1:colcon.colcon_core.environment:checking '/home/pi2/ros2_ws/install/my_parameters/lib/python3.10/site-packages'
[8.188s] Level 1:colcon.colcon_core.environment:checking '/home/pi2/ros2_ws/install/my_parameters/bin'
[8.190s] INFO:colcon.colcon_core.shell:Creating package script '/home/pi2/ros2_ws/install/my_parameters/share/my_parameters/package.ps1'
[8.196s] INFO:colcon.colcon_core.shell:Creating package descriptor '/home/pi2/ros2_ws/install/my_parameters/share/my_parameters/package.dsv'
[8.200s] INFO:colcon.colcon_core.shell:Creating package script '/home/pi2/ros2_ws/install/my_parameters/share/my_parameters/package.sh'
[8.206s] INFO:colcon.colcon_core.shell:Creating package script '/home/pi2/ros2_ws/install/my_parameters/share/my_parameters/package.bash'
[8.216s] INFO:colcon.colcon_core.shell:Creating package script '/home/pi2/ros2_ws/install/my_parameters/share/my_parameters/package.zsh'
[8.223s] Level 1:colcon.colcon_core.environment:create_file_with_runtime_dependencies(/home/pi2/ros2_ws/install/my_parameters/share/colcon-core/packages/my_parameters)
[9.179s] Level 1:colcon.colcon_core.environment:create_environment_scripts_only(my_parameters)
[9.182s] Level 1:colcon.colcon_core.environment:checking '/home/pi2/ros2_ws/install/my_parameters' for CMake module files
[9.194s] Level 1:colcon.colcon_core.environment:checking '/home/pi2/ros2_ws/install/my_parameters' for CMake config files
[9.205s] Level 1:colcon.colcon_core.shell:create_environment_hook('my_parameters', 'cmake_prefix_path')
[9.207s] INFO:colcon.colcon_core.shell:Creating environment hook '/home/pi2/ros2_ws/install/my_parameters/share/my_parameters/hook/cmake_prefix_path.ps1'
[9.212s] INFO:colcon.colcon_core.shell:Creating environment descriptor '/home/pi2/ros2_ws/install/my_parameters/share/my_parameters/hook/cmake_prefix_path.dsv'
[9.217s] INFO:colcon.colcon_core.shell:Creating environment hook '/home/pi2/ros2_ws/install/my_parameters/share/my_parameters/hook/cmake_prefix_path.sh'
[9.224s] Level 1:colcon.colcon_core.environment:checking '/home/pi2/ros2_ws/install/my_parameters/lib'
[9.226s] Level 1:colcon.colcon_core.shell:create_environment_hook('my_parameters', 'ld_library_path_lib')
[9.228s] INFO:colcon.colcon_core.shell:Creating environment hook '/home/pi2/ros2_ws/install/my_parameters/share/my_parameters/hook/ld_library_path_lib.ps1'
[9.231s] INFO:colcon.colcon_core.shell:Creating environment descriptor '/home/pi2/ros2_ws/install/my_parameters/share/my_parameters/hook/ld_library_path_lib.dsv'
[9.235s] INFO:colcon.colcon_core.shell:Creating environment hook '/home/pi2/ros2_ws/install/my_parameters/share/my_parameters/hook/ld_library_path_lib.sh'
[9.238s] Level 1:colcon.colcon_core.environment:checking '/home/pi2/ros2_ws/install/my_parameters/bin'
[9.239s] Level 1:colcon.colcon_core.environment:checking '/home/pi2/ros2_ws/install/my_parameters/lib/pkgconfig/my_parameters.pc'
[9.241s] Level 1:colcon.colcon_core.environment:checking '/home/pi2/ros2_ws/install/my_parameters/lib/python3.10/site-packages'
[9.243s] Level 1:colcon.colcon_core.environment:checking '/home/pi2/ros2_ws/install/my_parameters/bin'
[9.245s] INFO:colcon.colcon_core.shell:Creating package script '/home/pi2/ros2_ws/install/my_parameters/share/my_parameters/package.ps1'
[9.250s] INFO:colcon.colcon_core.shell:Creating package descriptor '/home/pi2/ros2_ws/install/my_parameters/share/my_parameters/package.dsv'
[9.255s] INFO:colcon.colcon_core.shell:Creating package script '/home/pi2/ros2_ws/install/my_parameters/share/my_parameters/package.sh'
[9.258s] INFO:colcon.colcon_core.shell:Creating package script '/home/pi2/ros2_ws/install/my_parameters/share/my_parameters/package.bash'
[9.263s] INFO:colcon.colcon_core.shell:Creating package script '/home/pi2/ros2_ws/install/my_parameters/share/my_parameters/package.zsh'
[9.267s] Level 1:colcon.colcon_core.environment:create_file_with_runtime_dependencies(/home/pi2/ros2_ws/install/my_parameters/share/colcon-core/packages/my_parameters)
[9.270s] DEBUG:colcon.colcon_parallel_executor.executor.parallel:closing loop
[9.273s] DEBUG:colcon.colcon_parallel_executor.executor.parallel:loop closed
[9.273s] DEBUG:colcon.colcon_parallel_executor.executor.parallel:run_until_complete finished with '0'
[9.274s] DEBUG:colcon.colcon_core.event_reactor:joining thread
[9.336s] INFO:colcon.colcon_core.plugin_system:Skipping extension 'colcon_notification.desktop_notification.notify_send': Could not find 'notify-send'
[9.336s] INFO:colcon.colcon_core.plugin_system:Skipping extension 'colcon_notification.desktop_notification.terminal_notifier': Not used on non-Darwin systems
[9.337s] INFO:colcon.colcon_core.plugin_system:Skipping extension 'colcon_notification.desktop_notification.win32': Not used on non-Windows systems
[9.337s] INFO:colcon.colcon_notification.desktop_notification:Sending desktop notification using 'notify2'
[9.346s] DEBUG:colcon.colcon_notification.desktop_notification.notify2:Failed to initialize notify2: org.freedesktop.DBus.Error.ServiceUnknown: The name org.freedesktop.Notifications was not provided by any .service files
[9.347s] DEBUG:colcon.colcon_core.event_reactor:joined thread
[9.348s] INFO:colcon.colcon_core.shell:Creating prefix script '/home/pi2/ros2_ws/install/local_setup.ps1'
[9.354s] INFO:colcon.colcon_core.shell:Creating prefix util module '/home/pi2/ros2_ws/install/_local_setup_util_ps1.py'
[9.372s] INFO:colcon.colcon_core.shell:Creating prefix chain script '/home/pi2/ros2_ws/install/setup.ps1'
[9.384s] INFO:colcon.colcon_core.shell:Creating prefix script '/home/pi2/ros2_ws/install/local_setup.sh'
[9.389s] INFO:colcon.colcon_core.shell:Creating prefix util module '/home/pi2/ros2_ws/install/_local_setup_util_sh.py'
[9.393s] INFO:colcon.colcon_core.shell:Creating prefix chain script '/home/pi2/ros2_ws/install/setup.sh'
[9.405s] INFO:colcon.colcon_core.shell:Creating prefix script '/home/pi2/ros2_ws/install/local_setup.bash'
[9.410s] INFO:colcon.colcon_core.shell:Creating prefix chain script '/home/pi2/ros2_ws/install/setup.bash'
[9.421s] INFO:colcon.colcon_core.shell:Creating prefix script '/home/pi2/ros2_ws/install/local_setup.zsh'
[9.438s] INFO:colcon.colcon_core.shell:Creating prefix chain script '/home/pi2/ros2_ws/install/setup.zsh'
