[8.599s] Invoking command in '/home/pi2/ros2_ws/src/motor_commands': PYTHONPATH=/home/pi2/ros2_ws/build/motor_commands/prefix_override:/usr/lib/python3/dist-packages/colcon_core/task/python/colcon_distutils_commands:/home/pi2/ros2_ws/install/motor_commands/lib/python3.10/site-packages:${PYTHONPATH} /usr/bin/python3 -W ignore:setup.py install is deprecated setup.py egg_info --egg-base ../../build/motor_commands build --build-base /home/pi2/ros2_ws/build/motor_commands/build install --record /home/pi2/ros2_ws/build/motor_commands/install.log --single-version-externally-managed install_data
[12.575s] running egg_info
[12.582s] writing ../../build/motor_commands/motor_commands.egg-info/PKG-INFO
[12.584s] writing dependency_links to ../../build/motor_commands/motor_commands.egg-info/dependency_links.txt
[12.586s] writing entry points to ../../build/motor_commands/motor_commands.egg-info/entry_points.txt
[12.588s] writing requirements to ../../build/motor_commands/motor_commands.egg-info/requires.txt
[12.589s] writing top-level names to ../../build/motor_commands/motor_commands.egg-info/top_level.txt
[12.619s] reading manifest file '../../build/motor_commands/motor_commands.egg-info/SOURCES.txt'
[12.631s] writing manifest file '../../build/motor_commands/motor_commands.egg-info/SOURCES.txt'
[12.632s] running build
[12.633s] running build_py
[12.635s] copying motor_commands/transmit_command.py -> /home/pi2/ros2_ws/build/motor_commands/build/lib/motor_commands
[12.638s] running install
[12.641s] running install_lib
[12.652s] copying /home/pi2/ros2_ws/build/motor_commands/build/lib/motor_commands/transmit_command.py -> /home/pi2/ros2_ws/install/motor_commands/lib/python3.10/site-packages/motor_commands
[12.661s] byte-compiling /home/pi2/ros2_ws/install/motor_commands/lib/python3.10/site-packages/motor_commands/transmit_command.py to transmit_command.cpython-310.pyc
[12.671s] running install_data
[12.673s] running install_egg_info
[12.693s] removing '/home/pi2/ros2_ws/install/motor_commands/lib/python3.10/site-packages/motor_commands-0.0.0-py3.10.egg-info' (and everything under it)
[12.697s] Copying ../../build/motor_commands/motor_commands.egg-info to /home/pi2/ros2_ws/install/motor_commands/lib/python3.10/site-packages/motor_commands-0.0.0-py3.10.egg-info
[12.713s] running install_scripts
[12.930s] Installing motor_commands script to /home/pi2/ros2_ws/install/motor_commands/lib/motor_commands
[12.932s] Installing transmit_command script to /home/pi2/ros2_ws/install/motor_commands/lib/motor_commands
[12.936s] writing list of installed files to '/home/pi2/ros2_ws/build/motor_commands/install.log'
[13.152s] Invoked command in '/home/pi2/ros2_ws/src/motor_commands' returned '0': PYTHONPATH=/home/pi2/ros2_ws/build/motor_commands/prefix_override:/usr/lib/python3/dist-packages/colcon_core/task/python/colcon_distutils_commands:/home/pi2/ros2_ws/install/motor_commands/lib/python3.10/site-packages:${PYTHONPATH} /usr/bin/python3 -W ignore:setup.py install is deprecated setup.py egg_info --egg-base ../../build/motor_commands build --build-base /home/pi2/ros2_ws/build/motor_commands/build install --record /home/pi2/ros2_ws/build/motor_commands/install.log --single-version-externally-managed install_data
