[0.054s] Invoking command in '/home/pi2/ros2_ws/build/lidar_odometry': CMAKE_PREFIX_PATH=${CMAKE_PREFIX_PATH}:/home/pi2/ros2_ws/install/my_slam_package:/home/pi2/ros2_ws/install/motor_serial:/home/pi2/ros2_ws/install/motor_commands:/home/pi2/ros2_ws/install/locolization:/home/pi2/ros2_ws/install/joystick_publisher:/home/pi2/ros2_ws/install/bno055:/opt/ros/humble /usr/bin/cmake /home/pi2/ros2_ws/src/Simple-2D-LiDAR-Odometry -DCMAKE_INSTALL_PREFIX=/home/pi2/ros2_ws/install/lidar_odometry
[1.102s] -- The C compiler identification is GNU 11.4.0
[1.875s] -- The CXX compiler identification is GNU 11.4.0
[1.928s] -- Detecting C compiler ABI info
[2.374s] -- Detecting C compiler ABI info - done
[2.405s] -- Check for working C compiler: /usr/bin/cc - skipped
[2.407s] -- Detecting C compile features
[2.411s] -- Detecting C compile features - done
[2.433s] -- Detecting CXX compiler ABI info
[2.854s] -- Detecting CXX compiler ABI info - done
[2.886s] -- Check for working CXX compiler: /usr/bin/c++ - skipped
[2.888s] -- Detecting CXX compile features
[2.889s] -- Detecting CXX compile features - done
[2.976s] -- Found ament_cmake: 1.3.10 (/opt/ros/humble/share/ament_cmake/cmake)
[4.010s] -- Found Python3: /usr/bin/python3 (found version "3.10.12") found components: Interpreter 
[5.011s] -- Found rclcpp: 16.0.10 (/opt/ros/humble/share/rclcpp/cmake)
[5.665s] -- Found rosidl_generator_c: 3.1.5 (/opt/ros/humble/share/rosidl_generator_c/cmake)
[5.757s] -- Found rosidl_adapter: 3.1.5 (/opt/ros/humble/share/rosidl_adapter/cmake)
[5.872s] -- Found rosidl_generator_cpp: 3.1.5 (/opt/ros/humble/share/rosidl_generator_cpp/cmake)
[6.021s] -- Using all available rosidl_typesupport_c: rosidl_typesupport_fastrtps_c;rosidl_typesupport_introspection_c
[6.244s] -- Using all available rosidl_typesupport_cpp: rosidl_typesupport_fastrtps_cpp;rosidl_typesupport_introspection_cpp
[6.822s] -- Found rmw_implementation_cmake: 6.1.2 (/opt/ros/humble/share/rmw_implementation_cmake/cmake)
[6.871s] -- Found rmw_fastrtps_cpp: 6.2.7 (/opt/ros/humble/share/rmw_fastrtps_cpp/cmake)
[7.713s] -- Found OpenSSL: /usr/lib/aarch64-linux-gnu/libcrypto.so (found version "3.0.2")  
[8.017s] -- Found FastRTPS: /opt/ros/humble/include  
[8.498s] -- Using RMW implementation 'rmw_fastrtps_cpp' as default
[8.645s] -- Looking for pthread.h
[9.080s] -- Looking for pthread.h - found
[9.083s] -- Performing Test CMAKE_HAVE_LIBC_PTHREAD
[9.505s] -- Performing Test CMAKE_HAVE_LIBC_PTHREAD - Success
[9.510s] -- Found Threads: TRUE  
[10.062s] -- Found sensor_msgs: 4.2.4 (/opt/ros/humble/share/sensor_msgs/cmake)
[10.363s] -- Found nav_msgs: 4.2.4 (/opt/ros/humble/share/nav_msgs/cmake)
[10.599s] -- Checking for module 'eigen3'
[10.670s] --   Found eigen3, version 3.4.0
[10.857s] -- Found Eigen: /usr/include/eigen3 (Required is at least version "3.1") 
[10.857s] -- Eigen found (include: /usr/include/eigen3, version: 3.4.0)
[11.277s] -- Found Boost: /usr/lib/aarch64-linux-gnu/cmake/Boost-1.74.0/BoostConfig.cmake (found suitable version "1.74.0", minimum required is "1.65.0") found components: system filesystem date_time iostreams serialization 
[11.503s] -- Checking for module 'flann'
[11.583s] --   Found flann, version 1.9.1
[11.794s] -- Found FLANN: /usr/lib/aarch64-linux-gnu/libflann_cpp.so  
[11.794s] -- FLANN found (include: /usr/include, lib: /usr/lib/aarch64-linux-gnu/libflann_cpp.so)
[12.044s] -- Found GLEW: /usr/lib/aarch64-linux-gnu/libGLEW.so  
[12.089s] -- Found OpenGL: /usr/lib/aarch64-linux-gnu/libOpenGL.so  found components: OpenGL GLX 
[13.018s] -- Found MPI_C: /usr/lib/aarch64-linux-gnu/libmpi.so (found version "3.1") 
[13.020s] -- Found MPI: TRUE (found version "3.1") found components: C 
[13.032s] -- Found JsonCpp: /usr/lib/aarch64-linux-gnu/libjsoncpp.so (found suitable version "1.9.5", minimum required is "0.7.0") 
[13.075s] -- Found ZLIB: /usr/lib/aarch64-linux-gnu/libz.so (found version "1.2.11") 
[13.152s] -- Found PNG: /usr/lib/aarch64-linux-gnu/libpng.so (found version "1.6.37") 
[13.304s] -- Found Eigen3: /usr/include/eigen3 (found version "3.4.0") 
[13.874s] -- Found X11: /usr/include   
[13.877s] -- Looking for XOpenDisplay in /usr/lib/aarch64-linux-gnu/libX11.so;/usr/lib/aarch64-linux-gnu/libXext.so
[14.314s] -- Looking for XOpenDisplay in /usr/lib/aarch64-linux-gnu/libX11.so;/usr/lib/aarch64-linux-gnu/libXext.so - found
[14.315s] -- Looking for gethostbyname
[14.726s] -- Looking for gethostbyname - found
[14.727s] -- Looking for connect
[15.114s] -- Looking for connect - found
[15.115s] -- Looking for remove
[15.483s] -- Looking for remove - found
[15.484s] -- Looking for shmat
[15.860s] -- Looking for shmat - found
[15.861s] -- Looking for IceConnectionNumber in ICE
[16.258s] -- Looking for IceConnectionNumber in ICE - found
[16.672s] -- Found EXPAT: /usr/lib/aarch64-linux-gnu/libexpat.so (found version "2.4.7") 
[16.683s] -- Found double-conversion: /usr/lib/aarch64-linux-gnu/libdouble-conversion.so  
[16.696s] -- Found LZ4: /usr/lib/aarch64-linux-gnu/liblz4.so (found version "1.9.3") 
[16.706s] -- Found LZMA: /usr/lib/aarch64-linux-gnu/liblzma.so (found version "5.2.5") 
[16.925s] -- Found JPEG: /usr/lib/aarch64-linux-gnu/libjpeg.so (found version "80") 
[16.949s] -- Found TIFF: /usr/lib/aarch64-linux-gnu/libtiff.so (found version "4.3.0")  
[16.965s] -- Found Freetype: /usr/lib/aarch64-linux-gnu/libfreetype.so (found version "2.11.1") 
[16.995s] -- Found utf8cpp: /usr/include/utf8cpp  
[17.435s] -- Checking for module 'libusb-1.0'
[17.518s] --   Found libusb-1.0, version 1.0.25
[17.720s] -- Found libusb: /usr/lib/aarch64-linux-gnu/libusb-1.0.so  
[17.727s] -- Found OpenNI: /usr/lib/libOpenNI.so;libusb::libusb (found version "1.5.4.0") 
[17.728s] -- OpenNI found (version: 1.5.4.0, include: /usr/include/ni, lib: /usr/lib/libOpenNI.so;libusb::libusb)
[18.036s] -- Found OpenNI2: /usr/lib/aarch64-linux-gnu/libOpenNI2.so;libusb::libusb (found version "2.2.0.33") 
[18.037s] -- OpenNI2 found (version: 2.2.0.33, include: /usr/include/openni2, lib: /usr/lib/aarch64-linux-gnu/libOpenNI2.so;libusb::libusb)
[18.038s] [0m** WARNING ** io features related to pcap will be disabled[0m
[18.913s] -- Eigen found (include: /usr/include/eigen3, version: 3.4.0)
[18.941s] -- OpenNI found (version: 1.5.4.0, include: /usr/include/ni, lib: /usr/lib/libOpenNI.so;libusb::libusb)
[18.971s] -- OpenNI2 found (version: 2.2.0.33, include: /usr/include/openni2, lib: /usr/lib/aarch64-linux-gnu/libOpenNI2.so;libusb::libusb)
[19.717s] -- Found Qhull version 8.0.2
[20.435s] -- OpenNI found (version: 1.5.4.0, include: /usr/include/ni, lib: /usr/lib/libOpenNI.so;libusb::libusb)
[21.122s] -- looking for PCL_COMMON
[21.126s] -- Found PCL_COMMON: /usr/lib/aarch64-linux-gnu/libpcl_common.so  
[21.127s] -- looking for PCL_KDTREE
[21.131s] -- Found PCL_KDTREE: /usr/lib/aarch64-linux-gnu/libpcl_kdtree.so  
[21.132s] -- looking for PCL_OCTREE
[21.136s] -- Found PCL_OCTREE: /usr/lib/aarch64-linux-gnu/libpcl_octree.so  
[21.137s] -- looking for PCL_SEARCH
[21.140s] -- Found PCL_SEARCH: /usr/lib/aarch64-linux-gnu/libpcl_search.so  
[21.141s] -- looking for PCL_SAMPLE_CONSENSUS
[21.145s] -- Found PCL_SAMPLE_CONSENSUS: /usr/lib/aarch64-linux-gnu/libpcl_sample_consensus.so  
[21.146s] -- looking for PCL_FILTERS
[21.155s] -- Found PCL_FILTERS: /usr/lib/aarch64-linux-gnu/libpcl_filters.so  
[21.155s] -- looking for PCL_2D
[21.156s] -- Found PCL_2D: /usr/include/pcl-1.12  
[21.156s] -- looking for PCL_GEOMETRY
[21.157s] -- Found PCL_GEOMETRY: /usr/include/pcl-1.12  
[21.157s] -- looking for PCL_IO
[21.158s] -- Found PCL_IO: /usr/lib/aarch64-linux-gnu/libpcl_io.so  
[21.159s] -- looking for PCL_FEATURES
[21.163s] -- Found PCL_FEATURES: /usr/lib/aarch64-linux-gnu/libpcl_features.so  
[21.164s] -- looking for PCL_ML
[21.168s] -- Found PCL_ML: /usr/lib/aarch64-linux-gnu/libpcl_ml.so  
[21.169s] -- looking for PCL_SEGMENTATION
[21.172s] -- Found PCL_SEGMENTATION: /usr/lib/aarch64-linux-gnu/libpcl_segmentation.so  
[21.173s] -- looking for PCL_VISUALIZATION
[21.177s] -- Found PCL_VISUALIZATION: /usr/lib/aarch64-linux-gnu/libpcl_visualization.so  
[21.179s] -- looking for PCL_SURFACE
[21.182s] -- Found PCL_SURFACE: /usr/lib/aarch64-linux-gnu/libpcl_surface.so  
[21.183s] -- looking for PCL_REGISTRATION
[21.186s] -- Found PCL_REGISTRATION: /usr/lib/aarch64-linux-gnu/libpcl_registration.so  
[21.188s] -- looking for PCL_KEYPOINTS
[21.191s] -- Found PCL_KEYPOINTS: /usr/lib/aarch64-linux-gnu/libpcl_keypoints.so  
[21.193s] -- looking for PCL_TRACKING
[21.196s] -- Found PCL_TRACKING: /usr/lib/aarch64-linux-gnu/libpcl_tracking.so  
[21.197s] -- looking for PCL_RECOGNITION
[21.201s] -- Found PCL_RECOGNITION: /usr/lib/aarch64-linux-gnu/libpcl_recognition.so  
[21.203s] -- looking for PCL_STEREO
[21.206s] -- Found PCL_STEREO: /usr/lib/aarch64-linux-gnu/libpcl_stereo.so  
[21.207s] -- looking for PCL_APPS
[21.211s] -- Found PCL_APPS: /usr/lib/aarch64-linux-gnu/libpcl_apps.so  
[21.213s] -- looking for PCL_IN_HAND_SCANNER
[21.214s] -- Found PCL_IN_HAND_SCANNER: /usr/include/pcl-1.12  
[21.215s] -- looking for PCL_MODELER
[21.216s] -- Found PCL_MODELER: /usr/include/pcl-1.12  
[21.217s] -- looking for PCL_POINT_CLOUD_EDITOR
[21.219s] -- Found PCL_POINT_CLOUD_EDITOR: /usr/include/pcl-1.12  
[21.220s] -- looking for PCL_OUTOFCORE
[21.223s] -- Found PCL_OUTOFCORE: /usr/lib/aarch64-linux-gnu/libpcl_outofcore.so  
[21.224s] -- looking for PCL_PEOPLE
[21.228s] -- Found PCL_PEOPLE: /usr/lib/aarch64-linux-gnu/libpcl_people.so  
[21.231s] -- Found PCL: pcl_common;pcl_kdtree;pcl_octree;pcl_search;pcl_sample_consensus;pcl_filters;pcl_io;pcl_features;pcl_ml;pcl_segmentation;pcl_visualization;pcl_surface;pcl_registration;pcl_keypoints;pcl_tracking;pcl_recognition;pcl_stereo;pcl_apps;pcl_outofcore;pcl_people;Boost::system;Boost::filesystem;Boost::date_time;Boost::iostreams;Boost::serialization;/usr/lib/libOpenNI.so;libusb::libusb;/usr/lib/aarch64-linux-gnu/libOpenNI2.so;libusb::libusb;VTK::ChartsCore;VTK::CommonColor;VTK::CommonComputationalGeometry;VTK::CommonCore;VTK::CommonDataModel;VTK::CommonExecutionModel;VTK::CommonMath;VTK::CommonMisc;VTK::CommonTransforms;VTK::FiltersCore;VTK::FiltersExtraction;VTK::FiltersGeneral;VTK::FiltersGeometry;VTK::FiltersModeling;VTK::FiltersSources;VTK::ImagingCore;VTK::ImagingSources;VTK::InteractionImage;VTK::InteractionStyle;VTK::InteractionWidgets;VTK::IOCore;VTK::IOGeometry;VTK::IOImage;VTK::IOLegacy;VTK::IOPLY;VTK::RenderingAnnotation;VTK::RenderingCore;VTK::RenderingContext2D;VTK::RenderingLOD;VTK::RenderingFreeType;VTK::ViewsCore;VTK::ViewsContext2D;VTK::RenderingOpenGL2;VTK::GUISupportQt;FLANN::FLANN;QHULL::QHULL  
[21.401s] -- Found laser_geometry: 2.4.0 (/opt/ros/humble/share/laser_geometry/cmake)
[21.705s] -- Found pcl_conversions: 2.4.5 (/opt/ros/humble/share/pcl_conversions/cmake)
[21.955s] -- Found tf2_eigen: 0.25.8 (/opt/ros/humble/share/tf2_eigen/cmake)
[22.850s] -- Found ament_lint_auto: 0.12.11 (/opt/ros/humble/share/ament_lint_auto/cmake)
[23.549s] -- Added test 'cppcheck' to perform static code analysis on C / C++ code
[23.550s] -- Configured cppcheck include dirs: /home/pi2/ros2_ws/src/Simple-2D-LiDAR-Odometry/include;$<BUILD_INTERFACE:/home/pi2/ros2_ws/src/Simple-2D-LiDAR-Odometry/include>
[23.551s] -- Configured cppcheck exclude dirs and/or files: 
[23.570s] -- Added test 'lint_cmake' to check CMake code style
[23.617s] -- Added test 'uncrustify' to check C / C++ code style
[23.618s] -- Configured uncrustify additional arguments: 
[23.627s] -- Added test 'xmllint' to check XML markup files
[23.642s] -- Configuring done
[24.066s] -- Generating done
[24.079s] -- Build files have been written to: /home/pi2/ros2_ws/build/lidar_odometry
[24.167s] Invoked command in '/home/pi2/ros2_ws/build/lidar_odometry' returned '0': CMAKE_PREFIX_PATH=${CMAKE_PREFIX_PATH}:/home/pi2/ros2_ws/install/my_slam_package:/home/pi2/ros2_ws/install/motor_serial:/home/pi2/ros2_ws/install/motor_commands:/home/pi2/ros2_ws/install/locolization:/home/pi2/ros2_ws/install/joystick_publisher:/home/pi2/ros2_ws/install/bno055:/opt/ros/humble /usr/bin/cmake /home/pi2/ros2_ws/src/Simple-2D-LiDAR-Odometry -DCMAKE_INSTALL_PREFIX=/home/pi2/ros2_ws/install/lidar_odometry
[24.181s] Invoking command in '/home/pi2/ros2_ws/build/lidar_odometry': CMAKE_PREFIX_PATH=${CMAKE_PREFIX_PATH}:/home/pi2/ros2_ws/install/my_slam_package:/home/pi2/ros2_ws/install/motor_serial:/home/pi2/ros2_ws/install/motor_commands:/home/pi2/ros2_ws/install/locolization:/home/pi2/ros2_ws/install/joystick_publisher:/home/pi2/ros2_ws/install/bno055:/opt/ros/humble /usr/bin/cmake --build /home/pi2/ros2_ws/build/lidar_odometry -- -j4 -l4
[24.453s] [ 33%] [32mBuilding CXX object CMakeFiles/lidar_odometry_node.dir/src/lidar_odometry_node.cpp.o[0m
[24.456s] [ 66%] [32mBuilding CXX object CMakeFiles/lidar_odometry_node.dir/src/lidar_odometry.cpp.o[0m
