[0.050s] Invoking command in '/home/pi2/ros2_ws/build/my_parameters': CMAKE_PREFIX_PATH=${CMAKE_PREFIX_PATH}:/opt/ros/humble /usr/bin/cmake /home/pi2/ros2_ws/src/my_parameters -DCMAKE_INSTALL_PREFIX=/home/pi2/ros2_ws/install/my_parameters
[0.817s] -- The C compiler identification is GNU 11.4.0
[1.133s] -- The CXX compiler identification is GNU 11.4.0
[1.180s] -- Detecting C compiler ABI info
[1.565s] -- Detecting C compiler ABI info - done
[1.597s] -- Check for working C compiler: /usr/bin/cc - skipped
[1.599s] -- Detecting C compile features
[1.602s] -- Detecting C compile features - done
[1.621s] -- Detecting CXX compiler ABI info
[2.015s] -- Detecting CXX compiler ABI info - done
[2.048s] -- Check for working CXX compiler: /usr/bin/c++ - skipped
[2.050s] -- Detecting CXX compile features
[2.051s] -- Detecting CXX compile features - done
[2.100s] -- Found ament_cmake: 1.3.10 (/opt/ros/humble/share/ament_cmake/cmake)
[2.982s] -- Found Python3: /usr/bin/python3 (found version "3.10.12") found components: Interpreter 
[3.745s] -- Found ament_lint_auto: 0.12.11 (/opt/ros/humble/share/ament_lint_auto/cmake)
[4.281s] -- Found geometry_msgs: 4.2.4 (/opt/ros/humble/share/geometry_msgs/cmake)
[4.731s] -- Found rosidl_generator_c: 3.1.5 (/opt/ros/humble/share/rosidl_generator_c/cmake)
[4.798s] -- Found rosidl_adapter: 3.1.5 (/opt/ros/humble/share/rosidl_adapter/cmake)
[4.887s] -- Found rosidl_generator_cpp: 3.1.5 (/opt/ros/humble/share/rosidl_generator_cpp/cmake)
[5.008s] -- Using all available rosidl_typesupport_c: rosidl_typesupport_fastrtps_c;rosidl_typesupport_introspection_c
[5.161s] -- Using all available rosidl_typesupport_cpp: rosidl_typesupport_fastrtps_cpp;rosidl_typesupport_introspection_cpp
[5.453s] -- Found rosidl_default_generators: 1.2.0 (/opt/ros/humble/share/rosidl_default_generators/cmake)
[6.753s] -- Found ament_cmake_ros: 0.10.0 (/opt/ros/humble/share/ament_cmake_ros/cmake)
[9.009s] -- Using all available rosidl_typesupport_c: rosidl_typesupport_fastrtps_c;rosidl_typesupport_introspection_c
[9.866s] -- Using all available rosidl_typesupport_cpp: rosidl_typesupport_fastrtps_cpp;rosidl_typesupport_introspection_cpp
[9.999s] -- Found PythonInterp: /usr/bin/python3 (found suitable version "3.10.12", minimum required is "3.6") 
[10.028s] -- Found python_cmake_module: 0.10.0 (/opt/ros/humble/share/python_cmake_module/cmake)
[10.196s] -- Found PythonLibs: /usr/lib/aarch64-linux-gnu/libpython3.10.so (found suitable version "3.10.12", minimum required is "3.5") 
[10.197s] -- Using PYTHON_EXECUTABLE: /usr/bin/python3
[10.198s] -- Using PYTHON_INCLUDE_DIRS: /usr/include/python3.10
[10.199s] -- Using PYTHON_LIBRARIES: /usr/lib/aarch64-linux-gnu/libpython3.10.so
[10.314s] -- Found PythonExtra: .so  
[10.664s] -- Added test 'lint_cmake' to check CMake code style
[10.679s] -- Added test 'xmllint' to check XML markup files
[10.728s] -- Configuring done
[10.974s] -- Generating done
[10.991s] -- Build files have been written to: /home/pi2/ros2_ws/build/my_parameters
[11.033s] Invoked command in '/home/pi2/ros2_ws/build/my_parameters' returned '0': CMAKE_PREFIX_PATH=${CMAKE_PREFIX_PATH}:/opt/ros/humble /usr/bin/cmake /home/pi2/ros2_ws/src/my_parameters -DCMAKE_INSTALL_PREFIX=/home/pi2/ros2_ws/install/my_parameters
[11.045s] Invoking command in '/home/pi2/ros2_ws/build/my_parameters': CMAKE_PREFIX_PATH=${CMAKE_PREFIX_PATH}:/opt/ros/humble /usr/bin/cmake --build /home/pi2/ros2_ws/build/my_parameters -- -j4 -l4
[11.247s] [  2%] [34m[1mGenerating C code for ROS interfaces[0m
[11.363s] [  2%] Built target ament_cmake_python_copy_my_parameters
[11.369s] [  4%] [34m[1mGenerating C++ code for ROS interfaces[0m
[13.146s] running egg_info
[13.149s] creating my_parameters.egg-info
[13.151s] writing my_parameters.egg-info/PKG-INFO
[13.152s] writing dependency_links to my_parameters.egg-info/dependency_links.txt
[13.154s] writing top-level names to my_parameters.egg-info/top_level.txt
[13.155s] writing manifest file 'my_parameters.egg-info/SOURCES.txt'
[13.167s] reading manifest file 'my_parameters.egg-info/SOURCES.txt'
[13.170s] writing manifest file 'my_parameters.egg-info/SOURCES.txt'
[13.328s] [  4%] Built target ament_cmake_python_build_my_parameters_egg
[13.855s] [  6%] [32mBuilding C object CMakeFiles/my_parameters__rosidl_generator_c.dir/rosidl_generator_c/my_parameters/msg/detail/motor_parameters__functions.c.o[0m
[13.858s] [  6%] Built target my_parameters__cpp
[13.862s] [  8%] [32mBuilding C object CMakeFiles/my_parameters__rosidl_generator_c.dir/rosidl_generator_c/my_parameters/msg/detail/joystick_parameters__functions.c.o[0m
[13.868s] [ 10%] [32mBuilding C object CMakeFiles/my_parameters__rosidl_generator_c.dir/rosidl_generator_c/my_parameters/msg/detail/stm32_data__functions.c.o[0m
[13.921s] [ 12%] [34m[1mGenerating C++ introspection for ROS interfaces[0m
[14.229s] [ 14%] [32m[1mLinking C shared library libmy_parameters__rosidl_generator_c.so[0m
[14.232s] [ 17%] [34m[1mGenerating C++ type support dispatch for ROS interfaces[0m
[14.238s] [ 19%] [34m[1mGenerating C++ type support for eProsima Fast-RTPS[0m
[14.488s] [ 19%] Built target my_parameters__rosidl_generator_c
[14.552s] [ 21%] [34m[1mGenerating C type support for eProsima Fast-RTPS[0m
[16.314s] [ 23%] [32mBuilding CXX object CMakeFiles/my_parameters__rosidl_typesupport_introspection_cpp.dir/rosidl_typesupport_introspection_cpp/my_parameters/msg/detail/motor_parameters__type_support.cpp.o[0m
[16.345s] [ 25%] [32mBuilding CXX object CMakeFiles/my_parameters__rosidl_typesupport_cpp.dir/rosidl_typesupport_cpp/my_parameters/msg/motor_parameters__type_support.cpp.o[0m
[16.918s] [ 27%] [32mBuilding CXX object CMakeFiles/my_parameters__rosidl_typesupport_fastrtps_cpp.dir/rosidl_typesupport_fastrtps_cpp/my_parameters/msg/detail/dds_fastrtps/motor_parameters__type_support.cpp.o[0m
[17.282s] [ 29%] [32mBuilding CXX object CMakeFiles/my_parameters__rosidl_typesupport_fastrtps_c.dir/rosidl_typesupport_fastrtps_c/my_parameters/msg/detail/motor_parameters__type_support_c.cpp.o[0m
[18.871s] [ 31%] [32mBuilding CXX object CMakeFiles/my_parameters__rosidl_typesupport_cpp.dir/rosidl_typesupport_cpp/my_parameters/msg/joystick_parameters__type_support.cpp.o[0m
[19.847s] [ 34%] [32mBuilding CXX object CMakeFiles/my_parameters__rosidl_typesupport_introspection_cpp.dir/rosidl_typesupport_introspection_cpp/my_parameters/msg/detail/joystick_parameters__type_support.cpp.o[0m
[20.315s] [ 36%] [32mBuilding CXX object CMakeFiles/my_parameters__rosidl_typesupport_fastrtps_c.dir/rosidl_typesupport_fastrtps_c/my_parameters/msg/detail/joystick_parameters__type_support_c.cpp.o[0m
[20.901s] [ 38%] [32mBuilding CXX object CMakeFiles/my_parameters__rosidl_typesupport_cpp.dir/rosidl_typesupport_cpp/my_parameters/msg/stm32_data__type_support.cpp.o[0m
[20.952s] [ 40%] [32mBuilding CXX object CMakeFiles/my_parameters__rosidl_typesupport_fastrtps_cpp.dir/rosidl_typesupport_fastrtps_cpp/my_parameters/msg/detail/dds_fastrtps/joystick_parameters__type_support.cpp.o[0m
[22.848s] [ 42%] [32mBuilding CXX object CMakeFiles/my_parameters__rosidl_typesupport_introspection_cpp.dir/rosidl_typesupport_introspection_cpp/my_parameters/msg/detail/stm32_data__type_support.cpp.o[0m
[23.391s] [ 44%] [32m[1mLinking CXX shared library libmy_parameters__rosidl_typesupport_cpp.so[0m
[23.447s] [ 46%] [32mBuilding CXX object CMakeFiles/my_parameters__rosidl_typesupport_fastrtps_c.dir/rosidl_typesupport_fastrtps_c/my_parameters/msg/detail/stm32_data__type_support_c.cpp.o[0m
[23.761s] [ 46%] Built target my_parameters__rosidl_typesupport_cpp
[23.860s] [ 48%] [34m[1mGenerating C introspection for ROS interfaces[0m
[24.397s] [ 51%] [32mBuilding CXX object CMakeFiles/my_parameters__rosidl_typesupport_fastrtps_cpp.dir/rosidl_typesupport_fastrtps_cpp/my_parameters/msg/detail/dds_fastrtps/stm32_data__type_support.cpp.o[0m
[25.762s] [ 53%] [32m[1mLinking CXX shared library libmy_parameters__rosidl_typesupport_introspection_cpp.so[0m
[26.096s] [ 53%] Built target my_parameters__rosidl_typesupport_introspection_cpp
[26.158s] [ 55%] [34m[1mGenerating C type support dispatch for ROS interfaces[0m
[26.579s] [ 57%] [32m[1mLinking CXX shared library libmy_parameters__rosidl_typesupport_fastrtps_c.so[0m
[27.215s] [ 57%] Built target my_parameters__rosidl_typesupport_fastrtps_c
[27.339s] [ 59%] [32mBuilding C object CMakeFiles/my_parameters__rosidl_typesupport_introspection_c.dir/rosidl_typesupport_introspection_c/my_parameters/msg/detail/motor_parameters__type_support.c.o[0m
[27.344s] [ 61%] [32mBuilding C object CMakeFiles/my_parameters__rosidl_typesupport_introspection_c.dir/rosidl_typesupport_introspection_c/my_parameters/msg/detail/joystick_parameters__type_support.c.o[0m
[27.599s] [ 63%] [32mBuilding C object CMakeFiles/my_parameters__rosidl_typesupport_introspection_c.dir/rosidl_typesupport_introspection_c/my_parameters/msg/detail/stm32_data__type_support.c.o[0m
[27.742s] [ 65%] [32m[1mLinking CXX shared library libmy_parameters__rosidl_typesupport_fastrtps_cpp.so[0m
[27.862s] [ 68%] [32m[1mLinking C shared library libmy_parameters__rosidl_typesupport_introspection_c.so[0m
[28.165s] [ 68%] Built target my_parameters__rosidl_typesupport_introspection_c
[28.223s] [ 68%] Built target my_parameters__rosidl_typesupport_fastrtps_cpp
[28.425s] [ 70%] [32mBuilding CXX object CMakeFiles/my_parameters__rosidl_typesupport_c.dir/rosidl_typesupport_c/my_parameters/msg/motor_parameters__type_support.cpp.o[0m
[28.433s] [ 72%] [32mBuilding CXX object CMakeFiles/my_parameters__rosidl_typesupport_c.dir/rosidl_typesupport_c/my_parameters/msg/joystick_parameters__type_support.cpp.o[0m
[28.447s] [ 74%] [32mBuilding CXX object CMakeFiles/my_parameters__rosidl_typesupport_c.dir/rosidl_typesupport_c/my_parameters/msg/stm32_data__type_support.cpp.o[0m
[28.659s] [ 76%] [32m[1mLinking CXX shared library libmy_parameters__rosidl_typesupport_c.so[0m
[28.856s] [ 76%] Built target my_parameters__rosidl_typesupport_c
[28.951s] [ 76%] Built target my_parameters
[29.049s] [ 78%] [34m[1mGenerating Python code for ROS interfaces[0m
[32.131s] [ 78%] Built target my_parameters__py
[32.229s] [ 80%] [32mBuilding C object CMakeFiles/my_parameters__rosidl_generator_py.dir/rosidl_generator_py/my_parameters/msg/_motor_parameters_s.c.o[0m
[32.236s] [ 85%] [32mBuilding C object CMakeFiles/my_parameters__rosidl_generator_py.dir/rosidl_generator_py/my_parameters/msg/_joystick_parameters_s.c.o[0m
[32.237s] [ 85%] [32mBuilding C object CMakeFiles/my_parameters__rosidl_generator_py.dir/rosidl_generator_py/my_parameters/msg/_stm32_data_s.c.o[0m
[33.020s] [ 87%] [32m[1mLinking C shared library rosidl_generator_py/my_parameters/libmy_parameters__rosidl_generator_py.so[0m
[33.244s] [ 87%] Built target my_parameters__rosidl_generator_py
[33.355s] [ 89%] [32mBuilding C object CMakeFiles/my_parameters__rosidl_typesupport_fastrtps_c__pyext.dir/rosidl_generator_py/my_parameters/_my_parameters_s.ep.rosidl_typesupport_fastrtps_c.c.o[0m
[33.365s] [ 91%] [32mBuilding C object CMakeFiles/my_parameters__rosidl_typesupport_introspection_c__pyext.dir/rosidl_generator_py/my_parameters/_my_parameters_s.ep.rosidl_typesupport_introspection_c.c.o[0m
[33.373s] [ 93%] [32mBuilding C object CMakeFiles/my_parameters__rosidl_typesupport_c__pyext.dir/rosidl_generator_py/my_parameters/_my_parameters_s.ep.rosidl_typesupport_c.c.o[0m
[34.099s] [ 95%] [32m[1mLinking C shared library rosidl_generator_py/my_parameters/my_parameters_s__rosidl_typesupport_introspection_c.cpython-310-aarch64-linux-gnu.so[0m
[34.110s] [ 97%] [32m[1mLinking C shared library rosidl_generator_py/my_parameters/my_parameters_s__rosidl_typesupport_fastrtps_c.cpython-310-aarch64-linux-gnu.so[0m
[34.123s] [100%] [32m[1mLinking C shared library rosidl_generator_py/my_parameters/my_parameters_s__rosidl_typesupport_c.cpython-310-aarch64-linux-gnu.so[0m
[34.439s] [100%] Built target my_parameters__rosidl_typesupport_fastrtps_c__pyext
[34.444s] [100%] Built target my_parameters__rosidl_typesupport_introspection_c__pyext
[34.498s] [100%] Built target my_parameters__rosidl_typesupport_c__pyext
[34.555s] Invoked command in '/home/pi2/ros2_ws/build/my_parameters' returned '0': CMAKE_PREFIX_PATH=${CMAKE_PREFIX_PATH}:/opt/ros/humble /usr/bin/cmake --build /home/pi2/ros2_ws/build/my_parameters -- -j4 -l4
[35.203s] Invoking command in '/home/pi2/ros2_ws/build/my_parameters': CMAKE_PREFIX_PATH=${CMAKE_PREFIX_PATH}:/opt/ros/humble /usr/bin/cmake --install /home/pi2/ros2_ws/build/my_parameters
[35.237s] -- Install configuration: ""
[35.238s] -- Installing: /home/pi2/ros2_ws/install/my_parameters/share/ament_index/resource_index/rosidl_interfaces/my_parameters
[35.239s] -- Installing: /home/pi2/ros2_ws/install/my_parameters/include/my_parameters/my_parameters
[35.240s] -- Installing: /home/pi2/ros2_ws/install/my_parameters/include/my_parameters/my_parameters/msg
[35.241s] -- Installing: /home/pi2/ros2_ws/install/my_parameters/include/my_parameters/my_parameters/msg/motor_parameters.h
[35.243s] -- Installing: /home/pi2/ros2_ws/install/my_parameters/include/my_parameters/my_parameters/msg/rosidl_generator_c__visibility_control.h
[35.244s] -- Installing: /home/pi2/ros2_ws/install/my_parameters/include/my_parameters/my_parameters/msg/detail
[35.245s] -- Installing: /home/pi2/ros2_ws/install/my_parameters/include/my_parameters/my_parameters/msg/detail/motor_parameters__functions.h
[35.246s] -- Installing: /home/pi2/ros2_ws/install/my_parameters/include/my_parameters/my_parameters/msg/detail/stm32_data__functions.c
[35.248s] -- Installing: /home/pi2/ros2_ws/install/my_parameters/include/my_parameters/my_parameters/msg/detail/motor_parameters__type_support.h
[35.249s] -- Installing: /home/pi2/ros2_ws/install/my_parameters/include/my_parameters/my_parameters/msg/detail/motor_parameters__functions.c
[35.250s] -- Installing: /home/pi2/ros2_ws/install/my_parameters/include/my_parameters/my_parameters/msg/detail/motor_parameters__struct.h
[35.252s] -- Installing: /home/pi2/ros2_ws/install/my_parameters/include/my_parameters/my_parameters/msg/detail/joystick_parameters__type_support.h
[35.253s] -- Installing: /home/pi2/ros2_ws/install/my_parameters/include/my_parameters/my_parameters/msg/detail/joystick_parameters__functions.c
[35.254s] -- Installing: /home/pi2/ros2_ws/install/my_parameters/include/my_parameters/my_parameters/msg/detail/joystick_parameters__struct.h
[35.256s] -- Installing: /home/pi2/ros2_ws/install/my_parameters/include/my_parameters/my_parameters/msg/detail/joystick_parameters__functions.h
[35.257s] -- Installing: /home/pi2/ros2_ws/install/my_parameters/include/my_parameters/my_parameters/msg/detail/stm32_data__struct.h
[35.259s] -- Installing: /home/pi2/ros2_ws/install/my_parameters/include/my_parameters/my_parameters/msg/detail/stm32_data__functions.h
[35.260s] -- Installing: /home/pi2/ros2_ws/install/my_parameters/include/my_parameters/my_parameters/msg/detail/stm32_data__type_support.h
[35.261s] -- Installing: /home/pi2/ros2_ws/install/my_parameters/include/my_parameters/my_parameters/msg/stm32_data.h
[35.262s] -- Installing: /home/pi2/ros2_ws/install/my_parameters/include/my_parameters/my_parameters/msg/joystick_parameters.h
[35.264s] -- Installing: /home/pi2/ros2_ws/install/my_parameters/share/my_parameters/environment/library_path.sh
[35.265s] -- Installing: /home/pi2/ros2_ws/install/my_parameters/share/my_parameters/environment/library_path.dsv
[35.268s] -- Installing: /home/pi2/ros2_ws/install/my_parameters/lib/libmy_parameters__rosidl_generator_c.so
[35.271s] -- Set runtime path of "/home/pi2/ros2_ws/install/my_parameters/lib/libmy_parameters__rosidl_generator_c.so" to ""
[35.272s] -- Up-to-date: /home/pi2/ros2_ws/install/my_parameters/include/my_parameters/my_parameters
[35.272s] -- Up-to-date: /home/pi2/ros2_ws/install/my_parameters/include/my_parameters/my_parameters/msg
[35.273s] -- Installing: /home/pi2/ros2_ws/install/my_parameters/include/my_parameters/my_parameters/msg/rosidl_typesupport_fastrtps_c__visibility_control.h
[35.274s] -- Up-to-date: /home/pi2/ros2_ws/install/my_parameters/include/my_parameters/my_parameters/msg/detail
[35.274s] -- Installing: /home/pi2/ros2_ws/install/my_parameters/include/my_parameters/my_parameters/msg/detail/stm32_data__rosidl_typesupport_fastrtps_c.h
[35.276s] -- Installing: /home/pi2/ros2_ws/install/my_parameters/include/my_parameters/my_parameters/msg/detail/motor_parameters__rosidl_typesupport_fastrtps_c.h
[35.277s] -- Installing: /home/pi2/ros2_ws/install/my_parameters/include/my_parameters/my_parameters/msg/detail/joystick_parameters__rosidl_typesupport_fastrtps_c.h
[35.279s] -- Installing: /home/pi2/ros2_ws/install/my_parameters/lib/libmy_parameters__rosidl_typesupport_fastrtps_c.so
[35.282s] -- Set runtime path of "/home/pi2/ros2_ws/install/my_parameters/lib/libmy_parameters__rosidl_typesupport_fastrtps_c.so" to ""
[35.283s] -- Up-to-date: /home/pi2/ros2_ws/install/my_parameters/include/my_parameters/my_parameters
[35.283s] -- Up-to-date: /home/pi2/ros2_ws/install/my_parameters/include/my_parameters/my_parameters/msg
[35.284s] -- Installing: /home/pi2/ros2_ws/install/my_parameters/include/my_parameters/my_parameters/msg/joystick_parameters.hpp
[35.285s] -- Installing: /home/pi2/ros2_ws/install/my_parameters/include/my_parameters/my_parameters/msg/stm32_data.hpp
[35.286s] -- Installing: /home/pi2/ros2_ws/install/my_parameters/include/my_parameters/my_parameters/msg/motor_parameters.hpp
[35.287s] -- Up-to-date: /home/pi2/ros2_ws/install/my_parameters/include/my_parameters/my_parameters/msg/detail
[35.287s] -- Installing: /home/pi2/ros2_ws/install/my_parameters/include/my_parameters/my_parameters/msg/detail/joystick_parameters__struct.hpp
[35.289s] -- Installing: /home/pi2/ros2_ws/install/my_parameters/include/my_parameters/my_parameters/msg/detail/stm32_data__builder.hpp
[35.291s] -- Installing: /home/pi2/ros2_ws/install/my_parameters/include/my_parameters/my_parameters/msg/detail/motor_parameters__builder.hpp
[35.292s] -- Installing: /home/pi2/ros2_ws/install/my_parameters/include/my_parameters/my_parameters/msg/detail/stm32_data__traits.hpp
[35.293s] -- Installing: /home/pi2/ros2_ws/install/my_parameters/include/my_parameters/my_parameters/msg/detail/joystick_parameters__traits.hpp
[35.295s] -- Installing: /home/pi2/ros2_ws/install/my_parameters/include/my_parameters/my_parameters/msg/detail/joystick_parameters__builder.hpp
[35.296s] -- Installing: /home/pi2/ros2_ws/install/my_parameters/include/my_parameters/my_parameters/msg/detail/stm32_data__struct.hpp
[35.297s] -- Installing: /home/pi2/ros2_ws/install/my_parameters/include/my_parameters/my_parameters/msg/detail/motor_parameters__struct.hpp
[35.299s] -- Installing: /home/pi2/ros2_ws/install/my_parameters/include/my_parameters/my_parameters/msg/detail/motor_parameters__traits.hpp
[35.300s] -- Up-to-date: /home/pi2/ros2_ws/install/my_parameters/include/my_parameters/my_parameters
[35.301s] -- Up-to-date: /home/pi2/ros2_ws/install/my_parameters/include/my_parameters/my_parameters/msg
[35.301s] -- Installing: /home/pi2/ros2_ws/install/my_parameters/include/my_parameters/my_parameters/msg/rosidl_typesupport_fastrtps_cpp__visibility_control.h
[35.302s] -- Up-to-date: /home/pi2/ros2_ws/install/my_parameters/include/my_parameters/my_parameters/msg/detail
[35.303s] -- Installing: /home/pi2/ros2_ws/install/my_parameters/include/my_parameters/my_parameters/msg/detail/dds_fastrtps
[35.304s] -- Installing: /home/pi2/ros2_ws/install/my_parameters/include/my_parameters/my_parameters/msg/detail/joystick_parameters__rosidl_typesupport_fastrtps_cpp.hpp
[35.305s] -- Installing: /home/pi2/ros2_ws/install/my_parameters/include/my_parameters/my_parameters/msg/detail/stm32_data__rosidl_typesupport_fastrtps_cpp.hpp
[35.307s] -- Installing: /home/pi2/ros2_ws/install/my_parameters/include/my_parameters/my_parameters/msg/detail/motor_parameters__rosidl_typesupport_fastrtps_cpp.hpp
[35.308s] -- Installing: /home/pi2/ros2_ws/install/my_parameters/lib/libmy_parameters__rosidl_typesupport_fastrtps_cpp.so
[35.312s] -- Set runtime path of "/home/pi2/ros2_ws/install/my_parameters/lib/libmy_parameters__rosidl_typesupport_fastrtps_cpp.so" to ""
[35.312s] -- Up-to-date: /home/pi2/ros2_ws/install/my_parameters/include/my_parameters/my_parameters
[35.313s] -- Up-to-date: /home/pi2/ros2_ws/install/my_parameters/include/my_parameters/my_parameters/msg
[35.313s] -- Up-to-date: /home/pi2/ros2_ws/install/my_parameters/include/my_parameters/my_parameters/msg/detail
[35.314s] -- Installing: /home/pi2/ros2_ws/install/my_parameters/include/my_parameters/my_parameters/msg/detail/stm32_data__rosidl_typesupport_introspection_c.h
[35.315s] -- Installing: /home/pi2/ros2_ws/install/my_parameters/include/my_parameters/my_parameters/msg/detail/joystick_parameters__rosidl_typesupport_introspection_c.h
[35.316s] -- Installing: /home/pi2/ros2_ws/install/my_parameters/include/my_parameters/my_parameters/msg/detail/motor_parameters__rosidl_typesupport_introspection_c.h
[35.318s] -- Installing: /home/pi2/ros2_ws/install/my_parameters/include/my_parameters/my_parameters/msg/detail/stm32_data__type_support.c
[35.319s] -- Installing: /home/pi2/ros2_ws/install/my_parameters/include/my_parameters/my_parameters/msg/detail/joystick_parameters__type_support.c
[35.321s] -- Installing: /home/pi2/ros2_ws/install/my_parameters/include/my_parameters/my_parameters/msg/detail/motor_parameters__type_support.c
[35.322s] -- Installing: /home/pi2/ros2_ws/install/my_parameters/include/my_parameters/my_parameters/msg/rosidl_typesupport_introspection_c__visibility_control.h
[35.324s] -- Installing: /home/pi2/ros2_ws/install/my_parameters/lib/libmy_parameters__rosidl_typesupport_introspection_c.so
[35.327s] -- Set runtime path of "/home/pi2/ros2_ws/install/my_parameters/lib/libmy_parameters__rosidl_typesupport_introspection_c.so" to ""
[35.327s] -- Installing: /home/pi2/ros2_ws/install/my_parameters/lib/libmy_parameters__rosidl_typesupport_c.so
[35.330s] -- Set runtime path of "/home/pi2/ros2_ws/install/my_parameters/lib/libmy_parameters__rosidl_typesupport_c.so" to ""
[35.331s] -- Up-to-date: /home/pi2/ros2_ws/install/my_parameters/include/my_parameters/my_parameters
[35.331s] -- Up-to-date: /home/pi2/ros2_ws/install/my_parameters/include/my_parameters/my_parameters/msg
[35.332s] -- Up-to-date: /home/pi2/ros2_ws/install/my_parameters/include/my_parameters/my_parameters/msg/detail
[35.332s] -- Installing: /home/pi2/ros2_ws/install/my_parameters/include/my_parameters/my_parameters/msg/detail/stm32_data__type_support.cpp
[35.333s] -- Installing: /home/pi2/ros2_ws/install/my_parameters/include/my_parameters/my_parameters/msg/detail/stm32_data__rosidl_typesupport_introspection_cpp.hpp
[35.335s] -- Installing: /home/pi2/ros2_ws/install/my_parameters/include/my_parameters/my_parameters/msg/detail/joystick_parameters__rosidl_typesupport_introspection_cpp.hpp
[35.336s] -- Installing: /home/pi2/ros2_ws/install/my_parameters/include/my_parameters/my_parameters/msg/detail/motor_parameters__rosidl_typesupport_introspection_cpp.hpp
[35.338s] -- Installing: /home/pi2/ros2_ws/install/my_parameters/include/my_parameters/my_parameters/msg/detail/joystick_parameters__type_support.cpp
[35.339s] -- Installing: /home/pi2/ros2_ws/install/my_parameters/include/my_parameters/my_parameters/msg/detail/motor_parameters__type_support.cpp
[35.341s] -- Installing: /home/pi2/ros2_ws/install/my_parameters/lib/libmy_parameters__rosidl_typesupport_introspection_cpp.so
[35.344s] -- Set runtime path of "/home/pi2/ros2_ws/install/my_parameters/lib/libmy_parameters__rosidl_typesupport_introspection_cpp.so" to ""
[35.344s] -- Installing: /home/pi2/ros2_ws/install/my_parameters/lib/libmy_parameters__rosidl_typesupport_cpp.so
[35.347s] -- Set runtime path of "/home/pi2/ros2_ws/install/my_parameters/lib/libmy_parameters__rosidl_typesupport_cpp.so" to ""
[35.348s] -- Installing: /home/pi2/ros2_ws/install/my_parameters/share/my_parameters/environment/pythonpath.sh
[35.349s] -- Installing: /home/pi2/ros2_ws/install/my_parameters/share/my_parameters/environment/pythonpath.dsv
[35.350s] -- Installing: /home/pi2/ros2_ws/install/my_parameters/local/lib/python3.10/dist-packages/my_parameters-0.0.0-py3.10.egg-info
[35.351s] -- Installing: /home/pi2/ros2_ws/install/my_parameters/local/lib/python3.10/dist-packages/my_parameters-0.0.0-py3.10.egg-info/PKG-INFO
[35.353s] -- Installing: /home/pi2/ros2_ws/install/my_parameters/local/lib/python3.10/dist-packages/my_parameters-0.0.0-py3.10.egg-info/top_level.txt
[35.354s] -- Installing: /home/pi2/ros2_ws/install/my_parameters/local/lib/python3.10/dist-packages/my_parameters-0.0.0-py3.10.egg-info/SOURCES.txt
[35.355s] -- Installing: /home/pi2/ros2_ws/install/my_parameters/local/lib/python3.10/dist-packages/my_parameters-0.0.0-py3.10.egg-info/dependency_links.txt
[35.358s] -- Installing: /home/pi2/ros2_ws/install/my_parameters/local/lib/python3.10/dist-packages/my_parameters
[35.359s] -- Installing: /home/pi2/ros2_ws/install/my_parameters/local/lib/python3.10/dist-packages/my_parameters/__init__.py
[35.360s] -- Installing: /home/pi2/ros2_ws/install/my_parameters/local/lib/python3.10/dist-packages/my_parameters/_my_parameters_s.ep.rosidl_typesupport_fastrtps_c.c
[35.361s] -- Installing: /home/pi2/ros2_ws/install/my_parameters/local/lib/python3.10/dist-packages/my_parameters/my_parameters_s__rosidl_typesupport_introspection_c.cpython-310-aarch64-linux-gnu.so
[35.364s] -- Installing: /home/pi2/ros2_ws/install/my_parameters/local/lib/python3.10/dist-packages/my_parameters/my_parameters_s__rosidl_typesupport_fastrtps_c.cpython-310-aarch64-linux-gnu.so
[35.365s] -- Installing: /home/pi2/ros2_ws/install/my_parameters/local/lib/python3.10/dist-packages/my_parameters/_my_parameters_s.ep.rosidl_typesupport_introspection_c.c
[35.367s] -- Installing: /home/pi2/ros2_ws/install/my_parameters/local/lib/python3.10/dist-packages/my_parameters/libmy_parameters__rosidl_generator_py.so
[35.369s] -- Installing: /home/pi2/ros2_ws/install/my_parameters/local/lib/python3.10/dist-packages/my_parameters/my_parameters_s__rosidl_typesupport_c.cpython-310-aarch64-linux-gnu.so
[35.370s] -- Installing: /home/pi2/ros2_ws/install/my_parameters/local/lib/python3.10/dist-packages/my_parameters/msg
[35.371s] -- Installing: /home/pi2/ros2_ws/install/my_parameters/local/lib/python3.10/dist-packages/my_parameters/msg/__init__.py
[35.373s] -- Installing: /home/pi2/ros2_ws/install/my_parameters/local/lib/python3.10/dist-packages/my_parameters/msg/_joystick_parameters.py
[35.374s] -- Installing: /home/pi2/ros2_ws/install/my_parameters/local/lib/python3.10/dist-packages/my_parameters/msg/_stm32_data.py
[35.375s] -- Installing: /home/pi2/ros2_ws/install/my_parameters/local/lib/python3.10/dist-packages/my_parameters/msg/_motor_parameters_s.c
[35.377s] -- Installing: /home/pi2/ros2_ws/install/my_parameters/local/lib/python3.10/dist-packages/my_parameters/msg/_stm32_data_s.c
[35.378s] -- Installing: /home/pi2/ros2_ws/install/my_parameters/local/lib/python3.10/dist-packages/my_parameters/msg/_motor_parameters.py
[35.379s] -- Installing: /home/pi2/ros2_ws/install/my_parameters/local/lib/python3.10/dist-packages/my_parameters/msg/_joystick_parameters_s.c
[35.380s] -- Installing: /home/pi2/ros2_ws/install/my_parameters/local/lib/python3.10/dist-packages/my_parameters/_my_parameters_s.ep.rosidl_typesupport_c.c
[35.591s] Listing '/home/pi2/ros2_ws/install/my_parameters/local/lib/python3.10/dist-packages/my_parameters'...
[35.592s] Compiling '/home/pi2/ros2_ws/install/my_parameters/local/lib/python3.10/dist-packages/my_parameters/__init__.py'...
[35.593s] Listing '/home/pi2/ros2_ws/install/my_parameters/local/lib/python3.10/dist-packages/my_parameters/msg'...
[35.595s] Compiling '/home/pi2/ros2_ws/install/my_parameters/local/lib/python3.10/dist-packages/my_parameters/msg/__init__.py'...
[35.596s] Compiling '/home/pi2/ros2_ws/install/my_parameters/local/lib/python3.10/dist-packages/my_parameters/msg/_joystick_parameters.py'...
[35.597s] Compiling '/home/pi2/ros2_ws/install/my_parameters/local/lib/python3.10/dist-packages/my_parameters/msg/_motor_parameters.py'...
[35.605s] Compiling '/home/pi2/ros2_ws/install/my_parameters/local/lib/python3.10/dist-packages/my_parameters/msg/_stm32_data.py'...
[35.643s] -- Installing: /home/pi2/ros2_ws/install/my_parameters/local/lib/python3.10/dist-packages/my_parameters/my_parameters_s__rosidl_typesupport_fastrtps_c.cpython-310-aarch64-linux-gnu.so
[35.649s] -- Set runtime path of "/home/pi2/ros2_ws/install/my_parameters/local/lib/python3.10/dist-packages/my_parameters/my_parameters_s__rosidl_typesupport_fastrtps_c.cpython-310-aarch64-linux-gnu.so" to ""
[35.653s] -- Installing: /home/pi2/ros2_ws/install/my_parameters/local/lib/python3.10/dist-packages/my_parameters/my_parameters_s__rosidl_typesupport_introspection_c.cpython-310-aarch64-linux-gnu.so
[35.656s] -- Set runtime path of "/home/pi2/ros2_ws/install/my_parameters/local/lib/python3.10/dist-packages/my_parameters/my_parameters_s__rosidl_typesupport_introspection_c.cpython-310-aarch64-linux-gnu.so" to ""
[35.658s] -- Installing: /home/pi2/ros2_ws/install/my_parameters/local/lib/python3.10/dist-packages/my_parameters/my_parameters_s__rosidl_typesupport_c.cpython-310-aarch64-linux-gnu.so
[35.661s] -- Set runtime path of "/home/pi2/ros2_ws/install/my_parameters/local/lib/python3.10/dist-packages/my_parameters/my_parameters_s__rosidl_typesupport_c.cpython-310-aarch64-linux-gnu.so" to ""
[35.662s] -- Installing: /home/pi2/ros2_ws/install/my_parameters/lib/libmy_parameters__rosidl_generator_py.so
[35.665s] -- Set runtime path of "/home/pi2/ros2_ws/install/my_parameters/lib/libmy_parameters__rosidl_generator_py.so" to ""
[35.666s] -- Installing: /home/pi2/ros2_ws/install/my_parameters/share/my_parameters/msg/MotorParameters.idl
[35.667s] -- Installing: /home/pi2/ros2_ws/install/my_parameters/share/my_parameters/msg/JoystickParameters.idl
[35.668s] -- Installing: /home/pi2/ros2_ws/install/my_parameters/share/my_parameters/msg/Stm32Data.idl
[35.670s] -- Installing: /home/pi2/ros2_ws/install/my_parameters/share/my_parameters/msg/MotorParameters.msg
[35.671s] -- Installing: /home/pi2/ros2_ws/install/my_parameters/share/my_parameters/msg/JoystickParameters.msg
[35.673s] -- Installing: /home/pi2/ros2_ws/install/my_parameters/share/my_parameters/msg/Stm32Data.msg
[35.675s] -- Installing: /home/pi2/ros2_ws/install/my_parameters/share/ament_index/resource_index/package_run_dependencies/my_parameters
[35.677s] -- Installing: /home/pi2/ros2_ws/install/my_parameters/share/ament_index/resource_index/parent_prefix_path/my_parameters
[35.679s] -- Installing: /home/pi2/ros2_ws/install/my_parameters/share/my_parameters/environment/ament_prefix_path.sh
[35.680s] -- Installing: /home/pi2/ros2_ws/install/my_parameters/share/my_parameters/environment/ament_prefix_path.dsv
[35.682s] -- Installing: /home/pi2/ros2_ws/install/my_parameters/share/my_parameters/environment/path.sh
[35.683s] -- Installing: /home/pi2/ros2_ws/install/my_parameters/share/my_parameters/environment/path.dsv
[35.684s] -- Installing: /home/pi2/ros2_ws/install/my_parameters/share/my_parameters/local_setup.bash
[35.686s] -- Installing: /home/pi2/ros2_ws/install/my_parameters/share/my_parameters/local_setup.sh
[35.687s] -- Installing: /home/pi2/ros2_ws/install/my_parameters/share/my_parameters/local_setup.zsh
[35.688s] -- Installing: /home/pi2/ros2_ws/install/my_parameters/share/my_parameters/local_setup.dsv
[35.689s] -- Installing: /home/pi2/ros2_ws/install/my_parameters/share/my_parameters/package.dsv
[35.691s] -- Installing: /home/pi2/ros2_ws/install/my_parameters/share/ament_index/resource_index/packages/my_parameters
[35.693s] -- Installing: /home/pi2/ros2_ws/install/my_parameters/share/my_parameters/cmake/export_my_parameters__rosidl_generator_cExport.cmake
[35.695s] -- Installing: /home/pi2/ros2_ws/install/my_parameters/share/my_parameters/cmake/export_my_parameters__rosidl_generator_cExport-noconfig.cmake
[35.696s] -- Installing: /home/pi2/ros2_ws/install/my_parameters/share/my_parameters/cmake/export_my_parameters__rosidl_typesupport_fastrtps_cExport.cmake
[35.698s] -- Installing: /home/pi2/ros2_ws/install/my_parameters/share/my_parameters/cmake/export_my_parameters__rosidl_typesupport_fastrtps_cExport-noconfig.cmake
[35.700s] -- Installing: /home/pi2/ros2_ws/install/my_parameters/share/my_parameters/cmake/export_my_parameters__rosidl_generator_cppExport.cmake
[35.701s] -- Installing: /home/pi2/ros2_ws/install/my_parameters/share/my_parameters/cmake/export_my_parameters__rosidl_typesupport_fastrtps_cppExport.cmake
[35.703s] -- Installing: /home/pi2/ros2_ws/install/my_parameters/share/my_parameters/cmake/export_my_parameters__rosidl_typesupport_fastrtps_cppExport-noconfig.cmake
[35.705s] -- Installing: /home/pi2/ros2_ws/install/my_parameters/share/my_parameters/cmake/my_parameters__rosidl_typesupport_introspection_cExport.cmake
[35.706s] -- Installing: /home/pi2/ros2_ws/install/my_parameters/share/my_parameters/cmake/my_parameters__rosidl_typesupport_introspection_cExport-noconfig.cmake
[35.708s] -- Installing: /home/pi2/ros2_ws/install/my_parameters/share/my_parameters/cmake/my_parameters__rosidl_typesupport_cExport.cmake
[35.709s] -- Installing: /home/pi2/ros2_ws/install/my_parameters/share/my_parameters/cmake/my_parameters__rosidl_typesupport_cExport-noconfig.cmake
[35.711s] -- Installing: /home/pi2/ros2_ws/install/my_parameters/share/my_parameters/cmake/my_parameters__rosidl_typesupport_introspection_cppExport.cmake
[35.713s] -- Installing: /home/pi2/ros2_ws/install/my_parameters/share/my_parameters/cmake/my_parameters__rosidl_typesupport_introspection_cppExport-noconfig.cmake
[35.715s] -- Installing: /home/pi2/ros2_ws/install/my_parameters/share/my_parameters/cmake/my_parameters__rosidl_typesupport_cppExport.cmake
[35.716s] -- Installing: /home/pi2/ros2_ws/install/my_parameters/share/my_parameters/cmake/my_parameters__rosidl_typesupport_cppExport-noconfig.cmake
[35.718s] -- Installing: /home/pi2/ros2_ws/install/my_parameters/share/my_parameters/cmake/export_my_parameters__rosidl_generator_pyExport.cmake
[35.719s] -- Installing: /home/pi2/ros2_ws/install/my_parameters/share/my_parameters/cmake/export_my_parameters__rosidl_generator_pyExport-noconfig.cmake
[35.721s] -- Installing: /home/pi2/ros2_ws/install/my_parameters/share/my_parameters/cmake/rosidl_cmake-extras.cmake
[35.723s] -- Installing: /home/pi2/ros2_ws/install/my_parameters/share/my_parameters/cmake/ament_cmake_export_dependencies-extras.cmake
[35.724s] -- Installing: /home/pi2/ros2_ws/install/my_parameters/share/my_parameters/cmake/ament_cmake_export_include_directories-extras.cmake
[35.726s] -- Installing: /home/pi2/ros2_ws/install/my_parameters/share/my_parameters/cmake/ament_cmake_export_libraries-extras.cmake
[35.727s] -- Installing: /home/pi2/ros2_ws/install/my_parameters/share/my_parameters/cmake/ament_cmake_export_targets-extras.cmake
[35.728s] -- Installing: /home/pi2/ros2_ws/install/my_parameters/share/my_parameters/cmake/rosidl_cmake_export_typesupport_targets-extras.cmake
[35.730s] -- Installing: /home/pi2/ros2_ws/install/my_parameters/share/my_parameters/cmake/rosidl_cmake_export_typesupport_libraries-extras.cmake
[35.731s] -- Installing: /home/pi2/ros2_ws/install/my_parameters/share/my_parameters/cmake/my_parametersConfig.cmake
[35.733s] -- Installing: /home/pi2/ros2_ws/install/my_parameters/share/my_parameters/cmake/my_parametersConfig-version.cmake
[35.734s] -- Installing: /home/pi2/ros2_ws/install/my_parameters/share/my_parameters/package.xml
[35.743s] Invoked command in '/home/pi2/ros2_ws/build/my_parameters' returned '0': CMAKE_PREFIX_PATH=${CMAKE_PREFIX_PATH}:/opt/ros/humble /usr/bin/cmake --install /home/pi2/ros2_ws/build/my_parameters
