[7.943s] Invoking command in '/home/pi2/ros2_ws/src/cmd_vel_to_joystick': CMAKE_PREFIX_PATH=/home/pi2/ros2_ws/install/my_parameters:/home/pi2/ros2_ws/install/soft_robot_bringub:/home/pi2/ros2_ws/install/sllidar_ros2:/home/pi2/ros2_ws/install/ros2_laser_scan_matcher:/home/pi2/ros2_ws/install/csm:/home/pi2/install/csm:/home/pi2/ros2_ws/install PYTHONPATH=/home/pi2/ros2_ws/build/cmd_vel_to_joystick/prefix_override:/usr/lib/python3/dist-packages/colcon_core/task/python/colcon_distutils_commands:/home/pi2/ros2_ws/install/cmd_vel_to_joystick/lib/python3.10/site-packages:${PYTHONPATH} /usr/bin/python3 -W ignore:setup.py install is deprecated setup.py egg_info --egg-base ../../build/cmd_vel_to_joystick build --build-base /home/pi2/ros2_ws/build/cmd_vel_to_joystick/build install --record /home/pi2/ros2_ws/build/cmd_vel_to_joystick/install.log --single-version-externally-managed install_data
[11.398s] running egg_info
[11.406s] writing ../../build/cmd_vel_to_joystick/cmd_vel_to_joystick.egg-info/PKG-INFO
[11.408s] writing dependency_links to ../../build/cmd_vel_to_joystick/cmd_vel_to_joystick.egg-info/dependency_links.txt
[11.410s] writing entry points to ../../build/cmd_vel_to_joystick/cmd_vel_to_joystick.egg-info/entry_points.txt
[11.412s] writing requirements to ../../build/cmd_vel_to_joystick/cmd_vel_to_joystick.egg-info/requires.txt
[11.414s] writing top-level names to ../../build/cmd_vel_to_joystick/cmd_vel_to_joystick.egg-info/top_level.txt
[11.441s] reading manifest file '../../build/cmd_vel_to_joystick/cmd_vel_to_joystick.egg-info/SOURCES.txt'
[11.444s] adding license file 'LICENSE'
[11.452s] writing manifest file '../../build/cmd_vel_to_joystick/cmd_vel_to_joystick.egg-info/SOURCES.txt'
[11.453s] running build
[11.454s] running build_py
[11.456s] copying cmd_vel_to_joystick/cmd_vel_to_joystick.py -> /home/pi2/ros2_ws/build/cmd_vel_to_joystick/build/lib/cmd_vel_to_joystick
[11.459s] running install
[11.462s] running install_lib
[11.471s] copying /home/pi2/ros2_ws/build/cmd_vel_to_joystick/build/lib/cmd_vel_to_joystick/cmd_vel_to_joystick.py -> /home/pi2/ros2_ws/install/cmd_vel_to_joystick/lib/python3.10/site-packages/cmd_vel_to_joystick
[11.480s] byte-compiling /home/pi2/ros2_ws/install/cmd_vel_to_joystick/lib/python3.10/site-packages/cmd_vel_to_joystick/cmd_vel_to_joystick.py to cmd_vel_to_joystick.cpython-310.pyc
[11.494s] running install_data
[11.496s] running install_egg_info
[11.515s] removing '/home/pi2/ros2_ws/install/cmd_vel_to_joystick/lib/python3.10/site-packages/cmd_vel_to_joystick-0.0.0-py3.10.egg-info' (and everything under it)
[11.519s] Copying ../../build/cmd_vel_to_joystick/cmd_vel_to_joystick.egg-info to /home/pi2/ros2_ws/install/cmd_vel_to_joystick/lib/python3.10/site-packages/cmd_vel_to_joystick-0.0.0-py3.10.egg-info
[11.536s] running install_scripts
[11.773s] Installing cmd_vel_to_joystick script to /home/pi2/ros2_ws/install/cmd_vel_to_joystick/lib/cmd_vel_to_joystick
[11.783s] writing list of installed files to '/home/pi2/ros2_ws/build/cmd_vel_to_joystick/install.log'
[12.015s] Invoked command in '/home/pi2/ros2_ws/src/cmd_vel_to_joystick' returned '0': CMAKE_PREFIX_PATH=/home/pi2/ros2_ws/install/my_parameters:/home/pi2/ros2_ws/install/soft_robot_bringub:/home/pi2/ros2_ws/install/sllidar_ros2:/home/pi2/ros2_ws/install/ros2_laser_scan_matcher:/home/pi2/ros2_ws/install/csm:/home/pi2/install/csm:/home/pi2/ros2_ws/install PYTHONPATH=/home/pi2/ros2_ws/build/cmd_vel_to_joystick/prefix_override:/usr/lib/python3/dist-packages/colcon_core/task/python/colcon_distutils_commands:/home/pi2/ros2_ws/install/cmd_vel_to_joystick/lib/python3.10/site-packages:${PYTHONPATH} /usr/bin/python3 -W ignore:setup.py install is deprecated setup.py egg_info --egg-base ../../build/cmd_vel_to_joystick build --build-base /home/pi2/ros2_ws/build/cmd_vel_to_joystick/build install --record /home/pi2/ros2_ws/build/cmd_vel_to_joystick/install.log --single-version-externally-managed install_data
