[4.181s] Invoking command in '/home/pi2/ros2_ws/src/locolization': PYTHONPATH=/home/pi2/ros2_ws/build/locolization/prefix_override:/usr/lib/python3/dist-packages/colcon_core/task/python/colcon_distutils_commands:/home/pi2/ros2_ws/install/locolization/lib/python3.10/site-packages:${PYTHONPATH} /usr/bin/python3 -W ignore:setup.py install is deprecated setup.py egg_info --egg-base ../../build/locolization build --build-base /home/pi2/ros2_ws/build/locolization/build install --record /home/pi2/ros2_ws/build/locolization/install.log --single-version-externally-managed install_data
[5.615s] running egg_info
[5.619s] creating ../../build/locolization/locolization.egg-info
[5.620s] writing ../../build/locolization/locolization.egg-info/PKG-INFO
[5.622s] writing dependency_links to ../../build/locolization/locolization.egg-info/dependency_links.txt
[5.622s] writing entry points to ../../build/locolization/locolization.egg-info/entry_points.txt
[5.623s] writing requirements to ../../build/locolization/locolization.egg-info/requires.txt
[5.624s] writing top-level names to ../../build/locolization/locolization.egg-info/top_level.txt
[5.625s] writing manifest file '../../build/locolization/locolization.egg-info/SOURCES.txt'
[5.633s] reading manifest file '../../build/locolization/locolization.egg-info/SOURCES.txt'
[5.636s] writing manifest file '../../build/locolization/locolization.egg-info/SOURCES.txt'
[5.637s] running build
[5.638s] running build_py
[5.638s] creating /home/pi2/ros2_ws/build/locolization/build
[5.639s] creating /home/pi2/ros2_ws/build/locolization/build/lib
[5.639s] creating /home/pi2/ros2_ws/build/locolization/build/lib/locolization
[5.640s] copying locolization/__init__.py -> /home/pi2/ros2_ws/build/locolization/build/lib/locolization
[5.640s] running install
[5.642s] running install_lib
[5.646s] creating /home/pi2/ros2_ws/install/locolization/lib/python3.10/site-packages/locolization
[5.646s] copying /home/pi2/ros2_ws/build/locolization/build/lib/locolization/__init__.py -> /home/pi2/ros2_ws/install/locolization/lib/python3.10/site-packages/locolization
[5.649s] byte-compiling /home/pi2/ros2_ws/install/locolization/lib/python3.10/site-packages/locolization/__init__.py to __init__.cpython-310.pyc
[5.650s] running install_data
[5.651s] creating /home/pi2/ros2_ws/install/locolization/share/ament_index
[5.652s] creating /home/pi2/ros2_ws/install/locolization/share/ament_index/resource_index
[5.652s] creating /home/pi2/ros2_ws/install/locolization/share/ament_index/resource_index/packages
[5.653s] copying resource/locolization -> /home/pi2/ros2_ws/install/locolization/share/ament_index/resource_index/packages
[5.653s] copying package.xml -> /home/pi2/ros2_ws/install/locolization/share/locolization
[5.654s] running install_egg_info
[5.666s] Copying ../../build/locolization/locolization.egg-info to /home/pi2/ros2_ws/install/locolization/lib/python3.10/site-packages/locolization-0.0.0-py3.10.egg-info
[5.675s] running install_scripts
[5.764s] writing list of installed files to '/home/pi2/ros2_ws/build/locolization/install.log'
[5.902s] Invoked command in '/home/pi2/ros2_ws/src/locolization' returned '0': PYTHONPATH=/home/pi2/ros2_ws/build/locolization/prefix_override:/usr/lib/python3/dist-packages/colcon_core/task/python/colcon_distutils_commands:/home/pi2/ros2_ws/install/locolization/lib/python3.10/site-packages:${PYTHONPATH} /usr/bin/python3 -W ignore:setup.py install is deprecated setup.py egg_info --egg-base ../../build/locolization build --build-base /home/pi2/ros2_ws/build/locolization/build install --record /home/pi2/ros2_ws/build/locolization/install.log --single-version-externally-managed install_data
