[0.074s] Invoking command in '/home/pi2/ros2_ws/build/csm': CMAKE_PREFIX_PATH=${CMAKE_PREFIX_PATH}:/home/pi2/ros2_ws/install/my_slam_package:/home/pi2/ros2_ws/install/motor_serial:/home/pi2/ros2_ws/install/motor_commands:/home/pi2/ros2_ws/install/locolization:/home/pi2/ros2_ws/install/joystick_publisher:/home/pi2/ros2_ws/install/bno055:/opt/ros/humble /usr/bin/cmake /home/pi2/ros2_ws/src/csm -DCMAKE_BUILD_TYPE=Release -DAMENT_CMAKE_SYMLINK_INSTALL=1 -DCMAKE_INSTALL_PREFIX=/home/pi2/ros2_ws/install/csm
[0.162s] -- Found ament_cmake: 1.3.10 (/opt/ros/humble/share/ament_cmake/cmake)
[0.883s] -- Override CMake install command with custom implementation using symlinks instead of copying resources
[0.966s] -- Found rclcpp: 16.0.10 (/opt/ros/humble/share/rclcpp/cmake)
[1.209s] -- Found rosidl_generator_c: 3.1.5 (/opt/ros/humble/share/rosidl_generator_c/cmake)
[1.227s] -- Found rosidl_adapter: 3.1.5 (/opt/ros/humble/share/rosidl_adapter/cmake)
[1.266s] -- Found rosidl_generator_cpp: 3.1.5 (/opt/ros/humble/share/rosidl_generator_cpp/cmake)
[1.331s] -- Using all available rosidl_typesupport_c: rosidl_typesupport_fastrtps_c;rosidl_typesupport_introspection_c
[1.409s] -- Using all available rosidl_typesupport_cpp: rosidl_typesupport_fastrtps_cpp;rosidl_typesupport_introspection_cpp
[1.609s] -- Found rmw_implementation_cmake: 6.1.2 (/opt/ros/humble/share/rmw_implementation_cmake/cmake)
[1.622s] -- Found rmw_fastrtps_cpp: 6.2.7 (/opt/ros/humble/share/rmw_fastrtps_cpp/cmake)
[2.742s] -- Using RMW implementation 'rmw_fastrtps_cpp' as default
[3.442s] -- Configuring done
[3.527s] -- Generating done
[3.538s] -- Build files have been written to: /home/pi2/ros2_ws/build/csm
[3.569s] Invoked command in '/home/pi2/ros2_ws/build/csm' returned '0': CMAKE_PREFIX_PATH=${CMAKE_PREFIX_PATH}:/home/pi2/ros2_ws/install/my_slam_package:/home/pi2/ros2_ws/install/motor_serial:/home/pi2/ros2_ws/install/motor_commands:/home/pi2/ros2_ws/install/locolization:/home/pi2/ros2_ws/install/joystick_publisher:/home/pi2/ros2_ws/install/bno055:/opt/ros/humble /usr/bin/cmake /home/pi2/ros2_ws/src/csm -DCMAKE_BUILD_TYPE=Release -DAMENT_CMAKE_SYMLINK_INSTALL=1 -DCMAKE_INSTALL_PREFIX=/home/pi2/ros2_ws/install/csm
[3.580s] Invoking command in '/home/pi2/ros2_ws/build/csm': CMAKE_PREFIX_PATH=${CMAKE_PREFIX_PATH}:/home/pi2/ros2_ws/install/my_slam_package:/home/pi2/ros2_ws/install/motor_serial:/home/pi2/ros2_ws/install/motor_commands:/home/pi2/ros2_ws/install/locolization:/home/pi2/ros2_ws/install/joystick_publisher:/home/pi2/ros2_ws/install/bno055:/opt/ros/humble /usr/bin/cmake --build /home/pi2/ros2_ws/build/csm -- -j4 -l4
[3.829s] [35m[1mConsolidate compiler generated dependencies of target csm[0m
[4.065s] [  4%] [32mBuilding CXX object CMakeFiles/csm.dir/src/csm/laser_data.cpp.o[0m
[4.070s] [  8%] [32mBuilding CXX object CMakeFiles/csm.dir/src/csm/math_utils.cpp.o[0m
[4.072s] [ 12%] [32mBuilding CXX object CMakeFiles/csm.dir/src/csm/math_utils_gsl.cpp.o[0m
[4.076s] [ 16%] [32mBuilding CXX object CMakeFiles/csm.dir/src/csm/utils.cpp.o[0m
[13.561s] [ 20%] [32mBuilding CXX object CMakeFiles/csm.dir/src/csm/logging.cpp.o[0m
[13.603s] [ 25%] [32mBuilding CXX object CMakeFiles/csm.dir/src/csm/sm_options.cpp.o[0m
[13.605s] [ 29%] [32mBuilding CXX object CMakeFiles/csm.dir/src/csm/orientation.cpp.o[0m
[13.750s] [ 33%] [32mBuilding CXX object CMakeFiles/csm.dir/src/csm/clustering.cpp.o[0m
[22.811s] [ 37%] [32mBuilding CXX object CMakeFiles/csm.dir/src/egsl/egsl.cpp.o[0m
[22.930s] [ 41%] [32mBuilding CXX object CMakeFiles/csm.dir/src/egsl/egsl_conversions.cpp.o[0m
[23.147s] [ 45%] [32mBuilding CXX object CMakeFiles/csm.dir/src/egsl/egsl_misc.cpp.o[0m
[23.507s] [ 50%] [32mBuilding CXX object CMakeFiles/csm.dir/src/egsl/egsl_ops.cpp.o[0m
[32.610s] [ 54%] [32mBuilding CXX object CMakeFiles/csm.dir/src/gpc/gpc.cpp.o[0m
[32.644s] [ 58%] [32mBuilding CXX object CMakeFiles/csm.dir/src/gpc/gpc_utils.cpp.o[0m
[32.911s] [ 62%] [32mBuilding CXX object CMakeFiles/csm.dir/src/icp/icp.cpp.o[0m
[43.200s] [ 66%] [32mBuilding CXX object CMakeFiles/csm.dir/src/icp/icp_corr_dumb.cpp.o[0m
[43.905s] [ 70%] [32mBuilding CXX object CMakeFiles/csm.dir/src/icp/icp_corr_tricks.cpp.o[0m
[51.362s] [ 75%] [32mBuilding CXX object CMakeFiles/csm.dir/src/icp/icp_covariance.cpp.o[0m
[53.437s] [ 79%] [32mBuilding CXX object CMakeFiles/csm.dir/src/icp/icp_debug.cpp.o[0m
[54.782s] [ 83%] [32mBuilding CXX object CMakeFiles/csm.dir/src/icp/icp_loop.cpp.o[0m
[61.604s] [ 87%] [32mBuilding CXX object CMakeFiles/csm.dir/src/icp/icp_outliers.cpp.o[0m
[64.006s] [ 91%] [32mBuilding CXX object CMakeFiles/csm.dir/src/options/options.cpp.o[0m
[65.283s] [ 95%] [32mBuilding CXX object CMakeFiles/csm.dir/src/options/options_interface.cpp.o[0m
[95.332s] [100%] [32m[1mLinking CXX shared library libcsm.so[0m
[95.714s] [100%] Built target csm
[95.761s] Invoked command in '/home/pi2/ros2_ws/build/csm' returned '0': CMAKE_PREFIX_PATH=${CMAKE_PREFIX_PATH}:/home/pi2/ros2_ws/install/my_slam_package:/home/pi2/ros2_ws/install/motor_serial:/home/pi2/ros2_ws/install/motor_commands:/home/pi2/ros2_ws/install/locolization:/home/pi2/ros2_ws/install/joystick_publisher:/home/pi2/ros2_ws/install/bno055:/opt/ros/humble /usr/bin/cmake --build /home/pi2/ros2_ws/build/csm -- -j4 -l4
[96.395s] Invoking command in '/home/pi2/ros2_ws/build/csm': CMAKE_PREFIX_PATH=${CMAKE_PREFIX_PATH}:/home/pi2/ros2_ws/install/my_slam_package:/home/pi2/ros2_ws/install/motor_serial:/home/pi2/ros2_ws/install/motor_commands:/home/pi2/ros2_ws/install/locolization:/home/pi2/ros2_ws/install/joystick_publisher:/home/pi2/ros2_ws/install/bno055:/opt/ros/humble /usr/bin/cmake --install /home/pi2/ros2_ws/build/csm
[96.427s] -- Install configuration: "Release"
[96.428s] -- Execute custom install script
[96.430s] -- Symlinking: /home/pi2/ros2_ws/install/csm/lib/libcsm.so
[96.467s] -- Symlinking: /home/pi2/ros2_ws/install/csm/include/..//include/csm/algos.h
[96.503s] -- Symlinking: /home/pi2/ros2_ws/install/csm/include/..//include/csm/csm.h
[96.540s] -- Symlinking: /home/pi2/ros2_ws/install/csm/include/..//include/csm/laser_data.h
[96.574s] -- Symlinking: /home/pi2/ros2_ws/install/csm/include/..//include/csm/laser_data_inline.h
[96.610s] -- Symlinking: /home/pi2/ros2_ws/install/csm/include/..//include/csm/restrict.h
[96.647s] -- Symlinking: /home/pi2/ros2_ws/install/csm/include/..//include/gsl_eigen/gsl_eigen.h
[96.685s] -- Symlinking: /home/pi2/ros2_ws/install/csm/share/csm/resource/csm
[96.723s] -- Symlinking: /home/pi2/ros2_ws/install/csm/include/../gsl_eigen/gsl_eigen.h
[96.760s] -- Symlinking: /home/pi2/ros2_ws/install/csm/share/csm/environment/library_path.sh
[96.797s] -- Symlinking: /home/pi2/ros2_ws/install/csm/share/csm/environment/library_path.dsv
[96.834s] -- Symlinking: /home/pi2/ros2_ws/install/csm/share/ament_index/resource_index/package_run_dependencies/csm
[96.871s] -- Symlinking: /home/pi2/ros2_ws/install/csm/share/ament_index/resource_index/parent_prefix_path/csm
[96.908s] -- Symlinking: /home/pi2/ros2_ws/install/csm/share/csm/environment/ament_prefix_path.sh
[96.945s] -- Symlinking: /home/pi2/ros2_ws/install/csm/share/csm/environment/ament_prefix_path.dsv
[96.981s] -- Symlinking: /home/pi2/ros2_ws/install/csm/share/csm/environment/path.sh
[97.019s] -- Symlinking: /home/pi2/ros2_ws/install/csm/share/csm/environment/path.dsv
[97.056s] -- Symlinking: /home/pi2/ros2_ws/install/csm/share/csm/local_setup.bash
[97.092s] -- Symlinking: /home/pi2/ros2_ws/install/csm/share/csm/local_setup.sh
[97.128s] -- Symlinking: /home/pi2/ros2_ws/install/csm/share/csm/local_setup.zsh
[97.164s] -- Symlinking: /home/pi2/ros2_ws/install/csm/share/csm/local_setup.dsv
[97.200s] -- Symlinking: /home/pi2/ros2_ws/install/csm/share/csm/package.dsv
[97.237s] -- Symlinking: /home/pi2/ros2_ws/install/csm/share/ament_index/resource_index/packages/csm
[97.276s] -- Symlinking: /home/pi2/ros2_ws/install/csm/share/csm/cmake/ament_cmake_export_dependencies-extras.cmake
[97.312s] -- Symlinking: /home/pi2/ros2_ws/install/csm/share/csm/cmake/ament_cmake_export_include_directories-extras.cmake
[97.348s] -- Symlinking: /home/pi2/ros2_ws/install/csm/share/csm/cmake/ament_cmake_export_libraries-extras.cmake
[97.384s] -- Symlinking: /home/pi2/ros2_ws/install/csm/share/csm/cmake/csmConfig.cmake
[97.419s] -- Symlinking: /home/pi2/ros2_ws/install/csm/share/csm/cmake/csmConfig-version.cmake
[97.455s] -- Symlinking: /home/pi2/ros2_ws/install/csm/share/csm/package.xml
[97.498s] Invoked command in '/home/pi2/ros2_ws/build/csm' returned '0': CMAKE_PREFIX_PATH=${CMAKE_PREFIX_PATH}:/home/pi2/ros2_ws/install/my_slam_package:/home/pi2/ros2_ws/install/motor_serial:/home/pi2/ros2_ws/install/motor_commands:/home/pi2/ros2_ws/install/locolization:/home/pi2/ros2_ws/install/joystick_publisher:/home/pi2/ros2_ws/install/bno055:/opt/ros/humble /usr/bin/cmake --install /home/pi2/ros2_ws/build/csm
