[3.489s] DEBUG:colcon:Command line arguments: ['/usr/bin/colcon', 'build', '--packages-select', 'soft_robot_bringub']
[3.490s] DEBUG:colcon:Parsed command line arguments: Namespace(log_base=None, log_level=None, verb_name='build', build_base='build', install_base='install', merge_install=False, symlink_install=False, test_result_base=None, continue_on_error=False, executor='parallel', parallel_workers=4, event_handlers=None, ignore_user_meta=False, metas=['./colcon.meta'], base_paths=['.'], packages_ignore=None, packages_ignore_regex=None, paths=None, packages_up_to=None, packages_up_to_regex=None, packages_above=None, packages_above_and_dependencies=None, packages_above_depth=None, packages_select_by_dep=None, packages_skip_by_dep=None, packages_skip_up_to=None, packages_select_build_failed=False, packages_skip_build_finished=False, packages_select_test_failures=False, packages_skip_test_passed=False, packages_select=['soft_robot_bringub'], packages_skip=None, packages_select_regex=None, packages_skip_regex=None, packages_start=None, packages_end=None, allow_overriding=[], cmake_args=None, cmake_target=None, cmake_target_skip_unavailable=False, cmake_clean_cache=False, cmake_clean_first=False, cmake_force_configure=False, ament_cmake_args=None, catkin_cmake_args=None, catkin_skip_building_tests=False, verb_parser=<colcon_defaults.argument_parser.defaults.DefaultArgumentsDecorator object at 0xffff9d7d8d00>, verb_extension=<colcon_core.verb.build.BuildVerb object at 0xffff9d9998d0>, main=<bound method BuildVerb.main of <colcon_core.verb.build.BuildVerb object at 0xffff9d9998d0>>)
[6.577s] Level 1:colcon.colcon_core.package_discovery:discover_packages(colcon_meta) check parameters
[6.578s] Level 1:colcon.colcon_core.package_discovery:discover_packages(recursive) check parameters
[6.579s] Level 1:colcon.colcon_core.package_discovery:discover_packages(ignore) check parameters
[6.579s] Level 1:colcon.colcon_core.package_discovery:discover_packages(path) check parameters
[6.579s] Level 1:colcon.colcon_core.package_discovery:discover_packages(colcon_meta) discover
[6.579s] Level 1:colcon.colcon_core.package_discovery:discover_packages(recursive) discover
[6.580s] INFO:colcon.colcon_core.package_discovery:Crawling recursively for packages in '/home/pi2/ros2_ws'
[6.581s] Level 1:colcon.colcon_core.package_identification:_identify(.) by extensions ['ignore', 'ignore_ament_install']
[6.582s] Level 1:colcon.colcon_core.package_identification:_identify(.) by extension 'ignore'
[6.582s] Level 1:colcon.colcon_core.package_identification:_identify(.) by extension 'ignore_ament_install'
[6.583s] Level 1:colcon.colcon_core.package_identification:_identify(.) by extensions ['colcon_pkg']
[6.583s] Level 1:colcon.colcon_core.package_identification:_identify(.) by extension 'colcon_pkg'
[6.584s] Level 1:colcon.colcon_core.package_identification:_identify(.) by extensions ['colcon_meta']
[6.584s] Level 1:colcon.colcon_core.package_identification:_identify(.) by extension 'colcon_meta'
[6.584s] Level 1:colcon.colcon_core.package_identification:_identify(.) by extensions ['ros']
[6.585s] Level 1:colcon.colcon_core.package_identification:_identify(.) by extension 'ros'
[6.651s] Level 1:colcon.colcon_core.package_identification:_identify(.) by extensions ['cmake', 'python']
[6.651s] Level 1:colcon.colcon_core.package_identification:_identify(.) by extension 'cmake'
[6.652s] Level 1:colcon.colcon_core.package_identification:_identify(.) by extension 'python'
[6.653s] Level 1:colcon.colcon_core.package_identification:_identify(.) by extensions ['python_setup_py']
[6.654s] Level 1:colcon.colcon_core.package_identification:_identify(.) by extension 'python_setup_py'
[6.655s] Level 1:colcon.colcon_core.package_identification:_identify(build) by extensions ['ignore', 'ignore_ament_install']
[6.656s] Level 1:colcon.colcon_core.package_identification:_identify(build) by extension 'ignore'
[6.657s] Level 1:colcon.colcon_core.package_identification:_identify(build) ignored
[6.658s] Level 1:colcon.colcon_core.package_identification:_identify(install) by extensions ['ignore', 'ignore_ament_install']
[6.659s] Level 1:colcon.colcon_core.package_identification:_identify(install) by extension 'ignore'
[6.659s] Level 1:colcon.colcon_core.package_identification:_identify(install) ignored
[6.660s] Level 1:colcon.colcon_core.package_identification:_identify(joy2twist.yaml) by extensions ['ignore', 'ignore_ament_install']
[6.661s] Level 1:colcon.colcon_core.package_identification:_identify(joy2twist.yaml) by extension 'ignore'
[6.662s] Level 1:colcon.colcon_core.package_identification:_identify(joy2twist.yaml) by extension 'ignore_ament_install'
[6.662s] Level 1:colcon.colcon_core.package_identification:_identify(joy2twist.yaml) by extensions ['colcon_pkg']
[6.663s] Level 1:colcon.colcon_core.package_identification:_identify(joy2twist.yaml) by extension 'colcon_pkg'
[6.663s] Level 1:colcon.colcon_core.package_identification:_identify(joy2twist.yaml) by extensions ['colcon_meta']
[6.664s] Level 1:colcon.colcon_core.package_identification:_identify(joy2twist.yaml) by extension 'colcon_meta'
[6.664s] Level 1:colcon.colcon_core.package_identification:_identify(joy2twist.yaml) by extensions ['ros']
[6.665s] Level 1:colcon.colcon_core.package_identification:_identify(joy2twist.yaml) by extension 'ros'
[6.665s] Level 1:colcon.colcon_core.package_identification:_identify(joy2twist.yaml) by extensions ['cmake', 'python']
[6.666s] Level 1:colcon.colcon_core.package_identification:_identify(joy2twist.yaml) by extension 'cmake'
[6.666s] Level 1:colcon.colcon_core.package_identification:_identify(joy2twist.yaml) by extension 'python'
[6.667s] Level 1:colcon.colcon_core.package_identification:_identify(joy2twist.yaml) by extensions ['python_setup_py']
[6.667s] Level 1:colcon.colcon_core.package_identification:_identify(joy2twist.yaml) by extension 'python_setup_py'
[6.690s] Level 1:colcon.colcon_core.package_identification:_identify(log) by extensions ['ignore', 'ignore_ament_install']
[6.691s] Level 1:colcon.colcon_core.package_identification:_identify(log) by extension 'ignore'
[6.692s] Level 1:colcon.colcon_core.package_identification:_identify(log) ignored
[6.694s] Level 1:colcon.colcon_core.package_identification:_identify(src) by extensions ['ignore', 'ignore_ament_install']
[6.695s] Level 1:colcon.colcon_core.package_identification:_identify(src) by extension 'ignore'
[6.695s] Level 1:colcon.colcon_core.package_identification:_identify(src) by extension 'ignore_ament_install'
[6.696s] Level 1:colcon.colcon_core.package_identification:_identify(src) by extensions ['colcon_pkg']
[6.696s] Level 1:colcon.colcon_core.package_identification:_identify(src) by extension 'colcon_pkg'
[6.697s] Level 1:colcon.colcon_core.package_identification:_identify(src) by extensions ['colcon_meta']
[6.697s] Level 1:colcon.colcon_core.package_identification:_identify(src) by extension 'colcon_meta'
[6.698s] Level 1:colcon.colcon_core.package_identification:_identify(src) by extensions ['ros']
[6.698s] Level 1:colcon.colcon_core.package_identification:_identify(src) by extension 'ros'
[6.699s] Level 1:colcon.colcon_core.package_identification:_identify(src) by extensions ['cmake', 'python']
[6.699s] Level 1:colcon.colcon_core.package_identification:_identify(src) by extension 'cmake'
[6.700s] Level 1:colcon.colcon_core.package_identification:_identify(src) by extension 'python'
[6.701s] Level 1:colcon.colcon_core.package_identification:_identify(src) by extensions ['python_setup_py']
[6.701s] Level 1:colcon.colcon_core.package_identification:_identify(src) by extension 'python_setup_py'
[6.702s] Level 1:colcon.colcon_core.package_identification:_identify(src/Simple-2D-LiDAR-Odometry) by extensions ['ignore', 'ignore_ament_install']
[6.703s] Level 1:colcon.colcon_core.package_identification:_identify(src/Simple-2D-LiDAR-Odometry) by extension 'ignore'
[6.703s] Level 1:colcon.colcon_core.package_identification:_identify(src/Simple-2D-LiDAR-Odometry) by extension 'ignore_ament_install'
[6.706s] Level 1:colcon.colcon_core.package_identification:_identify(src/Simple-2D-LiDAR-Odometry) by extensions ['colcon_pkg']
[6.706s] Level 1:colcon.colcon_core.package_identification:_identify(src/Simple-2D-LiDAR-Odometry) by extension 'colcon_pkg'
[6.707s] Level 1:colcon.colcon_core.package_identification:_identify(src/Simple-2D-LiDAR-Odometry) by extensions ['colcon_meta']
[6.707s] Level 1:colcon.colcon_core.package_identification:_identify(src/Simple-2D-LiDAR-Odometry) by extension 'colcon_meta'
[6.708s] Level 1:colcon.colcon_core.package_identification:_identify(src/Simple-2D-LiDAR-Odometry) by extensions ['ros']
[6.708s] Level 1:colcon.colcon_core.package_identification:_identify(src/Simple-2D-LiDAR-Odometry) by extension 'ros'
[6.767s] DEBUG:colcon.colcon_core.package_identification:Package 'src/Simple-2D-LiDAR-Odometry' with type 'ros.ament_cmake' and name 'lidar_odometry'
[6.769s] Level 1:colcon.colcon_core.package_identification:_identify(src/bno055) by extensions ['ignore', 'ignore_ament_install']
[6.770s] Level 1:colcon.colcon_core.package_identification:_identify(src/bno055) by extension 'ignore'
[6.771s] Level 1:colcon.colcon_core.package_identification:_identify(src/bno055) by extension 'ignore_ament_install'
[6.772s] Level 1:colcon.colcon_core.package_identification:_identify(src/bno055) by extensions ['colcon_pkg']
[6.772s] Level 1:colcon.colcon_core.package_identification:_identify(src/bno055) by extension 'colcon_pkg'
[6.773s] Level 1:colcon.colcon_core.package_identification:_identify(src/bno055) by extensions ['colcon_meta']
[6.773s] Level 1:colcon.colcon_core.package_identification:_identify(src/bno055) by extension 'colcon_meta'
[6.773s] Level 1:colcon.colcon_core.package_identification:_identify(src/bno055) by extensions ['ros']
[6.774s] Level 1:colcon.colcon_core.package_identification:_identify(src/bno055) by extension 'ros'
[6.791s] DEBUG:colcon.colcon_core.package_identification:Package 'src/bno055' with type 'ros.ament_python' and name 'bno055'
[6.792s] Level 1:colcon.colcon_core.package_identification:_identify(src/csm) by extensions ['ignore', 'ignore_ament_install']
[6.793s] Level 1:colcon.colcon_core.package_identification:_identify(src/csm) by extension 'ignore'
[6.794s] Level 1:colcon.colcon_core.package_identification:_identify(src/csm) by extension 'ignore_ament_install'
[6.795s] Level 1:colcon.colcon_core.package_identification:_identify(src/csm) by extensions ['colcon_pkg']
[6.795s] Level 1:colcon.colcon_core.package_identification:_identify(src/csm) by extension 'colcon_pkg'
[6.796s] Level 1:colcon.colcon_core.package_identification:_identify(src/csm) by extensions ['colcon_meta']
[6.796s] Level 1:colcon.colcon_core.package_identification:_identify(src/csm) by extension 'colcon_meta'
[6.797s] Level 1:colcon.colcon_core.package_identification:_identify(src/csm) by extensions ['ros']
[6.797s] Level 1:colcon.colcon_core.package_identification:_identify(src/csm) by extension 'ros'
[6.802s] DEBUG:colcon.colcon_core.package_identification:Package 'src/csm' with type 'ros.ament_cmake' and name 'csm'
[6.803s] Level 1:colcon.colcon_core.package_identification:_identify(src/joystick_publisher) by extensions ['ignore', 'ignore_ament_install']
[6.804s] Level 1:colcon.colcon_core.package_identification:_identify(src/joystick_publisher) by extension 'ignore'
[6.805s] Level 1:colcon.colcon_core.package_identification:_identify(src/joystick_publisher) by extension 'ignore_ament_install'
[6.805s] Level 1:colcon.colcon_core.package_identification:_identify(src/joystick_publisher) by extensions ['colcon_pkg']
[6.806s] Level 1:colcon.colcon_core.package_identification:_identify(src/joystick_publisher) by extension 'colcon_pkg'
[6.806s] Level 1:colcon.colcon_core.package_identification:_identify(src/joystick_publisher) by extensions ['colcon_meta']
[6.807s] Level 1:colcon.colcon_core.package_identification:_identify(src/joystick_publisher) by extension 'colcon_meta'
[6.807s] Level 1:colcon.colcon_core.package_identification:_identify(src/joystick_publisher) by extensions ['ros']
[6.807s] Level 1:colcon.colcon_core.package_identification:_identify(src/joystick_publisher) by extension 'ros'
[6.811s] DEBUG:colcon.colcon_core.package_identification:Package 'src/joystick_publisher' with type 'ros.ament_python' and name 'joystick_publisher'
[6.812s] Level 1:colcon.colcon_core.package_identification:_identify(src/motor_commands) by extensions ['ignore', 'ignore_ament_install']
[6.814s] Level 1:colcon.colcon_core.package_identification:_identify(src/motor_commands) by extension 'ignore'
[6.815s] Level 1:colcon.colcon_core.package_identification:_identify(src/motor_commands) by extension 'ignore_ament_install'
[6.815s] Level 1:colcon.colcon_core.package_identification:_identify(src/motor_commands) by extensions ['colcon_pkg']
[6.816s] Level 1:colcon.colcon_core.package_identification:_identify(src/motor_commands) by extension 'colcon_pkg'
[6.817s] Level 1:colcon.colcon_core.package_identification:_identify(src/motor_commands) by extensions ['colcon_meta']
[6.817s] Level 1:colcon.colcon_core.package_identification:_identify(src/motor_commands) by extension 'colcon_meta'
[6.817s] Level 1:colcon.colcon_core.package_identification:_identify(src/motor_commands) by extensions ['ros']
[6.818s] Level 1:colcon.colcon_core.package_identification:_identify(src/motor_commands) by extension 'ros'
[6.822s] DEBUG:colcon.colcon_core.package_identification:Package 'src/motor_commands' with type 'ros.ament_python' and name 'motor_commands'
[6.823s] Level 1:colcon.colcon_core.package_identification:_identify(src/motor_serial) by extensions ['ignore', 'ignore_ament_install']
[6.831s] Level 1:colcon.colcon_core.package_identification:_identify(src/motor_serial) by extension 'ignore'
[6.832s] Level 1:colcon.colcon_core.package_identification:_identify(src/motor_serial) by extension 'ignore_ament_install'
[6.833s] Level 1:colcon.colcon_core.package_identification:_identify(src/motor_serial) by extensions ['colcon_pkg']
[6.833s] Level 1:colcon.colcon_core.package_identification:_identify(src/motor_serial) by extension 'colcon_pkg'
[6.834s] Level 1:colcon.colcon_core.package_identification:_identify(src/motor_serial) by extensions ['colcon_meta']
[6.834s] Level 1:colcon.colcon_core.package_identification:_identify(src/motor_serial) by extension 'colcon_meta'
[6.835s] Level 1:colcon.colcon_core.package_identification:_identify(src/motor_serial) by extensions ['ros']
[6.836s] Level 1:colcon.colcon_core.package_identification:_identify(src/motor_serial) by extension 'ros'
[6.840s] DEBUG:colcon.colcon_core.package_identification:Package 'src/motor_serial' with type 'ros.ament_python' and name 'motor_serial'
[6.845s] Level 1:colcon.colcon_core.package_identification:_identify(src/my_map) by extensions ['ignore', 'ignore_ament_install']
[6.846s] Level 1:colcon.colcon_core.package_identification:_identify(src/my_map) by extension 'ignore'
[6.847s] Level 1:colcon.colcon_core.package_identification:_identify(src/my_map) by extension 'ignore_ament_install'
[6.848s] Level 1:colcon.colcon_core.package_identification:_identify(src/my_map) by extensions ['colcon_pkg']
[6.848s] Level 1:colcon.colcon_core.package_identification:_identify(src/my_map) by extension 'colcon_pkg'
[6.848s] Level 1:colcon.colcon_core.package_identification:_identify(src/my_map) by extensions ['colcon_meta']
[6.849s] Level 1:colcon.colcon_core.package_identification:_identify(src/my_map) by extension 'colcon_meta'
[6.850s] Level 1:colcon.colcon_core.package_identification:_identify(src/my_map) by extensions ['ros']
[6.851s] Level 1:colcon.colcon_core.package_identification:_identify(src/my_map) by extension 'ros'
[6.852s] Level 1:colcon.colcon_core.package_identification:_identify(src/my_map) by extensions ['cmake', 'python']
[6.852s] Level 1:colcon.colcon_core.package_identification:_identify(src/my_map) by extension 'cmake'
[6.853s] Level 1:colcon.colcon_core.package_identification:_identify(src/my_map) by extension 'python'
[6.853s] Level 1:colcon.colcon_core.package_identification:_identify(src/my_map) by extensions ['python_setup_py']
[6.853s] Level 1:colcon.colcon_core.package_identification:_identify(src/my_map) by extension 'python_setup_py'
[6.867s] Level 1:colcon.colcon_core.package_identification:_identify(src/my_parameters) by extensions ['ignore', 'ignore_ament_install']
[6.868s] Level 1:colcon.colcon_core.package_identification:_identify(src/my_parameters) by extension 'ignore'
[6.869s] Level 1:colcon.colcon_core.package_identification:_identify(src/my_parameters) by extension 'ignore_ament_install'
[6.869s] Level 1:colcon.colcon_core.package_identification:_identify(src/my_parameters) by extensions ['colcon_pkg']
[6.870s] Level 1:colcon.colcon_core.package_identification:_identify(src/my_parameters) by extension 'colcon_pkg'
[6.870s] Level 1:colcon.colcon_core.package_identification:_identify(src/my_parameters) by extensions ['colcon_meta']
[6.871s] Level 1:colcon.colcon_core.package_identification:_identify(src/my_parameters) by extension 'colcon_meta'
[6.871s] Level 1:colcon.colcon_core.package_identification:_identify(src/my_parameters) by extensions ['ros']
[6.871s] Level 1:colcon.colcon_core.package_identification:_identify(src/my_parameters) by extension 'ros'
[6.875s] DEBUG:colcon.colcon_core.package_identification:Package 'src/my_parameters' with type 'ros.ament_cmake' and name 'my_parameters'
[6.877s] Level 1:colcon.colcon_core.package_identification:_identify(src/my_slam_package) by extensions ['ignore', 'ignore_ament_install']
[6.877s] Level 1:colcon.colcon_core.package_identification:_identify(src/my_slam_package) by extension 'ignore'
[6.878s] Level 1:colcon.colcon_core.package_identification:_identify(src/my_slam_package) by extension 'ignore_ament_install'
[6.879s] Level 1:colcon.colcon_core.package_identification:_identify(src/my_slam_package) by extensions ['colcon_pkg']
[6.879s] Level 1:colcon.colcon_core.package_identification:_identify(src/my_slam_package) by extension 'colcon_pkg'
[6.880s] Level 1:colcon.colcon_core.package_identification:_identify(src/my_slam_package) by extensions ['colcon_meta']
[6.880s] Level 1:colcon.colcon_core.package_identification:_identify(src/my_slam_package) by extension 'colcon_meta'
[6.880s] Level 1:colcon.colcon_core.package_identification:_identify(src/my_slam_package) by extensions ['ros']
[6.881s] Level 1:colcon.colcon_core.package_identification:_identify(src/my_slam_package) by extension 'ros'
[6.885s] DEBUG:colcon.colcon_core.package_identification:Package 'src/my_slam_package' with type 'ros.ament_python' and name 'my_slam_package'
[6.886s] Level 1:colcon.colcon_core.package_identification:_identify(src/ros2_laser_scan_matcher) by extensions ['ignore', 'ignore_ament_install']
[6.887s] Level 1:colcon.colcon_core.package_identification:_identify(src/ros2_laser_scan_matcher) by extension 'ignore'
[6.887s] Level 1:colcon.colcon_core.package_identification:_identify(src/ros2_laser_scan_matcher) by extension 'ignore_ament_install'
[6.888s] Level 1:colcon.colcon_core.package_identification:_identify(src/ros2_laser_scan_matcher) by extensions ['colcon_pkg']
[6.888s] Level 1:colcon.colcon_core.package_identification:_identify(src/ros2_laser_scan_matcher) by extension 'colcon_pkg'
[6.889s] Level 1:colcon.colcon_core.package_identification:_identify(src/ros2_laser_scan_matcher) by extensions ['colcon_meta']
[6.889s] Level 1:colcon.colcon_core.package_identification:_identify(src/ros2_laser_scan_matcher) by extension 'colcon_meta'
[6.889s] Level 1:colcon.colcon_core.package_identification:_identify(src/ros2_laser_scan_matcher) by extensions ['ros']
[6.890s] Level 1:colcon.colcon_core.package_identification:_identify(src/ros2_laser_scan_matcher) by extension 'ros'
[6.894s] DEBUG:colcon.colcon_core.package_identification:Package 'src/ros2_laser_scan_matcher' with type 'ros.ament_cmake' and name 'ros2_laser_scan_matcher'
[6.895s] Level 1:colcon.colcon_core.package_identification:_identify(src/sllidar_ros2) by extensions ['ignore', 'ignore_ament_install']
[6.896s] Level 1:colcon.colcon_core.package_identification:_identify(src/sllidar_ros2) by extension 'ignore'
[6.897s] Level 1:colcon.colcon_core.package_identification:_identify(src/sllidar_ros2) by extension 'ignore_ament_install'
[6.897s] Level 1:colcon.colcon_core.package_identification:_identify(src/sllidar_ros2) by extensions ['colcon_pkg']
[6.898s] Level 1:colcon.colcon_core.package_identification:_identify(src/sllidar_ros2) by extension 'colcon_pkg'
[6.898s] Level 1:colcon.colcon_core.package_identification:_identify(src/sllidar_ros2) by extensions ['colcon_meta']
[6.899s] Level 1:colcon.colcon_core.package_identification:_identify(src/sllidar_ros2) by extension 'colcon_meta'
[6.899s] Level 1:colcon.colcon_core.package_identification:_identify(src/sllidar_ros2) by extensions ['ros']
[6.899s] Level 1:colcon.colcon_core.package_identification:_identify(src/sllidar_ros2) by extension 'ros'
[6.903s] DEBUG:colcon.colcon_core.package_identification:Package 'src/sllidar_ros2' with type 'ros.ament_cmake' and name 'sllidar_ros2'
[6.904s] Level 1:colcon.colcon_core.package_identification:_identify(src/soft_robot_bringub) by extensions ['ignore', 'ignore_ament_install']
[6.905s] Level 1:colcon.colcon_core.package_identification:_identify(src/soft_robot_bringub) by extension 'ignore'
[6.906s] Level 1:colcon.colcon_core.package_identification:_identify(src/soft_robot_bringub) by extension 'ignore_ament_install'
[6.906s] Level 1:colcon.colcon_core.package_identification:_identify(src/soft_robot_bringub) by extensions ['colcon_pkg']
[6.906s] Level 1:colcon.colcon_core.package_identification:_identify(src/soft_robot_bringub) by extension 'colcon_pkg'
[6.907s] Level 1:colcon.colcon_core.package_identification:_identify(src/soft_robot_bringub) by extensions ['colcon_meta']
[6.907s] Level 1:colcon.colcon_core.package_identification:_identify(src/soft_robot_bringub) by extension 'colcon_meta'
[6.908s] Level 1:colcon.colcon_core.package_identification:_identify(src/soft_robot_bringub) by extensions ['ros']
[6.908s] Level 1:colcon.colcon_core.package_identification:_identify(src/soft_robot_bringub) by extension 'ros'
[6.918s] DEBUG:colcon.colcon_core.package_identification:Package 'src/soft_robot_bringub' with type 'ros.ament_cmake' and name 'soft_robot_bringub'
[6.918s] Level 1:colcon.colcon_core.package_discovery:discover_packages(recursive) using defaults
[6.919s] Level 1:colcon.colcon_core.package_discovery:discover_packages(ignore) discover
[6.919s] Level 1:colcon.colcon_core.package_discovery:discover_packages(ignore) using defaults
[6.919s] Level 1:colcon.colcon_core.package_discovery:discover_packages(path) discover
[6.919s] Level 1:colcon.colcon_core.package_discovery:discover_packages(path) using defaults
[7.150s] INFO:colcon.colcon_core.package_selection:Skipping not selected package 'bno055' in 'src/bno055'
[7.150s] INFO:colcon.colcon_core.package_selection:Skipping not selected package 'csm' in 'src/csm'
[7.150s] INFO:colcon.colcon_core.package_selection:Skipping not selected package 'joystick_publisher' in 'src/joystick_publisher'
[7.151s] INFO:colcon.colcon_core.package_selection:Skipping not selected package 'lidar_odometry' in 'src/Simple-2D-LiDAR-Odometry'
[7.151s] INFO:colcon.colcon_core.package_selection:Skipping not selected package 'motor_commands' in 'src/motor_commands'
[7.151s] INFO:colcon.colcon_core.package_selection:Skipping not selected package 'motor_serial' in 'src/motor_serial'
[7.151s] INFO:colcon.colcon_core.package_selection:Skipping not selected package 'my_parameters' in 'src/my_parameters'
[7.152s] INFO:colcon.colcon_core.package_selection:Skipping not selected package 'my_slam_package' in 'src/my_slam_package'
[7.152s] INFO:colcon.colcon_core.package_selection:Skipping not selected package 'sllidar_ros2' in 'src/sllidar_ros2'
[7.152s] INFO:colcon.colcon_core.package_selection:Skipping not selected package 'ros2_laser_scan_matcher' in 'src/ros2_laser_scan_matcher'
[7.156s] Level 1:colcon.colcon_core.package_discovery:discover_packages(prefix_path) check parameters
[7.157s] Level 1:colcon.colcon_core.package_discovery:discover_packages(prefix_path) discover
[7.193s] DEBUG:colcon.colcon_installed_package_information.package_discovery:Found 12 installed packages in /home/pi2/ros2_ws/install
[7.206s] DEBUG:colcon.colcon_installed_package_information.package_discovery:Found 310 installed packages in /opt/ros/humble
[7.216s] Level 1:colcon.colcon_core.package_discovery:discover_packages(prefix_path) using defaults
[7.628s] Level 5:colcon.colcon_core.verb:set package 'soft_robot_bringub' build argument 'cmake_args' from command line to 'None'
[7.628s] Level 5:colcon.colcon_core.verb:set package 'soft_robot_bringub' build argument 'cmake_target' from command line to 'None'
[7.629s] Level 5:colcon.colcon_core.verb:set package 'soft_robot_bringub' build argument 'cmake_target_skip_unavailable' from command line to 'False'
[7.629s] Level 5:colcon.colcon_core.verb:set package 'soft_robot_bringub' build argument 'cmake_clean_cache' from command line to 'False'
[7.629s] Level 5:colcon.colcon_core.verb:set package 'soft_robot_bringub' build argument 'cmake_clean_first' from command line to 'False'
[7.629s] Level 5:colcon.colcon_core.verb:set package 'soft_robot_bringub' build argument 'cmake_force_configure' from command line to 'False'
[7.630s] Level 5:colcon.colcon_core.verb:set package 'soft_robot_bringub' build argument 'ament_cmake_args' from command line to 'None'
[7.630s] Level 5:colcon.colcon_core.verb:set package 'soft_robot_bringub' build argument 'catkin_cmake_args' from command line to 'None'
[7.630s] Level 5:colcon.colcon_core.verb:set package 'soft_robot_bringub' build argument 'catkin_skip_building_tests' from command line to 'False'
[7.630s] DEBUG:colcon.colcon_core.verb:Building package 'soft_robot_bringub' with the following arguments: {'ament_cmake_args': None, 'build_base': '/home/pi2/ros2_ws/build/soft_robot_bringub', 'catkin_cmake_args': None, 'catkin_skip_building_tests': False, 'cmake_args': None, 'cmake_clean_cache': False, 'cmake_clean_first': False, 'cmake_force_configure': False, 'cmake_target': None, 'cmake_target_skip_unavailable': False, 'install_base': '/home/pi2/ros2_ws/install/soft_robot_bringub', 'merge_install': False, 'path': '/home/pi2/ros2_ws/src/soft_robot_bringub', 'symlink_install': False, 'test_result_base': None}
[7.632s] INFO:colcon.colcon_core.executor:Executing jobs using 'parallel' executor
[7.638s] DEBUG:colcon.colcon_parallel_executor.executor.parallel:run_until_complete
[7.639s] INFO:colcon.colcon_ros.task.ament_cmake.build:Building ROS package in '/home/pi2/ros2_ws/src/soft_robot_bringub' with build type 'ament_cmake'
[7.640s] INFO:colcon.colcon_cmake.task.cmake.build:Building CMake package in '/home/pi2/ros2_ws/src/soft_robot_bringub'
[7.672s] INFO:colcon.colcon_core.plugin_system:Skipping extension 'colcon_core.shell.bat': Not used on non-Windows systems
[7.674s] INFO:colcon.colcon_core.shell:Skip shell extension 'powershell' for command environment: Not usable outside of PowerShell
[7.674s] DEBUG:colcon.colcon_core.shell:Skip shell extension 'dsv' for command environment
[7.807s] DEBUG:colcon.colcon_core.event_handler.log_command:Invoking command in '/home/pi2/ros2_ws/build/soft_robot_bringub': AMENT_PREFIX_PATH=/home/pi2/ros2_ws/install/my_slam_package:/home/pi2/ros2_ws/install/motor_serial:/home/pi2/ros2_ws/install/motor_commands:/home/pi2/ros2_ws/install/joystick_publisher:/home/pi2/ros2_ws/install/bno055:/home/pi2/ros2_ws/install/soft_robot_bringub:/home/pi2/ros2_ws/install/sllidar_ros2:/home/pi2/ros2_ws/install/ros2_laser_scan_matcher:/home/pi2/ros2_ws/install/my_parameters:/home/pi2/ros2_ws/install/locolization:/home/pi2/ros2_ws/install/csm:/opt/ros/humble:/home/pi2/ros2_ws/install CMAKE_PREFIX_PATH=${CMAKE_PREFIX_PATH}:/home/pi2/ros2_ws/install/my_slam_package:/home/pi2/ros2_ws/install/motor_serial:/home/pi2/ros2_ws/install/motor_commands:/home/pi2/ros2_ws/install/locolization:/home/pi2/ros2_ws/install/joystick_publisher:/home/pi2/ros2_ws/install/bno055:/opt/ros/humble PYTHONPATH=/home/pi2/ros2_ws/install/my_slam_package/lib/python3.10/site-packages:/home/pi2/ros2_ws/install/motor_serial/lib/python3.10/site-packages:/home/pi2/ros2_ws/install/motor_commands/lib/python3.10/site-packages:/home/pi2/ros2_ws/install/joystick_publisher/lib/python3.10/site-packages:/home/pi2/ros2_ws/install/bno055/lib/python3.10/site-packages:/home/pi2/ros2_ws/install/my_parameters/local/lib/python3.10/dist-packages:/home/pi2/ros2_ws/install/locolization/lib/python3.10/site-packages:/opt/ros/humble/lib/python3.10/site-packages:/opt/ros/humble/local/lib/python3.10/dist-packages /usr/bin/cmake --build /home/pi2/ros2_ws/build/soft_robot_bringub -- -j4 -l4
[8.584s] DEBUG:colcon.colcon_core.event_handler.log_command:Invoked command in '/home/pi2/ros2_ws/build/soft_robot_bringub' returned '0': AMENT_PREFIX_PATH=/home/pi2/ros2_ws/install/my_slam_package:/home/pi2/ros2_ws/install/motor_serial:/home/pi2/ros2_ws/install/motor_commands:/home/pi2/ros2_ws/install/joystick_publisher:/home/pi2/ros2_ws/install/bno055:/home/pi2/ros2_ws/install/soft_robot_bringub:/home/pi2/ros2_ws/install/sllidar_ros2:/home/pi2/ros2_ws/install/ros2_laser_scan_matcher:/home/pi2/ros2_ws/install/my_parameters:/home/pi2/ros2_ws/install/locolization:/home/pi2/ros2_ws/install/csm:/opt/ros/humble:/home/pi2/ros2_ws/install CMAKE_PREFIX_PATH=${CMAKE_PREFIX_PATH}:/home/pi2/ros2_ws/install/my_slam_package:/home/pi2/ros2_ws/install/motor_serial:/home/pi2/ros2_ws/install/motor_commands:/home/pi2/ros2_ws/install/locolization:/home/pi2/ros2_ws/install/joystick_publisher:/home/pi2/ros2_ws/install/bno055:/opt/ros/humble PYTHONPATH=/home/pi2/ros2_ws/install/my_slam_package/lib/python3.10/site-packages:/home/pi2/ros2_ws/install/motor_serial/lib/python3.10/site-packages:/home/pi2/ros2_ws/install/motor_commands/lib/python3.10/site-packages:/home/pi2/ros2_ws/install/joystick_publisher/lib/python3.10/site-packages:/home/pi2/ros2_ws/install/bno055/lib/python3.10/site-packages:/home/pi2/ros2_ws/install/my_parameters/local/lib/python3.10/dist-packages:/home/pi2/ros2_ws/install/locolization/lib/python3.10/site-packages:/opt/ros/humble/lib/python3.10/site-packages:/opt/ros/humble/local/lib/python3.10/dist-packages /usr/bin/cmake --build /home/pi2/ros2_ws/build/soft_robot_bringub -- -j4 -l4
[9.226s] DEBUG:colcon.colcon_core.event_handler.log_command:Invoking command in '/home/pi2/ros2_ws/build/soft_robot_bringub': AMENT_PREFIX_PATH=/home/pi2/ros2_ws/install/my_slam_package:/home/pi2/ros2_ws/install/motor_serial:/home/pi2/ros2_ws/install/motor_commands:/home/pi2/ros2_ws/install/joystick_publisher:/home/pi2/ros2_ws/install/bno055:/home/pi2/ros2_ws/install/soft_robot_bringub:/home/pi2/ros2_ws/install/sllidar_ros2:/home/pi2/ros2_ws/install/ros2_laser_scan_matcher:/home/pi2/ros2_ws/install/my_parameters:/home/pi2/ros2_ws/install/locolization:/home/pi2/ros2_ws/install/csm:/opt/ros/humble:/home/pi2/ros2_ws/install CMAKE_PREFIX_PATH=${CMAKE_PREFIX_PATH}:/home/pi2/ros2_ws/install/my_slam_package:/home/pi2/ros2_ws/install/motor_serial:/home/pi2/ros2_ws/install/motor_commands:/home/pi2/ros2_ws/install/locolization:/home/pi2/ros2_ws/install/joystick_publisher:/home/pi2/ros2_ws/install/bno055:/opt/ros/humble PYTHONPATH=/home/pi2/ros2_ws/install/my_slam_package/lib/python3.10/site-packages:/home/pi2/ros2_ws/install/motor_serial/lib/python3.10/site-packages:/home/pi2/ros2_ws/install/motor_commands/lib/python3.10/site-packages:/home/pi2/ros2_ws/install/joystick_publisher/lib/python3.10/site-packages:/home/pi2/ros2_ws/install/bno055/lib/python3.10/site-packages:/home/pi2/ros2_ws/install/my_parameters/local/lib/python3.10/dist-packages:/home/pi2/ros2_ws/install/locolization/lib/python3.10/site-packages:/opt/ros/humble/lib/python3.10/site-packages:/opt/ros/humble/local/lib/python3.10/dist-packages /usr/bin/cmake --install /home/pi2/ros2_ws/build/soft_robot_bringub
[9.435s] Level 1:colcon.colcon_core.environment:create_environment_scripts_only(soft_robot_bringub)
[9.451s] DEBUG:colcon.colcon_core.event_handler.log_command:Invoked command in '/home/pi2/ros2_ws/build/soft_robot_bringub' returned '0': AMENT_PREFIX_PATH=/home/pi2/ros2_ws/install/my_slam_package:/home/pi2/ros2_ws/install/motor_serial:/home/pi2/ros2_ws/install/motor_commands:/home/pi2/ros2_ws/install/joystick_publisher:/home/pi2/ros2_ws/install/bno055:/home/pi2/ros2_ws/install/soft_robot_bringub:/home/pi2/ros2_ws/install/sllidar_ros2:/home/pi2/ros2_ws/install/ros2_laser_scan_matcher:/home/pi2/ros2_ws/install/my_parameters:/home/pi2/ros2_ws/install/locolization:/home/pi2/ros2_ws/install/csm:/opt/ros/humble:/home/pi2/ros2_ws/install CMAKE_PREFIX_PATH=${CMAKE_PREFIX_PATH}:/home/pi2/ros2_ws/install/my_slam_package:/home/pi2/ros2_ws/install/motor_serial:/home/pi2/ros2_ws/install/motor_commands:/home/pi2/ros2_ws/install/locolization:/home/pi2/ros2_ws/install/joystick_publisher:/home/pi2/ros2_ws/install/bno055:/opt/ros/humble PYTHONPATH=/home/pi2/ros2_ws/install/my_slam_package/lib/python3.10/site-packages:/home/pi2/ros2_ws/install/motor_serial/lib/python3.10/site-packages:/home/pi2/ros2_ws/install/motor_commands/lib/python3.10/site-packages:/home/pi2/ros2_ws/install/joystick_publisher/lib/python3.10/site-packages:/home/pi2/ros2_ws/install/bno055/lib/python3.10/site-packages:/home/pi2/ros2_ws/install/my_parameters/local/lib/python3.10/dist-packages:/home/pi2/ros2_ws/install/locolization/lib/python3.10/site-packages:/opt/ros/humble/lib/python3.10/site-packages:/opt/ros/humble/local/lib/python3.10/dist-packages /usr/bin/cmake --install /home/pi2/ros2_ws/build/soft_robot_bringub
[9.672s] Level 1:colcon.colcon_core.environment:checking '/home/pi2/ros2_ws/install/soft_robot_bringub' for CMake module files
[9.677s] Level 1:colcon.colcon_core.environment:checking '/home/pi2/ros2_ws/install/soft_robot_bringub' for CMake config files
[9.679s] Level 1:colcon.colcon_core.shell:create_environment_hook('soft_robot_bringub', 'cmake_prefix_path')
[9.685s] INFO:colcon.colcon_core.shell:Creating environment hook '/home/pi2/ros2_ws/install/soft_robot_bringub/share/soft_robot_bringub/hook/cmake_prefix_path.ps1'
[9.698s] INFO:colcon.colcon_core.shell:Creating environment descriptor '/home/pi2/ros2_ws/install/soft_robot_bringub/share/soft_robot_bringub/hook/cmake_prefix_path.dsv'
[9.711s] INFO:colcon.colcon_core.shell:Creating environment hook '/home/pi2/ros2_ws/install/soft_robot_bringub/share/soft_robot_bringub/hook/cmake_prefix_path.sh'
[9.722s] Level 1:colcon.colcon_core.environment:checking '/home/pi2/ros2_ws/install/soft_robot_bringub/bin'
[9.723s] Level 1:colcon.colcon_core.environment:checking '/home/pi2/ros2_ws/install/soft_robot_bringub/lib/pkgconfig/soft_robot_bringub.pc'
[9.755s] Level 1:colcon.colcon_core.environment:checking '/home/pi2/ros2_ws/install/soft_robot_bringub/lib/python3.10/site-packages'
[9.761s] Level 1:colcon.colcon_core.environment:checking '/home/pi2/ros2_ws/install/soft_robot_bringub/bin'
[9.768s] INFO:colcon.colcon_core.shell:Creating package script '/home/pi2/ros2_ws/install/soft_robot_bringub/share/soft_robot_bringub/package.ps1'
[9.785s] INFO:colcon.colcon_core.shell:Creating package descriptor '/home/pi2/ros2_ws/install/soft_robot_bringub/share/soft_robot_bringub/package.dsv'
[9.814s] INFO:colcon.colcon_core.shell:Creating package script '/home/pi2/ros2_ws/install/soft_robot_bringub/share/soft_robot_bringub/package.sh'
[9.877s] INFO:colcon.colcon_core.shell:Creating package script '/home/pi2/ros2_ws/install/soft_robot_bringub/share/soft_robot_bringub/package.bash'
[9.928s] INFO:colcon.colcon_core.shell:Creating package script '/home/pi2/ros2_ws/install/soft_robot_bringub/share/soft_robot_bringub/package.zsh'
[9.965s] Level 1:colcon.colcon_core.environment:create_file_with_runtime_dependencies(/home/pi2/ros2_ws/install/soft_robot_bringub/share/colcon-core/packages/soft_robot_bringub)
[10.611s] Level 1:colcon.colcon_core.environment:create_environment_scripts_only(soft_robot_bringub)
[10.613s] Level 1:colcon.colcon_core.environment:checking '/home/pi2/ros2_ws/install/soft_robot_bringub' for CMake module files
[10.633s] Level 1:colcon.colcon_core.environment:checking '/home/pi2/ros2_ws/install/soft_robot_bringub' for CMake config files
[10.638s] Level 1:colcon.colcon_core.shell:create_environment_hook('soft_robot_bringub', 'cmake_prefix_path')
[10.640s] INFO:colcon.colcon_core.shell:Creating environment hook '/home/pi2/ros2_ws/install/soft_robot_bringub/share/soft_robot_bringub/hook/cmake_prefix_path.ps1'
[10.670s] INFO:colcon.colcon_core.shell:Creating environment descriptor '/home/pi2/ros2_ws/install/soft_robot_bringub/share/soft_robot_bringub/hook/cmake_prefix_path.dsv'
[10.682s] INFO:colcon.colcon_core.shell:Creating environment hook '/home/pi2/ros2_ws/install/soft_robot_bringub/share/soft_robot_bringub/hook/cmake_prefix_path.sh'
[10.709s] Level 1:colcon.colcon_core.environment:checking '/home/pi2/ros2_ws/install/soft_robot_bringub/bin'
[10.710s] Level 1:colcon.colcon_core.environment:checking '/home/pi2/ros2_ws/install/soft_robot_bringub/lib/pkgconfig/soft_robot_bringub.pc'
[10.719s] Level 1:colcon.colcon_core.environment:checking '/home/pi2/ros2_ws/install/soft_robot_bringub/lib/python3.10/site-packages'
[10.727s] Level 1:colcon.colcon_core.environment:checking '/home/pi2/ros2_ws/install/soft_robot_bringub/bin'
[10.855s] INFO:colcon.colcon_core.shell:Creating package script '/home/pi2/ros2_ws/install/soft_robot_bringub/share/soft_robot_bringub/package.ps1'
[10.890s] INFO:colcon.colcon_core.shell:Creating package descriptor '/home/pi2/ros2_ws/install/soft_robot_bringub/share/soft_robot_bringub/package.dsv'
[10.938s] INFO:colcon.colcon_core.shell:Creating package script '/home/pi2/ros2_ws/install/soft_robot_bringub/share/soft_robot_bringub/package.sh'
[10.947s] INFO:colcon.colcon_core.shell:Creating package script '/home/pi2/ros2_ws/install/soft_robot_bringub/share/soft_robot_bringub/package.bash'
[11.041s] INFO:colcon.colcon_core.shell:Creating package script '/home/pi2/ros2_ws/install/soft_robot_bringub/share/soft_robot_bringub/package.zsh'
[11.055s] Level 1:colcon.colcon_core.environment:create_file_with_runtime_dependencies(/home/pi2/ros2_ws/install/soft_robot_bringub/share/colcon-core/packages/soft_robot_bringub)
[11.188s] DEBUG:colcon.colcon_parallel_executor.executor.parallel:closing loop
[11.190s] DEBUG:colcon.colcon_parallel_executor.executor.parallel:loop closed
[11.190s] DEBUG:colcon.colcon_parallel_executor.executor.parallel:run_until_complete finished with '0'
[11.191s] DEBUG:colcon.colcon_core.event_reactor:joining thread
[11.470s] INFO:colcon.colcon_core.plugin_system:Skipping extension 'colcon_notification.desktop_notification.notify_send': Could not find 'notify-send'
[11.470s] INFO:colcon.colcon_core.plugin_system:Skipping extension 'colcon_notification.desktop_notification.terminal_notifier': Not used on non-Darwin systems
[11.471s] INFO:colcon.colcon_core.plugin_system:Skipping extension 'colcon_notification.desktop_notification.win32': Not used on non-Windows systems
[11.471s] INFO:colcon.colcon_notification.desktop_notification:Sending desktop notification using 'notify2'
[11.629s] DEBUG:colcon.colcon_notification.desktop_notification.notify2:Failed to initialize notify2: org.freedesktop.DBus.Error.ServiceUnknown: The name org.freedesktop.Notifications was not provided by any .service files
[11.630s] DEBUG:colcon.colcon_core.event_reactor:joined thread
[11.631s] INFO:colcon.colcon_core.shell:Creating prefix script '/home/pi2/ros2_ws/install/local_setup.ps1'
[11.692s] INFO:colcon.colcon_core.shell:Creating prefix util module '/home/pi2/ros2_ws/install/_local_setup_util_ps1.py'
[11.705s] INFO:colcon.colcon_core.shell:Creating prefix chain script '/home/pi2/ros2_ws/install/setup.ps1'
[11.725s] INFO:colcon.colcon_core.shell:Creating prefix script '/home/pi2/ros2_ws/install/local_setup.sh'
[11.736s] INFO:colcon.colcon_core.shell:Creating prefix util module '/home/pi2/ros2_ws/install/_local_setup_util_sh.py'
[11.743s] INFO:colcon.colcon_core.shell:Creating prefix chain script '/home/pi2/ros2_ws/install/setup.sh'
[11.812s] INFO:colcon.colcon_core.shell:Creating prefix script '/home/pi2/ros2_ws/install/local_setup.bash'
[11.876s] INFO:colcon.colcon_core.shell:Creating prefix chain script '/home/pi2/ros2_ws/install/setup.bash'
[12.054s] INFO:colcon.colcon_core.shell:Creating prefix script '/home/pi2/ros2_ws/install/local_setup.zsh'
[12.069s] INFO:colcon.colcon_core.shell:Creating prefix chain script '/home/pi2/ros2_ws/install/setup.zsh'
