[4.881s] Invoking command in '/home/pi2/ros2_ws/src/motor_serial': PYTHONPATH=/home/pi2/ros2_ws/build/motor_serial/prefix_override:/usr/lib/python3/dist-packages/colcon_core/task/python/colcon_distutils_commands:/home/pi2/ros2_ws/install/motor_serial/lib/python3.10/site-packages:${PYTHONPATH} /usr/bin/python3 -W ignore:setup.py install is deprecated setup.py egg_info --egg-base ../../build/motor_serial build --build-base /home/pi2/ros2_ws/build/motor_serial/build install --record /home/pi2/ros2_ws/build/motor_serial/install.log --single-version-externally-managed install_data
[6.316s] running egg_info
[6.319s] writing ../../build/motor_serial/motor_serial.egg-info/PKG-INFO
[6.324s] writing dependency_links to ../../build/motor_serial/motor_serial.egg-info/dependency_links.txt
[6.332s] writing entry points to ../../build/motor_serial/motor_serial.egg-info/entry_points.txt
[6.333s] writing requirements to ../../build/motor_serial/motor_serial.egg-info/requires.txt
[6.337s] writing top-level names to ../../build/motor_serial/motor_serial.egg-info/top_level.txt
[6.341s] reading manifest file '../../build/motor_serial/motor_serial.egg-info/SOURCES.txt'
[6.342s] writing manifest file '../../build/motor_serial/motor_serial.egg-info/SOURCES.txt'
[6.343s] running build
[6.343s] running build_py
[6.347s] running install
[6.348s] running install_lib
[6.354s] running install_data
[6.355s] running install_egg_info
[6.356s] removing '/home/pi2/ros2_ws/install/motor_serial/lib/python3.10/site-packages/motor_serial-0.0.0-py3.10.egg-info' (and everything under it)
[6.357s] Copying ../../build/motor_serial/motor_serial.egg-info to /home/pi2/ros2_ws/install/motor_serial/lib/python3.10/site-packages/motor_serial-0.0.0-py3.10.egg-info
[6.361s] running install_scripts
[6.453s] Installing motor_serial script to /home/pi2/ros2_ws/install/motor_serial/lib/motor_serial
[6.463s] writing list of installed files to '/home/pi2/ros2_ws/build/motor_serial/install.log'
[6.656s] Invoked command in '/home/pi2/ros2_ws/src/motor_serial' returned '0': PYTHONPATH=/home/pi2/ros2_ws/build/motor_serial/prefix_override:/usr/lib/python3/dist-packages/colcon_core/task/python/colcon_distutils_commands:/home/pi2/ros2_ws/install/motor_serial/lib/python3.10/site-packages:${PYTHONPATH} /usr/bin/python3 -W ignore:setup.py install is deprecated setup.py egg_info --egg-base ../../build/motor_serial build --build-base /home/pi2/ros2_ws/build/motor_serial/build install --record /home/pi2/ros2_ws/build/motor_serial/install.log --single-version-externally-managed install_data
