Traceback (most recent call last):
  File "/home/pi2/ros2_ws/build/my_parameters/ament_cmake_python/my_parameters/setup.py", line 4, in <module>
    setup(
  File "/usr/lib/python3/dist-packages/setuptools/__init__.py", line 152, in setup
    _install_setup_requires(attrs)
  File "/usr/lib/python3/dist-packages/setuptools/__init__.py", line 142, in _install_setup_requires
    dist = MinimalDistribution(attrs)
  File "/usr/lib/python3/dist-packages/setuptools/__init__.py", line 134, in __init__
    distutils.core.Distribution.__init__(self, filtered)
  File "/usr/lib/python3/dist-packages/setuptools/dist.py", line 457, in __init__
    for ep in pkg_resources.iter_entry_points('distutils.setup_keywords'):
  File "/usr/lib/python3/dist-packages/pkg_resources/__init__.py", line 647, in <genexpr>
    if name is None or name == entry.name
KeyboardInterrupt
gmake[2]: *** [CMakeFiles/my_parameters__rosidl_generator_c.dir/build.make:225: CMakeFiles/my_parameters__rosidl_generator_c.dir/rosidl_generator_c/my_parameters/msg/detail/stm32_data__functions.c.o] Interrupt
gmake[2]: *** [CMakeFiles/my_parameters__rosidl_typesupport_cpp.dir/build.make:154: CMakeFiles/my_parameters__rosidl_typesupport_cpp.dir/rosidl_typesupport_cpp/my_parameters/msg/motor_parameters__type_support.cpp.o] Interrupt
gmake[2]: *** [CMakeFiles/my_parameters__rosidl_typesupport_fastrtps_cpp.dir/build.make:165: CMakeFiles/my_parameters__rosidl_typesupport_fastrtps_cpp.dir/rosidl_typesupport_fastrtps_cpp/my_parameters/msg/detail/dds_fastrtps/motor_parameters__type_support.cpp.o] Interrupt
gmake[1]: *** [CMakeFiles/Makefile2:213: CMakeFiles/my_parameters__rosidl_generator_c.dir/all] Interrupt
gmake[1]: *** [CMakeFiles/Makefile2:291: CMakeFiles/my_parameters__rosidl_typesupport_fastrtps_cpp.dir/all] Interrupt
gmake[1]: *** [CMakeFiles/Makefile2:395: CMakeFiles/my_parameters__rosidl_typesupport_cpp.dir/all] Interrupt
gmake[2]: *** [CMakeFiles/ament_cmake_python_build_my_parameters_egg.dir/build.make:70: CMakeFiles/ament_cmake_python_build_my_parameters_egg] Interrupt
gmake[1]: *** [CMakeFiles/Makefile2:447: CMakeFiles/ament_cmake_python_build_my_parameters_egg.dir/all] Interrupt
gmake: *** [Makefile:146: all] Interrupt
