[12.233s] Invoking command in '/home/pi2/ros2_ws/src/motor_commands': PYTHONPATH=/home/pi2/ros2_ws/build/motor_commands/prefix_override:/usr/lib/python3/dist-packages/colcon_core/task/python/colcon_distutils_commands:/home/pi2/ros2_ws/install/motor_commands/lib/python3.10/site-packages:${PYTHONPATH} /usr/bin/python3 -W ignore:setup.py install is deprecated setup.py egg_info --egg-base ../../build/motor_commands build --build-base /home/pi2/ros2_ws/build/motor_commands/build install --record /home/pi2/ros2_ws/build/motor_commands/install.log --single-version-externally-managed install_data
[17.083s] running egg_info
[17.094s] writing ../../build/motor_commands/motor_commands.egg-info/PKG-INFO
[17.096s] writing dependency_links to ../../build/motor_commands/motor_commands.egg-info/dependency_links.txt
[17.098s] writing entry points to ../../build/motor_commands/motor_commands.egg-info/entry_points.txt
[17.099s] writing requirements to ../../build/motor_commands/motor_commands.egg-info/requires.txt
[17.102s] writing top-level names to ../../build/motor_commands/motor_commands.egg-info/top_level.txt
[17.143s] reading manifest file '../../build/motor_commands/motor_commands.egg-info/SOURCES.txt'
[17.152s] writing manifest file '../../build/motor_commands/motor_commands.egg-info/SOURCES.txt'
[17.156s] running build
[17.157s] running build_py
[17.159s] copying motor_commands/transmit_command.py -> /home/pi2/ros2_ws/build/motor_commands/build/lib/motor_commands
[17.174s] running install
[17.178s] running install_lib
[17.192s] copying /home/pi2/ros2_ws/build/motor_commands/build/lib/motor_commands/transmit_command.py -> /home/pi2/ros2_ws/install/motor_commands/lib/python3.10/site-packages/motor_commands
[17.205s] byte-compiling /home/pi2/ros2_ws/install/motor_commands/lib/python3.10/site-packages/motor_commands/transmit_command.py to transmit_command.cpython-310.pyc
[17.224s] running install_data
[17.233s] running install_egg_info
[17.287s] removing '/home/pi2/ros2_ws/install/motor_commands/lib/python3.10/site-packages/motor_commands-0.0.0-py3.10.egg-info' (and everything under it)
[17.295s] Copying ../../build/motor_commands/motor_commands.egg-info to /home/pi2/ros2_ws/install/motor_commands/lib/python3.10/site-packages/motor_commands-0.0.0-py3.10.egg-info
[17.309s] running install_scripts
[18.112s] Installing motor_commands script to /home/pi2/ros2_ws/install/motor_commands/lib/motor_commands
[18.194s] Installing transmit_command script to /home/pi2/ros2_ws/install/motor_commands/lib/motor_commands
[18.297s] writing list of installed files to '/home/pi2/ros2_ws/build/motor_commands/install.log'
[18.432s] Invoked command in '/home/pi2/ros2_ws/src/motor_commands' returned '0': PYTHONPATH=/home/pi2/ros2_ws/build/motor_commands/prefix_override:/usr/lib/python3/dist-packages/colcon_core/task/python/colcon_distutils_commands:/home/pi2/ros2_ws/install/motor_commands/lib/python3.10/site-packages:${PYTHONPATH} /usr/bin/python3 -W ignore:setup.py install is deprecated setup.py egg_info --egg-base ../../build/motor_commands build --build-base /home/pi2/ros2_ws/build/motor_commands/build install --record /home/pi2/ros2_ws/build/motor_commands/install.log --single-version-externally-managed install_data
