[0.557s] Invoking command in '/home/pi2/ros2_ws/build/soft_robot_bringub': AMENT_PREFIX_PATH=/home/pi2/ros2_ws/install/my_slam_package:/home/pi2/ros2_ws/install/motor_serial:/home/pi2/ros2_ws/install/motor_commands:/home/pi2/ros2_ws/install/joystick_publisher:/home/pi2/ros2_ws/install/bno055:/home/pi2/ros2_ws/install/soft_robot_bringub:/home/pi2/ros2_ws/install/sllidar_ros2:/home/pi2/ros2_ws/install/ros2_laser_scan_matcher:/home/pi2/ros2_ws/install/my_parameters:/home/pi2/ros2_ws/install/locolization:/home/pi2/ros2_ws/install/csm:/opt/ros/humble:/home/pi2/ros2_ws/install CMAKE_PREFIX_PATH=${CMAKE_PREFIX_PATH}:/home/pi2/ros2_ws/install/my_slam_package:/home/pi2/ros2_ws/install/motor_serial:/home/pi2/ros2_ws/install/motor_commands:/home/pi2/ros2_ws/install/locolization:/home/pi2/ros2_ws/install/joystick_publisher:/home/pi2/ros2_ws/install/bno055:/opt/ros/humble PYTHONPATH=/home/pi2/ros2_ws/install/my_slam_package/lib/python3.10/site-packages:/home/pi2/ros2_ws/install/motor_serial/lib/python3.10/site-packages:/home/pi2/ros2_ws/install/motor_commands/lib/python3.10/site-packages:/home/pi2/ros2_ws/install/joystick_publisher/lib/python3.10/site-packages:/home/pi2/ros2_ws/install/bno055/lib/python3.10/site-packages:/home/pi2/ros2_ws/install/my_parameters/local/lib/python3.10/dist-packages:/home/pi2/ros2_ws/install/locolization/lib/python3.10/site-packages:/opt/ros/humble/lib/python3.10/site-packages:/opt/ros/humble/local/lib/python3.10/dist-packages /usr/bin/cmake --build /home/pi2/ros2_ws/build/soft_robot_bringub -- -j4 -l4
[2.073s] Invoked command in '/home/pi2/ros2_ws/build/soft_robot_bringub' returned '0': AMENT_PREFIX_PATH=/home/pi2/ros2_ws/install/my_slam_package:/home/pi2/ros2_ws/install/motor_serial:/home/pi2/ros2_ws/install/motor_commands:/home/pi2/ros2_ws/install/joystick_publisher:/home/pi2/ros2_ws/install/bno055:/home/pi2/ros2_ws/install/soft_robot_bringub:/home/pi2/ros2_ws/install/sllidar_ros2:/home/pi2/ros2_ws/install/ros2_laser_scan_matcher:/home/pi2/ros2_ws/install/my_parameters:/home/pi2/ros2_ws/install/locolization:/home/pi2/ros2_ws/install/csm:/opt/ros/humble:/home/pi2/ros2_ws/install CMAKE_PREFIX_PATH=${CMAKE_PREFIX_PATH}:/home/pi2/ros2_ws/install/my_slam_package:/home/pi2/ros2_ws/install/motor_serial:/home/pi2/ros2_ws/install/motor_commands:/home/pi2/ros2_ws/install/locolization:/home/pi2/ros2_ws/install/joystick_publisher:/home/pi2/ros2_ws/install/bno055:/opt/ros/humble PYTHONPATH=/home/pi2/ros2_ws/install/my_slam_package/lib/python3.10/site-packages:/home/pi2/ros2_ws/install/motor_serial/lib/python3.10/site-packages:/home/pi2/ros2_ws/install/motor_commands/lib/python3.10/site-packages:/home/pi2/ros2_ws/install/joystick_publisher/lib/python3.10/site-packages:/home/pi2/ros2_ws/install/bno055/lib/python3.10/site-packages:/home/pi2/ros2_ws/install/my_parameters/local/lib/python3.10/dist-packages:/home/pi2/ros2_ws/install/locolization/lib/python3.10/site-packages:/opt/ros/humble/lib/python3.10/site-packages:/opt/ros/humble/local/lib/python3.10/dist-packages /usr/bin/cmake --build /home/pi2/ros2_ws/build/soft_robot_bringub -- -j4 -l4
[2.714s] Invoking command in '/home/pi2/ros2_ws/build/soft_robot_bringub': AMENT_PREFIX_PATH=/home/pi2/ros2_ws/install/my_slam_package:/home/pi2/ros2_ws/install/motor_serial:/home/pi2/ros2_ws/install/motor_commands:/home/pi2/ros2_ws/install/joystick_publisher:/home/pi2/ros2_ws/install/bno055:/home/pi2/ros2_ws/install/soft_robot_bringub:/home/pi2/ros2_ws/install/sllidar_ros2:/home/pi2/ros2_ws/install/ros2_laser_scan_matcher:/home/pi2/ros2_ws/install/my_parameters:/home/pi2/ros2_ws/install/locolization:/home/pi2/ros2_ws/install/csm:/opt/ros/humble:/home/pi2/ros2_ws/install CMAKE_PREFIX_PATH=${CMAKE_PREFIX_PATH}:/home/pi2/ros2_ws/install/my_slam_package:/home/pi2/ros2_ws/install/motor_serial:/home/pi2/ros2_ws/install/motor_commands:/home/pi2/ros2_ws/install/locolization:/home/pi2/ros2_ws/install/joystick_publisher:/home/pi2/ros2_ws/install/bno055:/opt/ros/humble PYTHONPATH=/home/pi2/ros2_ws/install/my_slam_package/lib/python3.10/site-packages:/home/pi2/ros2_ws/install/motor_serial/lib/python3.10/site-packages:/home/pi2/ros2_ws/install/motor_commands/lib/python3.10/site-packages:/home/pi2/ros2_ws/install/joystick_publisher/lib/python3.10/site-packages:/home/pi2/ros2_ws/install/bno055/lib/python3.10/site-packages:/home/pi2/ros2_ws/install/my_parameters/local/lib/python3.10/dist-packages:/home/pi2/ros2_ws/install/locolization/lib/python3.10/site-packages:/opt/ros/humble/lib/python3.10/site-packages:/opt/ros/humble/local/lib/python3.10/dist-packages /usr/bin/cmake --install /home/pi2/ros2_ws/build/soft_robot_bringub
[2.907s] -- Install configuration: ""
[2.910s] -- Up-to-date: /home/pi2/ros2_ws/install/soft_robot_bringub/share/soft_robot_bringub/launch
[2.915s] -- Up-to-date: /home/pi2/ros2_ws/install/soft_robot_bringub/share/soft_robot_bringub/launch/mapping_and_localization.launch.py
[2.916s] -- Up-to-date: /home/pi2/ros2_ws/install/soft_robot_bringub/share/soft_robot_bringub/launch/navigation.launch.py
[2.917s] -- Installing: /home/pi2/ros2_ws/install/soft_robot_bringub/share/soft_robot_bringub/launch/control_motion.launch.py
[2.921s] -- Up-to-date: /home/pi2/ros2_ws/install/soft_robot_bringub/share/soft_robot_bringub/launch/sensors.launch.py
[2.922s] -- Up-to-date: /home/pi2/ros2_ws/install/soft_robot_bringub/share/soft_robot_bringub/launch/bringup1.launch.py
[2.923s] -- Up-to-date: /home/pi2/ros2_ws/install/soft_robot_bringub/share/soft_robot_bringub/config
[2.924s] -- Up-to-date: /home/pi2/ros2_ws/install/soft_robot_bringub/share/soft_robot_bringub/config/gmapping_config.yaml
[2.925s] -- Up-to-date: /home/pi2/ros2_ws/install/soft_robot_bringub/share/soft_robot_bringub/config/my_map.pgm
[2.927s] -- Up-to-date: /home/pi2/ros2_ws/install/soft_robot_bringub/share/soft_robot_bringub/config/my_map.yaml
[2.928s] -- Up-to-date: /home/pi2/ros2_ws/install/soft_robot_bringub/share/soft_robot_bringub/config/controller_server.yaml
[2.930s] -- Up-to-date: /home/pi2/ros2_ws/install/soft_robot_bringub/share/soft_robot_bringub/config/amcl_config.yaml
[2.931s] -- Up-to-date: /home/pi2/ros2_ws/install/soft_robot_bringub/share/soft_robot_bringub/config/ekf_config.yaml
[2.931s] -- Up-to-date: /home/pi2/ros2_ws/install/soft_robot_bringub/share/soft_robot_bringub/config/smac_global_planner.yaml
[2.932s] -- Up-to-date: /home/pi2/ros2_ws/install/soft_robot_bringub/share/ament_index/resource_index/package_run_dependencies/soft_robot_bringub
[2.932s] -- Up-to-date: /home/pi2/ros2_ws/install/soft_robot_bringub/share/ament_index/resource_index/parent_prefix_path/soft_robot_bringub
[2.933s] -- Up-to-date: /home/pi2/ros2_ws/install/soft_robot_bringub/share/soft_robot_bringub/environment/ament_prefix_path.sh
[2.934s] -- Up-to-date: /home/pi2/ros2_ws/install/soft_robot_bringub/share/soft_robot_bringub/environment/ament_prefix_path.dsv
[2.934s] -- Up-to-date: /home/pi2/ros2_ws/install/soft_robot_bringub/share/soft_robot_bringub/environment/path.sh
[2.935s] -- Up-to-date: /home/pi2/ros2_ws/install/soft_robot_bringub/share/soft_robot_bringub/environment/path.dsv
[2.936s] -- Up-to-date: /home/pi2/ros2_ws/install/soft_robot_bringub/share/soft_robot_bringub/local_setup.bash
[2.936s] -- Up-to-date: /home/pi2/ros2_ws/install/soft_robot_bringub/share/soft_robot_bringub/local_setup.sh
[2.951s] -- Up-to-date: /home/pi2/ros2_ws/install/soft_robot_bringub/share/soft_robot_bringub/local_setup.zsh
[2.965s] -- Up-to-date: /home/pi2/ros2_ws/install/soft_robot_bringub/share/soft_robot_bringub/local_setup.dsv
[2.965s] -- Installing: /home/pi2/ros2_ws/install/soft_robot_bringub/share/soft_robot_bringub/package.dsv
[2.966s] -- Up-to-date: /home/pi2/ros2_ws/install/soft_robot_bringub/share/ament_index/resource_index/packages/soft_robot_bringub
[2.967s] -- Up-to-date: /home/pi2/ros2_ws/install/soft_robot_bringub/share/soft_robot_bringub/cmake/soft_robot_bringubConfig.cmake
[2.967s] -- Up-to-date: /home/pi2/ros2_ws/install/soft_robot_bringub/share/soft_robot_bringub/cmake/soft_robot_bringubConfig-version.cmake
[2.968s] -- Up-to-date: /home/pi2/ros2_ws/install/soft_robot_bringub/share/soft_robot_bringub/package.xml
[3.026s] Invoked command in '/home/pi2/ros2_ws/build/soft_robot_bringub' returned '0': AMENT_PREFIX_PATH=/home/pi2/ros2_ws/install/my_slam_package:/home/pi2/ros2_ws/install/motor_serial:/home/pi2/ros2_ws/install/motor_commands:/home/pi2/ros2_ws/install/joystick_publisher:/home/pi2/ros2_ws/install/bno055:/home/pi2/ros2_ws/install/soft_robot_bringub:/home/pi2/ros2_ws/install/sllidar_ros2:/home/pi2/ros2_ws/install/ros2_laser_scan_matcher:/home/pi2/ros2_ws/install/my_parameters:/home/pi2/ros2_ws/install/locolization:/home/pi2/ros2_ws/install/csm:/opt/ros/humble:/home/pi2/ros2_ws/install CMAKE_PREFIX_PATH=${CMAKE_PREFIX_PATH}:/home/pi2/ros2_ws/install/my_slam_package:/home/pi2/ros2_ws/install/motor_serial:/home/pi2/ros2_ws/install/motor_commands:/home/pi2/ros2_ws/install/locolization:/home/pi2/ros2_ws/install/joystick_publisher:/home/pi2/ros2_ws/install/bno055:/opt/ros/humble PYTHONPATH=/home/pi2/ros2_ws/install/my_slam_package/lib/python3.10/site-packages:/home/pi2/ros2_ws/install/motor_serial/lib/python3.10/site-packages:/home/pi2/ros2_ws/install/motor_commands/lib/python3.10/site-packages:/home/pi2/ros2_ws/install/joystick_publisher/lib/python3.10/site-packages:/home/pi2/ros2_ws/install/bno055/lib/python3.10/site-packages:/home/pi2/ros2_ws/install/my_parameters/local/lib/python3.10/dist-packages:/home/pi2/ros2_ws/install/locolization/lib/python3.10/site-packages:/opt/ros/humble/lib/python3.10/site-packages:/opt/ros/humble/local/lib/python3.10/dist-packages /usr/bin/cmake --install /home/pi2/ros2_ws/build/soft_robot_bringub
