[8.676s] Invoking command in '/home/pi2/ros2_ws/src/motor_commands': PYTHONPATH=/home/pi2/ros2_ws/build/motor_commands/prefix_override:/usr/lib/python3/dist-packages/colcon_core/task/python/colcon_distutils_commands:/home/pi2/ros2_ws/install/motor_commands/lib/python3.10/site-packages:${PYTHONPATH} /usr/bin/python3 -W ignore:setup.py install is deprecated setup.py egg_info --egg-base ../../build/motor_commands build --build-base /home/pi2/ros2_ws/build/motor_commands/build install --record /home/pi2/ros2_ws/build/motor_commands/install.log --single-version-externally-managed install_data
[10.527s] running egg_info
[10.534s] writing ../../build/motor_commands/motor_commands.egg-info/PKG-INFO
[10.539s] writing dependency_links to ../../build/motor_commands/motor_commands.egg-info/dependency_links.txt
[10.543s] writing entry points to ../../build/motor_commands/motor_commands.egg-info/entry_points.txt
[10.548s] writing requirements to ../../build/motor_commands/motor_commands.egg-info/requires.txt
[10.552s] writing top-level names to ../../build/motor_commands/motor_commands.egg-info/top_level.txt
[10.574s] reading manifest file '../../build/motor_commands/motor_commands.egg-info/SOURCES.txt'
[10.582s] writing manifest file '../../build/motor_commands/motor_commands.egg-info/SOURCES.txt'
[10.584s] running build
[10.585s] running build_py
[10.589s] running install
[10.592s] running install_lib
[10.605s] running install_data
[10.609s] running install_egg_info
[10.631s] removing '/home/pi2/ros2_ws/install/motor_commands/lib/python3.10/site-packages/motor_commands-0.0.0-py3.10.egg-info' (and everything under it)
[10.639s] Copying ../../build/motor_commands/motor_commands.egg-info to /home/pi2/ros2_ws/install/motor_commands/lib/python3.10/site-packages/motor_commands-0.0.0-py3.10.egg-info
[10.661s] running install_scripts
[10.847s] Installing motor_commands script to /home/pi2/ros2_ws/install/motor_commands/lib/motor_commands
[10.848s] Installing transmit_command script to /home/pi2/ros2_ws/install/motor_commands/lib/motor_commands
[10.850s] writing list of installed files to '/home/pi2/ros2_ws/build/motor_commands/install.log'
[11.071s] Invoked command in '/home/pi2/ros2_ws/src/motor_commands' returned '0': PYTHONPATH=/home/pi2/ros2_ws/build/motor_commands/prefix_override:/usr/lib/python3/dist-packages/colcon_core/task/python/colcon_distutils_commands:/home/pi2/ros2_ws/install/motor_commands/lib/python3.10/site-packages:${PYTHONPATH} /usr/bin/python3 -W ignore:setup.py install is deprecated setup.py egg_info --egg-base ../../build/motor_commands build --build-base /home/pi2/ros2_ws/build/motor_commands/build install --record /home/pi2/ros2_ws/build/motor_commands/install.log --single-version-externally-managed install_data
