[0.062s] Invoking command in '/home/pi2/ros2_ws/build/my_parameters': CMAKE_PREFIX_PATH=${CMAKE_PREFIX_PATH}:/home/pi2/ros2_ws/install/motor_serial:/home/pi2/ros2_ws/install/motor_commands:/home/pi2/ros2_ws/install/locolization:/home/pi2/ros2_ws/install/joystick_publisher:/home/pi2/ros2_ws/install/bno055:/opt/ros/humble /usr/bin/cmake --build /home/pi2/ros2_ws/build/my_parameters -- -j4 -l4
[0.318s] [  2%] Built target my_parameters__cpp
[0.357s] [ 12%] Built target my_parameters__rosidl_generator_c
[0.382s] [ 12%] Built target ament_cmake_python_copy_my_parameters
[0.469s] [ 23%] Built target my_parameters__rosidl_typesupport_cpp
[0.474s] [ 34%] Built target my_parameters__rosidl_typesupport_fastrtps_cpp
[0.505s] [ 44%] Built target my_parameters__rosidl_typesupport_introspection_cpp
[0.535s] [ 55%] Built target my_parameters__rosidl_typesupport_fastrtps_c
[0.610s] [ 65%] Built target my_parameters__rosidl_typesupport_c
[0.635s] [ 76%] Built target my_parameters__rosidl_typesupport_introspection_c
[0.753s] [ 76%] Built target my_parameters
[0.882s] [ 78%] Built target my_parameters__py
[1.017s] [ 87%] Built target my_parameters__rosidl_generator_py
[1.184s] [ 91%] Built target my_parameters__rosidl_typesupport_fastrtps_c__pyext
[1.189s] [ 95%] Built target my_parameters__rosidl_typesupport_c__pyext
[1.239s] [100%] Built target my_parameters__rosidl_typesupport_introspection_c__pyext
[2.397s] running egg_info
[2.402s] writing my_parameters.egg-info/PKG-INFO
[2.404s] writing dependency_links to my_parameters.egg-info/dependency_links.txt
[2.407s] writing top-level names to my_parameters.egg-info/top_level.txt
[2.421s] reading manifest file 'my_parameters.egg-info/SOURCES.txt'
[2.425s] writing manifest file 'my_parameters.egg-info/SOURCES.txt'
[2.586s] [100%] Built target ament_cmake_python_build_my_parameters_egg
[2.639s] Invoked command in '/home/pi2/ros2_ws/build/my_parameters' returned '0': CMAKE_PREFIX_PATH=${CMAKE_PREFIX_PATH}:/home/pi2/ros2_ws/install/motor_serial:/home/pi2/ros2_ws/install/motor_commands:/home/pi2/ros2_ws/install/locolization:/home/pi2/ros2_ws/install/joystick_publisher:/home/pi2/ros2_ws/install/bno055:/opt/ros/humble /usr/bin/cmake --build /home/pi2/ros2_ws/build/my_parameters -- -j4 -l4
[3.355s] Invoking command in '/home/pi2/ros2_ws/build/my_parameters': CMAKE_PREFIX_PATH=${CMAKE_PREFIX_PATH}:/home/pi2/ros2_ws/install/motor_serial:/home/pi2/ros2_ws/install/motor_commands:/home/pi2/ros2_ws/install/locolization:/home/pi2/ros2_ws/install/joystick_publisher:/home/pi2/ros2_ws/install/bno055:/opt/ros/humble /usr/bin/cmake --install /home/pi2/ros2_ws/build/my_parameters
[3.389s] -- Install configuration: ""
[3.393s] -- Up-to-date: /home/pi2/ros2_ws/install/my_parameters/share/ament_index/resource_index/rosidl_interfaces/my_parameters
[3.394s] -- Up-to-date: /home/pi2/ros2_ws/install/my_parameters/include/my_parameters/my_parameters
[3.394s] -- Up-to-date: /home/pi2/ros2_ws/install/my_parameters/include/my_parameters/my_parameters/msg
[3.395s] -- Up-to-date: /home/pi2/ros2_ws/install/my_parameters/include/my_parameters/my_parameters/msg/motor_parameters.h
[3.395s] -- Up-to-date: /home/pi2/ros2_ws/install/my_parameters/include/my_parameters/my_parameters/msg/rosidl_generator_c__visibility_control.h
[3.396s] -- Up-to-date: /home/pi2/ros2_ws/install/my_parameters/include/my_parameters/my_parameters/msg/detail
[3.396s] -- Up-to-date: /home/pi2/ros2_ws/install/my_parameters/include/my_parameters/my_parameters/msg/detail/motor_parameters__functions.h
[3.397s] -- Up-to-date: /home/pi2/ros2_ws/install/my_parameters/include/my_parameters/my_parameters/msg/detail/stm32_data__functions.c
[3.398s] -- Up-to-date: /home/pi2/ros2_ws/install/my_parameters/include/my_parameters/my_parameters/msg/detail/motor_parameters__type_support.h
[3.398s] -- Up-to-date: /home/pi2/ros2_ws/install/my_parameters/include/my_parameters/my_parameters/msg/detail/motor_parameters__functions.c
[3.399s] -- Up-to-date: /home/pi2/ros2_ws/install/my_parameters/include/my_parameters/my_parameters/msg/detail/motor_parameters__struct.h
[3.400s] -- Up-to-date: /home/pi2/ros2_ws/install/my_parameters/include/my_parameters/my_parameters/msg/detail/joystick_parameters__type_support.h
[3.401s] -- Up-to-date: /home/pi2/ros2_ws/install/my_parameters/include/my_parameters/my_parameters/msg/detail/joystick_parameters__functions.c
[3.402s] -- Up-to-date: /home/pi2/ros2_ws/install/my_parameters/include/my_parameters/my_parameters/msg/detail/joystick_parameters__struct.h
[3.403s] -- Up-to-date: /home/pi2/ros2_ws/install/my_parameters/include/my_parameters/my_parameters/msg/detail/joystick_parameters__functions.h
[3.404s] -- Up-to-date: /home/pi2/ros2_ws/install/my_parameters/include/my_parameters/my_parameters/msg/detail/stm32_data__struct.h
[3.404s] -- Up-to-date: /home/pi2/ros2_ws/install/my_parameters/include/my_parameters/my_parameters/msg/detail/stm32_data__functions.h
[3.405s] -- Up-to-date: /home/pi2/ros2_ws/install/my_parameters/include/my_parameters/my_parameters/msg/detail/stm32_data__type_support.h
[3.406s] -- Up-to-date: /home/pi2/ros2_ws/install/my_parameters/include/my_parameters/my_parameters/msg/stm32_data.h
[3.406s] -- Up-to-date: /home/pi2/ros2_ws/install/my_parameters/include/my_parameters/my_parameters/msg/joystick_parameters.h
[3.407s] -- Up-to-date: /home/pi2/ros2_ws/install/my_parameters/share/my_parameters/environment/library_path.sh
[3.408s] -- Up-to-date: /home/pi2/ros2_ws/install/my_parameters/share/my_parameters/environment/library_path.dsv
[3.408s] -- Up-to-date: /home/pi2/ros2_ws/install/my_parameters/lib/libmy_parameters__rosidl_generator_c.so
[3.409s] -- Up-to-date: /home/pi2/ros2_ws/install/my_parameters/include/my_parameters/my_parameters
[3.410s] -- Up-to-date: /home/pi2/ros2_ws/install/my_parameters/include/my_parameters/my_parameters/msg
[3.411s] -- Up-to-date: /home/pi2/ros2_ws/install/my_parameters/include/my_parameters/my_parameters/msg/rosidl_typesupport_fastrtps_c__visibility_control.h
[3.412s] -- Up-to-date: /home/pi2/ros2_ws/install/my_parameters/include/my_parameters/my_parameters/msg/detail
[3.413s] -- Up-to-date: /home/pi2/ros2_ws/install/my_parameters/include/my_parameters/my_parameters/msg/detail/stm32_data__rosidl_typesupport_fastrtps_c.h
[3.413s] -- Up-to-date: /home/pi2/ros2_ws/install/my_parameters/include/my_parameters/my_parameters/msg/detail/motor_parameters__rosidl_typesupport_fastrtps_c.h
[3.414s] -- Up-to-date: /home/pi2/ros2_ws/install/my_parameters/include/my_parameters/my_parameters/msg/detail/joystick_parameters__rosidl_typesupport_fastrtps_c.h
[3.416s] -- Up-to-date: /home/pi2/ros2_ws/install/my_parameters/lib/libmy_parameters__rosidl_typesupport_fastrtps_c.so
[3.419s] -- Up-to-date: /home/pi2/ros2_ws/install/my_parameters/include/my_parameters/my_parameters
[3.419s] -- Up-to-date: /home/pi2/ros2_ws/install/my_parameters/include/my_parameters/my_parameters/msg
[3.420s] -- Up-to-date: /home/pi2/ros2_ws/install/my_parameters/include/my_parameters/my_parameters/msg/joystick_parameters.hpp
[3.421s] -- Up-to-date: /home/pi2/ros2_ws/install/my_parameters/include/my_parameters/my_parameters/msg/stm32_data.hpp
[3.422s] -- Up-to-date: /home/pi2/ros2_ws/install/my_parameters/include/my_parameters/my_parameters/msg/motor_parameters.hpp
[3.422s] -- Up-to-date: /home/pi2/ros2_ws/install/my_parameters/include/my_parameters/my_parameters/msg/detail
[3.423s] -- Up-to-date: /home/pi2/ros2_ws/install/my_parameters/include/my_parameters/my_parameters/msg/detail/joystick_parameters__struct.hpp
[3.425s] -- Up-to-date: /home/pi2/ros2_ws/install/my_parameters/include/my_parameters/my_parameters/msg/detail/stm32_data__builder.hpp
[3.426s] -- Up-to-date: /home/pi2/ros2_ws/install/my_parameters/include/my_parameters/my_parameters/msg/detail/motor_parameters__builder.hpp
[3.427s] -- Up-to-date: /home/pi2/ros2_ws/install/my_parameters/include/my_parameters/my_parameters/msg/detail/stm32_data__traits.hpp
[3.427s] -- Up-to-date: /home/pi2/ros2_ws/install/my_parameters/include/my_parameters/my_parameters/msg/detail/joystick_parameters__traits.hpp
[3.428s] -- Up-to-date: /home/pi2/ros2_ws/install/my_parameters/include/my_parameters/my_parameters/msg/detail/joystick_parameters__builder.hpp
[3.429s] -- Up-to-date: /home/pi2/ros2_ws/install/my_parameters/include/my_parameters/my_parameters/msg/detail/stm32_data__struct.hpp
[3.430s] -- Up-to-date: /home/pi2/ros2_ws/install/my_parameters/include/my_parameters/my_parameters/msg/detail/motor_parameters__struct.hpp
[3.431s] -- Up-to-date: /home/pi2/ros2_ws/install/my_parameters/include/my_parameters/my_parameters/msg/detail/motor_parameters__traits.hpp
[3.431s] -- Up-to-date: /home/pi2/ros2_ws/install/my_parameters/include/my_parameters/my_parameters
[3.432s] -- Up-to-date: /home/pi2/ros2_ws/install/my_parameters/include/my_parameters/my_parameters/msg
[3.433s] -- Up-to-date: /home/pi2/ros2_ws/install/my_parameters/include/my_parameters/my_parameters/msg/rosidl_typesupport_fastrtps_cpp__visibility_control.h
[3.434s] -- Up-to-date: /home/pi2/ros2_ws/install/my_parameters/include/my_parameters/my_parameters/msg/detail
[3.434s] -- Up-to-date: /home/pi2/ros2_ws/install/my_parameters/include/my_parameters/my_parameters/msg/detail/dds_fastrtps
[3.435s] -- Up-to-date: /home/pi2/ros2_ws/install/my_parameters/include/my_parameters/my_parameters/msg/detail/joystick_parameters__rosidl_typesupport_fastrtps_cpp.hpp
[3.435s] -- Up-to-date: /home/pi2/ros2_ws/install/my_parameters/include/my_parameters/my_parameters/msg/detail/stm32_data__rosidl_typesupport_fastrtps_cpp.hpp
[3.436s] -- Up-to-date: /home/pi2/ros2_ws/install/my_parameters/include/my_parameters/my_parameters/msg/detail/motor_parameters__rosidl_typesupport_fastrtps_cpp.hpp
[3.437s] -- Up-to-date: /home/pi2/ros2_ws/install/my_parameters/lib/libmy_parameters__rosidl_typesupport_fastrtps_cpp.so
[3.438s] -- Up-to-date: /home/pi2/ros2_ws/install/my_parameters/include/my_parameters/my_parameters
[3.439s] -- Up-to-date: /home/pi2/ros2_ws/install/my_parameters/include/my_parameters/my_parameters/msg
[3.440s] -- Up-to-date: /home/pi2/ros2_ws/install/my_parameters/include/my_parameters/my_parameters/msg/detail
[3.441s] -- Up-to-date: /home/pi2/ros2_ws/install/my_parameters/include/my_parameters/my_parameters/msg/detail/stm32_data__rosidl_typesupport_introspection_c.h
[3.442s] -- Up-to-date: /home/pi2/ros2_ws/install/my_parameters/include/my_parameters/my_parameters/msg/detail/joystick_parameters__rosidl_typesupport_introspection_c.h
[3.443s] -- Up-to-date: /home/pi2/ros2_ws/install/my_parameters/include/my_parameters/my_parameters/msg/detail/motor_parameters__rosidl_typesupport_introspection_c.h
[3.444s] -- Up-to-date: /home/pi2/ros2_ws/install/my_parameters/include/my_parameters/my_parameters/msg/detail/stm32_data__type_support.c
[3.445s] -- Up-to-date: /home/pi2/ros2_ws/install/my_parameters/include/my_parameters/my_parameters/msg/detail/joystick_parameters__type_support.c
[3.445s] -- Up-to-date: /home/pi2/ros2_ws/install/my_parameters/include/my_parameters/my_parameters/msg/detail/motor_parameters__type_support.c
[3.446s] -- Up-to-date: /home/pi2/ros2_ws/install/my_parameters/include/my_parameters/my_parameters/msg/rosidl_typesupport_introspection_c__visibility_control.h
[3.448s] -- Up-to-date: /home/pi2/ros2_ws/install/my_parameters/lib/libmy_parameters__rosidl_typesupport_introspection_c.so
[3.450s] -- Up-to-date: /home/pi2/ros2_ws/install/my_parameters/lib/libmy_parameters__rosidl_typesupport_c.so
[3.452s] -- Up-to-date: /home/pi2/ros2_ws/install/my_parameters/include/my_parameters/my_parameters
[3.453s] -- Up-to-date: /home/pi2/ros2_ws/install/my_parameters/include/my_parameters/my_parameters/msg
[3.454s] -- Up-to-date: /home/pi2/ros2_ws/install/my_parameters/include/my_parameters/my_parameters/msg/detail
[3.455s] -- Up-to-date: /home/pi2/ros2_ws/install/my_parameters/include/my_parameters/my_parameters/msg/detail/stm32_data__type_support.cpp
[3.455s] -- Up-to-date: /home/pi2/ros2_ws/install/my_parameters/include/my_parameters/my_parameters/msg/detail/stm32_data__rosidl_typesupport_introspection_cpp.hpp
[3.456s] -- Up-to-date: /home/pi2/ros2_ws/install/my_parameters/include/my_parameters/my_parameters/msg/detail/joystick_parameters__rosidl_typesupport_introspection_cpp.hpp
[3.457s] -- Up-to-date: /home/pi2/ros2_ws/install/my_parameters/include/my_parameters/my_parameters/msg/detail/motor_parameters__rosidl_typesupport_introspection_cpp.hpp
[3.458s] -- Up-to-date: /home/pi2/ros2_ws/install/my_parameters/include/my_parameters/my_parameters/msg/detail/joystick_parameters__type_support.cpp
[3.458s] -- Up-to-date: /home/pi2/ros2_ws/install/my_parameters/include/my_parameters/my_parameters/msg/detail/motor_parameters__type_support.cpp
[3.460s] -- Up-to-date: /home/pi2/ros2_ws/install/my_parameters/lib/libmy_parameters__rosidl_typesupport_introspection_cpp.so
[3.463s] -- Up-to-date: /home/pi2/ros2_ws/install/my_parameters/lib/libmy_parameters__rosidl_typesupport_cpp.so
[3.465s] -- Up-to-date: /home/pi2/ros2_ws/install/my_parameters/share/my_parameters/environment/pythonpath.sh
[3.466s] -- Up-to-date: /home/pi2/ros2_ws/install/my_parameters/share/my_parameters/environment/pythonpath.dsv
[3.467s] -- Up-to-date: /home/pi2/ros2_ws/install/my_parameters/local/lib/python3.10/dist-packages/my_parameters-0.0.0-py3.10.egg-info
[3.467s] -- Installing: /home/pi2/ros2_ws/install/my_parameters/local/lib/python3.10/dist-packages/my_parameters-0.0.0-py3.10.egg-info/PKG-INFO
[3.469s] -- Installing: /home/pi2/ros2_ws/install/my_parameters/local/lib/python3.10/dist-packages/my_parameters-0.0.0-py3.10.egg-info/top_level.txt
[3.471s] -- Installing: /home/pi2/ros2_ws/install/my_parameters/local/lib/python3.10/dist-packages/my_parameters-0.0.0-py3.10.egg-info/SOURCES.txt
[3.473s] -- Installing: /home/pi2/ros2_ws/install/my_parameters/local/lib/python3.10/dist-packages/my_parameters-0.0.0-py3.10.egg-info/dependency_links.txt
[3.476s] -- Up-to-date: /home/pi2/ros2_ws/install/my_parameters/local/lib/python3.10/dist-packages/my_parameters
[3.477s] -- Up-to-date: /home/pi2/ros2_ws/install/my_parameters/local/lib/python3.10/dist-packages/my_parameters/__init__.py
[3.478s] -- Up-to-date: /home/pi2/ros2_ws/install/my_parameters/local/lib/python3.10/dist-packages/my_parameters/_my_parameters_s.ep.rosidl_typesupport_fastrtps_c.c
[3.479s] -- Up-to-date: /home/pi2/ros2_ws/install/my_parameters/local/lib/python3.10/dist-packages/my_parameters/my_parameters_s__rosidl_typesupport_introspection_c.cpython-310-aarch64-linux-gnu.so
[3.479s] -- Up-to-date: /home/pi2/ros2_ws/install/my_parameters/local/lib/python3.10/dist-packages/my_parameters/my_parameters_s__rosidl_typesupport_fastrtps_c.cpython-310-aarch64-linux-gnu.so
[3.480s] -- Up-to-date: /home/pi2/ros2_ws/install/my_parameters/local/lib/python3.10/dist-packages/my_parameters/_my_parameters_s.ep.rosidl_typesupport_introspection_c.c
[3.481s] -- Up-to-date: /home/pi2/ros2_ws/install/my_parameters/local/lib/python3.10/dist-packages/my_parameters/libmy_parameters__rosidl_generator_py.so
[3.482s] -- Up-to-date: /home/pi2/ros2_ws/install/my_parameters/local/lib/python3.10/dist-packages/my_parameters/my_parameters_s__rosidl_typesupport_c.cpython-310-aarch64-linux-gnu.so
[3.482s] -- Up-to-date: /home/pi2/ros2_ws/install/my_parameters/local/lib/python3.10/dist-packages/my_parameters/msg
[3.483s] -- Up-to-date: /home/pi2/ros2_ws/install/my_parameters/local/lib/python3.10/dist-packages/my_parameters/msg/__init__.py
[3.484s] -- Up-to-date: /home/pi2/ros2_ws/install/my_parameters/local/lib/python3.10/dist-packages/my_parameters/msg/_joystick_parameters.py
[3.484s] -- Up-to-date: /home/pi2/ros2_ws/install/my_parameters/local/lib/python3.10/dist-packages/my_parameters/msg/_stm32_data.py
[3.485s] -- Up-to-date: /home/pi2/ros2_ws/install/my_parameters/local/lib/python3.10/dist-packages/my_parameters/msg/_motor_parameters_s.c
[3.486s] -- Up-to-date: /home/pi2/ros2_ws/install/my_parameters/local/lib/python3.10/dist-packages/my_parameters/msg/_stm32_data_s.c
[3.487s] -- Up-to-date: /home/pi2/ros2_ws/install/my_parameters/local/lib/python3.10/dist-packages/my_parameters/msg/_motor_parameters.py
[3.487s] -- Up-to-date: /home/pi2/ros2_ws/install/my_parameters/local/lib/python3.10/dist-packages/my_parameters/msg/_joystick_parameters_s.c
[3.488s] -- Up-to-date: /home/pi2/ros2_ws/install/my_parameters/local/lib/python3.10/dist-packages/my_parameters/_my_parameters_s.ep.rosidl_typesupport_c.c
[3.731s] Listing '/home/pi2/ros2_ws/install/my_parameters/local/lib/python3.10/dist-packages/my_parameters'...
[3.733s] Listing '/home/pi2/ros2_ws/install/my_parameters/local/lib/python3.10/dist-packages/my_parameters/msg'...
[3.769s] -- Up-to-date: /home/pi2/ros2_ws/install/my_parameters/local/lib/python3.10/dist-packages/my_parameters/my_parameters_s__rosidl_typesupport_fastrtps_c.cpython-310-aarch64-linux-gnu.so
[3.770s] -- Up-to-date: /home/pi2/ros2_ws/install/my_parameters/local/lib/python3.10/dist-packages/my_parameters/my_parameters_s__rosidl_typesupport_introspection_c.cpython-310-aarch64-linux-gnu.so
[3.771s] -- Up-to-date: /home/pi2/ros2_ws/install/my_parameters/local/lib/python3.10/dist-packages/my_parameters/my_parameters_s__rosidl_typesupport_c.cpython-310-aarch64-linux-gnu.so
[3.771s] -- Up-to-date: /home/pi2/ros2_ws/install/my_parameters/lib/libmy_parameters__rosidl_generator_py.so
[3.773s] -- Up-to-date: /home/pi2/ros2_ws/install/my_parameters/share/my_parameters/msg/MotorParameters.idl
[3.774s] -- Up-to-date: /home/pi2/ros2_ws/install/my_parameters/share/my_parameters/msg/JoystickParameters.idl
[3.775s] -- Up-to-date: /home/pi2/ros2_ws/install/my_parameters/share/my_parameters/msg/Stm32Data.idl
[3.775s] -- Up-to-date: /home/pi2/ros2_ws/install/my_parameters/share/my_parameters/msg/MotorParameters.msg
[3.776s] -- Up-to-date: /home/pi2/ros2_ws/install/my_parameters/share/my_parameters/msg/JoystickParameters.msg
[3.777s] -- Up-to-date: /home/pi2/ros2_ws/install/my_parameters/share/my_parameters/msg/Stm32Data.msg
[3.778s] -- Up-to-date: /home/pi2/ros2_ws/install/my_parameters/share/ament_index/resource_index/package_run_dependencies/my_parameters
[3.780s] -- Up-to-date: /home/pi2/ros2_ws/install/my_parameters/share/ament_index/resource_index/parent_prefix_path/my_parameters
[3.781s] -- Up-to-date: /home/pi2/ros2_ws/install/my_parameters/share/my_parameters/environment/ament_prefix_path.sh
[3.781s] -- Up-to-date: /home/pi2/ros2_ws/install/my_parameters/share/my_parameters/environment/ament_prefix_path.dsv
[3.782s] -- Up-to-date: /home/pi2/ros2_ws/install/my_parameters/share/my_parameters/environment/path.sh
[3.783s] -- Up-to-date: /home/pi2/ros2_ws/install/my_parameters/share/my_parameters/environment/path.dsv
[3.784s] -- Up-to-date: /home/pi2/ros2_ws/install/my_parameters/share/my_parameters/local_setup.bash
[3.785s] -- Up-to-date: /home/pi2/ros2_ws/install/my_parameters/share/my_parameters/local_setup.sh
[3.785s] -- Up-to-date: /home/pi2/ros2_ws/install/my_parameters/share/my_parameters/local_setup.zsh
[3.786s] -- Up-to-date: /home/pi2/ros2_ws/install/my_parameters/share/my_parameters/local_setup.dsv
[3.787s] -- Installing: /home/pi2/ros2_ws/install/my_parameters/share/my_parameters/package.dsv
[3.789s] -- Up-to-date: /home/pi2/ros2_ws/install/my_parameters/share/ament_index/resource_index/packages/my_parameters
[3.790s] -- Up-to-date: /home/pi2/ros2_ws/install/my_parameters/share/my_parameters/cmake/export_my_parameters__rosidl_generator_cExport.cmake
[3.791s] -- Up-to-date: /home/pi2/ros2_ws/install/my_parameters/share/my_parameters/cmake/export_my_parameters__rosidl_generator_cExport-noconfig.cmake
[3.793s] -- Up-to-date: /home/pi2/ros2_ws/install/my_parameters/share/my_parameters/cmake/export_my_parameters__rosidl_typesupport_fastrtps_cExport.cmake
[3.794s] -- Up-to-date: /home/pi2/ros2_ws/install/my_parameters/share/my_parameters/cmake/export_my_parameters__rosidl_typesupport_fastrtps_cExport-noconfig.cmake
[3.795s] -- Up-to-date: /home/pi2/ros2_ws/install/my_parameters/share/my_parameters/cmake/export_my_parameters__rosidl_generator_cppExport.cmake
[3.797s] -- Up-to-date: /home/pi2/ros2_ws/install/my_parameters/share/my_parameters/cmake/export_my_parameters__rosidl_typesupport_fastrtps_cppExport.cmake
[3.798s] -- Up-to-date: /home/pi2/ros2_ws/install/my_parameters/share/my_parameters/cmake/export_my_parameters__rosidl_typesupport_fastrtps_cppExport-noconfig.cmake
[3.799s] -- Up-to-date: /home/pi2/ros2_ws/install/my_parameters/share/my_parameters/cmake/my_parameters__rosidl_typesupport_introspection_cExport.cmake
[3.800s] -- Up-to-date: /home/pi2/ros2_ws/install/my_parameters/share/my_parameters/cmake/my_parameters__rosidl_typesupport_introspection_cExport-noconfig.cmake
[3.802s] -- Up-to-date: /home/pi2/ros2_ws/install/my_parameters/share/my_parameters/cmake/my_parameters__rosidl_typesupport_cExport.cmake
[3.803s] -- Up-to-date: /home/pi2/ros2_ws/install/my_parameters/share/my_parameters/cmake/my_parameters__rosidl_typesupport_cExport-noconfig.cmake
[3.807s] -- Up-to-date: /home/pi2/ros2_ws/install/my_parameters/share/my_parameters/cmake/my_parameters__rosidl_typesupport_introspection_cppExport.cmake
[3.808s] -- Up-to-date: /home/pi2/ros2_ws/install/my_parameters/share/my_parameters/cmake/my_parameters__rosidl_typesupport_introspection_cppExport-noconfig.cmake
[3.809s] -- Up-to-date: /home/pi2/ros2_ws/install/my_parameters/share/my_parameters/cmake/my_parameters__rosidl_typesupport_cppExport.cmake
[3.810s] -- Up-to-date: /home/pi2/ros2_ws/install/my_parameters/share/my_parameters/cmake/my_parameters__rosidl_typesupport_cppExport-noconfig.cmake
[3.811s] -- Up-to-date: /home/pi2/ros2_ws/install/my_parameters/share/my_parameters/cmake/export_my_parameters__rosidl_generator_pyExport.cmake
[3.812s] -- Up-to-date: /home/pi2/ros2_ws/install/my_parameters/share/my_parameters/cmake/export_my_parameters__rosidl_generator_pyExport-noconfig.cmake
[3.814s] -- Up-to-date: /home/pi2/ros2_ws/install/my_parameters/share/my_parameters/cmake/rosidl_cmake-extras.cmake
[3.815s] -- Up-to-date: /home/pi2/ros2_ws/install/my_parameters/share/my_parameters/cmake/ament_cmake_export_dependencies-extras.cmake
[3.816s] -- Up-to-date: /home/pi2/ros2_ws/install/my_parameters/share/my_parameters/cmake/ament_cmake_export_include_directories-extras.cmake
[3.817s] -- Up-to-date: /home/pi2/ros2_ws/install/my_parameters/share/my_parameters/cmake/ament_cmake_export_libraries-extras.cmake
[3.818s] -- Up-to-date: /home/pi2/ros2_ws/install/my_parameters/share/my_parameters/cmake/ament_cmake_export_targets-extras.cmake
[3.818s] -- Up-to-date: /home/pi2/ros2_ws/install/my_parameters/share/my_parameters/cmake/rosidl_cmake_export_typesupport_targets-extras.cmake
[3.819s] -- Up-to-date: /home/pi2/ros2_ws/install/my_parameters/share/my_parameters/cmake/rosidl_cmake_export_typesupport_libraries-extras.cmake
[3.821s] -- Up-to-date: /home/pi2/ros2_ws/install/my_parameters/share/my_parameters/cmake/my_parametersConfig.cmake
[3.822s] -- Up-to-date: /home/pi2/ros2_ws/install/my_parameters/share/my_parameters/cmake/my_parametersConfig-version.cmake
[3.824s] -- Up-to-date: /home/pi2/ros2_ws/install/my_parameters/share/my_parameters/package.xml
[3.828s] Invoked command in '/home/pi2/ros2_ws/build/my_parameters' returned '0': CMAKE_PREFIX_PATH=${CMAKE_PREFIX_PATH}:/home/pi2/ros2_ws/install/motor_serial:/home/pi2/ros2_ws/install/motor_commands:/home/pi2/ros2_ws/install/locolization:/home/pi2/ros2_ws/install/joystick_publisher:/home/pi2/ros2_ws/install/bno055:/opt/ros/humble /usr/bin/cmake --install /home/pi2/ros2_ws/build/my_parameters
