[8.628s] Invoking command in '/home/pi2/ros2_ws/src/cmd_vel_to_joystick': CMAKE_PREFIX_PATH=/home/pi2/ros2_ws/install/my_parameters:/home/pi2/ros2_ws/install/soft_robot_bringub:/home/pi2/ros2_ws/install/sllidar_ros2:/home/pi2/ros2_ws/install/ros2_laser_scan_matcher:/home/pi2/ros2_ws/install/csm:/home/pi2/install/csm:/home/pi2/ros2_ws/install PYTHONPATH=/home/pi2/ros2_ws/build/cmd_vel_to_joystick/prefix_override:/usr/lib/python3/dist-packages/colcon_core/task/python/colcon_distutils_commands:/home/pi2/ros2_ws/install/cmd_vel_to_joystick/lib/python3.10/site-packages:${PYTHONPATH} /usr/bin/python3 -W ignore:setup.py install is deprecated setup.py egg_info --egg-base ../../build/cmd_vel_to_joystick build --build-base /home/pi2/ros2_ws/build/cmd_vel_to_joystick/build install --record /home/pi2/ros2_ws/build/cmd_vel_to_joystick/install.log --single-version-externally-managed install_data
[10.515s] running egg_info
[10.519s] writing ../../build/cmd_vel_to_joystick/cmd_vel_to_joystick.egg-info/PKG-INFO
[10.521s] writing dependency_links to ../../build/cmd_vel_to_joystick/cmd_vel_to_joystick.egg-info/dependency_links.txt
[10.532s] writing entry points to ../../build/cmd_vel_to_joystick/cmd_vel_to_joystick.egg-info/entry_points.txt
[10.538s] writing requirements to ../../build/cmd_vel_to_joystick/cmd_vel_to_joystick.egg-info/requires.txt
[10.539s] writing top-level names to ../../build/cmd_vel_to_joystick/cmd_vel_to_joystick.egg-info/top_level.txt
[10.567s] reading manifest file '../../build/cmd_vel_to_joystick/cmd_vel_to_joystick.egg-info/SOURCES.txt'
[10.573s] adding license file 'LICENSE'
[10.584s] writing manifest file '../../build/cmd_vel_to_joystick/cmd_vel_to_joystick.egg-info/SOURCES.txt'
[10.593s] running build
[10.595s] running build_py
[10.600s] copying cmd_vel_to_joystick/cmd_vel_to_joystick.py -> /home/pi2/ros2_ws/build/cmd_vel_to_joystick/build/lib/cmd_vel_to_joystick
[10.611s] running install
[10.633s] running install_lib
[10.643s] copying /home/pi2/ros2_ws/build/cmd_vel_to_joystick/build/lib/cmd_vel_to_joystick/cmd_vel_to_joystick.py -> /home/pi2/ros2_ws/install/cmd_vel_to_joystick/lib/python3.10/site-packages/cmd_vel_to_joystick
[10.661s] byte-compiling /home/pi2/ros2_ws/install/cmd_vel_to_joystick/lib/python3.10/site-packages/cmd_vel_to_joystick/cmd_vel_to_joystick.py to cmd_vel_to_joystick.cpython-310.pyc
[10.675s] running install_data
[10.679s] running install_egg_info
[10.722s] removing '/home/pi2/ros2_ws/install/cmd_vel_to_joystick/lib/python3.10/site-packages/cmd_vel_to_joystick-0.0.0-py3.10.egg-info' (and everything under it)
[10.755s] Copying ../../build/cmd_vel_to_joystick/cmd_vel_to_joystick.egg-info to /home/pi2/ros2_ws/install/cmd_vel_to_joystick/lib/python3.10/site-packages/cmd_vel_to_joystick-0.0.0-py3.10.egg-info
[10.756s] running install_scripts
[10.895s] Installing cmd_vel_to_joystick script to /home/pi2/ros2_ws/install/cmd_vel_to_joystick/lib/cmd_vel_to_joystick
[10.898s] writing list of installed files to '/home/pi2/ros2_ws/build/cmd_vel_to_joystick/install.log'
[11.100s] Invoked command in '/home/pi2/ros2_ws/src/cmd_vel_to_joystick' returned '0': CMAKE_PREFIX_PATH=/home/pi2/ros2_ws/install/my_parameters:/home/pi2/ros2_ws/install/soft_robot_bringub:/home/pi2/ros2_ws/install/sllidar_ros2:/home/pi2/ros2_ws/install/ros2_laser_scan_matcher:/home/pi2/ros2_ws/install/csm:/home/pi2/install/csm:/home/pi2/ros2_ws/install PYTHONPATH=/home/pi2/ros2_ws/build/cmd_vel_to_joystick/prefix_override:/usr/lib/python3/dist-packages/colcon_core/task/python/colcon_distutils_commands:/home/pi2/ros2_ws/install/cmd_vel_to_joystick/lib/python3.10/site-packages:${PYTHONPATH} /usr/bin/python3 -W ignore:setup.py install is deprecated setup.py egg_info --egg-base ../../build/cmd_vel_to_joystick build --build-base /home/pi2/ros2_ws/build/cmd_vel_to_joystick/build install --record /home/pi2/ros2_ws/build/cmd_vel_to_joystick/install.log --single-version-externally-managed install_data
