[6.552s] Invoking command in '/home/pi2/ros2_ws/src/motor_commands': PYTHONPATH=/home/pi2/ros2_ws/build/motor_commands/prefix_override:/usr/lib/python3/dist-packages/colcon_core/task/python/colcon_distutils_commands:/home/pi2/ros2_ws/install/motor_commands/lib/python3.10/site-packages:${PYTHONPATH} /usr/bin/python3 -W ignore:setup.py install is deprecated setup.py egg_info --egg-base ../../build/motor_commands build --build-base /home/pi2/ros2_ws/build/motor_commands/build install --record /home/pi2/ros2_ws/build/motor_commands/install.log --single-version-externally-managed install_data
[8.271s] running egg_info
[8.279s] writing ../../build/motor_commands/motor_commands.egg-info/PKG-INFO
[8.280s] writing dependency_links to ../../build/motor_commands/motor_commands.egg-info/dependency_links.txt
[8.283s] writing entry points to ../../build/motor_commands/motor_commands.egg-info/entry_points.txt
[8.286s] writing requirements to ../../build/motor_commands/motor_commands.egg-info/requires.txt
[8.288s] writing top-level names to ../../build/motor_commands/motor_commands.egg-info/top_level.txt
[8.305s] reading manifest file '../../build/motor_commands/motor_commands.egg-info/SOURCES.txt'
[8.310s] writing manifest file '../../build/motor_commands/motor_commands.egg-info/SOURCES.txt'
[8.313s] running build
[8.313s] running build_py
[8.317s] running install
[8.319s] running install_lib
[8.329s] running install_data
[8.331s] running install_egg_info
[8.342s] removing '/home/pi2/ros2_ws/install/motor_commands/lib/python3.10/site-packages/motor_commands-0.0.0-py3.10.egg-info' (and everything under it)
[8.347s] Copying ../../build/motor_commands/motor_commands.egg-info to /home/pi2/ros2_ws/install/motor_commands/lib/python3.10/site-packages/motor_commands-0.0.0-py3.10.egg-info
[8.357s] running install_scripts
[8.482s] Installing motor_commands script to /home/pi2/ros2_ws/install/motor_commands/lib/motor_commands
[8.484s] Installing transmit_command script to /home/pi2/ros2_ws/install/motor_commands/lib/motor_commands
[8.488s] writing list of installed files to '/home/pi2/ros2_ws/build/motor_commands/install.log'
[8.736s] Invoked command in '/home/pi2/ros2_ws/src/motor_commands' returned '0': PYTHONPATH=/home/pi2/ros2_ws/build/motor_commands/prefix_override:/usr/lib/python3/dist-packages/colcon_core/task/python/colcon_distutils_commands:/home/pi2/ros2_ws/install/motor_commands/lib/python3.10/site-packages:${PYTHONPATH} /usr/bin/python3 -W ignore:setup.py install is deprecated setup.py egg_info --egg-base ../../build/motor_commands build --build-base /home/pi2/ros2_ws/build/motor_commands/build install --record /home/pi2/ros2_ws/build/motor_commands/install.log --single-version-externally-managed install_data
