[11.808s] Invoking command in '/home/pi2/ros2_ws/src/motor_commands': PYTHONPATH=/home/pi2/ros2_ws/build/motor_commands/prefix_override:/usr/lib/python3/dist-packages/colcon_core/task/python/colcon_distutils_commands:/home/pi2/ros2_ws/install/motor_commands/lib/python3.10/site-packages:${PYTHONPATH} /usr/bin/python3 -W ignore:setup.py install is deprecated setup.py egg_info --egg-base ../../build/motor_commands build --build-base /home/pi2/ros2_ws/build/motor_commands/build install --record /home/pi2/ros2_ws/build/motor_commands/install.log --single-version-externally-managed install_data
[15.713s] running egg_info
[15.721s] writing ../../build/motor_commands/motor_commands.egg-info/PKG-INFO
[15.731s] writing dependency_links to ../../build/motor_commands/motor_commands.egg-info/dependency_links.txt
[15.767s] writing entry points to ../../build/motor_commands/motor_commands.egg-info/entry_points.txt
[15.792s] writing requirements to ../../build/motor_commands/motor_commands.egg-info/requires.txt
[15.793s] writing top-level names to ../../build/motor_commands/motor_commands.egg-info/top_level.txt
[15.855s] reading manifest file '../../build/motor_commands/motor_commands.egg-info/SOURCES.txt'
[15.867s] writing manifest file '../../build/motor_commands/motor_commands.egg-info/SOURCES.txt'
[15.957s] running build
[15.959s] running build_py
[15.960s] copying motor_commands/transmit_command.py -> /home/pi2/ros2_ws/build/motor_commands/build/lib/motor_commands
[15.961s] running install
[15.962s] running install_lib
[15.974s] copying /home/pi2/ros2_ws/build/motor_commands/build/lib/motor_commands/transmit_command.py -> /home/pi2/ros2_ws/install/motor_commands/lib/python3.10/site-packages/motor_commands
[15.983s] byte-compiling /home/pi2/ros2_ws/install/motor_commands/lib/python3.10/site-packages/motor_commands/transmit_command.py to transmit_command.cpython-310.pyc
[16.082s] running install_data
[16.084s] running install_egg_info
[16.106s] removing '/home/pi2/ros2_ws/install/motor_commands/lib/python3.10/site-packages/motor_commands-0.0.0-py3.10.egg-info' (and everything under it)
[16.118s] Copying ../../build/motor_commands/motor_commands.egg-info to /home/pi2/ros2_ws/install/motor_commands/lib/python3.10/site-packages/motor_commands-0.0.0-py3.10.egg-info
[16.182s] running install_scripts
[16.461s] Installing motor_commands script to /home/pi2/ros2_ws/install/motor_commands/lib/motor_commands
[16.472s] Installing transmit_command script to /home/pi2/ros2_ws/install/motor_commands/lib/motor_commands
[16.480s] writing list of installed files to '/home/pi2/ros2_ws/build/motor_commands/install.log'
[16.776s] Invoked command in '/home/pi2/ros2_ws/src/motor_commands' returned '0': PYTHONPATH=/home/pi2/ros2_ws/build/motor_commands/prefix_override:/usr/lib/python3/dist-packages/colcon_core/task/python/colcon_distutils_commands:/home/pi2/ros2_ws/install/motor_commands/lib/python3.10/site-packages:${PYTHONPATH} /usr/bin/python3 -W ignore:setup.py install is deprecated setup.py egg_info --egg-base ../../build/motor_commands build --build-base /home/pi2/ros2_ws/build/motor_commands/build install --record /home/pi2/ros2_ws/build/motor_commands/install.log --single-version-externally-managed install_data
