[8.826s] Invoking command in '/home/pi2/ros2_ws/src/motor_commands': PYTHONPATH=/home/pi2/ros2_ws/build/motor_commands/prefix_override:/usr/lib/python3/dist-packages/colcon_core/task/python/colcon_distutils_commands:/home/pi2/ros2_ws/install/motor_commands/lib/python3.10/site-packages:${PYTHONPATH} /usr/bin/python3 -W ignore:setup.py install is deprecated setup.py egg_info --egg-base ../../build/motor_commands build --build-base /home/pi2/ros2_ws/build/motor_commands/build install --record /home/pi2/ros2_ws/build/motor_commands/install.log --single-version-externally-managed install_data
[10.748s] running egg_info
[10.755s] writing ../../build/motor_commands/motor_commands.egg-info/PKG-INFO
[10.756s] writing dependency_links to ../../build/motor_commands/motor_commands.egg-info/dependency_links.txt
[10.760s] writing entry points to ../../build/motor_commands/motor_commands.egg-info/entry_points.txt
[10.761s] writing requirements to ../../build/motor_commands/motor_commands.egg-info/requires.txt
[10.762s] writing top-level names to ../../build/motor_commands/motor_commands.egg-info/top_level.txt
[10.779s] reading manifest file '../../build/motor_commands/motor_commands.egg-info/SOURCES.txt'
[10.784s] writing manifest file '../../build/motor_commands/motor_commands.egg-info/SOURCES.txt'
[10.789s] running build
[10.790s] running build_py
[10.793s] copying motor_commands/motor_commands.py -> /home/pi2/ros2_ws/build/motor_commands/build/lib/motor_commands
[10.794s] copying motor_commands/transmit_command.py -> /home/pi2/ros2_ws/build/motor_commands/build/lib/motor_commands
[10.802s] running install
[10.806s] running install_lib
[10.808s] copying /home/pi2/ros2_ws/build/motor_commands/build/lib/motor_commands/motor_commands.py -> /home/pi2/ros2_ws/install/motor_commands/lib/python3.10/site-packages/motor_commands
[10.809s] copying /home/pi2/ros2_ws/build/motor_commands/build/lib/motor_commands/transmit_command.py -> /home/pi2/ros2_ws/install/motor_commands/lib/python3.10/site-packages/motor_commands
[10.818s] byte-compiling /home/pi2/ros2_ws/install/motor_commands/lib/python3.10/site-packages/motor_commands/motor_commands.py to motor_commands.cpython-310.pyc
[10.819s] byte-compiling /home/pi2/ros2_ws/install/motor_commands/lib/python3.10/site-packages/motor_commands/transmit_command.py to transmit_command.cpython-310.pyc
[10.820s] running install_data
[10.820s] running install_egg_info
[10.829s] removing '/home/pi2/ros2_ws/install/motor_commands/lib/python3.10/site-packages/motor_commands-0.0.0-py3.10.egg-info' (and everything under it)
[10.840s] Copying ../../build/motor_commands/motor_commands.egg-info to /home/pi2/ros2_ws/install/motor_commands/lib/python3.10/site-packages/motor_commands-0.0.0-py3.10.egg-info
[10.841s] running install_scripts
[10.956s] Installing motor_commands script to /home/pi2/ros2_ws/install/motor_commands/lib/motor_commands
[10.962s] Installing transmit_command script to /home/pi2/ros2_ws/install/motor_commands/lib/motor_commands
[10.964s] writing list of installed files to '/home/pi2/ros2_ws/build/motor_commands/install.log'
[11.221s] Invoked command in '/home/pi2/ros2_ws/src/motor_commands' returned '0': PYTHONPATH=/home/pi2/ros2_ws/build/motor_commands/prefix_override:/usr/lib/python3/dist-packages/colcon_core/task/python/colcon_distutils_commands:/home/pi2/ros2_ws/install/motor_commands/lib/python3.10/site-packages:${PYTHONPATH} /usr/bin/python3 -W ignore:setup.py install is deprecated setup.py egg_info --egg-base ../../build/motor_commands build --build-base /home/pi2/ros2_ws/build/motor_commands/build install --record /home/pi2/ros2_ws/build/motor_commands/install.log --single-version-externally-managed install_data
