[7.786s] Invoking command in '/home/pi2/ros2_ws/src/motor_commands': PYTHONPATH=/home/pi2/ros2_ws/build/motor_commands/prefix_override:/usr/lib/python3/dist-packages/colcon_core/task/python/colcon_distutils_commands:/home/pi2/ros2_ws/install/motor_commands/lib/python3.10/site-packages:${PYTHONPATH} /usr/bin/python3 -W ignore:setup.py install is deprecated setup.py egg_info --egg-base ../../build/motor_commands build --build-base /home/pi2/ros2_ws/build/motor_commands/build install --record /home/pi2/ros2_ws/build/motor_commands/install.log --single-version-externally-managed install_data
[11.175s] running egg_info
[11.183s] writing ../../build/motor_commands/motor_commands.egg-info/PKG-INFO
[11.186s] writing dependency_links to ../../build/motor_commands/motor_commands.egg-info/dependency_links.txt
[11.188s] writing entry points to ../../build/motor_commands/motor_commands.egg-info/entry_points.txt
[11.191s] writing requirements to ../../build/motor_commands/motor_commands.egg-info/requires.txt
[11.193s] writing top-level names to ../../build/motor_commands/motor_commands.egg-info/top_level.txt
[11.219s] reading manifest file '../../build/motor_commands/motor_commands.egg-info/SOURCES.txt'
[11.229s] writing manifest file '../../build/motor_commands/motor_commands.egg-info/SOURCES.txt'
[11.231s] running build
[11.232s] running build_py
[11.234s] copying motor_commands/transmit_command.py -> /home/pi2/ros2_ws/build/motor_commands/build/lib/motor_commands
[11.238s] running install
[11.241s] running install_lib
[11.251s] copying /home/pi2/ros2_ws/build/motor_commands/build/lib/motor_commands/transmit_command.py -> /home/pi2/ros2_ws/install/motor_commands/lib/python3.10/site-packages/motor_commands
[11.260s] byte-compiling /home/pi2/ros2_ws/install/motor_commands/lib/python3.10/site-packages/motor_commands/transmit_command.py to transmit_command.cpython-310.pyc
[11.270s] running install_data
[11.272s] running install_egg_info
[11.291s] removing '/home/pi2/ros2_ws/install/motor_commands/lib/python3.10/site-packages/motor_commands-0.0.0-py3.10.egg-info' (and everything under it)
[11.296s] Copying ../../build/motor_commands/motor_commands.egg-info to /home/pi2/ros2_ws/install/motor_commands/lib/python3.10/site-packages/motor_commands-0.0.0-py3.10.egg-info
[11.312s] running install_scripts
[11.540s] Installing motor_commands script to /home/pi2/ros2_ws/install/motor_commands/lib/motor_commands
[11.545s] Installing transmit_command script to /home/pi2/ros2_ws/install/motor_commands/lib/motor_commands
[11.551s] writing list of installed files to '/home/pi2/ros2_ws/build/motor_commands/install.log'
[11.792s] Invoked command in '/home/pi2/ros2_ws/src/motor_commands' returned '0': PYTHONPATH=/home/pi2/ros2_ws/build/motor_commands/prefix_override:/usr/lib/python3/dist-packages/colcon_core/task/python/colcon_distutils_commands:/home/pi2/ros2_ws/install/motor_commands/lib/python3.10/site-packages:${PYTHONPATH} /usr/bin/python3 -W ignore:setup.py install is deprecated setup.py egg_info --egg-base ../../build/motor_commands build --build-base /home/pi2/ros2_ws/build/motor_commands/build install --record /home/pi2/ros2_ws/build/motor_commands/install.log --single-version-externally-managed install_data
