[5.129s] Invoking command in '/home/pi2/ros2_ws/src/motor_serial': PYTHONPATH=/home/pi2/ros2_ws/build/motor_serial/prefix_override:/usr/lib/python3/dist-packages/colcon_core/task/python/colcon_distutils_commands:/home/pi2/ros2_ws/install/motor_serial/lib/python3.10/site-packages:${PYTHONPATH} /usr/bin/python3 -W ignore:setup.py install is deprecated setup.py egg_info --egg-base ../../build/motor_serial build --build-base /home/pi2/ros2_ws/build/motor_serial/build install --record /home/pi2/ros2_ws/build/motor_serial/install.log --single-version-externally-managed install_data
[6.600s] running egg_info
[6.603s] writing ../../build/motor_serial/motor_serial.egg-info/PKG-INFO
[6.606s] writing dependency_links to ../../build/motor_serial/motor_serial.egg-info/dependency_links.txt
[6.607s] writing entry points to ../../build/motor_serial/motor_serial.egg-info/entry_points.txt
[6.608s] writing requirements to ../../build/motor_serial/motor_serial.egg-info/requires.txt
[6.609s] writing top-level names to ../../build/motor_serial/motor_serial.egg-info/top_level.txt
[6.625s] reading manifest file '../../build/motor_serial/motor_serial.egg-info/SOURCES.txt'
[6.629s] writing manifest file '../../build/motor_serial/motor_serial.egg-info/SOURCES.txt'
[6.630s] running build
[6.631s] running build_py
[6.632s] copying motor_serial/motor_serial.py -> /home/pi2/ros2_ws/build/motor_serial/build/lib/motor_serial
[6.634s] running install
[6.635s] running install_lib
[6.640s] copying /home/pi2/ros2_ws/build/motor_serial/build/lib/motor_serial/motor_serial.py -> /home/pi2/ros2_ws/install/motor_serial/lib/python3.10/site-packages/motor_serial
[6.643s] byte-compiling /home/pi2/ros2_ws/install/motor_serial/lib/python3.10/site-packages/motor_serial/motor_serial.py to motor_serial.cpython-310.pyc
[6.649s] running install_data
[6.650s] running install_egg_info
[6.659s] removing '/home/pi2/ros2_ws/install/motor_serial/lib/python3.10/site-packages/motor_serial-0.0.0-py3.10.egg-info' (and everything under it)
[6.660s] Copying ../../build/motor_serial/motor_serial.egg-info to /home/pi2/ros2_ws/install/motor_serial/lib/python3.10/site-packages/motor_serial-0.0.0-py3.10.egg-info
[6.670s] running install_scripts
[6.782s] Installing motor_serial script to /home/pi2/ros2_ws/install/motor_serial/lib/motor_serial
[6.785s] writing list of installed files to '/home/pi2/ros2_ws/build/motor_serial/install.log'
[7.006s] Invoked command in '/home/pi2/ros2_ws/src/motor_serial' returned '0': PYTHONPATH=/home/pi2/ros2_ws/build/motor_serial/prefix_override:/usr/lib/python3/dist-packages/colcon_core/task/python/colcon_distutils_commands:/home/pi2/ros2_ws/install/motor_serial/lib/python3.10/site-packages:${PYTHONPATH} /usr/bin/python3 -W ignore:setup.py install is deprecated setup.py egg_info --egg-base ../../build/motor_serial build --build-base /home/pi2/ros2_ws/build/motor_serial/build install --record /home/pi2/ros2_ws/build/motor_serial/install.log --single-version-externally-managed install_data
