[3.620s] Invoking command in '/home/pi2/ros2_ws/src/bno055': PYTHONPATH=/home/pi2/ros2_ws/build/bno055/prefix_override:/usr/lib/python3/dist-packages/colcon_core/task/python/colcon_distutils_commands:/home/pi2/ros2_ws/install/bno055/lib/python3.10/site-packages:${PYTHONPATH} /usr/bin/python3 -W ignore:setup.py install is deprecated setup.py egg_info --egg-base ../../build/bno055 build --build-base /home/pi2/ros2_ws/build/bno055/build install --record /home/pi2/ros2_ws/build/bno055/install.log --single-version-externally-managed install_data
[5.061s] running egg_info
[5.064s] writing ../../build/bno055/bno055.egg-info/PKG-INFO
[5.065s] writing dependency_links to ../../build/bno055/bno055.egg-info/dependency_links.txt
[5.066s] writing entry points to ../../build/bno055/bno055.egg-info/entry_points.txt
[5.067s] writing requirements to ../../build/bno055/bno055.egg-info/requires.txt
[5.068s] writing top-level names to ../../build/bno055/bno055.egg-info/top_level.txt
[5.080s] reading manifest file '../../build/bno055/bno055.egg-info/SOURCES.txt'
[5.083s] adding license file 'LICENSE'
[5.083s] adding license file 'AUTHORS'
[5.086s] writing manifest file '../../build/bno055/bno055.egg-info/SOURCES.txt'
[5.087s] running build
[5.087s] running build_py
[5.095s] running install
[5.097s] running install_lib
[5.109s] running install_data
[5.110s] running install_egg_info
[5.124s] removing '/home/pi2/ros2_ws/install/bno055/lib/python3.10/site-packages/bno055-0.5.0-py3.10.egg-info' (and everything under it)
[5.128s] Copying ../../build/bno055/bno055.egg-info to /home/pi2/ros2_ws/install/bno055/lib/python3.10/site-packages/bno055-0.5.0-py3.10.egg-info
[5.133s] running install_scripts
[5.224s] Installing bno055 script to /home/pi2/ros2_ws/install/bno055/lib/bno055
[5.228s] writing list of installed files to '/home/pi2/ros2_ws/build/bno055/install.log'
[5.355s] Invoked command in '/home/pi2/ros2_ws/src/bno055' returned '0': PYTHONPATH=/home/pi2/ros2_ws/build/bno055/prefix_override:/usr/lib/python3/dist-packages/colcon_core/task/python/colcon_distutils_commands:/home/pi2/ros2_ws/install/bno055/lib/python3.10/site-packages:${PYTHONPATH} /usr/bin/python3 -W ignore:setup.py install is deprecated setup.py egg_info --egg-base ../../build/bno055 build --build-base /home/pi2/ros2_ws/build/bno055/build install --record /home/pi2/ros2_ws/build/bno055/install.log --single-version-externally-managed install_data
