[8.644s] Invoking command in '/home/pi2/ros2_ws/src/motor_commands': PYTHONPATH=/home/pi2/ros2_ws/build/motor_commands/prefix_override:/usr/lib/python3/dist-packages/colcon_core/task/python/colcon_distutils_commands:/home/pi2/ros2_ws/install/motor_commands/lib/python3.10/site-packages:${PYTHONPATH} /usr/bin/python3 -W ignore:setup.py install is deprecated setup.py egg_info --egg-base ../../build/motor_commands build --build-base /home/pi2/ros2_ws/build/motor_commands/build install --record /home/pi2/ros2_ws/build/motor_commands/install.log --single-version-externally-managed install_data
[13.452s] running egg_info
[13.460s] writing ../../build/motor_commands/motor_commands.egg-info/PKG-INFO
[13.467s] writing dependency_links to ../../build/motor_commands/motor_commands.egg-info/dependency_links.txt
[13.472s] writing entry points to ../../build/motor_commands/motor_commands.egg-info/entry_points.txt
[13.474s] writing requirements to ../../build/motor_commands/motor_commands.egg-info/requires.txt
[13.476s] writing top-level names to ../../build/motor_commands/motor_commands.egg-info/top_level.txt
[13.499s] reading manifest file '../../build/motor_commands/motor_commands.egg-info/SOURCES.txt'
[13.510s] writing manifest file '../../build/motor_commands/motor_commands.egg-info/SOURCES.txt'
[13.512s] running build
[13.513s] running build_py
[13.516s] copying motor_commands/transmit_command.py -> /home/pi2/ros2_ws/build/motor_commands/build/lib/motor_commands
[13.520s] running install
[13.523s] running install_lib
[13.536s] copying /home/pi2/ros2_ws/build/motor_commands/build/lib/motor_commands/transmit_command.py -> /home/pi2/ros2_ws/install/motor_commands/lib/python3.10/site-packages/motor_commands
[13.544s] byte-compiling /home/pi2/ros2_ws/install/motor_commands/lib/python3.10/site-packages/motor_commands/transmit_command.py to transmit_command.cpython-310.pyc
[13.555s] running install_data
[13.559s] running install_egg_info
[13.579s] removing '/home/pi2/ros2_ws/install/motor_commands/lib/python3.10/site-packages/motor_commands-0.0.0-py3.10.egg-info' (and everything under it)
[13.584s] Copying ../../build/motor_commands/motor_commands.egg-info to /home/pi2/ros2_ws/install/motor_commands/lib/python3.10/site-packages/motor_commands-0.0.0-py3.10.egg-info
[13.603s] running install_scripts
[13.834s] Installing motor_commands script to /home/pi2/ros2_ws/install/motor_commands/lib/motor_commands
[13.836s] Installing transmit_command script to /home/pi2/ros2_ws/install/motor_commands/lib/motor_commands
[13.840s] writing list of installed files to '/home/pi2/ros2_ws/build/motor_commands/install.log'
[14.096s] Invoked command in '/home/pi2/ros2_ws/src/motor_commands' returned '0': PYTHONPATH=/home/pi2/ros2_ws/build/motor_commands/prefix_override:/usr/lib/python3/dist-packages/colcon_core/task/python/colcon_distutils_commands:/home/pi2/ros2_ws/install/motor_commands/lib/python3.10/site-packages:${PYTHONPATH} /usr/bin/python3 -W ignore:setup.py install is deprecated setup.py egg_info --egg-base ../../build/motor_commands build --build-base /home/pi2/ros2_ws/build/motor_commands/build install --record /home/pi2/ros2_ws/build/motor_commands/install.log --single-version-externally-managed install_data
