[1.702s] DEBUG:colcon:Command line arguments: ['/usr/bin/colcon', 'build', '--packages-select', 'lidar_odometry']
[1.703s] DEBUG:colcon:Parsed command line arguments: Namespace(log_base=None, log_level=None, verb_name='build', build_base='build', install_base='install', merge_install=False, symlink_install=False, test_result_base=None, continue_on_error=False, executor='parallel', parallel_workers=4, event_handlers=None, ignore_user_meta=False, metas=['./colcon.meta'], base_paths=['.'], packages_ignore=None, packages_ignore_regex=None, paths=None, packages_up_to=None, packages_up_to_regex=None, packages_above=None, packages_above_and_dependencies=None, packages_above_depth=None, packages_select_by_dep=None, packages_skip_by_dep=None, packages_skip_up_to=None, packages_select_build_failed=False, packages_skip_build_finished=False, packages_select_test_failures=False, packages_skip_test_passed=False, packages_select=['lidar_odometry'], packages_skip=None, packages_select_regex=None, packages_skip_regex=None, packages_start=None, packages_end=None, allow_overriding=[], cmake_args=None, cmake_target=None, cmake_target_skip_unavailable=False, cmake_clean_cache=False, cmake_clean_first=False, cmake_force_configure=False, ament_cmake_args=None, catkin_cmake_args=None, catkin_skip_building_tests=False, verb_parser=<colcon_defaults.argument_parser.defaults.DefaultArgumentsDecorator object at 0xffffb4268cd0>, verb_extension=<colcon_core.verb.build.BuildVerb object at 0xffffb44298a0>, main=<bound method BuildVerb.main of <colcon_core.verb.build.BuildVerb object at 0xffffb44298a0>>)
[3.687s] Level 1:colcon.colcon_core.package_discovery:discover_packages(colcon_meta) check parameters
[3.688s] Level 1:colcon.colcon_core.package_discovery:discover_packages(recursive) check parameters
[3.688s] Level 1:colcon.colcon_core.package_discovery:discover_packages(ignore) check parameters
[3.688s] Level 1:colcon.colcon_core.package_discovery:discover_packages(path) check parameters
[3.688s] Level 1:colcon.colcon_core.package_discovery:discover_packages(colcon_meta) discover
[3.689s] Level 1:colcon.colcon_core.package_discovery:discover_packages(recursive) discover
[3.689s] INFO:colcon.colcon_core.package_discovery:Crawling recursively for packages in '/home/pi2/ros2_ws'
[3.690s] Level 1:colcon.colcon_core.package_identification:_identify(.) by extensions ['ignore', 'ignore_ament_install']
[3.690s] Level 1:colcon.colcon_core.package_identification:_identify(.) by extension 'ignore'
[3.690s] Level 1:colcon.colcon_core.package_identification:_identify(.) by extension 'ignore_ament_install'
[3.691s] Level 1:colcon.colcon_core.package_identification:_identify(.) by extensions ['colcon_pkg']
[3.691s] Level 1:colcon.colcon_core.package_identification:_identify(.) by extension 'colcon_pkg'
[3.691s] Level 1:colcon.colcon_core.package_identification:_identify(.) by extensions ['colcon_meta']
[3.691s] Level 1:colcon.colcon_core.package_identification:_identify(.) by extension 'colcon_meta'
[3.692s] Level 1:colcon.colcon_core.package_identification:_identify(.) by extensions ['ros']
[3.692s] Level 1:colcon.colcon_core.package_identification:_identify(.) by extension 'ros'
[3.783s] Level 1:colcon.colcon_core.package_identification:_identify(.) by extensions ['cmake', 'python']
[3.783s] Level 1:colcon.colcon_core.package_identification:_identify(.) by extension 'cmake'
[3.783s] Level 1:colcon.colcon_core.package_identification:_identify(.) by extension 'python'
[3.783s] Level 1:colcon.colcon_core.package_identification:_identify(.) by extensions ['python_setup_py']
[3.784s] Level 1:colcon.colcon_core.package_identification:_identify(.) by extension 'python_setup_py'
[3.784s] Level 1:colcon.colcon_core.package_identification:_identify(build) by extensions ['ignore', 'ignore_ament_install']
[3.785s] Level 1:colcon.colcon_core.package_identification:_identify(build) by extension 'ignore'
[3.785s] Level 1:colcon.colcon_core.package_identification:_identify(build) ignored
[3.786s] Level 1:colcon.colcon_core.package_identification:_identify(install) by extensions ['ignore', 'ignore_ament_install']
[3.786s] Level 1:colcon.colcon_core.package_identification:_identify(install) by extension 'ignore'
[3.787s] Level 1:colcon.colcon_core.package_identification:_identify(install) ignored
[3.788s] Level 1:colcon.colcon_core.package_identification:_identify(joy2twist.yaml) by extensions ['ignore', 'ignore_ament_install']
[3.789s] Level 1:colcon.colcon_core.package_identification:_identify(joy2twist.yaml) by extension 'ignore'
[3.789s] Level 1:colcon.colcon_core.package_identification:_identify(joy2twist.yaml) by extension 'ignore_ament_install'
[3.789s] Level 1:colcon.colcon_core.package_identification:_identify(joy2twist.yaml) by extensions ['colcon_pkg']
[3.789s] Level 1:colcon.colcon_core.package_identification:_identify(joy2twist.yaml) by extension 'colcon_pkg'
[3.790s] Level 1:colcon.colcon_core.package_identification:_identify(joy2twist.yaml) by extensions ['colcon_meta']
[3.790s] Level 1:colcon.colcon_core.package_identification:_identify(joy2twist.yaml) by extension 'colcon_meta'
[3.790s] Level 1:colcon.colcon_core.package_identification:_identify(joy2twist.yaml) by extensions ['ros']
[3.790s] Level 1:colcon.colcon_core.package_identification:_identify(joy2twist.yaml) by extension 'ros'
[3.791s] Level 1:colcon.colcon_core.package_identification:_identify(joy2twist.yaml) by extensions ['cmake', 'python']
[3.791s] Level 1:colcon.colcon_core.package_identification:_identify(joy2twist.yaml) by extension 'cmake'
[3.791s] Level 1:colcon.colcon_core.package_identification:_identify(joy2twist.yaml) by extension 'python'
[3.791s] Level 1:colcon.colcon_core.package_identification:_identify(joy2twist.yaml) by extensions ['python_setup_py']
[3.791s] Level 1:colcon.colcon_core.package_identification:_identify(joy2twist.yaml) by extension 'python_setup_py'
[3.796s] Level 1:colcon.colcon_core.package_identification:_identify(log) by extensions ['ignore', 'ignore_ament_install']
[3.797s] Level 1:colcon.colcon_core.package_identification:_identify(log) by extension 'ignore'
[3.797s] Level 1:colcon.colcon_core.package_identification:_identify(log) ignored
[3.798s] Level 1:colcon.colcon_core.package_identification:_identify(src) by extensions ['ignore', 'ignore_ament_install']
[3.798s] Level 1:colcon.colcon_core.package_identification:_identify(src) by extension 'ignore'
[3.798s] Level 1:colcon.colcon_core.package_identification:_identify(src) by extension 'ignore_ament_install'
[3.799s] Level 1:colcon.colcon_core.package_identification:_identify(src) by extensions ['colcon_pkg']
[3.799s] Level 1:colcon.colcon_core.package_identification:_identify(src) by extension 'colcon_pkg'
[3.799s] Level 1:colcon.colcon_core.package_identification:_identify(src) by extensions ['colcon_meta']
[3.799s] Level 1:colcon.colcon_core.package_identification:_identify(src) by extension 'colcon_meta'
[3.800s] Level 1:colcon.colcon_core.package_identification:_identify(src) by extensions ['ros']
[3.800s] Level 1:colcon.colcon_core.package_identification:_identify(src) by extension 'ros'
[3.800s] Level 1:colcon.colcon_core.package_identification:_identify(src) by extensions ['cmake', 'python']
[3.800s] Level 1:colcon.colcon_core.package_identification:_identify(src) by extension 'cmake'
[3.801s] Level 1:colcon.colcon_core.package_identification:_identify(src) by extension 'python'
[3.801s] Level 1:colcon.colcon_core.package_identification:_identify(src) by extensions ['python_setup_py']
[3.801s] Level 1:colcon.colcon_core.package_identification:_identify(src) by extension 'python_setup_py'
[3.802s] Level 1:colcon.colcon_core.package_identification:_identify(src/Simple-2D-LiDAR-Odometry) by extensions ['ignore', 'ignore_ament_install']
[3.802s] Level 1:colcon.colcon_core.package_identification:_identify(src/Simple-2D-LiDAR-Odometry) by extension 'ignore'
[3.802s] Level 1:colcon.colcon_core.package_identification:_identify(src/Simple-2D-LiDAR-Odometry) by extension 'ignore_ament_install'
[3.803s] Level 1:colcon.colcon_core.package_identification:_identify(src/Simple-2D-LiDAR-Odometry) by extensions ['colcon_pkg']
[3.803s] Level 1:colcon.colcon_core.package_identification:_identify(src/Simple-2D-LiDAR-Odometry) by extension 'colcon_pkg'
[3.803s] Level 1:colcon.colcon_core.package_identification:_identify(src/Simple-2D-LiDAR-Odometry) by extensions ['colcon_meta']
[3.803s] Level 1:colcon.colcon_core.package_identification:_identify(src/Simple-2D-LiDAR-Odometry) by extension 'colcon_meta'
[3.804s] Level 1:colcon.colcon_core.package_identification:_identify(src/Simple-2D-LiDAR-Odometry) by extensions ['ros']
[3.804s] Level 1:colcon.colcon_core.package_identification:_identify(src/Simple-2D-LiDAR-Odometry) by extension 'ros'
[3.822s] DEBUG:colcon.colcon_core.package_identification:Package 'src/Simple-2D-LiDAR-Odometry' with type 'ros.ament_cmake' and name 'lidar_odometry'
[3.823s] Level 1:colcon.colcon_core.package_identification:_identify(src/bno055) by extensions ['ignore', 'ignore_ament_install']
[3.824s] Level 1:colcon.colcon_core.package_identification:_identify(src/bno055) by extension 'ignore'
[3.824s] Level 1:colcon.colcon_core.package_identification:_identify(src/bno055) by extension 'ignore_ament_install'
[3.825s] Level 1:colcon.colcon_core.package_identification:_identify(src/bno055) by extensions ['colcon_pkg']
[3.825s] Level 1:colcon.colcon_core.package_identification:_identify(src/bno055) by extension 'colcon_pkg'
[3.825s] Level 1:colcon.colcon_core.package_identification:_identify(src/bno055) by extensions ['colcon_meta']
[3.825s] Level 1:colcon.colcon_core.package_identification:_identify(src/bno055) by extension 'colcon_meta'
[3.826s] Level 1:colcon.colcon_core.package_identification:_identify(src/bno055) by extensions ['ros']
[3.826s] Level 1:colcon.colcon_core.package_identification:_identify(src/bno055) by extension 'ros'
[3.831s] DEBUG:colcon.colcon_core.package_identification:Package 'src/bno055' with type 'ros.ament_python' and name 'bno055'
[3.832s] Level 1:colcon.colcon_core.package_identification:_identify(src/joystick_publisher) by extensions ['ignore', 'ignore_ament_install']
[3.833s] Level 1:colcon.colcon_core.package_identification:_identify(src/joystick_publisher) by extension 'ignore'
[3.833s] Level 1:colcon.colcon_core.package_identification:_identify(src/joystick_publisher) by extension 'ignore_ament_install'
[3.833s] Level 1:colcon.colcon_core.package_identification:_identify(src/joystick_publisher) by extensions ['colcon_pkg']
[3.834s] Level 1:colcon.colcon_core.package_identification:_identify(src/joystick_publisher) by extension 'colcon_pkg'
[3.834s] Level 1:colcon.colcon_core.package_identification:_identify(src/joystick_publisher) by extensions ['colcon_meta']
[3.834s] Level 1:colcon.colcon_core.package_identification:_identify(src/joystick_publisher) by extension 'colcon_meta'
[3.834s] Level 1:colcon.colcon_core.package_identification:_identify(src/joystick_publisher) by extensions ['ros']
[3.835s] Level 1:colcon.colcon_core.package_identification:_identify(src/joystick_publisher) by extension 'ros'
[3.838s] DEBUG:colcon.colcon_core.package_identification:Package 'src/joystick_publisher' with type 'ros.ament_python' and name 'joystick_publisher'
[3.839s] Level 1:colcon.colcon_core.package_identification:_identify(src/motor_commands) by extensions ['ignore', 'ignore_ament_install']
[3.840s] Level 1:colcon.colcon_core.package_identification:_identify(src/motor_commands) by extension 'ignore'
[3.840s] Level 1:colcon.colcon_core.package_identification:_identify(src/motor_commands) by extension 'ignore_ament_install'
[3.841s] Level 1:colcon.colcon_core.package_identification:_identify(src/motor_commands) by extensions ['colcon_pkg']
[3.841s] Level 1:colcon.colcon_core.package_identification:_identify(src/motor_commands) by extension 'colcon_pkg'
[3.841s] Level 1:colcon.colcon_core.package_identification:_identify(src/motor_commands) by extensions ['colcon_meta']
[3.841s] Level 1:colcon.colcon_core.package_identification:_identify(src/motor_commands) by extension 'colcon_meta'
[3.842s] Level 1:colcon.colcon_core.package_identification:_identify(src/motor_commands) by extensions ['ros']
[3.842s] Level 1:colcon.colcon_core.package_identification:_identify(src/motor_commands) by extension 'ros'
[3.850s] DEBUG:colcon.colcon_core.package_identification:Package 'src/motor_commands' with type 'ros.ament_python' and name 'motor_commands'
[3.852s] Level 1:colcon.colcon_core.package_identification:_identify(src/motor_serial) by extensions ['ignore', 'ignore_ament_install']
[3.852s] Level 1:colcon.colcon_core.package_identification:_identify(src/motor_serial) by extension 'ignore'
[3.853s] Level 1:colcon.colcon_core.package_identification:_identify(src/motor_serial) by extension 'ignore_ament_install'
[3.853s] Level 1:colcon.colcon_core.package_identification:_identify(src/motor_serial) by extensions ['colcon_pkg']
[3.853s] Level 1:colcon.colcon_core.package_identification:_identify(src/motor_serial) by extension 'colcon_pkg'
[3.854s] Level 1:colcon.colcon_core.package_identification:_identify(src/motor_serial) by extensions ['colcon_meta']
[3.854s] Level 1:colcon.colcon_core.package_identification:_identify(src/motor_serial) by extension 'colcon_meta'
[3.854s] Level 1:colcon.colcon_core.package_identification:_identify(src/motor_serial) by extensions ['ros']
[3.854s] Level 1:colcon.colcon_core.package_identification:_identify(src/motor_serial) by extension 'ros'
[3.858s] DEBUG:colcon.colcon_core.package_identification:Package 'src/motor_serial' with type 'ros.ament_python' and name 'motor_serial'
[3.860s] Level 1:colcon.colcon_core.package_identification:_identify(src/my_parameters) by extensions ['ignore', 'ignore_ament_install']
[3.861s] Level 1:colcon.colcon_core.package_identification:_identify(src/my_parameters) by extension 'ignore'
[3.861s] Level 1:colcon.colcon_core.package_identification:_identify(src/my_parameters) by extension 'ignore_ament_install'
[3.861s] Level 1:colcon.colcon_core.package_identification:_identify(src/my_parameters) by extensions ['colcon_pkg']
[3.862s] Level 1:colcon.colcon_core.package_identification:_identify(src/my_parameters) by extension 'colcon_pkg'
[3.862s] Level 1:colcon.colcon_core.package_identification:_identify(src/my_parameters) by extensions ['colcon_meta']
[3.862s] Level 1:colcon.colcon_core.package_identification:_identify(src/my_parameters) by extension 'colcon_meta'
[3.862s] Level 1:colcon.colcon_core.package_identification:_identify(src/my_parameters) by extensions ['ros']
[3.862s] Level 1:colcon.colcon_core.package_identification:_identify(src/my_parameters) by extension 'ros'
[3.867s] DEBUG:colcon.colcon_core.package_identification:Package 'src/my_parameters' with type 'ros.ament_cmake' and name 'my_parameters'
[3.868s] Level 1:colcon.colcon_core.package_identification:_identify(src/my_slam_package) by extensions ['ignore', 'ignore_ament_install']
[3.869s] Level 1:colcon.colcon_core.package_identification:_identify(src/my_slam_package) by extension 'ignore'
[3.869s] Level 1:colcon.colcon_core.package_identification:_identify(src/my_slam_package) by extension 'ignore_ament_install'
[3.870s] Level 1:colcon.colcon_core.package_identification:_identify(src/my_slam_package) by extensions ['colcon_pkg']
[3.870s] Level 1:colcon.colcon_core.package_identification:_identify(src/my_slam_package) by extension 'colcon_pkg'
[3.870s] Level 1:colcon.colcon_core.package_identification:_identify(src/my_slam_package) by extensions ['colcon_meta']
[3.870s] Level 1:colcon.colcon_core.package_identification:_identify(src/my_slam_package) by extension 'colcon_meta'
[3.870s] Level 1:colcon.colcon_core.package_identification:_identify(src/my_slam_package) by extensions ['ros']
[3.871s] Level 1:colcon.colcon_core.package_identification:_identify(src/my_slam_package) by extension 'ros'
[3.876s] DEBUG:colcon.colcon_core.package_identification:Package 'src/my_slam_package' with type 'ros.ament_python' and name 'my_slam_package'
[3.878s] Level 1:colcon.colcon_core.package_identification:_identify(src/sllidar_ros2) by extensions ['ignore', 'ignore_ament_install']
[3.878s] Level 1:colcon.colcon_core.package_identification:_identify(src/sllidar_ros2) by extension 'ignore'
[3.879s] Level 1:colcon.colcon_core.package_identification:_identify(src/sllidar_ros2) by extension 'ignore_ament_install'
[3.879s] Level 1:colcon.colcon_core.package_identification:_identify(src/sllidar_ros2) by extensions ['colcon_pkg']
[3.880s] Level 1:colcon.colcon_core.package_identification:_identify(src/sllidar_ros2) by extension 'colcon_pkg'
[3.880s] Level 1:colcon.colcon_core.package_identification:_identify(src/sllidar_ros2) by extensions ['colcon_meta']
[3.880s] Level 1:colcon.colcon_core.package_identification:_identify(src/sllidar_ros2) by extension 'colcon_meta'
[3.880s] Level 1:colcon.colcon_core.package_identification:_identify(src/sllidar_ros2) by extensions ['ros']
[3.881s] Level 1:colcon.colcon_core.package_identification:_identify(src/sllidar_ros2) by extension 'ros'
[3.885s] DEBUG:colcon.colcon_core.package_identification:Package 'src/sllidar_ros2' with type 'ros.ament_cmake' and name 'sllidar_ros2'
[3.887s] Level 1:colcon.colcon_core.package_identification:_identify(src/soft_robot_bringub) by extensions ['ignore', 'ignore_ament_install']
[3.887s] Level 1:colcon.colcon_core.package_identification:_identify(src/soft_robot_bringub) by extension 'ignore'
[3.887s] Level 1:colcon.colcon_core.package_identification:_identify(src/soft_robot_bringub) by extension 'ignore_ament_install'
[3.888s] Level 1:colcon.colcon_core.package_identification:_identify(src/soft_robot_bringub) by extensions ['colcon_pkg']
[3.888s] Level 1:colcon.colcon_core.package_identification:_identify(src/soft_robot_bringub) by extension 'colcon_pkg'
[3.888s] Level 1:colcon.colcon_core.package_identification:_identify(src/soft_robot_bringub) by extensions ['colcon_meta']
[3.888s] Level 1:colcon.colcon_core.package_identification:_identify(src/soft_robot_bringub) by extension 'colcon_meta'
[3.889s] Level 1:colcon.colcon_core.package_identification:_identify(src/soft_robot_bringub) by extensions ['ros']
[3.889s] Level 1:colcon.colcon_core.package_identification:_identify(src/soft_robot_bringub) by extension 'ros'
[3.905s] DEBUG:colcon.colcon_core.package_identification:Package 'src/soft_robot_bringub' with type 'ros.ament_cmake' and name 'soft_robot_bringub'
[3.905s] Level 1:colcon.colcon_core.package_discovery:discover_packages(recursive) using defaults
[3.906s] Level 1:colcon.colcon_core.package_discovery:discover_packages(ignore) discover
[3.906s] Level 1:colcon.colcon_core.package_discovery:discover_packages(ignore) using defaults
[3.906s] Level 1:colcon.colcon_core.package_discovery:discover_packages(path) discover
[3.906s] Level 1:colcon.colcon_core.package_discovery:discover_packages(path) using defaults
[4.134s] INFO:colcon.colcon_core.package_selection:Skipping not selected package 'bno055' in 'src/bno055'
[4.135s] INFO:colcon.colcon_core.package_selection:Skipping not selected package 'joystick_publisher' in 'src/joystick_publisher'
[4.135s] INFO:colcon.colcon_core.package_selection:Skipping not selected package 'motor_commands' in 'src/motor_commands'
[4.135s] INFO:colcon.colcon_core.package_selection:Skipping not selected package 'motor_serial' in 'src/motor_serial'
[4.135s] INFO:colcon.colcon_core.package_selection:Skipping not selected package 'my_parameters' in 'src/my_parameters'
[4.135s] INFO:colcon.colcon_core.package_selection:Skipping not selected package 'my_slam_package' in 'src/my_slam_package'
[4.135s] INFO:colcon.colcon_core.package_selection:Skipping not selected package 'sllidar_ros2' in 'src/sllidar_ros2'
[4.136s] INFO:colcon.colcon_core.package_selection:Skipping not selected package 'soft_robot_bringub' in 'src/soft_robot_bringub'
[4.139s] Level 1:colcon.colcon_core.package_discovery:discover_packages(prefix_path) check parameters
[4.139s] Level 1:colcon.colcon_core.package_discovery:discover_packages(prefix_path) discover
[4.198s] DEBUG:colcon.colcon_installed_package_information.package_discovery:Found 9 installed packages in /home/pi2/ros2_ws/install
[4.219s] DEBUG:colcon.colcon_installed_package_information.package_discovery:Found 287 installed packages in /opt/ros/humble
[4.227s] Level 1:colcon.colcon_core.package_discovery:discover_packages(prefix_path) using defaults
[4.764s] Level 5:colcon.colcon_core.verb:set package 'lidar_odometry' build argument 'cmake_args' from command line to 'None'
[4.764s] Level 5:colcon.colcon_core.verb:set package 'lidar_odometry' build argument 'cmake_target' from command line to 'None'
[4.764s] Level 5:colcon.colcon_core.verb:set package 'lidar_odometry' build argument 'cmake_target_skip_unavailable' from command line to 'False'
[4.764s] Level 5:colcon.colcon_core.verb:set package 'lidar_odometry' build argument 'cmake_clean_cache' from command line to 'False'
[4.764s] Level 5:colcon.colcon_core.verb:set package 'lidar_odometry' build argument 'cmake_clean_first' from command line to 'False'
[4.764s] Level 5:colcon.colcon_core.verb:set package 'lidar_odometry' build argument 'cmake_force_configure' from command line to 'False'
[4.765s] Level 5:colcon.colcon_core.verb:set package 'lidar_odometry' build argument 'ament_cmake_args' from command line to 'None'
[4.765s] Level 5:colcon.colcon_core.verb:set package 'lidar_odometry' build argument 'catkin_cmake_args' from command line to 'None'
[4.765s] Level 5:colcon.colcon_core.verb:set package 'lidar_odometry' build argument 'catkin_skip_building_tests' from command line to 'False'
[4.765s] DEBUG:colcon.colcon_core.verb:Building package 'lidar_odometry' with the following arguments: {'ament_cmake_args': None, 'build_base': '/home/pi2/ros2_ws/build/lidar_odometry', 'catkin_cmake_args': None, 'catkin_skip_building_tests': False, 'cmake_args': None, 'cmake_clean_cache': False, 'cmake_clean_first': False, 'cmake_force_configure': False, 'cmake_target': None, 'cmake_target_skip_unavailable': False, 'install_base': '/home/pi2/ros2_ws/install/lidar_odometry', 'merge_install': False, 'path': '/home/pi2/ros2_ws/src/Simple-2D-LiDAR-Odometry', 'symlink_install': False, 'test_result_base': None}
[4.766s] INFO:colcon.colcon_core.executor:Executing jobs using 'parallel' executor
[4.770s] DEBUG:colcon.colcon_parallel_executor.executor.parallel:run_until_complete
[4.771s] INFO:colcon.colcon_ros.task.ament_cmake.build:Building ROS package in '/home/pi2/ros2_ws/src/Simple-2D-LiDAR-Odometry' with build type 'ament_cmake'
[4.772s] INFO:colcon.colcon_cmake.task.cmake.build:Building CMake package in '/home/pi2/ros2_ws/src/Simple-2D-LiDAR-Odometry'
[4.797s] INFO:colcon.colcon_core.plugin_system:Skipping extension 'colcon_core.shell.bat': Not used on non-Windows systems
[4.798s] INFO:colcon.colcon_core.shell:Skip shell extension 'powershell' for command environment: Not usable outside of PowerShell
[4.798s] DEBUG:colcon.colcon_core.shell:Skip shell extension 'dsv' for command environment
[4.865s] DEBUG:colcon.colcon_core.event_handler.log_command:Invoking command in '/home/pi2/ros2_ws/build/lidar_odometry': CMAKE_PREFIX_PATH=${CMAKE_PREFIX_PATH}:/home/pi2/ros2_ws/install/my_slam_package:/home/pi2/ros2_ws/install/motor_serial:/home/pi2/ros2_ws/install/motor_commands:/home/pi2/ros2_ws/install/locolization:/home/pi2/ros2_ws/install/joystick_publisher:/home/pi2/ros2_ws/install/bno055:/opt/ros/humble /usr/bin/cmake --build /home/pi2/ros2_ws/build/lidar_odometry -- -j4 -l4
[58.537s] DEBUG:colcon.colcon_parallel_executor.executor.parallel:run_until_complete was interrupted
[58.777s] DEBUG:colcon.colcon_parallel_executor.executor.parallel:run_until_complete again
[59.089s] DEBUG:colcon.colcon_core.event_handler.log_command:Invoked command in '/home/pi2/ros2_ws/build/lidar_odometry' returned '-2': CMAKE_PREFIX_PATH=${CMAKE_PREFIX_PATH}:/home/pi2/ros2_ws/install/my_slam_package:/home/pi2/ros2_ws/install/motor_serial:/home/pi2/ros2_ws/install/motor_commands:/home/pi2/ros2_ws/install/locolization:/home/pi2/ros2_ws/install/joystick_publisher:/home/pi2/ros2_ws/install/bno055:/opt/ros/humble /usr/bin/cmake --build /home/pi2/ros2_ws/build/lidar_odometry -- -j4 -l4
[60.300s] Level 1:colcon.colcon_core.environment:create_environment_scripts_only(lidar_odometry)
[60.376s] Level 1:colcon.colcon_core.environment:checking '/home/pi2/ros2_ws/install/lidar_odometry' for CMake module files
[60.383s] Level 1:colcon.colcon_core.environment:checking '/home/pi2/ros2_ws/install/lidar_odometry' for CMake config files
[60.385s] Level 1:colcon.colcon_core.environment:checking '/home/pi2/ros2_ws/install/lidar_odometry/bin'
[60.386s] Level 1:colcon.colcon_core.environment:checking '/home/pi2/ros2_ws/install/lidar_odometry/lib/pkgconfig/lidar_odometry.pc'
[60.387s] Level 1:colcon.colcon_core.environment:checking '/home/pi2/ros2_ws/install/lidar_odometry/lib/python3.10/site-packages'
[60.388s] Level 1:colcon.colcon_core.environment:checking '/home/pi2/ros2_ws/install/lidar_odometry/bin'
[60.390s] INFO:colcon.colcon_core.shell:Creating package script '/home/pi2/ros2_ws/install/lidar_odometry/share/lidar_odometry/package.ps1'
[60.403s] INFO:colcon.colcon_core.shell:Creating package descriptor '/home/pi2/ros2_ws/install/lidar_odometry/share/lidar_odometry/package.dsv'
[60.408s] INFO:colcon.colcon_core.shell:Creating package script '/home/pi2/ros2_ws/install/lidar_odometry/share/lidar_odometry/package.sh'
[60.413s] INFO:colcon.colcon_core.shell:Creating package script '/home/pi2/ros2_ws/install/lidar_odometry/share/lidar_odometry/package.bash'
[60.420s] INFO:colcon.colcon_core.shell:Creating package script '/home/pi2/ros2_ws/install/lidar_odometry/share/lidar_odometry/package.zsh'
[60.426s] Level 1:colcon.colcon_core.environment:create_file_with_runtime_dependencies(/home/pi2/ros2_ws/install/lidar_odometry/share/colcon-core/packages/lidar_odometry)
[60.438s] DEBUG:colcon.colcon_parallel_executor.executor.parallel:run_until_complete finished
[60.438s] DEBUG:colcon.colcon_parallel_executor.executor.parallel:closing loop
[60.439s] DEBUG:colcon.colcon_parallel_executor.executor.parallel:loop closed
[60.439s] DEBUG:colcon.colcon_core.event_reactor:joining thread
[60.563s] INFO:colcon.colcon_core.plugin_system:Skipping extension 'colcon_notification.desktop_notification.notify_send': Could not find 'notify-send'
[60.563s] INFO:colcon.colcon_core.plugin_system:Skipping extension 'colcon_notification.desktop_notification.terminal_notifier': Not used on non-Darwin systems
[60.564s] INFO:colcon.colcon_core.plugin_system:Skipping extension 'colcon_notification.desktop_notification.win32': Not used on non-Windows systems
[60.564s] INFO:colcon.colcon_notification.desktop_notification:Sending desktop notification using 'notify2'
[60.630s] DEBUG:colcon.colcon_notification.desktop_notification.notify2:Failed to initialize notify2: org.freedesktop.DBus.Error.ServiceUnknown: The name org.freedesktop.Notifications was not provided by any .service files
[60.632s] DEBUG:colcon.colcon_core.event_reactor:joined thread
[60.633s] INFO:colcon.colcon_core.shell:Creating prefix script '/home/pi2/ros2_ws/install/local_setup.ps1'
[60.653s] INFO:colcon.colcon_core.shell:Creating prefix util module '/home/pi2/ros2_ws/install/_local_setup_util_ps1.py'
[60.666s] INFO:colcon.colcon_core.shell:Creating prefix chain script '/home/pi2/ros2_ws/install/setup.ps1'
[60.682s] INFO:colcon.colcon_core.shell:Creating prefix script '/home/pi2/ros2_ws/install/local_setup.sh'
[60.688s] INFO:colcon.colcon_core.shell:Creating prefix util module '/home/pi2/ros2_ws/install/_local_setup_util_sh.py'
[60.692s] INFO:colcon.colcon_core.shell:Creating prefix chain script '/home/pi2/ros2_ws/install/setup.sh'
[60.710s] INFO:colcon.colcon_core.shell:Creating prefix script '/home/pi2/ros2_ws/install/local_setup.bash'
[60.714s] INFO:colcon.colcon_core.shell:Creating prefix chain script '/home/pi2/ros2_ws/install/setup.bash'
[60.726s] INFO:colcon.colcon_core.shell:Creating prefix script '/home/pi2/ros2_ws/install/local_setup.zsh'
[60.736s] INFO:colcon.colcon_core.shell:Creating prefix chain script '/home/pi2/ros2_ws/install/setup.zsh'
