[0.981s] DEBUG:colcon:Command line arguments: ['/usr/bin/colcon', 'build', '--packages-select', 'soft_robot_bringub']
[0.981s] DEBUG:colcon:Parsed command line arguments: Namespace(log_base=None, log_level=None, verb_name='build', build_base='build', install_base='install', merge_install=False, symlink_install=False, test_result_base=None, continue_on_error=False, executor='parallel', parallel_workers=4, event_handlers=None, ignore_user_meta=False, metas=['./colcon.meta'], base_paths=['.'], packages_ignore=None, packages_ignore_regex=None, paths=None, packages_up_to=None, packages_up_to_regex=None, packages_above=None, packages_above_and_dependencies=None, packages_above_depth=None, packages_select_by_dep=None, packages_skip_by_dep=None, packages_skip_up_to=None, packages_select_build_failed=False, packages_skip_build_finished=False, packages_select_test_failures=False, packages_skip_test_passed=False, packages_select=['soft_robot_bringub'], packages_skip=None, packages_select_regex=None, packages_skip_regex=None, packages_start=None, packages_end=None, allow_overriding=[], cmake_args=None, cmake_target=None, cmake_target_skip_unavailable=False, cmake_clean_cache=False, cmake_clean_first=False, cmake_force_configure=False, ament_cmake_args=None, catkin_cmake_args=None, catkin_skip_building_tests=False, verb_parser=<colcon_defaults.argument_parser.defaults.DefaultArgumentsDecorator object at 0xffff818c8cd0>, verb_extension=<colcon_core.verb.build.BuildVerb object at 0xffff81a898a0>, main=<bound method BuildVerb.main of <colcon_core.verb.build.BuildVerb object at 0xffff81a898a0>>)
[3.222s] Level 1:colcon.colcon_core.package_discovery:discover_packages(colcon_meta) check parameters
[3.223s] Level 1:colcon.colcon_core.package_discovery:discover_packages(recursive) check parameters
[3.223s] Level 1:colcon.colcon_core.package_discovery:discover_packages(ignore) check parameters
[3.223s] Level 1:colcon.colcon_core.package_discovery:discover_packages(path) check parameters
[3.224s] Level 1:colcon.colcon_core.package_discovery:discover_packages(colcon_meta) discover
[3.224s] Level 1:colcon.colcon_core.package_discovery:discover_packages(recursive) discover
[3.224s] INFO:colcon.colcon_core.package_discovery:Crawling recursively for packages in '/home/pi2/ros2_ws'
[3.225s] Level 1:colcon.colcon_core.package_identification:_identify(.) by extensions ['ignore', 'ignore_ament_install']
[3.225s] Level 1:colcon.colcon_core.package_identification:_identify(.) by extension 'ignore'
[3.226s] Level 1:colcon.colcon_core.package_identification:_identify(.) by extension 'ignore_ament_install'
[3.226s] Level 1:colcon.colcon_core.package_identification:_identify(.) by extensions ['colcon_pkg']
[3.226s] Level 1:colcon.colcon_core.package_identification:_identify(.) by extension 'colcon_pkg'
[3.226s] Level 1:colcon.colcon_core.package_identification:_identify(.) by extensions ['colcon_meta']
[3.227s] Level 1:colcon.colcon_core.package_identification:_identify(.) by extension 'colcon_meta'
[3.227s] Level 1:colcon.colcon_core.package_identification:_identify(.) by extensions ['ros']
[3.227s] Level 1:colcon.colcon_core.package_identification:_identify(.) by extension 'ros'
[3.298s] Level 1:colcon.colcon_core.package_identification:_identify(.) by extensions ['cmake', 'python']
[3.298s] Level 1:colcon.colcon_core.package_identification:_identify(.) by extension 'cmake'
[3.299s] Level 1:colcon.colcon_core.package_identification:_identify(.) by extension 'python'
[3.299s] Level 1:colcon.colcon_core.package_identification:_identify(.) by extensions ['python_setup_py']
[3.299s] Level 1:colcon.colcon_core.package_identification:_identify(.) by extension 'python_setup_py'
[3.300s] Level 1:colcon.colcon_core.package_identification:_identify(build) by extensions ['ignore', 'ignore_ament_install']
[3.301s] Level 1:colcon.colcon_core.package_identification:_identify(build) by extension 'ignore'
[3.301s] Level 1:colcon.colcon_core.package_identification:_identify(build) ignored
[3.302s] Level 1:colcon.colcon_core.package_identification:_identify(install) by extensions ['ignore', 'ignore_ament_install']
[3.303s] Level 1:colcon.colcon_core.package_identification:_identify(install) by extension 'ignore'
[3.303s] Level 1:colcon.colcon_core.package_identification:_identify(install) ignored
[3.303s] Level 1:colcon.colcon_core.package_identification:_identify(joy2twist.yaml) by extensions ['ignore', 'ignore_ament_install']
[3.304s] Level 1:colcon.colcon_core.package_identification:_identify(joy2twist.yaml) by extension 'ignore'
[3.304s] Level 1:colcon.colcon_core.package_identification:_identify(joy2twist.yaml) by extension 'ignore_ament_install'
[3.305s] Level 1:colcon.colcon_core.package_identification:_identify(joy2twist.yaml) by extensions ['colcon_pkg']
[3.305s] Level 1:colcon.colcon_core.package_identification:_identify(joy2twist.yaml) by extension 'colcon_pkg'
[3.306s] Level 1:colcon.colcon_core.package_identification:_identify(joy2twist.yaml) by extensions ['colcon_meta']
[3.306s] Level 1:colcon.colcon_core.package_identification:_identify(joy2twist.yaml) by extension 'colcon_meta'
[3.306s] Level 1:colcon.colcon_core.package_identification:_identify(joy2twist.yaml) by extensions ['ros']
[3.307s] Level 1:colcon.colcon_core.package_identification:_identify(joy2twist.yaml) by extension 'ros'
[3.307s] Level 1:colcon.colcon_core.package_identification:_identify(joy2twist.yaml) by extensions ['cmake', 'python']
[3.308s] Level 1:colcon.colcon_core.package_identification:_identify(joy2twist.yaml) by extension 'cmake'
[3.308s] Level 1:colcon.colcon_core.package_identification:_identify(joy2twist.yaml) by extension 'python'
[3.308s] Level 1:colcon.colcon_core.package_identification:_identify(joy2twist.yaml) by extensions ['python_setup_py']
[3.308s] Level 1:colcon.colcon_core.package_identification:_identify(joy2twist.yaml) by extension 'python_setup_py'
[3.313s] Level 1:colcon.colcon_core.package_identification:_identify(log) by extensions ['ignore', 'ignore_ament_install']
[3.313s] Level 1:colcon.colcon_core.package_identification:_identify(log) by extension 'ignore'
[3.314s] Level 1:colcon.colcon_core.package_identification:_identify(log) ignored
[3.314s] Level 1:colcon.colcon_core.package_identification:_identify(src) by extensions ['ignore', 'ignore_ament_install']
[3.315s] Level 1:colcon.colcon_core.package_identification:_identify(src) by extension 'ignore'
[3.315s] Level 1:colcon.colcon_core.package_identification:_identify(src) by extension 'ignore_ament_install'
[3.315s] Level 1:colcon.colcon_core.package_identification:_identify(src) by extensions ['colcon_pkg']
[3.315s] Level 1:colcon.colcon_core.package_identification:_identify(src) by extension 'colcon_pkg'
[3.316s] Level 1:colcon.colcon_core.package_identification:_identify(src) by extensions ['colcon_meta']
[3.316s] Level 1:colcon.colcon_core.package_identification:_identify(src) by extension 'colcon_meta'
[3.316s] Level 1:colcon.colcon_core.package_identification:_identify(src) by extensions ['ros']
[3.316s] Level 1:colcon.colcon_core.package_identification:_identify(src) by extension 'ros'
[3.317s] Level 1:colcon.colcon_core.package_identification:_identify(src) by extensions ['cmake', 'python']
[3.317s] Level 1:colcon.colcon_core.package_identification:_identify(src) by extension 'cmake'
[3.317s] Level 1:colcon.colcon_core.package_identification:_identify(src) by extension 'python'
[3.317s] Level 1:colcon.colcon_core.package_identification:_identify(src) by extensions ['python_setup_py']
[3.317s] Level 1:colcon.colcon_core.package_identification:_identify(src) by extension 'python_setup_py'
[3.318s] Level 1:colcon.colcon_core.package_identification:_identify(src/Simple-2D-LiDAR-Odometry) by extensions ['ignore', 'ignore_ament_install']
[3.318s] Level 1:colcon.colcon_core.package_identification:_identify(src/Simple-2D-LiDAR-Odometry) by extension 'ignore'
[3.319s] Level 1:colcon.colcon_core.package_identification:_identify(src/Simple-2D-LiDAR-Odometry) by extension 'ignore_ament_install'
[3.319s] Level 1:colcon.colcon_core.package_identification:_identify(src/Simple-2D-LiDAR-Odometry) by extensions ['colcon_pkg']
[3.319s] Level 1:colcon.colcon_core.package_identification:_identify(src/Simple-2D-LiDAR-Odometry) by extension 'colcon_pkg'
[3.320s] Level 1:colcon.colcon_core.package_identification:_identify(src/Simple-2D-LiDAR-Odometry) by extensions ['colcon_meta']
[3.320s] Level 1:colcon.colcon_core.package_identification:_identify(src/Simple-2D-LiDAR-Odometry) by extension 'colcon_meta'
[3.320s] Level 1:colcon.colcon_core.package_identification:_identify(src/Simple-2D-LiDAR-Odometry) by extensions ['ros']
[3.320s] Level 1:colcon.colcon_core.package_identification:_identify(src/Simple-2D-LiDAR-Odometry) by extension 'ros'
[3.339s] DEBUG:colcon.colcon_core.package_identification:Package 'src/Simple-2D-LiDAR-Odometry' with type 'ros.ament_cmake' and name 'lidar_odometry'
[3.340s] Level 1:colcon.colcon_core.package_identification:_identify(src/bno055) by extensions ['ignore', 'ignore_ament_install']
[3.341s] Level 1:colcon.colcon_core.package_identification:_identify(src/bno055) by extension 'ignore'
[3.341s] Level 1:colcon.colcon_core.package_identification:_identify(src/bno055) by extension 'ignore_ament_install'
[3.342s] Level 1:colcon.colcon_core.package_identification:_identify(src/bno055) by extensions ['colcon_pkg']
[3.342s] Level 1:colcon.colcon_core.package_identification:_identify(src/bno055) by extension 'colcon_pkg'
[3.342s] Level 1:colcon.colcon_core.package_identification:_identify(src/bno055) by extensions ['colcon_meta']
[3.342s] Level 1:colcon.colcon_core.package_identification:_identify(src/bno055) by extension 'colcon_meta'
[3.343s] Level 1:colcon.colcon_core.package_identification:_identify(src/bno055) by extensions ['ros']
[3.343s] Level 1:colcon.colcon_core.package_identification:_identify(src/bno055) by extension 'ros'
[3.347s] DEBUG:colcon.colcon_core.package_identification:Package 'src/bno055' with type 'ros.ament_python' and name 'bno055'
[3.348s] Level 1:colcon.colcon_core.package_identification:_identify(src/csm) by extensions ['ignore', 'ignore_ament_install']
[3.349s] Level 1:colcon.colcon_core.package_identification:_identify(src/csm) by extension 'ignore'
[3.349s] Level 1:colcon.colcon_core.package_identification:_identify(src/csm) by extension 'ignore_ament_install'
[3.349s] Level 1:colcon.colcon_core.package_identification:_identify(src/csm) by extensions ['colcon_pkg']
[3.350s] Level 1:colcon.colcon_core.package_identification:_identify(src/csm) by extension 'colcon_pkg'
[3.350s] Level 1:colcon.colcon_core.package_identification:_identify(src/csm) by extensions ['colcon_meta']
[3.350s] Level 1:colcon.colcon_core.package_identification:_identify(src/csm) by extension 'colcon_meta'
[3.350s] Level 1:colcon.colcon_core.package_identification:_identify(src/csm) by extensions ['ros']
[3.350s] Level 1:colcon.colcon_core.package_identification:_identify(src/csm) by extension 'ros'
[3.355s] DEBUG:colcon.colcon_core.package_identification:Package 'src/csm' with type 'ros.ament_cmake' and name 'csm'
[3.356s] Level 1:colcon.colcon_core.package_identification:_identify(src/joystick_publisher) by extensions ['ignore', 'ignore_ament_install']
[3.356s] Level 1:colcon.colcon_core.package_identification:_identify(src/joystick_publisher) by extension 'ignore'
[3.356s] Level 1:colcon.colcon_core.package_identification:_identify(src/joystick_publisher) by extension 'ignore_ament_install'
[3.357s] Level 1:colcon.colcon_core.package_identification:_identify(src/joystick_publisher) by extensions ['colcon_pkg']
[3.357s] Level 1:colcon.colcon_core.package_identification:_identify(src/joystick_publisher) by extension 'colcon_pkg'
[3.357s] Level 1:colcon.colcon_core.package_identification:_identify(src/joystick_publisher) by extensions ['colcon_meta']
[3.357s] Level 1:colcon.colcon_core.package_identification:_identify(src/joystick_publisher) by extension 'colcon_meta'
[3.358s] Level 1:colcon.colcon_core.package_identification:_identify(src/joystick_publisher) by extensions ['ros']
[3.358s] Level 1:colcon.colcon_core.package_identification:_identify(src/joystick_publisher) by extension 'ros'
[3.361s] DEBUG:colcon.colcon_core.package_identification:Package 'src/joystick_publisher' with type 'ros.ament_python' and name 'joystick_publisher'
[3.362s] Level 1:colcon.colcon_core.package_identification:_identify(src/motor_commands) by extensions ['ignore', 'ignore_ament_install']
[3.363s] Level 1:colcon.colcon_core.package_identification:_identify(src/motor_commands) by extension 'ignore'
[3.363s] Level 1:colcon.colcon_core.package_identification:_identify(src/motor_commands) by extension 'ignore_ament_install'
[3.363s] Level 1:colcon.colcon_core.package_identification:_identify(src/motor_commands) by extensions ['colcon_pkg']
[3.363s] Level 1:colcon.colcon_core.package_identification:_identify(src/motor_commands) by extension 'colcon_pkg'
[3.364s] Level 1:colcon.colcon_core.package_identification:_identify(src/motor_commands) by extensions ['colcon_meta']
[3.364s] Level 1:colcon.colcon_core.package_identification:_identify(src/motor_commands) by extension 'colcon_meta'
[3.364s] Level 1:colcon.colcon_core.package_identification:_identify(src/motor_commands) by extensions ['ros']
[3.364s] Level 1:colcon.colcon_core.package_identification:_identify(src/motor_commands) by extension 'ros'
[3.368s] DEBUG:colcon.colcon_core.package_identification:Package 'src/motor_commands' with type 'ros.ament_python' and name 'motor_commands'
[3.368s] Level 1:colcon.colcon_core.package_identification:_identify(src/motor_serial) by extensions ['ignore', 'ignore_ament_install']
[3.369s] Level 1:colcon.colcon_core.package_identification:_identify(src/motor_serial) by extension 'ignore'
[3.369s] Level 1:colcon.colcon_core.package_identification:_identify(src/motor_serial) by extension 'ignore_ament_install'
[3.369s] Level 1:colcon.colcon_core.package_identification:_identify(src/motor_serial) by extensions ['colcon_pkg']
[3.370s] Level 1:colcon.colcon_core.package_identification:_identify(src/motor_serial) by extension 'colcon_pkg'
[3.370s] Level 1:colcon.colcon_core.package_identification:_identify(src/motor_serial) by extensions ['colcon_meta']
[3.370s] Level 1:colcon.colcon_core.package_identification:_identify(src/motor_serial) by extension 'colcon_meta'
[3.370s] Level 1:colcon.colcon_core.package_identification:_identify(src/motor_serial) by extensions ['ros']
[3.371s] Level 1:colcon.colcon_core.package_identification:_identify(src/motor_serial) by extension 'ros'
[3.374s] DEBUG:colcon.colcon_core.package_identification:Package 'src/motor_serial' with type 'ros.ament_python' and name 'motor_serial'
[3.374s] Level 1:colcon.colcon_core.package_identification:_identify(src/my_map) by extensions ['ignore', 'ignore_ament_install']
[3.375s] Level 1:colcon.colcon_core.package_identification:_identify(src/my_map) by extension 'ignore'
[3.375s] Level 1:colcon.colcon_core.package_identification:_identify(src/my_map) by extension 'ignore_ament_install'
[3.376s] Level 1:colcon.colcon_core.package_identification:_identify(src/my_map) by extensions ['colcon_pkg']
[3.376s] Level 1:colcon.colcon_core.package_identification:_identify(src/my_map) by extension 'colcon_pkg'
[3.376s] Level 1:colcon.colcon_core.package_identification:_identify(src/my_map) by extensions ['colcon_meta']
[3.376s] Level 1:colcon.colcon_core.package_identification:_identify(src/my_map) by extension 'colcon_meta'
[3.376s] Level 1:colcon.colcon_core.package_identification:_identify(src/my_map) by extensions ['ros']
[3.377s] Level 1:colcon.colcon_core.package_identification:_identify(src/my_map) by extension 'ros'
[3.377s] Level 1:colcon.colcon_core.package_identification:_identify(src/my_map) by extensions ['cmake', 'python']
[3.377s] Level 1:colcon.colcon_core.package_identification:_identify(src/my_map) by extension 'cmake'
[3.378s] Level 1:colcon.colcon_core.package_identification:_identify(src/my_map) by extension 'python'
[3.378s] Level 1:colcon.colcon_core.package_identification:_identify(src/my_map) by extensions ['python_setup_py']
[3.378s] Level 1:colcon.colcon_core.package_identification:_identify(src/my_map) by extension 'python_setup_py'
[3.379s] Level 1:colcon.colcon_core.package_identification:_identify(src/my_parameters) by extensions ['ignore', 'ignore_ament_install']
[3.380s] Level 1:colcon.colcon_core.package_identification:_identify(src/my_parameters) by extension 'ignore'
[3.380s] Level 1:colcon.colcon_core.package_identification:_identify(src/my_parameters) by extension 'ignore_ament_install'
[3.381s] Level 1:colcon.colcon_core.package_identification:_identify(src/my_parameters) by extensions ['colcon_pkg']
[3.381s] Level 1:colcon.colcon_core.package_identification:_identify(src/my_parameters) by extension 'colcon_pkg'
[3.382s] Level 1:colcon.colcon_core.package_identification:_identify(src/my_parameters) by extensions ['colcon_meta']
[3.382s] Level 1:colcon.colcon_core.package_identification:_identify(src/my_parameters) by extension 'colcon_meta'
[3.383s] Level 1:colcon.colcon_core.package_identification:_identify(src/my_parameters) by extensions ['ros']
[3.383s] Level 1:colcon.colcon_core.package_identification:_identify(src/my_parameters) by extension 'ros'
[3.387s] DEBUG:colcon.colcon_core.package_identification:Package 'src/my_parameters' with type 'ros.ament_cmake' and name 'my_parameters'
[3.388s] Level 1:colcon.colcon_core.package_identification:_identify(src/my_slam_package) by extensions ['ignore', 'ignore_ament_install']
[3.389s] Level 1:colcon.colcon_core.package_identification:_identify(src/my_slam_package) by extension 'ignore'
[3.389s] Level 1:colcon.colcon_core.package_identification:_identify(src/my_slam_package) by extension 'ignore_ament_install'
[3.390s] Level 1:colcon.colcon_core.package_identification:_identify(src/my_slam_package) by extensions ['colcon_pkg']
[3.390s] Level 1:colcon.colcon_core.package_identification:_identify(src/my_slam_package) by extension 'colcon_pkg'
[3.390s] Level 1:colcon.colcon_core.package_identification:_identify(src/my_slam_package) by extensions ['colcon_meta']
[3.391s] Level 1:colcon.colcon_core.package_identification:_identify(src/my_slam_package) by extension 'colcon_meta'
[3.391s] Level 1:colcon.colcon_core.package_identification:_identify(src/my_slam_package) by extensions ['ros']
[3.391s] Level 1:colcon.colcon_core.package_identification:_identify(src/my_slam_package) by extension 'ros'
[3.396s] DEBUG:colcon.colcon_core.package_identification:Package 'src/my_slam_package' with type 'ros.ament_python' and name 'my_slam_package'
[3.397s] Level 1:colcon.colcon_core.package_identification:_identify(src/ros2_laser_scan_matcher) by extensions ['ignore', 'ignore_ament_install']
[3.397s] Level 1:colcon.colcon_core.package_identification:_identify(src/ros2_laser_scan_matcher) by extension 'ignore'
[3.398s] Level 1:colcon.colcon_core.package_identification:_identify(src/ros2_laser_scan_matcher) by extension 'ignore_ament_install'
[3.398s] Level 1:colcon.colcon_core.package_identification:_identify(src/ros2_laser_scan_matcher) by extensions ['colcon_pkg']
[3.398s] Level 1:colcon.colcon_core.package_identification:_identify(src/ros2_laser_scan_matcher) by extension 'colcon_pkg'
[3.399s] Level 1:colcon.colcon_core.package_identification:_identify(src/ros2_laser_scan_matcher) by extensions ['colcon_meta']
[3.399s] Level 1:colcon.colcon_core.package_identification:_identify(src/ros2_laser_scan_matcher) by extension 'colcon_meta'
[3.399s] Level 1:colcon.colcon_core.package_identification:_identify(src/ros2_laser_scan_matcher) by extensions ['ros']
[3.400s] Level 1:colcon.colcon_core.package_identification:_identify(src/ros2_laser_scan_matcher) by extension 'ros'
[3.404s] DEBUG:colcon.colcon_core.package_identification:Package 'src/ros2_laser_scan_matcher' with type 'ros.ament_cmake' and name 'ros2_laser_scan_matcher'
[3.405s] Level 1:colcon.colcon_core.package_identification:_identify(src/sllidar_ros2) by extensions ['ignore', 'ignore_ament_install']
[3.406s] Level 1:colcon.colcon_core.package_identification:_identify(src/sllidar_ros2) by extension 'ignore'
[3.406s] Level 1:colcon.colcon_core.package_identification:_identify(src/sllidar_ros2) by extension 'ignore_ament_install'
[3.407s] Level 1:colcon.colcon_core.package_identification:_identify(src/sllidar_ros2) by extensions ['colcon_pkg']
[3.407s] Level 1:colcon.colcon_core.package_identification:_identify(src/sllidar_ros2) by extension 'colcon_pkg'
[3.407s] Level 1:colcon.colcon_core.package_identification:_identify(src/sllidar_ros2) by extensions ['colcon_meta']
[3.407s] Level 1:colcon.colcon_core.package_identification:_identify(src/sllidar_ros2) by extension 'colcon_meta'
[3.408s] Level 1:colcon.colcon_core.package_identification:_identify(src/sllidar_ros2) by extensions ['ros']
[3.408s] Level 1:colcon.colcon_core.package_identification:_identify(src/sllidar_ros2) by extension 'ros'
[3.412s] DEBUG:colcon.colcon_core.package_identification:Package 'src/sllidar_ros2' with type 'ros.ament_cmake' and name 'sllidar_ros2'
[3.413s] Level 1:colcon.colcon_core.package_identification:_identify(src/soft_robot_bringub) by extensions ['ignore', 'ignore_ament_install']
[3.413s] Level 1:colcon.colcon_core.package_identification:_identify(src/soft_robot_bringub) by extension 'ignore'
[3.413s] Level 1:colcon.colcon_core.package_identification:_identify(src/soft_robot_bringub) by extension 'ignore_ament_install'
[3.414s] Level 1:colcon.colcon_core.package_identification:_identify(src/soft_robot_bringub) by extensions ['colcon_pkg']
[3.414s] Level 1:colcon.colcon_core.package_identification:_identify(src/soft_robot_bringub) by extension 'colcon_pkg'
[3.414s] Level 1:colcon.colcon_core.package_identification:_identify(src/soft_robot_bringub) by extensions ['colcon_meta']
[3.414s] Level 1:colcon.colcon_core.package_identification:_identify(src/soft_robot_bringub) by extension 'colcon_meta'
[3.415s] Level 1:colcon.colcon_core.package_identification:_identify(src/soft_robot_bringub) by extensions ['ros']
[3.415s] Level 1:colcon.colcon_core.package_identification:_identify(src/soft_robot_bringub) by extension 'ros'
[3.423s] DEBUG:colcon.colcon_core.package_identification:Package 'src/soft_robot_bringub' with type 'ros.ament_cmake' and name 'soft_robot_bringub'
[3.423s] Level 1:colcon.colcon_core.package_discovery:discover_packages(recursive) using defaults
[3.423s] Level 1:colcon.colcon_core.package_discovery:discover_packages(ignore) discover
[3.423s] Level 1:colcon.colcon_core.package_discovery:discover_packages(ignore) using defaults
[3.424s] Level 1:colcon.colcon_core.package_discovery:discover_packages(path) discover
[3.424s] Level 1:colcon.colcon_core.package_discovery:discover_packages(path) using defaults
[3.633s] INFO:colcon.colcon_core.package_selection:Skipping not selected package 'bno055' in 'src/bno055'
[3.633s] INFO:colcon.colcon_core.package_selection:Skipping not selected package 'csm' in 'src/csm'
[3.633s] INFO:colcon.colcon_core.package_selection:Skipping not selected package 'joystick_publisher' in 'src/joystick_publisher'
[3.634s] INFO:colcon.colcon_core.package_selection:Skipping not selected package 'lidar_odometry' in 'src/Simple-2D-LiDAR-Odometry'
[3.634s] INFO:colcon.colcon_core.package_selection:Skipping not selected package 'motor_commands' in 'src/motor_commands'
[3.634s] INFO:colcon.colcon_core.package_selection:Skipping not selected package 'motor_serial' in 'src/motor_serial'
[3.634s] INFO:colcon.colcon_core.package_selection:Skipping not selected package 'my_parameters' in 'src/my_parameters'
[3.634s] INFO:colcon.colcon_core.package_selection:Skipping not selected package 'my_slam_package' in 'src/my_slam_package'
[3.634s] INFO:colcon.colcon_core.package_selection:Skipping not selected package 'sllidar_ros2' in 'src/sllidar_ros2'
[3.634s] INFO:colcon.colcon_core.package_selection:Skipping not selected package 'ros2_laser_scan_matcher' in 'src/ros2_laser_scan_matcher'
[3.638s] Level 1:colcon.colcon_core.package_discovery:discover_packages(prefix_path) check parameters
[3.638s] Level 1:colcon.colcon_core.package_discovery:discover_packages(prefix_path) discover
[3.661s] DEBUG:colcon.colcon_installed_package_information.package_discovery:Found 12 installed packages in /home/pi2/ros2_ws/install
[3.675s] DEBUG:colcon.colcon_installed_package_information.package_discovery:Found 310 installed packages in /opt/ros/humble
[3.684s] Level 1:colcon.colcon_core.package_discovery:discover_packages(prefix_path) using defaults
[4.148s] Level 5:colcon.colcon_core.verb:set package 'soft_robot_bringub' build argument 'cmake_args' from command line to 'None'
[4.149s] Level 5:colcon.colcon_core.verb:set package 'soft_robot_bringub' build argument 'cmake_target' from command line to 'None'
[4.149s] Level 5:colcon.colcon_core.verb:set package 'soft_robot_bringub' build argument 'cmake_target_skip_unavailable' from command line to 'False'
[4.149s] Level 5:colcon.colcon_core.verb:set package 'soft_robot_bringub' build argument 'cmake_clean_cache' from command line to 'False'
[4.149s] Level 5:colcon.colcon_core.verb:set package 'soft_robot_bringub' build argument 'cmake_clean_first' from command line to 'False'
[4.149s] Level 5:colcon.colcon_core.verb:set package 'soft_robot_bringub' build argument 'cmake_force_configure' from command line to 'False'
[4.149s] Level 5:colcon.colcon_core.verb:set package 'soft_robot_bringub' build argument 'ament_cmake_args' from command line to 'None'
[4.150s] Level 5:colcon.colcon_core.verb:set package 'soft_robot_bringub' build argument 'catkin_cmake_args' from command line to 'None'
[4.150s] Level 5:colcon.colcon_core.verb:set package 'soft_robot_bringub' build argument 'catkin_skip_building_tests' from command line to 'False'
[4.150s] DEBUG:colcon.colcon_core.verb:Building package 'soft_robot_bringub' with the following arguments: {'ament_cmake_args': None, 'build_base': '/home/pi2/ros2_ws/build/soft_robot_bringub', 'catkin_cmake_args': None, 'catkin_skip_building_tests': False, 'cmake_args': None, 'cmake_clean_cache': False, 'cmake_clean_first': False, 'cmake_force_configure': False, 'cmake_target': None, 'cmake_target_skip_unavailable': False, 'install_base': '/home/pi2/ros2_ws/install/soft_robot_bringub', 'merge_install': False, 'path': '/home/pi2/ros2_ws/src/soft_robot_bringub', 'symlink_install': False, 'test_result_base': None}
[4.151s] INFO:colcon.colcon_core.executor:Executing jobs using 'parallel' executor
[4.154s] DEBUG:colcon.colcon_parallel_executor.executor.parallel:run_until_complete
[4.156s] INFO:colcon.colcon_ros.task.ament_cmake.build:Building ROS package in '/home/pi2/ros2_ws/src/soft_robot_bringub' with build type 'ament_cmake'
[4.156s] INFO:colcon.colcon_cmake.task.cmake.build:Building CMake package in '/home/pi2/ros2_ws/src/soft_robot_bringub'
[4.179s] INFO:colcon.colcon_core.plugin_system:Skipping extension 'colcon_core.shell.bat': Not used on non-Windows systems
[4.180s] INFO:colcon.colcon_core.shell:Skip shell extension 'powershell' for command environment: Not usable outside of PowerShell
[4.180s] DEBUG:colcon.colcon_core.shell:Skip shell extension 'dsv' for command environment
[4.274s] DEBUG:colcon.colcon_core.event_handler.log_command:Invoking command in '/home/pi2/ros2_ws/build/soft_robot_bringub': AMENT_PREFIX_PATH=/home/pi2/ros2_ws/install/my_slam_package:/home/pi2/ros2_ws/install/motor_serial:/home/pi2/ros2_ws/install/motor_commands:/home/pi2/ros2_ws/install/joystick_publisher:/home/pi2/ros2_ws/install/bno055:/home/pi2/ros2_ws/install/soft_robot_bringub:/home/pi2/ros2_ws/install/sllidar_ros2:/home/pi2/ros2_ws/install/ros2_laser_scan_matcher:/home/pi2/ros2_ws/install/my_parameters:/home/pi2/ros2_ws/install/locolization:/home/pi2/ros2_ws/install/csm:/opt/ros/humble:/home/pi2/ros2_ws/install CMAKE_PREFIX_PATH=${CMAKE_PREFIX_PATH}:/home/pi2/ros2_ws/install/my_slam_package:/home/pi2/ros2_ws/install/motor_serial:/home/pi2/ros2_ws/install/motor_commands:/home/pi2/ros2_ws/install/locolization:/home/pi2/ros2_ws/install/joystick_publisher:/home/pi2/ros2_ws/install/bno055:/opt/ros/humble PYTHONPATH=/home/pi2/ros2_ws/install/my_slam_package/lib/python3.10/site-packages:/home/pi2/ros2_ws/install/motor_serial/lib/python3.10/site-packages:/home/pi2/ros2_ws/install/motor_commands/lib/python3.10/site-packages:/home/pi2/ros2_ws/install/joystick_publisher/lib/python3.10/site-packages:/home/pi2/ros2_ws/install/bno055/lib/python3.10/site-packages:/home/pi2/ros2_ws/install/my_parameters/local/lib/python3.10/dist-packages:/home/pi2/ros2_ws/install/locolization/lib/python3.10/site-packages:/opt/ros/humble/lib/python3.10/site-packages:/opt/ros/humble/local/lib/python3.10/dist-packages /usr/bin/cmake --build /home/pi2/ros2_ws/build/soft_robot_bringub -- -j4 -l4
[4.806s] DEBUG:colcon.colcon_core.event_handler.log_command:Invoked command in '/home/pi2/ros2_ws/build/soft_robot_bringub' returned '0': AMENT_PREFIX_PATH=/home/pi2/ros2_ws/install/my_slam_package:/home/pi2/ros2_ws/install/motor_serial:/home/pi2/ros2_ws/install/motor_commands:/home/pi2/ros2_ws/install/joystick_publisher:/home/pi2/ros2_ws/install/bno055:/home/pi2/ros2_ws/install/soft_robot_bringub:/home/pi2/ros2_ws/install/sllidar_ros2:/home/pi2/ros2_ws/install/ros2_laser_scan_matcher:/home/pi2/ros2_ws/install/my_parameters:/home/pi2/ros2_ws/install/locolization:/home/pi2/ros2_ws/install/csm:/opt/ros/humble:/home/pi2/ros2_ws/install CMAKE_PREFIX_PATH=${CMAKE_PREFIX_PATH}:/home/pi2/ros2_ws/install/my_slam_package:/home/pi2/ros2_ws/install/motor_serial:/home/pi2/ros2_ws/install/motor_commands:/home/pi2/ros2_ws/install/locolization:/home/pi2/ros2_ws/install/joystick_publisher:/home/pi2/ros2_ws/install/bno055:/opt/ros/humble PYTHONPATH=/home/pi2/ros2_ws/install/my_slam_package/lib/python3.10/site-packages:/home/pi2/ros2_ws/install/motor_serial/lib/python3.10/site-packages:/home/pi2/ros2_ws/install/motor_commands/lib/python3.10/site-packages:/home/pi2/ros2_ws/install/joystick_publisher/lib/python3.10/site-packages:/home/pi2/ros2_ws/install/bno055/lib/python3.10/site-packages:/home/pi2/ros2_ws/install/my_parameters/local/lib/python3.10/dist-packages:/home/pi2/ros2_ws/install/locolization/lib/python3.10/site-packages:/opt/ros/humble/lib/python3.10/site-packages:/opt/ros/humble/local/lib/python3.10/dist-packages /usr/bin/cmake --build /home/pi2/ros2_ws/build/soft_robot_bringub -- -j4 -l4
[4.992s] DEBUG:colcon.colcon_core.event_handler.log_command:Invoking command in '/home/pi2/ros2_ws/build/soft_robot_bringub': AMENT_PREFIX_PATH=/home/pi2/ros2_ws/install/my_slam_package:/home/pi2/ros2_ws/install/motor_serial:/home/pi2/ros2_ws/install/motor_commands:/home/pi2/ros2_ws/install/joystick_publisher:/home/pi2/ros2_ws/install/bno055:/home/pi2/ros2_ws/install/soft_robot_bringub:/home/pi2/ros2_ws/install/sllidar_ros2:/home/pi2/ros2_ws/install/ros2_laser_scan_matcher:/home/pi2/ros2_ws/install/my_parameters:/home/pi2/ros2_ws/install/locolization:/home/pi2/ros2_ws/install/csm:/opt/ros/humble:/home/pi2/ros2_ws/install CMAKE_PREFIX_PATH=${CMAKE_PREFIX_PATH}:/home/pi2/ros2_ws/install/my_slam_package:/home/pi2/ros2_ws/install/motor_serial:/home/pi2/ros2_ws/install/motor_commands:/home/pi2/ros2_ws/install/locolization:/home/pi2/ros2_ws/install/joystick_publisher:/home/pi2/ros2_ws/install/bno055:/opt/ros/humble PYTHONPATH=/home/pi2/ros2_ws/install/my_slam_package/lib/python3.10/site-packages:/home/pi2/ros2_ws/install/motor_serial/lib/python3.10/site-packages:/home/pi2/ros2_ws/install/motor_commands/lib/python3.10/site-packages:/home/pi2/ros2_ws/install/joystick_publisher/lib/python3.10/site-packages:/home/pi2/ros2_ws/install/bno055/lib/python3.10/site-packages:/home/pi2/ros2_ws/install/my_parameters/local/lib/python3.10/dist-packages:/home/pi2/ros2_ws/install/locolization/lib/python3.10/site-packages:/opt/ros/humble/lib/python3.10/site-packages:/opt/ros/humble/local/lib/python3.10/dist-packages /usr/bin/cmake --install /home/pi2/ros2_ws/build/soft_robot_bringub
[5.057s] Level 1:colcon.colcon_core.environment:create_environment_scripts_only(soft_robot_bringub)
[5.059s] DEBUG:colcon.colcon_core.event_handler.log_command:Invoked command in '/home/pi2/ros2_ws/build/soft_robot_bringub' returned '0': AMENT_PREFIX_PATH=/home/pi2/ros2_ws/install/my_slam_package:/home/pi2/ros2_ws/install/motor_serial:/home/pi2/ros2_ws/install/motor_commands:/home/pi2/ros2_ws/install/joystick_publisher:/home/pi2/ros2_ws/install/bno055:/home/pi2/ros2_ws/install/soft_robot_bringub:/home/pi2/ros2_ws/install/sllidar_ros2:/home/pi2/ros2_ws/install/ros2_laser_scan_matcher:/home/pi2/ros2_ws/install/my_parameters:/home/pi2/ros2_ws/install/locolization:/home/pi2/ros2_ws/install/csm:/opt/ros/humble:/home/pi2/ros2_ws/install CMAKE_PREFIX_PATH=${CMAKE_PREFIX_PATH}:/home/pi2/ros2_ws/install/my_slam_package:/home/pi2/ros2_ws/install/motor_serial:/home/pi2/ros2_ws/install/motor_commands:/home/pi2/ros2_ws/install/locolization:/home/pi2/ros2_ws/install/joystick_publisher:/home/pi2/ros2_ws/install/bno055:/opt/ros/humble PYTHONPATH=/home/pi2/ros2_ws/install/my_slam_package/lib/python3.10/site-packages:/home/pi2/ros2_ws/install/motor_serial/lib/python3.10/site-packages:/home/pi2/ros2_ws/install/motor_commands/lib/python3.10/site-packages:/home/pi2/ros2_ws/install/joystick_publisher/lib/python3.10/site-packages:/home/pi2/ros2_ws/install/bno055/lib/python3.10/site-packages:/home/pi2/ros2_ws/install/my_parameters/local/lib/python3.10/dist-packages:/home/pi2/ros2_ws/install/locolization/lib/python3.10/site-packages:/opt/ros/humble/lib/python3.10/site-packages:/opt/ros/humble/local/lib/python3.10/dist-packages /usr/bin/cmake --install /home/pi2/ros2_ws/build/soft_robot_bringub
[5.086s] Level 1:colcon.colcon_core.environment:checking '/home/pi2/ros2_ws/install/soft_robot_bringub' for CMake module files
[5.090s] Level 1:colcon.colcon_core.environment:checking '/home/pi2/ros2_ws/install/soft_robot_bringub' for CMake config files
[5.092s] Level 1:colcon.colcon_core.shell:create_environment_hook('soft_robot_bringub', 'cmake_prefix_path')
[5.094s] INFO:colcon.colcon_core.shell:Creating environment hook '/home/pi2/ros2_ws/install/soft_robot_bringub/share/soft_robot_bringub/hook/cmake_prefix_path.ps1'
[5.099s] INFO:colcon.colcon_core.shell:Creating environment descriptor '/home/pi2/ros2_ws/install/soft_robot_bringub/share/soft_robot_bringub/hook/cmake_prefix_path.dsv'
[5.103s] INFO:colcon.colcon_core.shell:Creating environment hook '/home/pi2/ros2_ws/install/soft_robot_bringub/share/soft_robot_bringub/hook/cmake_prefix_path.sh'
[5.108s] Level 1:colcon.colcon_core.environment:checking '/home/pi2/ros2_ws/install/soft_robot_bringub/bin'
[5.109s] Level 1:colcon.colcon_core.environment:checking '/home/pi2/ros2_ws/install/soft_robot_bringub/lib/pkgconfig/soft_robot_bringub.pc'
[5.110s] Level 1:colcon.colcon_core.environment:checking '/home/pi2/ros2_ws/install/soft_robot_bringub/lib/python3.10/site-packages'
[5.111s] Level 1:colcon.colcon_core.environment:checking '/home/pi2/ros2_ws/install/soft_robot_bringub/bin'
[5.112s] INFO:colcon.colcon_core.shell:Creating package script '/home/pi2/ros2_ws/install/soft_robot_bringub/share/soft_robot_bringub/package.ps1'
[5.117s] INFO:colcon.colcon_core.shell:Creating package descriptor '/home/pi2/ros2_ws/install/soft_robot_bringub/share/soft_robot_bringub/package.dsv'
[5.120s] INFO:colcon.colcon_core.shell:Creating package script '/home/pi2/ros2_ws/install/soft_robot_bringub/share/soft_robot_bringub/package.sh'
[5.125s] INFO:colcon.colcon_core.shell:Creating package script '/home/pi2/ros2_ws/install/soft_robot_bringub/share/soft_robot_bringub/package.bash'
[5.130s] INFO:colcon.colcon_core.shell:Creating package script '/home/pi2/ros2_ws/install/soft_robot_bringub/share/soft_robot_bringub/package.zsh'
[5.135s] Level 1:colcon.colcon_core.environment:create_file_with_runtime_dependencies(/home/pi2/ros2_ws/install/soft_robot_bringub/share/colcon-core/packages/soft_robot_bringub)
[5.267s] Level 1:colcon.colcon_core.environment:create_environment_scripts_only(soft_robot_bringub)
[5.268s] Level 1:colcon.colcon_core.environment:checking '/home/pi2/ros2_ws/install/soft_robot_bringub' for CMake module files
[5.272s] Level 1:colcon.colcon_core.environment:checking '/home/pi2/ros2_ws/install/soft_robot_bringub' for CMake config files
[5.273s] Level 1:colcon.colcon_core.shell:create_environment_hook('soft_robot_bringub', 'cmake_prefix_path')
[5.275s] INFO:colcon.colcon_core.shell:Creating environment hook '/home/pi2/ros2_ws/install/soft_robot_bringub/share/soft_robot_bringub/hook/cmake_prefix_path.ps1'
[5.277s] INFO:colcon.colcon_core.shell:Creating environment descriptor '/home/pi2/ros2_ws/install/soft_robot_bringub/share/soft_robot_bringub/hook/cmake_prefix_path.dsv'
[5.279s] INFO:colcon.colcon_core.shell:Creating environment hook '/home/pi2/ros2_ws/install/soft_robot_bringub/share/soft_robot_bringub/hook/cmake_prefix_path.sh'
[5.283s] Level 1:colcon.colcon_core.environment:checking '/home/pi2/ros2_ws/install/soft_robot_bringub/bin'
[5.283s] Level 1:colcon.colcon_core.environment:checking '/home/pi2/ros2_ws/install/soft_robot_bringub/lib/pkgconfig/soft_robot_bringub.pc'
[5.284s] Level 1:colcon.colcon_core.environment:checking '/home/pi2/ros2_ws/install/soft_robot_bringub/lib/python3.10/site-packages'
[5.285s] Level 1:colcon.colcon_core.environment:checking '/home/pi2/ros2_ws/install/soft_robot_bringub/bin'
[5.287s] INFO:colcon.colcon_core.shell:Creating package script '/home/pi2/ros2_ws/install/soft_robot_bringub/share/soft_robot_bringub/package.ps1'
[5.289s] INFO:colcon.colcon_core.shell:Creating package descriptor '/home/pi2/ros2_ws/install/soft_robot_bringub/share/soft_robot_bringub/package.dsv'
[5.292s] INFO:colcon.colcon_core.shell:Creating package script '/home/pi2/ros2_ws/install/soft_robot_bringub/share/soft_robot_bringub/package.sh'
[5.295s] INFO:colcon.colcon_core.shell:Creating package script '/home/pi2/ros2_ws/install/soft_robot_bringub/share/soft_robot_bringub/package.bash'
[5.299s] INFO:colcon.colcon_core.shell:Creating package script '/home/pi2/ros2_ws/install/soft_robot_bringub/share/soft_robot_bringub/package.zsh'
[5.303s] Level 1:colcon.colcon_core.environment:create_file_with_runtime_dependencies(/home/pi2/ros2_ws/install/soft_robot_bringub/share/colcon-core/packages/soft_robot_bringub)
[5.305s] DEBUG:colcon.colcon_parallel_executor.executor.parallel:closing loop
[5.309s] DEBUG:colcon.colcon_parallel_executor.executor.parallel:loop closed
[5.309s] DEBUG:colcon.colcon_parallel_executor.executor.parallel:run_until_complete finished with '0'
[5.310s] DEBUG:colcon.colcon_core.event_reactor:joining thread
[5.356s] INFO:colcon.colcon_core.plugin_system:Skipping extension 'colcon_notification.desktop_notification.notify_send': Could not find 'notify-send'
[5.357s] INFO:colcon.colcon_core.plugin_system:Skipping extension 'colcon_notification.desktop_notification.terminal_notifier': Not used on non-Darwin systems
[5.357s] INFO:colcon.colcon_core.plugin_system:Skipping extension 'colcon_notification.desktop_notification.win32': Not used on non-Windows systems
[5.358s] INFO:colcon.colcon_notification.desktop_notification:Sending desktop notification using 'notify2'
[5.371s] DEBUG:colcon.colcon_notification.desktop_notification.notify2:Failed to initialize notify2: org.freedesktop.DBus.Error.ServiceUnknown: The name org.freedesktop.Notifications was not provided by any .service files
[5.372s] DEBUG:colcon.colcon_core.event_reactor:joined thread
[5.374s] INFO:colcon.colcon_core.shell:Creating prefix script '/home/pi2/ros2_ws/install/local_setup.ps1'
[5.381s] INFO:colcon.colcon_core.shell:Creating prefix util module '/home/pi2/ros2_ws/install/_local_setup_util_ps1.py'
[5.392s] INFO:colcon.colcon_core.shell:Creating prefix chain script '/home/pi2/ros2_ws/install/setup.ps1'
[5.402s] INFO:colcon.colcon_core.shell:Creating prefix script '/home/pi2/ros2_ws/install/local_setup.sh'
[5.406s] INFO:colcon.colcon_core.shell:Creating prefix util module '/home/pi2/ros2_ws/install/_local_setup_util_sh.py'
[5.409s] INFO:colcon.colcon_core.shell:Creating prefix chain script '/home/pi2/ros2_ws/install/setup.sh'
[5.419s] INFO:colcon.colcon_core.shell:Creating prefix script '/home/pi2/ros2_ws/install/local_setup.bash'
[5.423s] INFO:colcon.colcon_core.shell:Creating prefix chain script '/home/pi2/ros2_ws/install/setup.bash'
[5.433s] INFO:colcon.colcon_core.shell:Creating prefix script '/home/pi2/ros2_ws/install/local_setup.zsh'
[5.437s] INFO:colcon.colcon_core.shell:Creating prefix chain script '/home/pi2/ros2_ws/install/setup.zsh'
