[8.439s] Invoking command in '/home/pi2/ros2_ws/src/motor_commands': PYTHONPATH=/home/pi2/ros2_ws/build/motor_commands/prefix_override:/usr/lib/python3/dist-packages/colcon_core/task/python/colcon_distutils_commands:/home/pi2/ros2_ws/install/motor_commands/lib/python3.10/site-packages:${PYTHONPATH} /usr/bin/python3 -W ignore:setup.py install is deprecated setup.py egg_info --egg-base ../../build/motor_commands build --build-base /home/pi2/ros2_ws/build/motor_commands/build install --record /home/pi2/ros2_ws/build/motor_commands/install.log --single-version-externally-managed install_data
[10.903s] running egg_info
[10.908s] writing ../../build/motor_commands/motor_commands.egg-info/PKG-INFO
[10.911s] writing dependency_links to ../../build/motor_commands/motor_commands.egg-info/dependency_links.txt
[10.912s] writing entry points to ../../build/motor_commands/motor_commands.egg-info/entry_points.txt
[10.914s] writing requirements to ../../build/motor_commands/motor_commands.egg-info/requires.txt
[10.925s] writing top-level names to ../../build/motor_commands/motor_commands.egg-info/top_level.txt
[10.942s] reading manifest file '../../build/motor_commands/motor_commands.egg-info/SOURCES.txt'
[10.951s] writing manifest file '../../build/motor_commands/motor_commands.egg-info/SOURCES.txt'
[10.952s] running build
[10.954s] running build_py
[10.957s] running install
[10.960s] running install_lib
[10.974s] running install_data
[10.976s] running install_egg_info
[10.994s] removing '/home/pi2/ros2_ws/install/motor_commands/lib/python3.10/site-packages/motor_commands-0.0.0-py3.10.egg-info' (and everything under it)
[10.998s] Copying ../../build/motor_commands/motor_commands.egg-info to /home/pi2/ros2_ws/install/motor_commands/lib/python3.10/site-packages/motor_commands-0.0.0-py3.10.egg-info
[11.013s] running install_scripts
[11.123s] Installing motor_commands script to /home/pi2/ros2_ws/install/motor_commands/lib/motor_commands
[11.130s] Installing transmit_command script to /home/pi2/ros2_ws/install/motor_commands/lib/motor_commands
[11.138s] writing list of installed files to '/home/pi2/ros2_ws/build/motor_commands/install.log'
[11.407s] Invoked command in '/home/pi2/ros2_ws/src/motor_commands' returned '0': PYTHONPATH=/home/pi2/ros2_ws/build/motor_commands/prefix_override:/usr/lib/python3/dist-packages/colcon_core/task/python/colcon_distutils_commands:/home/pi2/ros2_ws/install/motor_commands/lib/python3.10/site-packages:${PYTHONPATH} /usr/bin/python3 -W ignore:setup.py install is deprecated setup.py egg_info --egg-base ../../build/motor_commands build --build-base /home/pi2/ros2_ws/build/motor_commands/build install --record /home/pi2/ros2_ws/build/motor_commands/install.log --single-version-externally-managed install_data
