[3.526s] Invoking command in '/home/pi2/ros2_ws/src/motor_serial': PYTHONPATH=/home/pi2/ros2_ws/build/motor_serial/prefix_override:/usr/lib/python3/dist-packages/colcon_core/task/python/colcon_distutils_commands:/home/pi2/ros2_ws/install/motor_serial/lib/python3.10/site-packages:${PYTHONPATH} /usr/bin/python3 -W ignore:setup.py install is deprecated setup.py egg_info --egg-base ../../build/motor_serial build --build-base /home/pi2/ros2_ws/build/motor_serial/build install --record /home/pi2/ros2_ws/build/motor_serial/install.log --single-version-externally-managed install_data
[4.934s] running egg_info
[4.938s] writing ../../build/motor_serial/motor_serial.egg-info/PKG-INFO
[4.940s] writing dependency_links to ../../build/motor_serial/motor_serial.egg-info/dependency_links.txt
[4.941s] writing entry points to ../../build/motor_serial/motor_serial.egg-info/entry_points.txt
[4.942s] writing requirements to ../../build/motor_serial/motor_serial.egg-info/requires.txt
[4.943s] writing top-level names to ../../build/motor_serial/motor_serial.egg-info/top_level.txt
[4.952s] reading manifest file '../../build/motor_serial/motor_serial.egg-info/SOURCES.txt'
[4.956s] writing manifest file '../../build/motor_serial/motor_serial.egg-info/SOURCES.txt'
[4.956s] running build
[4.957s] running build_py
[4.958s] copying motor_serial/motor_serial.py -> /home/pi2/ros2_ws/build/motor_serial/build/lib/motor_serial
[4.959s] running install
[4.961s] running install_lib
[4.965s] copying /home/pi2/ros2_ws/build/motor_serial/build/lib/motor_serial/motor_serial.py -> /home/pi2/ros2_ws/install/motor_serial/lib/python3.10/site-packages/motor_serial
[4.969s] byte-compiling /home/pi2/ros2_ws/install/motor_serial/lib/python3.10/site-packages/motor_serial/motor_serial.py to motor_serial.cpython-310.pyc
[4.975s] running install_data
[4.976s] running install_egg_info
[4.988s] removing '/home/pi2/ros2_ws/install/motor_serial/lib/python3.10/site-packages/motor_serial-0.0.0-py3.10.egg-info' (and everything under it)
[4.990s] Copying ../../build/motor_serial/motor_serial.egg-info to /home/pi2/ros2_ws/install/motor_serial/lib/python3.10/site-packages/motor_serial-0.0.0-py3.10.egg-info
[4.998s] running install_scripts
[5.088s] Installing motor_serial script to /home/pi2/ros2_ws/install/motor_serial/lib/motor_serial
[5.090s] writing list of installed files to '/home/pi2/ros2_ws/build/motor_serial/install.log'
[5.214s] Invoked command in '/home/pi2/ros2_ws/src/motor_serial' returned '0': PYTHONPATH=/home/pi2/ros2_ws/build/motor_serial/prefix_override:/usr/lib/python3/dist-packages/colcon_core/task/python/colcon_distutils_commands:/home/pi2/ros2_ws/install/motor_serial/lib/python3.10/site-packages:${PYTHONPATH} /usr/bin/python3 -W ignore:setup.py install is deprecated setup.py egg_info --egg-base ../../build/motor_serial build --build-base /home/pi2/ros2_ws/build/motor_serial/build install --record /home/pi2/ros2_ws/build/motor_serial/install.log --single-version-externally-managed install_data
