[6.730s] Invoking command in '/home/pi2/ros2_ws/src/motor_serial': PYTHONPATH=/home/pi2/ros2_ws/build/motor_serial/prefix_override:/usr/lib/python3/dist-packages/colcon_core/task/python/colcon_distutils_commands:/home/pi2/ros2_ws/install/motor_serial/lib/python3.10/site-packages:${PYTHONPATH} /usr/bin/python3 -W ignore:setup.py install is deprecated setup.py egg_info --egg-base ../../build/motor_serial build --build-base /home/pi2/ros2_ws/build/motor_serial/build install --record /home/pi2/ros2_ws/build/motor_serial/install.log --single-version-externally-managed install_data
[8.548s] running egg_info
[8.551s] writing ../../build/motor_serial/motor_serial.egg-info/PKG-INFO
[8.554s] writing dependency_links to ../../build/motor_serial/motor_serial.egg-info/dependency_links.txt
[8.556s] writing entry points to ../../build/motor_serial/motor_serial.egg-info/entry_points.txt
[8.559s] writing requirements to ../../build/motor_serial/motor_serial.egg-info/requires.txt
[8.560s] writing top-level names to ../../build/motor_serial/motor_serial.egg-info/top_level.txt
[8.577s] reading manifest file '../../build/motor_serial/motor_serial.egg-info/SOURCES.txt'
[8.590s] writing manifest file '../../build/motor_serial/motor_serial.egg-info/SOURCES.txt'
[8.592s] running build
[8.594s] running build_py
[8.596s] running install
[8.600s] running install_lib
[8.612s] running install_data
[8.614s] running install_egg_info
[8.630s] removing '/home/pi2/ros2_ws/install/motor_serial/lib/python3.10/site-packages/motor_serial-0.0.0-py3.10.egg-info' (and everything under it)
[8.635s] Copying ../../build/motor_serial/motor_serial.egg-info to /home/pi2/ros2_ws/install/motor_serial/lib/python3.10/site-packages/motor_serial-0.0.0-py3.10.egg-info
[8.653s] running install_scripts
[8.835s] Installing motor_serial script to /home/pi2/ros2_ws/install/motor_serial/lib/motor_serial
[8.836s] writing list of installed files to '/home/pi2/ros2_ws/build/motor_serial/install.log'
[9.023s] Invoked command in '/home/pi2/ros2_ws/src/motor_serial' returned '0': PYTHONPATH=/home/pi2/ros2_ws/build/motor_serial/prefix_override:/usr/lib/python3/dist-packages/colcon_core/task/python/colcon_distutils_commands:/home/pi2/ros2_ws/install/motor_serial/lib/python3.10/site-packages:${PYTHONPATH} /usr/bin/python3 -W ignore:setup.py install is deprecated setup.py egg_info --egg-base ../../build/motor_serial build --build-base /home/pi2/ros2_ws/build/motor_serial/build install --record /home/pi2/ros2_ws/build/motor_serial/install.log --single-version-externally-managed install_data
